  shard 2/6 (round-robin): 645 of 3869 cubes, per-cube cap 600.0s, re-split depth 3
    batch [1202..2396] TIMEOUT in 900.1s -> per-cube fallback
    cube 1202 (depth 0, 24 lits): UNSAT in 0.06s
    cube 1208 (depth 0, 24 lits): UNSAT in 0.15s
    cube 1214 (depth 0, 24 lits): UNSAT in 0.06s
    cube 1220 (depth 0, 24 lits): UNSAT in 0.34s
    cube 1226 (depth 0, 24 lits): UNSAT in 30.61s
    cube 1232 (depth 0, 24 lits): UNSAT in 0.02s
    cube 1238 (depth 0, 24 lits): UNSAT in 0.04s
    cube 1244 (depth 0, 24 lits): UNSAT in 0.05s
    cube 1250 (depth 0, 24 lits): UNSAT in 0.03s
    cube 1256 (depth 0, 24 lits): UNSAT in 0.18s
    cube 1262 (depth 0, 24 lits): UNSAT in 0.02s
    cube 1268 (depth 0, 24 lits): UNSAT in 0.04s
    cube 1274 (depth 0, 24 lits): UNSAT in 0.02s
    cube 1280 (depth 0, 24 lits): UNSAT in 0.15s
    cube 1286 (depth 0, 24 lits): UNSAT in 0.13s
    cube 1292 (depth 0, 24 lits): UNSAT in 0.02s
    cube 1298 (depth 0, 24 lits): UNSAT in 0.02s
    cube 1304 (depth 0, 24 lits): UNSAT in 0.14s
    cube 1310 (depth 0, 24 lits): UNSAT in 0.06s
    cube 1316 (depth 0, 24 lits): UNSAT in 0.61s
    cube 1322 (depth 0, 24 lits): UNSAT in 0.02s
    cube 1328 (depth 0, 24 lits): UNSAT in 0.41s
    cube 1334 (depth 0, 24 lits): UNSAT in 0.14s
    cube 1340 (depth 0, 24 lits): UNSAT in 0.32s
    cube 1346 (depth 0, 24 lits): UNSAT in 0.47s
    cube 1352 (depth 0, 24 lits): UNSAT in 62.95s
    cube 1358 (depth 0, 24 lits): UNSAT in 0.01s
    cube 1364 (depth 0, 24 lits): UNSAT in 0.02s
    cube 1370 (depth 0, 24 lits): UNSAT in 0.01s
    cube 1376 (depth 0, 24 lits): UNSAT in 0.07s
    cube 1382 (depth 0, 24 lits): UNSAT in 0.11s
    cube 1388 (depth 0, 24 lits): UNSAT in 0.02s
    cube 1394 (depth 0, 24 lits): UNSAT in 0.01s
    cube 1400 (depth 0, 24 lits): UNSAT in 0.01s
    cube 1406 (depth 0, 24 lits): UNSAT in 0.02s
    cube 1412 (depth 0, 24 lits): UNSAT in 0.12s
    cube 1418 (depth 0, 24 lits): UNSAT in 0.01s
    cube 1424 (depth 0, 24 lits): UNSAT in 0.01s
    cube 1430 (depth 0, 24 lits): UNSAT in 0.03s
    cube 1436 (depth 0, 24 lits): UNSAT in 0.03s
    cube 1442 (depth 0, 24 lits): UNSAT in 0.04s
    cube 1448 (depth 0, 23 lits): UNSAT in 0.01s
    cube 1454 (depth 0, 24 lits): UNSAT in 0.02s
    cube 1460 (depth 0, 24 lits): UNSAT in 0.05s
    cube 1466 (depth 0, 24 lits): UNSAT in 0.15s
    cube 1472 (depth 0, 24 lits): UNSAT in 1.36s
    cube 1478 (depth 0, 24 lits): UNSAT in 7.75s
    cube 1484 (depth 0, 24 lits): UNSAT in 0.02s
    cube 1490 (depth 0, 24 lits): UNSAT in 0.06s
    cube 1496 (depth 0, 24 lits): UNSAT in 0.03s
    cube 1502 (depth 0, 24 lits): UNSAT in 0.09s
    cube 1508 (depth 0, 24 lits): UNSAT in 0.28s
    cube 1514 (depth 0, 24 lits): UNSAT in 0.06s
    cube 1520 (depth 0, 24 lits): UNSAT in 0.08s
    cube 1526 (depth 0, 24 lits): UNSAT in 0.94s
    cube 1532 (depth 0, 24 lits): UNSAT in 0.14s
    cube 1538 (depth 0, 24 lits): UNSAT in 1.22s
    cube 1544 (depth 0, 24 lits): UNSAT in 0.03s
    cube 1550 (depth 0, 24 lits): UNSAT in 0.61s
    cube 1556 (depth 0, 24 lits): UNSAT in 0.36s
    cube 1562 (depth 0, 24 lits): UNSAT in 0.26s
    cube 1568 (depth 0, 24 lits): UNSAT in 0.18s
    cube 1574 (depth 0, 24 lits): UNSAT in 20.13s
    cube 1580 (depth 0, 24 lits): UNSAT in 0.58s
    cube 1586 (depth 0, 24 lits): UNSAT in 1.41s
    cube 1592 (depth 0, 24 lits): UNSAT in 0.34s
    cube 1598 (depth 0, 24 lits): UNSAT in 38.83s
    cube 1604 (depth 0, 24 lits): UNSAT in 62.18s
    cube 1610 (depth 0, 24 lits): UNSAT in 0.01s
    cube 1616 (depth 0, 24 lits): UNSAT in 0.02s
    cube 1622 (depth 0, 24 lits): UNSAT in 0.02s
    cube 1628 (depth 0, 24 lits): UNSAT in 0.01s
    cube 1634 (depth 0, 24 lits): UNSAT in 0.02s
    cube 1640 (depth 0, 24 lits): UNSAT in 0.03s
    cube 1646 (depth 0, 24 lits): UNSAT in 0.02s
    cube 1652 (depth 0, 24 lits): UNSAT in 0.03s
    cube 1658 (depth 0, 24 lits): UNSAT in 0.28s
    cube 1664 (depth 0, 24 lits): UNSAT in 0.36s
    cube 1670 (depth 0, 24 lits): UNSAT in 0.01s
    cube 1676 (depth 0, 24 lits): UNSAT in 0.02s
    cube 1682 (depth 0, 24 lits): UNSAT in 0.62s
    cube 1688 (depth 0, 24 lits): UNSAT in 0.09s
    cube 1694 (depth 0, 24 lits): UNSAT in 0.20s
    cube 1700 (depth 0, 24 lits): UNSAT in 0.03s
    cube 1706 (depth 0, 24 lits): UNSAT in 0.38s
    cube 1712 (depth 0, 24 lits): UNSAT in 0.58s
    cube 1718 (depth 0, 24 lits): UNSAT in 0.03s
    cube 1724 (depth 0, 24 lits): UNSAT in 0.60s
    cube 1730 (depth 0, 24 lits): UNSAT in 2.59s
    cube 1736 (depth 0, 24 lits): UNSAT in 0.05s
    cube 1742 (depth 0, 24 lits): UNSAT in 0.17s
    cube 1748 (depth 0, 24 lits): UNSAT in 0.05s
    cube 1754 (depth 0, 24 lits): UNSAT in 0.83s
    cube 1760 (depth 0, 24 lits): UNSAT in 0.69s
    cube 1766 (depth 0, 24 lits): UNSAT in 0.07s
    cube 1772 (depth 0, 24 lits): UNSAT in 0.10s
    cube 1778 (depth 0, 24 lits): UNSAT in 5.97s
    cube 1784 (depth 0, 24 lits): UNSAT in 0.22s
    cube 1790 (depth 0, 24 lits): UNSAT in 1.79s
    cube 1796 (depth 0, 24 lits): UNSAT in 0.05s
    cube 1802 (depth 0, 24 lits): UNSAT in 0.58s
    cube 1808 (depth 0, 24 lits): UNSAT in 0.19s
    cube 1814 (depth 0, 24 lits): UNSAT in 0.21s
    cube 1820 (depth 0, 24 lits): UNSAT in 0.34s
    cube 1826 (depth 0, 24 lits): UNSAT in 13.04s
    cube 1832 (depth 0, 24 lits): UNSAT in 1.22s
    cube 1838 (depth 0, 24 lits): UNSAT in 1.93s
    cube 1844 (depth 0, 24 lits): UNSAT in 0.21s
    cube 1850 (depth 0, 24 lits): UNSAT in 28.10s
    cube 1856 (depth 0, 24 lits): UNSAT in 5.96s
    cube 1862 (depth 0, 24 lits): UNSAT in 0.01s
    cube 1868 (depth 0, 24 lits): UNSAT in 0.01s
    cube 1874 (depth 0, 24 lits): UNSAT in 0.01s
    cube 1880 (depth 0, 24 lits): UNSAT in 0.01s
    cube 1886 (depth 0, 24 lits): UNSAT in 0.01s
    cube 1892 (depth 0, 24 lits): UNSAT in 0.01s
    cube 1898 (depth 0, 24 lits): UNSAT in 0.01s
    cube 1904 (depth 0, 24 lits): UNSAT in 0.06s
    cube 1910 (depth 0, 24 lits): UNSAT in 0.02s
    cube 1916 (depth 0, 24 lits): UNSAT in 0.03s
    cube 1922 (depth 0, 24 lits): UNSAT in 0.01s
    cube 1928 (depth 0, 24 lits): UNSAT in 0.02s
    cube 1934 (depth 0, 24 lits): UNSAT in 0.01s
    cube 1940 (depth 0, 24 lits): UNSAT in 0.02s
    cube 1946 (depth 0, 24 lits): UNSAT in 0.02s
    cube 1952 (depth 0, 24 lits): UNSAT in 0.02s
    cube 1958 (depth 0, 24 lits): UNSAT in 0.03s
    cube 1964 (depth 0, 24 lits): UNSAT in 1.05s
    cube 1970 (depth 0, 24 lits): UNSAT in 0.03s
    cube 1976 (depth 0, 24 lits): UNSAT in 0.02s
    cube 1982 (depth 0, 24 lits): UNSAT in 0.02s
    cube 1988 (depth 0, 24 lits): UNSAT in 0.01s
    cube 1994 (depth 0, 24 lits): UNSAT in 0.03s
    cube 2000 (depth 0, 24 lits): UNSAT in 0.01s
    cube 2006 (depth 0, 24 lits): UNSAT in 0.02s
    cube 2012 (depth 0, 24 lits): UNSAT in 0.02s
    cube 2018 (depth 0, 24 lits): UNSAT in 0.26s
    cube 2024 (depth 0, 24 lits): UNSAT in 0.31s
    cube 2030 (depth 0, 24 lits): UNSAT in 0.02s
    cube 2036 (depth 0, 24 lits): UNSAT in 0.01s
    cube 2042 (depth 0, 24 lits): UNSAT in 0.06s
    cube 2048 (depth 0, 24 lits): UNSAT in 0.03s
    cube 2054 (depth 0, 24 lits): UNSAT in 0.02s
    cube 2060 (depth 0, 24 lits): UNSAT in 0.02s
    cube 2066 (depth 0, 24 lits): UNSAT in 0.09s
    cube 2072 (depth 0, 24 lits): UNSAT in 0.08s
    cube 2078 (depth 0, 24 lits): UNSAT in 0.08s
    cube 2084 (depth 0, 24 lits): UNSAT in 0.09s
    cube 2090 (depth 0, 24 lits): UNSAT in 10.27s
    cube 2096 (depth 0, 24 lits): UNSAT in 0.02s
    cube 2102 (depth 0, 24 lits): UNSAT in 0.02s
    cube 2108 (depth 0, 23 lits): UNSAT in 0.01s
    cube 2114 (depth 0, 24 lits): UNSAT in 0.03s
    cube 2120 (depth 0, 23 lits): UNSAT in 0.01s
    cube 2126 (depth 0, 24 lits): UNSAT in 0.01s
    cube 2132 (depth 0, 24 lits): UNSAT in 0.13s
    cube 2138 (depth 0, 24 lits): UNSAT in 0.08s
    cube 2144 (depth 0, 24 lits): UNSAT in 0.35s
    cube 2150 (depth 0, 24 lits): UNSAT in 0.01s
    cube 2156 (depth 0, 24 lits): UNSAT in 0.02s
    cube 2162 (depth 0, 24 lits): UNSAT in 0.05s
    cube 2168 (depth 0, 24 lits): UNSAT in 0.02s
    cube 2174 (depth 0, 24 lits): UNSAT in 0.08s
    cube 2180 (depth 0, 24 lits): UNSAT in 0.02s
    cube 2186 (depth 0, 24 lits): UNSAT in 0.04s
    cube 2192 (depth 0, 24 lits): UNSAT in 0.12s
    cube 2198 (depth 0, 24 lits): UNSAT in 0.10s
    cube 2204 (depth 0, 24 lits): UNSAT in 0.16s
    cube 2210 (depth 0, 24 lits): UNSAT in 5.01s
    cube 2216 (depth 0, 24 lits): UNSAT in 0.02s
    cube 2222 (depth 0, 24 lits): UNSAT in 0.24s
    cube 2228 (depth 0, 24 lits): UNSAT in 0.03s
    cube 2234 (depth 0, 24 lits): UNSAT in 0.81s
    cube 2240 (depth 0, 24 lits): UNSAT in 0.37s
    cube 2246 (depth 0, 24 lits): UNSAT in 0.04s
    cube 2252 (depth 0, 24 lits): UNSAT in 0.06s
    cube 2258 (depth 0, 24 lits): UNSAT in 3.31s
    cube 2264 (depth 0, 24 lits): UNSAT in 1.75s
    cube 2270 (depth 0, 24 lits): UNSAT in 6.26s
    cube 2276 (depth 0, 24 lits): UNSAT in 0.12s
    cube 2282 (depth 0, 24 lits): UNSAT in 2.19s
    cube 2288 (depth 0, 24 lits): UNSAT in 3.95s
    cube 2294 (depth 0, 24 lits): UNSAT in 1.30s
    cube 2300 (depth 0, 24 lits): UNSAT in 0.50s
    cube 2306 (depth 0, 24 lits): UNSAT in 277.06s
    cube 2312 (depth 0, 24 lits): UNSAT in 1.60s
    cube 2318 (depth 0, 24 lits): UNSAT in 16.39s
    cube 2324 (depth 0, 24 lits): UNSAT in 3.53s
    cube 2330 (depth 0, 24 lits): UNSAT in 453.02s
    cube 2336 (depth 0, 24 lits): TIMEOUT in 600.07s
    cube 2336 TIMEOUT -> re-split into 64 sub-cubes (depth 1)
    cube 2336.0 (depth 1, 30 lits): UNSAT in 0.02s
    cube 2336.1 (depth 1, 30 lits): UNSAT in 0.02s
    cube 2336.2 (depth 1, 30 lits): UNSAT in 0.03s
    cube 2336.3 (depth 1, 30 lits): UNSAT in 0.06s
    cube 2336.4 (depth 1, 30 lits): UNSAT in 0.01s
    cube 2336.5 (depth 1, 30 lits): UNSAT in 0.06s
    cube 2336.6 (depth 1, 30 lits): UNSAT in 0.02s
    cube 2336.7 (depth 1, 30 lits): UNSAT in 0.22s
    cube 2336.8 (depth 1, 30 lits): UNSAT in 0.02s
    cube 2336.9 (depth 1, 30 lits): UNSAT in 0.07s
    cube 2336.10 (depth 1, 30 lits): UNSAT in 0.05s
    cube 2336.11 (depth 1, 30 lits): UNSAT in 0.36s
    cube 2336.12 (depth 1, 30 lits): UNSAT in 0.04s
    cube 2336.13 (depth 1, 30 lits): UNSAT in 0.49s
    cube 2336.14 (depth 1, 30 lits): UNSAT in 0.33s
    cube 2336.15 (depth 1, 30 lits): UNSAT in 3.09s
    cube 2336.16 (depth 1, 30 lits): UNSAT in 0.02s
    cube 2336.17 (depth 1, 30 lits): UNSAT in 0.05s
    cube 2336.18 (depth 1, 30 lits): UNSAT in 0.04s
    cube 2336.19 (depth 1, 30 lits): UNSAT in 0.21s
    cube 2336.20 (depth 1, 30 lits): UNSAT in 0.03s
    cube 2336.21 (depth 1, 30 lits): UNSAT in 0.16s
    cube 2336.22 (depth 1, 30 lits): UNSAT in 0.47s
    cube 2336.23 (depth 1, 30 lits): UNSAT in 0.87s
    cube 2336.24 (depth 1, 30 lits): UNSAT in 0.02s
    cube 2336.25 (depth 1, 30 lits): UNSAT in 0.07s
    cube 2336.26 (depth 1, 30 lits): UNSAT in 0.12s
    cube 2336.27 (depth 1, 30 lits): UNSAT in 1.53s
    cube 2336.28 (depth 1, 30 lits): UNSAT in 0.19s
    cube 2336.29 (depth 1, 30 lits): UNSAT in 2.36s
    cube 2336.30 (depth 1, 30 lits): UNSAT in 1.77s
    cube 2336.31 (depth 1, 30 lits): UNSAT in 19.36s
    cube 2336.32 (depth 1, 30 lits): UNSAT in 0.02s
    cube 2336.33 (depth 1, 30 lits): UNSAT in 0.08s
    cube 2336.34 (depth 1, 30 lits): UNSAT in 0.06s
    cube 2336.35 (depth 1, 30 lits): UNSAT in 0.10s
    cube 2336.36 (depth 1, 30 lits): UNSAT in 0.05s
    cube 2336.37 (depth 1, 30 lits): UNSAT in 0.10s
    cube 2336.38 (depth 1, 30 lits): UNSAT in 0.05s
    cube 2336.39 (depth 1, 30 lits): UNSAT in 0.44s
    cube 2336.40 (depth 1, 30 lits): UNSAT in 0.08s
    cube 2336.41 (depth 1, 30 lits): UNSAT in 0.24s
    cube 2336.42 (depth 1, 30 lits): UNSAT in 0.09s
    cube 2336.43 (depth 1, 30 lits): UNSAT in 1.61s
    cube 2336.44 (depth 1, 30 lits): UNSAT in 0.11s
    cube 2336.45 (depth 1, 30 lits): UNSAT in 0.44s
    cube 2336.46 (depth 1, 30 lits): UNSAT in 2.48s
    cube 2336.47 (depth 1, 30 lits): UNSAT in 7.36s
    cube 2336.48 (depth 1, 30 lits): UNSAT in 0.10s
    cube 2336.49 (depth 1, 30 lits): UNSAT in 0.14s
    cube 2336.50 (depth 1, 30 lits): UNSAT in 0.11s
    cube 2336.51 (depth 1, 30 lits): UNSAT in 1.04s
    cube 2336.52 (depth 1, 30 lits): UNSAT in 0.14s
    cube 2336.53 (depth 1, 30 lits): UNSAT in 1.04s
    cube 2336.54 (depth 1, 30 lits): UNSAT in 0.25s
    cube 2336.55 (depth 1, 30 lits): UNSAT in 8.75s
    cube 2336.56 (depth 1, 30 lits): UNSAT in 0.43s
    cube 2336.57 (depth 1, 30 lits): UNSAT in 2.02s
    cube 2336.58 (depth 1, 30 lits): UNSAT in 0.89s
    cube 2336.59 (depth 1, 30 lits): UNSAT in 12.50s
    cube 2336.60 (depth 1, 30 lits): UNSAT in 3.27s
    cube 2336.61 (depth 1, 30 lits): UNSAT in 44.54s
    cube 2336.62 (depth 1, 30 lits): UNSAT in 21.51s
    cube 2336.63 (depth 1, 30 lits): UNSAT in 487.17s
    cube 2342 (depth 0, 24 lits): UNSAT in 0.01s
    cube 2348 (depth 0, 24 lits): UNSAT in 0.01s
    cube 2354 (depth 0, 23 lits): UNSAT in 0.01s
    cube 2360 (depth 0, 24 lits): UNSAT in 0.02s
    cube 2366 (depth 0, 24 lits): UNSAT in 0.08s
    cube 2372 (depth 0, 24 lits): UNSAT in 0.03s
    cube 2378 (depth 0, 24 lits): UNSAT in 0.07s
    cube 2384 (depth 0, 24 lits): UNSAT in 0.01s
    cube 2390 (depth 0, 24 lits): UNSAT in 0.05s
    cube 2396 (depth 0, 24 lits): UNSAT in 0.14s
    batch [2402..3596] TIMEOUT in 900.1s -> per-cube fallback
    cube 2402 (depth 0, 24 lits): UNSAT in 0.01s
    cube 2408 (depth 0, 23 lits): UNSAT in 0.01s
    cube 2414 (depth 0, 24 lits): UNSAT in 0.19s
    cube 2420 (depth 0, 24 lits): UNSAT in 0.03s
    cube 2426 (depth 0, 24 lits): UNSAT in 0.10s
    cube 2432 (depth 0, 24 lits): UNSAT in 0.04s
    cube 2438 (depth 0, 24 lits): UNSAT in 0.27s
    cube 2444 (depth 0, 24 lits): UNSAT in 0.03s
    cube 2450 (depth 0, 24 lits): UNSAT in 0.09s
    cube 2456 (depth 0, 24 lits): UNSAT in 0.06s
    cube 2462 (depth 0, 24 lits): UNSAT in 5.86s
    cube 2468 (depth 0, 24 lits): UNSAT in 0.01s
    cube 2474 (depth 0, 24 lits): UNSAT in 0.06s
    cube 2480 (depth 0, 24 lits): UNSAT in 0.04s
    cube 2486 (depth 0, 24 lits): UNSAT in 0.47s
    cube 2492 (depth 0, 24 lits): UNSAT in 0.18s
    cube 2498 (depth 0, 24 lits): UNSAT in 0.29s
    cube 2504 (depth 0, 24 lits): UNSAT in 0.46s
    cube 2510 (depth 0, 24 lits): UNSAT in 4.99s
    cube 2516 (depth 0, 24 lits): UNSAT in 0.15s
    cube 2522 (depth 0, 24 lits): UNSAT in 1.53s
    cube 2528 (depth 0, 24 lits): UNSAT in 0.02s
    cube 2534 (depth 0, 24 lits): UNSAT in 1.09s
    cube 2540 (depth 0, 24 lits): UNSAT in 1.55s
    cube 2546 (depth 0, 24 lits): UNSAT in 0.55s
    cube 2552 (depth 0, 24 lits): UNSAT in 0.43s
    cube 2558 (depth 0, 24 lits): UNSAT in 42.16s
    cube 2564 (depth 0, 24 lits): UNSAT in 0.68s
    cube 2570 (depth 0, 24 lits): UNSAT in 1.93s
    cube 2576 (depth 0, 24 lits): UNSAT in 0.19s
    cube 2582 (depth 0, 24 lits): UNSAT in 22.77s
    cube 2588 (depth 0, 24 lits): UNSAT in 12.37s
    cube 2594 (depth 0, 24 lits): UNSAT in 0.03s
    cube 2600 (depth 0, 24 lits): UNSAT in 0.02s
    cube 2606 (depth 0, 24 lits): UNSAT in 0.31s
    cube 2612 (depth 0, 24 lits): UNSAT in 0.09s
    cube 2618 (depth 0, 24 lits): UNSAT in 0.88s
    cube 2624 (depth 0, 24 lits): UNSAT in 0.07s
    cube 2630 (depth 0, 24 lits): UNSAT in 0.49s
    cube 2636 (depth 0, 24 lits): UNSAT in 0.19s
    cube 2642 (depth 0, 24 lits): UNSAT in 0.36s
    cube 2648 (depth 0, 24 lits): UNSAT in 0.25s
    cube 2654 (depth 0, 24 lits): UNSAT in 6.99s
    cube 2660 (depth 0, 24 lits): UNSAT in 0.16s
    cube 2666 (depth 0, 24 lits): UNSAT in 0.12s
    cube 2672 (depth 0, 24 lits): UNSAT in 0.05s
    cube 2678 (depth 0, 24 lits): UNSAT in 2.06s
    cube 2684 (depth 0, 24 lits): UNSAT in 1.47s
    cube 2690 (depth 0, 24 lits): UNSAT in 0.67s
    cube 2696 (depth 0, 24 lits): UNSAT in 0.24s
    cube 2702 (depth 0, 24 lits): UNSAT in 8.71s
    cube 2708 (depth 0, 24 lits): UNSAT in 1.06s
    cube 2714 (depth 0, 24 lits): UNSAT in 19.10s
    cube 2720 (depth 0, 24 lits): UNSAT in 0.03s
    cube 2726 (depth 0, 24 lits): UNSAT in 0.21s
    cube 2732 (depth 0, 24 lits): UNSAT in 0.41s
    cube 2738 (depth 0, 24 lits): UNSAT in 0.11s
    cube 2744 (depth 0, 24 lits): UNSAT in 0.06s
    cube 2750 (depth 0, 24 lits): UNSAT in 16.36s
    cube 2756 (depth 0, 24 lits): UNSAT in 1.61s
    cube 2762 (depth 0, 24 lits): UNSAT in 2.49s
    cube 2768 (depth 0, 24 lits): UNSAT in 1.25s
    cube 2774 (depth 0, 24 lits): UNSAT in 58.12s
    cube 2780 (depth 0, 24 lits): UNSAT in 44.96s
    cube 2786 (depth 0, 24 lits): UNSAT in 0.78s
    cube 2792 (depth 0, 24 lits): UNSAT in 1.82s
    cube 2798 (depth 0, 24 lits): UNSAT in 29.85s
    cube 2804 (depth 0, 24 lits): UNSAT in 32.39s
    cube 2810 (depth 0, 24 lits): UNSAT in 32.09s
    cube 2816 (depth 0, 24 lits): UNSAT in 0.16s
    cube 2822 (depth 0, 24 lits): UNSAT in 10.92s
    cube 2828 (depth 0, 24 lits): UNSAT in 21.33s
    cube 2834 (depth 0, 24 lits): UNSAT in 31.25s
    cube 2840 (depth 0, 24 lits): UNSAT in 22.39s
    cube 2846 (depth 0, 24 lits): TIMEOUT in 600.10s
    cube 2846 TIMEOUT -> re-split into 64 sub-cubes (depth 1)
    cube 2846.0 (depth 1, 30 lits): UNSAT in 0.01s
    cube 2846.1 (depth 1, 30 lits): UNSAT in 0.02s
    cube 2846.2 (depth 1, 30 lits): UNSAT in 0.02s
    cube 2846.3 (depth 1, 30 lits): UNSAT in 0.06s
    cube 2846.4 (depth 1, 30 lits): UNSAT in 0.04s
    cube 2846.5 (depth 1, 30 lits): UNSAT in 0.13s
    cube 2846.6 (depth 1, 30 lits): UNSAT in 0.27s
    cube 2846.7 (depth 1, 30 lits): UNSAT in 0.54s
    cube 2846.8 (depth 1, 30 lits): UNSAT in 0.04s
    cube 2846.9 (depth 1, 30 lits): UNSAT in 0.07s
    cube 2846.10 (depth 1, 30 lits): UNSAT in 0.03s
    cube 2846.11 (depth 1, 30 lits): UNSAT in 0.39s
    cube 2846.12 (depth 1, 30 lits): UNSAT in 0.14s
    cube 2846.13 (depth 1, 30 lits): UNSAT in 0.38s
    cube 2846.14 (depth 1, 30 lits): UNSAT in 0.29s
    cube 2846.15 (depth 1, 30 lits): UNSAT in 1.08s
    cube 2846.16 (depth 1, 30 lits): UNSAT in 0.04s
    cube 2846.17 (depth 1, 30 lits): UNSAT in 0.04s
    cube 2846.18 (depth 1, 30 lits): UNSAT in 0.08s
    cube 2846.19 (depth 1, 30 lits): UNSAT in 0.39s
    cube 2846.20 (depth 1, 30 lits): UNSAT in 0.09s
    cube 2846.21 (depth 1, 30 lits): UNSAT in 0.29s
    cube 2846.22 (depth 1, 30 lits): UNSAT in 0.41s
    cube 2846.23 (depth 1, 30 lits): UNSAT in 3.37s
    cube 2846.24 (depth 1, 30 lits): UNSAT in 0.07s
    cube 2846.25 (depth 1, 30 lits): UNSAT in 0.36s
    cube 2846.26 (depth 1, 30 lits): UNSAT in 0.21s
    cube 2846.27 (depth 1, 30 lits): UNSAT in 3.32s
    cube 2846.28 (depth 1, 30 lits): UNSAT in 1.22s
    cube 2846.29 (depth 1, 30 lits): UNSAT in 2.24s
    cube 2846.30 (depth 1, 30 lits): UNSAT in 10.50s
    cube 2846.31 (depth 1, 30 lits): UNSAT in 18.32s
    cube 2846.32 (depth 1, 30 lits): UNSAT in 0.05s
    cube 2846.33 (depth 1, 30 lits): UNSAT in 0.14s
    cube 2846.34 (depth 1, 30 lits): UNSAT in 0.20s
    cube 2846.35 (depth 1, 30 lits): UNSAT in 0.46s
    cube 2846.36 (depth 1, 30 lits): UNSAT in 0.10s
    cube 2846.37 (depth 1, 30 lits): UNSAT in 0.75s
    cube 2846.38 (depth 1, 30 lits): UNSAT in 0.06s
    cube 2846.39 (depth 1, 30 lits): UNSAT in 1.24s
    cube 2846.40 (depth 1, 30 lits): UNSAT in 0.09s
    cube 2846.41 (depth 1, 30 lits): UNSAT in 0.53s
    cube 2846.42 (depth 1, 30 lits): UNSAT in 0.45s
    cube 2846.43 (depth 1, 30 lits): UNSAT in 1.26s
    cube 2846.44 (depth 1, 30 lits): UNSAT in 1.09s
    cube 2846.45 (depth 1, 30 lits): UNSAT in 3.77s
    cube 2846.46 (depth 1, 30 lits): UNSAT in 5.29s
    cube 2846.47 (depth 1, 30 lits): UNSAT in 15.59s
    cube 2846.48 (depth 1, 30 lits): UNSAT in 0.03s
    cube 2846.49 (depth 1, 30 lits): UNSAT in 0.13s
    cube 2846.50 (depth 1, 30 lits): UNSAT in 0.37s
    cube 2846.51 (depth 1, 30 lits): UNSAT in 2.88s
    cube 2846.52 (depth 1, 30 lits): UNSAT in 0.90s
    cube 2846.53 (depth 1, 30 lits): UNSAT in 2.94s
    cube 2846.54 (depth 1, 30 lits): UNSAT in 17.00s
    cube 2846.55 (depth 1, 30 lits): UNSAT in 20.74s
    cube 2846.56 (depth 1, 30 lits): UNSAT in 1.07s
    cube 2846.57 (depth 1, 30 lits): UNSAT in 4.98s
    cube 2846.58 (depth 1, 30 lits): UNSAT in 5.52s
    cube 2846.59 (depth 1, 30 lits): UNSAT in 15.67s
    cube 2846.60 (depth 1, 30 lits): UNSAT in 0.64s
    cube 2846.61 (depth 1, 30 lits): UNSAT in 3.53s
    cube 2846.62 (depth 1, 30 lits): UNSAT in 2.97s
    cube 2846.63 (depth 1, 30 lits): UNSAT in 31.99s
    cube 2852 (depth 0, 24 lits): UNSAT in 0.02s
    cube 2858 (depth 0, 24 lits): UNSAT in 0.14s
    cube 2864 (depth 0, 24 lits): UNSAT in 0.01s
    cube 2870 (depth 0, 24 lits): UNSAT in 0.10s
    cube 2876 (depth 0, 24 lits): UNSAT in 0.05s
    cube 2882 (depth 0, 24 lits): UNSAT in 0.02s
    cube 2888 (depth 0, 24 lits): UNSAT in 0.02s
    cube 2894 (depth 0, 24 lits): UNSAT in 2.70s
    cube 2900 (depth 0, 24 lits): UNSAT in 0.21s
    cube 2906 (depth 0, 24 lits): UNSAT in 0.72s
    cube 2912 (depth 0, 24 lits): UNSAT in 0.09s
    cube 2918 (depth 0, 24 lits): UNSAT in 0.86s
    cube 2924 (depth 0, 24 lits): UNSAT in 0.96s
    cube 2930 (depth 0, 24 lits): UNSAT in 0.20s
    cube 2936 (depth 0, 24 lits): UNSAT in 0.12s
    cube 2942 (depth 0, 24 lits): UNSAT in 8.04s
    cube 2948 (depth 0, 24 lits): UNSAT in 0.06s
    cube 2954 (depth 0, 24 lits): UNSAT in 0.12s
    cube 2960 (depth 0, 24 lits): UNSAT in 0.05s
    cube 2966 (depth 0, 24 lits): UNSAT in 1.11s
    cube 2972 (depth 0, 24 lits): UNSAT in 5.51s
    cube 2978 (depth 0, 24 lits): UNSAT in 0.01s
    cube 2984 (depth 0, 24 lits): UNSAT in 0.03s
    cube 2990 (depth 0, 24 lits): UNSAT in 0.01s
    cube 2996 (depth 0, 24 lits): UNSAT in 0.02s
    cube 3002 (depth 0, 24 lits): UNSAT in 0.07s
    cube 3008 (depth 0, 24 lits): UNSAT in 0.05s
    cube 3014 (depth 0, 24 lits): UNSAT in 0.04s
    cube 3020 (depth 0, 24 lits): UNSAT in 0.10s
    cube 3026 (depth 0, 24 lits): UNSAT in 0.25s
    cube 3032 (depth 0, 24 lits): UNSAT in 0.38s
    cube 3038 (depth 0, 24 lits): UNSAT in 0.01s
    cube 3044 (depth 0, 24 lits): UNSAT in 0.05s
    cube 3050 (depth 0, 24 lits): UNSAT in 0.07s
    cube 3056 (depth 0, 24 lits): UNSAT in 0.03s
    cube 3062 (depth 0, 24 lits): UNSAT in 0.05s
    cube 3068 (depth 0, 24 lits): UNSAT in 1.16s
    cube 3074 (depth 0, 24 lits): UNSAT in 0.71s
    cube 3080 (depth 0, 24 lits): UNSAT in 0.13s
    cube 3086 (depth 0, 24 lits): UNSAT in 0.10s
    cube 3092 (depth 0, 24 lits): UNSAT in 6.13s
    cube 3098 (depth 0, 24 lits): UNSAT in 87.36s
    cube 3104 (depth 0, 24 lits): UNSAT in 0.02s
    cube 3110 (depth 0, 24 lits): UNSAT in 0.01s
    cube 3116 (depth 0, 24 lits): UNSAT in 0.01s
    cube 3122 (depth 0, 24 lits): UNSAT in 0.03s
    cube 3128 (depth 0, 24 lits): UNSAT in 0.10s
    cube 3134 (depth 0, 24 lits): UNSAT in 0.01s
    cube 3140 (depth 0, 24 lits): UNSAT in 0.02s
    cube 3146 (depth 0, 24 lits): UNSAT in 0.18s
    cube 3152 (depth 0, 24 lits): UNSAT in 0.03s
    cube 3158 (depth 0, 24 lits): UNSAT in 0.03s
    cube 3164 (depth 0, 24 lits): UNSAT in 1.05s
    cube 3170 (depth 0, 24 lits): UNSAT in 0.08s
    cube 3176 (depth 0, 24 lits): UNSAT in 0.03s
    cube 3182 (depth 0, 24 lits): UNSAT in 0.04s
    cube 3188 (depth 0, 24 lits): UNSAT in 0.45s
    cube 3194 (depth 0, 24 lits): UNSAT in 1.37s
    cube 3200 (depth 0, 24 lits): UNSAT in 0.10s
    cube 3206 (depth 0, 24 lits): UNSAT in 0.09s
    cube 3212 (depth 0, 24 lits): UNSAT in 6.69s
    cube 3218 (depth 0, 24 lits): UNSAT in 0.44s
    cube 3224 (depth 0, 24 lits): UNSAT in 14.03s
    cube 3230 (depth 0, 24 lits): UNSAT in 0.03s
    cube 3236 (depth 0, 24 lits): UNSAT in 1.06s
    cube 3242 (depth 0, 24 lits): UNSAT in 0.69s
    cube 3248 (depth 0, 24 lits): UNSAT in 0.22s
    cube 3254 (depth 0, 24 lits): UNSAT in 0.04s
    cube 3260 (depth 0, 24 lits): UNSAT in 23.62s
    cube 3266 (depth 0, 24 lits): UNSAT in 0.08s
    cube 3272 (depth 0, 24 lits): UNSAT in 0.23s
    cube 3278 (depth 0, 24 lits): UNSAT in 0.30s
    cube 3284 (depth 0, 24 lits): UNSAT in 10.39s
    cube 3290 (depth 0, 24 lits): UNSAT in 20.81s
    cube 3296 (depth 0, 24 lits): UNSAT in 1.15s
    cube 3302 (depth 0, 24 lits): UNSAT in 0.19s
    cube 3308 (depth 0, 24 lits): UNSAT in 14.57s
    cube 3314 (depth 0, 24 lits): UNSAT in 1.97s
    cube 3320 (depth 0, 24 lits): UNSAT in 19.15s
    cube 3326 (depth 0, 24 lits): UNSAT in 3.40s
    cube 3332 (depth 0, 24 lits): UNSAT in 67.10s
    cube 3338 (depth 0, 24 lits): UNSAT in 35.31s
    cube 3344 (depth 0, 24 lits): UNSAT in 9.19s
    cube 3350 (depth 0, 24 lits): UNSAT in 15.98s
    cube 3356 (depth 0, 24 lits): UNSAT in 152.16s
    cube 3362 (depth 0, 24 lits): UNSAT in 0.05s
    cube 3368 (depth 0, 24 lits): UNSAT in 0.11s
    cube 3374 (depth 0, 24 lits): UNSAT in 0.02s
    cube 3380 (depth 0, 24 lits): UNSAT in 0.08s
    cube 3386 (depth 0, 24 lits): UNSAT in 0.63s
    cube 3392 (depth 0, 24 lits): UNSAT in 0.03s
    cube 3398 (depth 0, 24 lits): UNSAT in 0.22s
    cube 3404 (depth 0, 24 lits): UNSAT in 2.55s
    cube 3410 (depth 0, 24 lits): UNSAT in 0.19s
    cube 3416 (depth 0, 24 lits): UNSAT in 2.17s
    cube 3422 (depth 0, 24 lits): UNSAT in 0.06s
    cube 3428 (depth 0, 24 lits): UNSAT in 0.26s
    cube 3434 (depth 0, 24 lits): UNSAT in 0.18s
    cube 3440 (depth 0, 24 lits): UNSAT in 0.25s
    cube 3446 (depth 0, 24 lits): UNSAT in 0.41s
    cube 3452 (depth 0, 24 lits): UNSAT in 22.94s
    cube 3458 (depth 0, 24 lits): UNSAT in 2.81s
    cube 3464 (depth 0, 24 lits): UNSAT in 6.99s
    cube 3470 (depth 0, 24 lits): UNSAT in 0.31s
    cube 3476 (depth 0, 24 lits): UNSAT in 47.58s
    cube 3482 (depth 0, 24 lits): UNSAT in 141.38s
    cube 3488 (depth 0, 24 lits): UNSAT in 0.05s
    cube 3494 (depth 0, 24 lits): UNSAT in 0.07s
    cube 3500 (depth 0, 24 lits): UNSAT in 0.69s
    cube 3506 (depth 0, 24 lits): UNSAT in 0.66s
    cube 3512 (depth 0, 24 lits): UNSAT in 5.55s
    cube 3518 (depth 0, 24 lits): UNSAT in 0.10s
    cube 3524 (depth 0, 24 lits): UNSAT in 4.62s
    cube 3530 (depth 0, 24 lits): UNSAT in 2.19s
    cube 3536 (depth 0, 24 lits): UNSAT in 1.82s
    cube 3542 (depth 0, 24 lits): UNSAT in 1.04s
    cube 3548 (depth 0, 24 lits): UNSAT in 40.89s
    cube 3554 (depth 0, 24 lits): UNSAT in 1.08s
    cube 3560 (depth 0, 24 lits): UNSAT in 2.02s
    cube 3566 (depth 0, 24 lits): UNSAT in 0.55s
    cube 3572 (depth 0, 24 lits): UNSAT in 45.70s
    cube 3578 (depth 0, 24 lits): UNSAT in 15.11s
    cube 3584 (depth 0, 24 lits): UNSAT in 19.05s
    cube 3590 (depth 0, 24 lits): UNSAT in 5.44s
    cube 3596 (depth 0, 24 lits): TIMEOUT in 600.10s
    cube 3596 TIMEOUT -> re-split into 64 sub-cubes (depth 1)
    cube 3596.0 (depth 1, 30 lits): UNSAT in 0.03s
    cube 3596.1 (depth 1, 30 lits): UNSAT in 0.09s
    cube 3596.2 (depth 1, 30 lits): UNSAT in 0.04s
    cube 3596.3 (depth 1, 30 lits): UNSAT in 0.09s
    cube 3596.4 (depth 1, 30 lits): UNSAT in 0.05s
    cube 3596.5 (depth 1, 30 lits): UNSAT in 0.14s
    cube 3596.6 (depth 1, 30 lits): UNSAT in 0.18s
    cube 3596.7 (depth 1, 30 lits): UNSAT in 0.37s
    cube 3596.8 (depth 1, 30 lits): UNSAT in 0.06s
    cube 3596.9 (depth 1, 30 lits): UNSAT in 0.12s
    cube 3596.10 (depth 1, 30 lits): UNSAT in 0.16s
    cube 3596.11 (depth 1, 30 lits): UNSAT in 0.30s
    cube 3596.12 (depth 1, 30 lits): UNSAT in 0.22s
    cube 3596.13 (depth 1, 30 lits): UNSAT in 0.47s
    cube 3596.14 (depth 1, 30 lits): UNSAT in 0.43s
    cube 3596.15 (depth 1, 30 lits): UNSAT in 5.53s
    cube 3596.16 (depth 1, 30 lits): UNSAT in 0.03s
    cube 3596.17 (depth 1, 30 lits): UNSAT in 0.03s
    cube 3596.18 (depth 1, 30 lits): UNSAT in 0.06s
    cube 3596.19 (depth 1, 30 lits): UNSAT in 0.54s
    cube 3596.20 (depth 1, 30 lits): UNSAT in 0.14s
    cube 3596.21 (depth 1, 30 lits): UNSAT in 0.09s
    cube 3596.22 (depth 1, 30 lits): UNSAT in 0.52s
    cube 3596.23 (depth 1, 30 lits): UNSAT in 1.67s
    cube 3596.24 (depth 1, 30 lits): UNSAT in 0.20s
    cube 3596.25 (depth 1, 30 lits): UNSAT in 0.32s
    cube 3596.26 (depth 1, 30 lits): UNSAT in 0.96s
    cube 3596.27 (depth 1, 30 lits): UNSAT in 3.69s
    cube 3596.28 (depth 1, 30 lits): UNSAT in 0.14s
    cube 3596.29 (depth 1, 30 lits): UNSAT in 2.74s
    cube 3596.30 (depth 1, 30 lits): UNSAT in 4.63s
    cube 3596.31 (depth 1, 30 lits): UNSAT in 17.67s
    cube 3596.32 (depth 1, 30 lits): UNSAT in 0.05s
    cube 3596.33 (depth 1, 30 lits): UNSAT in 0.07s
    cube 3596.34 (depth 1, 30 lits): UNSAT in 0.08s
    cube 3596.35 (depth 1, 30 lits): UNSAT in 0.55s
    cube 3596.36 (depth 1, 30 lits): UNSAT in 0.16s
    cube 3596.37 (depth 1, 30 lits): UNSAT in 0.34s
    cube 3596.38 (depth 1, 30 lits): UNSAT in 0.22s
    cube 3596.39 (depth 1, 30 lits): UNSAT in 0.94s
    cube 3596.40 (depth 1, 30 lits): UNSAT in 0.04s
    cube 3596.41 (depth 1, 30 lits): UNSAT in 0.70s
    cube 3596.42 (depth 1, 30 lits): UNSAT in 0.48s
    cube 3596.43 (depth 1, 30 lits): UNSAT in 4.68s
    cube 3596.44 (depth 1, 30 lits): UNSAT in 0.33s
    cube 3596.45 (depth 1, 30 lits): UNSAT in 5.40s
    cube 3596.46 (depth 1, 30 lits): UNSAT in 3.07s
    cube 3596.47 (depth 1, 30 lits): UNSAT in 41.56s
    cube 3596.48 (depth 1, 30 lits): UNSAT in 0.05s
    cube 3596.49 (depth 1, 30 lits): UNSAT in 0.10s
    cube 3596.50 (depth 1, 30 lits): UNSAT in 0.05s
    cube 3596.51 (depth 1, 30 lits): UNSAT in 0.38s
    cube 3596.52 (depth 1, 30 lits): UNSAT in 0.11s
    cube 3596.53 (depth 1, 30 lits): UNSAT in 0.66s
    cube 3596.54 (depth 1, 30 lits): UNSAT in 0.32s
    cube 3596.55 (depth 1, 30 lits): UNSAT in 3.39s
    cube 3596.56 (depth 1, 30 lits): UNSAT in 0.09s
    cube 3596.57 (depth 1, 30 lits): UNSAT in 0.64s
    cube 3596.58 (depth 1, 30 lits): UNSAT in 0.56s
    cube 3596.59 (depth 1, 30 lits): UNSAT in 5.06s
    cube 3596.60 (depth 1, 30 lits): UNSAT in 2.84s
    cube 3596.61 (depth 1, 30 lits): UNSAT in 23.50s
    cube 3596.62 (depth 1, 30 lits): UNSAT in 5.40s
    cube 3596.63 (depth 1, 30 lits): UNSAT in 70.41s
    batch [3602..3866] TIMEOUT in 900.1s -> per-cube fallback
    cube 3602 (depth 0, 24 lits): UNSAT in 137.51s
    cube 3608 (depth 0, 24 lits): UNSAT in 133.08s
    cube 3614 (depth 0, 24 lits): UNSAT in 0.03s
    cube 3620 (depth 0, 24 lits): UNSAT in 0.12s
    cube 3626 (depth 0, 24 lits): UNSAT in 0.44s
    cube 3632 (depth 0, 24 lits): UNSAT in 0.70s
    cube 3638 (depth 0, 24 lits): UNSAT in 0.39s
    cube 3644 (depth 0, 24 lits): UNSAT in 19.46s
    cube 3650 (depth 0, 24 lits): UNSAT in 0.37s
    cube 3656 (depth 0, 24 lits): UNSAT in 1.46s
    cube 3662 (depth 0, 24 lits): UNSAT in 0.18s
    cube 3668 (depth 0, 24 lits): UNSAT in 13.43s
    cube 3674 (depth 0, 24 lits): UNSAT in 77.72s
    cube 3680 (depth 0, 24 lits): UNSAT in 0.28s
    cube 3686 (depth 0, 24 lits): UNSAT in 0.17s
    cube 3692 (depth 0, 24 lits): UNSAT in 19.01s
    cube 3698 (depth 0, 24 lits): UNSAT in 8.09s
    cube 3704 (depth 0, 24 lits): UNSAT in 10.84s
    cube 3710 (depth 0, 24 lits): UNSAT in 1.28s
    cube 3716 (depth 0, 24 lits): UNSAT in 273.76s
    cube 3722 (depth 0, 24 lits): UNSAT in 12.68s
    cube 3728 (depth 0, 24 lits): UNSAT in 57.51s
    cube 3734 (depth 0, 24 lits): UNSAT in 67.32s
    cube 3740 (depth 0, 24 lits): TIMEOUT in 600.09s
    cube 3740 TIMEOUT -> re-split into 64 sub-cubes (depth 1)
    cube 3740.0 (depth 1, 30 lits): UNSAT in 0.01s
    cube 3740.1 (depth 1, 30 lits): UNSAT in 0.02s
    cube 3740.2 (depth 1, 30 lits): UNSAT in 0.08s
    cube 3740.3 (depth 1, 30 lits): UNSAT in 0.13s
    cube 3740.4 (depth 1, 30 lits): UNSAT in 0.05s
    cube 3740.5 (depth 1, 30 lits): UNSAT in 0.34s
    cube 3740.6 (depth 1, 30 lits): UNSAT in 0.41s
    cube 3740.7 (depth 1, 30 lits): UNSAT in 1.52s
    cube 3740.8 (depth 1, 30 lits): UNSAT in 0.06s
    cube 3740.9 (depth 1, 30 lits): UNSAT in 0.18s
    cube 3740.10 (depth 1, 30 lits): UNSAT in 0.13s
    cube 3740.11 (depth 1, 30 lits): UNSAT in 0.31s
    cube 3740.12 (depth 1, 30 lits): UNSAT in 0.09s
    cube 3740.13 (depth 1, 30 lits): UNSAT in 0.36s
    cube 3740.14 (depth 1, 30 lits): UNSAT in 2.97s
    cube 3740.15 (depth 1, 30 lits): UNSAT in 4.34s
    cube 3740.16 (depth 1, 30 lits): UNSAT in 0.12s
    cube 3740.17 (depth 1, 30 lits): UNSAT in 0.37s
    cube 3740.18 (depth 1, 30 lits): UNSAT in 0.55s
    cube 3740.19 (depth 1, 30 lits): UNSAT in 0.92s
    cube 3740.20 (depth 1, 30 lits): UNSAT in 0.35s
    cube 3740.21 (depth 1, 30 lits): UNSAT in 0.92s
    cube 3740.22 (depth 1, 30 lits): UNSAT in 0.84s
    cube 3740.23 (depth 1, 30 lits): UNSAT in 6.64s
    cube 3740.24 (depth 1, 30 lits): UNSAT in 0.17s
    cube 3740.25 (depth 1, 30 lits): UNSAT in 1.46s
    cube 3740.26 (depth 1, 30 lits): UNSAT in 1.07s
    cube 3740.27 (depth 1, 30 lits): UNSAT in 4.74s
    cube 3740.28 (depth 1, 30 lits): UNSAT in 0.30s
    cube 3740.29 (depth 1, 30 lits): UNSAT in 3.32s
    cube 3740.30 (depth 1, 30 lits): UNSAT in 1.20s
    cube 3740.31 (depth 1, 30 lits): UNSAT in 13.66s
    cube 3740.32 (depth 1, 30 lits): UNSAT in 0.32s
    cube 3740.33 (depth 1, 30 lits): UNSAT in 0.44s
    cube 3740.34 (depth 1, 30 lits): UNSAT in 0.28s
    cube 3740.35 (depth 1, 30 lits): UNSAT in 3.27s
    cube 3740.36 (depth 1, 30 lits): UNSAT in 0.13s
    cube 3740.37 (depth 1, 30 lits): UNSAT in 0.19s
    cube 3740.38 (depth 1, 30 lits): UNSAT in 0.60s
    cube 3740.39 (depth 1, 30 lits): UNSAT in 2.83s
    cube 3740.40 (depth 1, 30 lits): UNSAT in 1.16s
    cube 3740.41 (depth 1, 30 lits): UNSAT in 3.00s
    cube 3740.42 (depth 1, 30 lits): UNSAT in 2.74s
    cube 3740.43 (depth 1, 30 lits): UNSAT in 8.99s
    cube 3740.44 (depth 1, 30 lits): UNSAT in 1.31s
    cube 3740.45 (depth 1, 30 lits): UNSAT in 3.39s
    cube 3740.46 (depth 1, 30 lits): UNSAT in 0.73s
    cube 3740.47 (depth 1, 30 lits): UNSAT in 2.68s
    cube 3740.48 (depth 1, 30 lits): UNSAT in 0.22s
    cube 3740.49 (depth 1, 30 lits): UNSAT in 0.93s
    cube 3740.50 (depth 1, 30 lits): UNSAT in 0.95s
    cube 3740.51 (depth 1, 30 lits): UNSAT in 4.00s
    cube 3740.52 (depth 1, 30 lits): UNSAT in 0.24s
    cube 3740.53 (depth 1, 30 lits): UNSAT in 0.51s
    cube 3740.54 (depth 1, 30 lits): UNSAT in 1.61s
    cube 3740.55 (depth 1, 30 lits): UNSAT in 6.18s
    cube 3740.56 (depth 1, 30 lits): UNSAT in 0.30s
    cube 3740.57 (depth 1, 30 lits): UNSAT in 1.00s
    cube 3740.58 (depth 1, 30 lits): UNSAT in 0.56s
    cube 3740.59 (depth 1, 30 lits): UNSAT in 1.82s
    cube 3740.60 (depth 1, 30 lits): UNSAT in 0.98s
    cube 3740.61 (depth 1, 30 lits): UNSAT in 3.47s
    cube 3740.62 (depth 1, 30 lits): UNSAT in 6.82s
    cube 3740.63 (depth 1, 30 lits): UNSAT in 9.46s
    cube 3746 (depth 0, 24 lits): UNSAT in 0.18s
    cube 3752 (depth 0, 24 lits): UNSAT in 0.22s
    cube 3758 (depth 0, 24 lits): UNSAT in 0.10s
    cube 3764 (depth 0, 24 lits): UNSAT in 5.32s
    cube 3770 (depth 0, 24 lits): UNSAT in 10.29s
    cube 3776 (depth 0, 24 lits): UNSAT in 4.43s
    cube 3782 (depth 0, 24 lits): UNSAT in 15.89s
    cube 3788 (depth 0, 24 lits): TIMEOUT in 600.02s
    cube 3788 TIMEOUT -> re-split into 64 sub-cubes (depth 1)
    cube 3788.0 (depth 1, 30 lits): UNSAT in 0.01s
    cube 3788.1 (depth 1, 30 lits): UNSAT in 0.01s
    cube 3788.2 (depth 1, 30 lits): UNSAT in 0.02s
    cube 3788.3 (depth 1, 30 lits): UNSAT in 0.02s
    cube 3788.4 (depth 1, 30 lits): UNSAT in 0.02s
    cube 3788.5 (depth 1, 30 lits): UNSAT in 0.02s
    cube 3788.6 (depth 1, 30 lits): UNSAT in 0.04s
    cube 3788.7 (depth 1, 30 lits): UNSAT in 0.16s
    cube 3788.8 (depth 1, 30 lits): UNSAT in 0.03s
    cube 3788.9 (depth 1, 30 lits): UNSAT in 0.09s
    cube 3788.10 (depth 1, 30 lits): UNSAT in 0.08s
    cube 3788.11 (depth 1, 30 lits): UNSAT in 0.59s
    cube 3788.12 (depth 1, 30 lits): UNSAT in 0.02s
    cube 3788.13 (depth 1, 30 lits): UNSAT in 0.13s
    cube 3788.14 (depth 1, 30 lits): UNSAT in 0.35s
    cube 3788.15 (depth 1, 30 lits): UNSAT in 0.90s
    cube 3788.16 (depth 1, 30 lits): UNSAT in 0.04s
    cube 3788.17 (depth 1, 30 lits): UNSAT in 0.21s
    cube 3788.18 (depth 1, 30 lits): UNSAT in 0.03s
    cube 3788.19 (depth 1, 30 lits): UNSAT in 0.09s
    cube 3788.20 (depth 1, 30 lits): UNSAT in 0.05s
    cube 3788.21 (depth 1, 30 lits): UNSAT in 0.19s
    cube 3788.22 (depth 1, 30 lits): UNSAT in 0.41s
    cube 3788.23 (depth 1, 30 lits): UNSAT in 1.39s
    cube 3788.24 (depth 1, 30 lits): UNSAT in 0.19s
    cube 3788.25 (depth 1, 30 lits): UNSAT in 0.25s
    cube 3788.26 (depth 1, 30 lits): UNSAT in 0.21s
    cube 3788.27 (depth 1, 30 lits): UNSAT in 0.61s
    cube 3788.28 (depth 1, 30 lits): UNSAT in 0.23s
    cube 3788.29 (depth 1, 30 lits): UNSAT in 0.95s
    cube 3788.30 (depth 1, 30 lits): UNSAT in 0.76s
    cube 3788.31 (depth 1, 30 lits): UNSAT in 14.78s
    cube 3788.32 (depth 1, 30 lits): UNSAT in 0.02s
    cube 3788.33 (depth 1, 30 lits): UNSAT in 0.19s
    cube 3788.34 (depth 1, 30 lits): UNSAT in 0.20s
    cube 3788.35 (depth 1, 30 lits): UNSAT in 1.08s
    cube 3788.36 (depth 1, 30 lits): UNSAT in 0.11s
    cube 3788.37 (depth 1, 30 lits): UNSAT in 0.23s
    cube 3788.38 (depth 1, 30 lits): UNSAT in 0.21s
    cube 3788.39 (depth 1, 30 lits): UNSAT in 0.60s
    cube 3788.40 (depth 1, 30 lits): UNSAT in 0.09s
    cube 3788.41 (depth 1, 30 lits): UNSAT in 0.58s
    cube 3788.42 (depth 1, 30 lits): UNSAT in 0.12s
    cube 3788.43 (depth 1, 30 lits): UNSAT in 1.59s
    cube 3788.44 (depth 1, 30 lits): UNSAT in 0.53s
    cube 3788.45 (depth 1, 30 lits): UNSAT in 2.04s
    cube 3788.46 (depth 1, 30 lits): UNSAT in 1.74s
    cube 3788.47 (depth 1, 30 lits): UNSAT in 58.52s
    cube 3788.48 (depth 1, 30 lits): UNSAT in 0.10s
    cube 3788.49 (depth 1, 30 lits): UNSAT in 0.32s
    cube 3788.50 (depth 1, 30 lits): UNSAT in 0.75s
    cube 3788.51 (depth 1, 30 lits): UNSAT in 6.08s
    cube 3788.52 (depth 1, 30 lits): UNSAT in 0.13s
    cube 3788.53 (depth 1, 30 lits): UNSAT in 0.91s
    cube 3788.54 (depth 1, 30 lits): UNSAT in 0.46s
    cube 3788.55 (depth 1, 30 lits): UNSAT in 13.73s
    cube 3788.56 (depth 1, 30 lits): UNSAT in 0.05s
    cube 3788.57 (depth 1, 30 lits): UNSAT in 0.10s
    cube 3788.58 (depth 1, 30 lits): UNSAT in 0.47s
    cube 3788.59 (depth 1, 30 lits): UNSAT in 0.41s
    cube 3788.60 (depth 1, 30 lits): UNSAT in 0.35s
    cube 3788.61 (depth 1, 30 lits): UNSAT in 0.63s
    cube 3788.62 (depth 1, 30 lits): UNSAT in 0.72s
    cube 3788.63 (depth 1, 30 lits): UNSAT in 7.58s
    cube 3794 (depth 0, 24 lits): UNSAT in 38.76s
    cube 3800 (depth 0, 24 lits): UNSAT in 106.81s
    cube 3806 (depth 0, 24 lits): UNSAT in 0.49s
    cube 3812 (depth 0, 24 lits): UNSAT in 24.10s
    cube 3818 (depth 0, 24 lits): UNSAT in 61.93s
    cube 3824 (depth 0, 24 lits): UNSAT in 16.43s
    cube 3830 (depth 0, 24 lits): UNSAT in 22.57s
    cube 3836 (depth 0, 24 lits): TIMEOUT in 600.10s
    cube 3836 TIMEOUT -> re-split into 64 sub-cubes (depth 1)
    cube 3836.0 (depth 1, 30 lits): UNSAT in 0.02s
    cube 3836.1 (depth 1, 30 lits): UNSAT in 0.04s
    cube 3836.2 (depth 1, 30 lits): UNSAT in 0.10s
    cube 3836.3 (depth 1, 30 lits): UNSAT in 0.18s
    cube 3836.4 (depth 1, 30 lits): UNSAT in 0.07s
    cube 3836.5 (depth 1, 30 lits): UNSAT in 0.12s
    cube 3836.6 (depth 1, 30 lits): UNSAT in 1.02s
    cube 3836.7 (depth 1, 30 lits): UNSAT in 0.16s
    cube 3836.8 (depth 1, 30 lits): UNSAT in 0.07s
    cube 3836.9 (depth 1, 30 lits): UNSAT in 0.35s
    cube 3836.10 (depth 1, 30 lits): UNSAT in 0.42s
    cube 3836.11 (depth 1, 30 lits): UNSAT in 0.30s
    cube 3836.12 (depth 1, 30 lits): UNSAT in 0.14s
    cube 3836.13 (depth 1, 30 lits): UNSAT in 0.72s
    cube 3836.14 (depth 1, 30 lits): UNSAT in 0.13s
    cube 3836.15 (depth 1, 30 lits): UNSAT in 0.15s
    cube 3836.16 (depth 1, 30 lits): UNSAT in 0.05s
    cube 3836.17 (depth 1, 30 lits): UNSAT in 0.31s
    cube 3836.18 (depth 1, 30 lits): UNSAT in 0.23s
    cube 3836.19 (depth 1, 30 lits): UNSAT in 1.85s
    cube 3836.20 (depth 1, 30 lits): UNSAT in 0.87s
    cube 3836.21 (depth 1, 30 lits): UNSAT in 4.01s
    cube 3836.22 (depth 1, 30 lits): UNSAT in 0.82s
    cube 3836.23 (depth 1, 30 lits): UNSAT in 2.14s
    cube 3836.24 (depth 1, 30 lits): UNSAT in 0.26s
    cube 3836.25 (depth 1, 30 lits): UNSAT in 3.84s
    cube 3836.26 (depth 1, 30 lits): UNSAT in 1.02s
    cube 3836.27 (depth 1, 30 lits): UNSAT in 6.11s
    cube 3836.28 (depth 1, 30 lits): UNSAT in 3.15s
    cube 3836.29 (depth 1, 30 lits): UNSAT in 6.92s
    cube 3836.30 (depth 1, 30 lits): UNSAT in 0.46s
    cube 3836.31 (depth 1, 30 lits): UNSAT in 4.24s
    cube 3836.32 (depth 1, 30 lits): UNSAT in 0.23s
    cube 3836.33 (depth 1, 30 lits): UNSAT in 0.59s
    cube 3836.34 (depth 1, 30 lits): UNSAT in 0.25s
    cube 3836.35 (depth 1, 30 lits): UNSAT in 1.78s
    cube 3836.36 (depth 1, 30 lits): UNSAT in 0.65s
    cube 3836.37 (depth 1, 30 lits): UNSAT in 2.21s
    cube 3836.38 (depth 1, 30 lits): UNSAT in 1.35s
    cube 3836.39 (depth 1, 30 lits): UNSAT in 1.28s
    cube 3836.40 (depth 1, 30 lits): UNSAT in 0.09s
    cube 3836.41 (depth 1, 30 lits): UNSAT in 0.16s
    cube 3836.42 (depth 1, 30 lits): UNSAT in 0.33s
    cube 3836.43 (depth 1, 30 lits): UNSAT in 0.67s
    cube 3836.44 (depth 1, 30 lits): UNSAT in 1.44s
    cube 3836.45 (depth 1, 30 lits): UNSAT in 4.42s
    cube 3836.46 (depth 1, 30 lits): UNSAT in 2.85s
    cube 3836.47 (depth 1, 30 lits): UNSAT in 2.86s
    cube 3836.48 (depth 1, 30 lits): UNSAT in 0.77s
    cube 3836.49 (depth 1, 30 lits): UNSAT in 1.71s
    cube 3836.50 (depth 1, 30 lits): UNSAT in 2.05s
    cube 3836.51 (depth 1, 30 lits): UNSAT in 2.76s
    cube 3836.52 (depth 1, 30 lits): UNSAT in 1.65s
    cube 3836.53 (depth 1, 30 lits): UNSAT in 11.13s
    cube 3836.54 (depth 1, 30 lits): UNSAT in 8.55s
    cube 3836.55 (depth 1, 30 lits): UNSAT in 6.11s
    cube 3836.56 (depth 1, 30 lits): UNSAT in 4.82s
    cube 3836.57 (depth 1, 30 lits): UNSAT in 57.71s
    cube 3836.58 (depth 1, 30 lits): UNSAT in 18.11s
    cube 3836.59 (depth 1, 30 lits): UNSAT in 22.32s
    cube 3836.60 (depth 1, 30 lits): UNSAT in 0.31s
    cube 3836.61 (depth 1, 30 lits): UNSAT in 5.53s
    cube 3836.62 (depth 1, 30 lits): UNSAT in 21.33s
    cube 3836.63 (depth 1, 30 lits): UNSAT in 31.07s
    cube 3842 (depth 0, 24 lits): UNSAT in 3.90s
    cube 3848 (depth 0, 24 lits): UNSAT in 11.42s
    cube 3854 (depth 0, 24 lits): UNSAT in 1.16s
    cube 3860 (depth 0, 24 lits): UNSAT in 54.76s
    cube 3866 (depth 0, 24 lits): TIMEOUT in 600.10s
    cube 3866 TIMEOUT -> re-split into 63 sub-cubes (depth 1)
    cube 3866.0 (depth 1, 29 lits): UNSAT in 0.01s
    cube 3866.1 (depth 1, 30 lits): UNSAT in 0.01s
    cube 3866.2 (depth 1, 30 lits): UNSAT in 0.03s
    cube 3866.3 (depth 1, 30 lits): UNSAT in 0.01s
    cube 3866.4 (depth 1, 30 lits): UNSAT in 0.02s
    cube 3866.5 (depth 1, 30 lits): UNSAT in 0.03s
    cube 3866.6 (depth 1, 30 lits): UNSAT in 0.09s
    cube 3866.7 (depth 1, 30 lits): UNSAT in 0.02s
    cube 3866.8 (depth 1, 30 lits): UNSAT in 0.04s
    cube 3866.9 (depth 1, 30 lits): UNSAT in 0.03s
    cube 3866.10 (depth 1, 30 lits): UNSAT in 0.19s
    cube 3866.11 (depth 1, 30 lits): UNSAT in 0.05s
    cube 3866.12 (depth 1, 30 lits): UNSAT in 0.09s
    cube 3866.13 (depth 1, 30 lits): UNSAT in 0.44s
    cube 3866.14 (depth 1, 30 lits): UNSAT in 3.35s
    cube 3866.15 (depth 1, 30 lits): UNSAT in 0.02s
    cube 3866.16 (depth 1, 30 lits): UNSAT in 0.04s
    cube 3866.17 (depth 1, 30 lits): UNSAT in 0.08s
    cube 3866.18 (depth 1, 30 lits): UNSAT in 0.20s
    cube 3866.19 (depth 1, 30 lits): UNSAT in 0.16s
    cube 3866.20 (depth 1, 30 lits): UNSAT in 0.37s
    cube 3866.21 (depth 1, 30 lits): UNSAT in 0.51s
    cube 3866.22 (depth 1, 30 lits): UNSAT in 2.15s
    cube 3866.23 (depth 1, 30 lits): UNSAT in 0.18s
    cube 3866.24 (depth 1, 30 lits): UNSAT in 0.53s
    cube 3866.25 (depth 1, 30 lits): UNSAT in 0.56s
    cube 3866.26 (depth 1, 30 lits): UNSAT in 4.50s
    cube 3866.27 (depth 1, 30 lits): UNSAT in 0.49s
    cube 3866.28 (depth 1, 30 lits): UNSAT in 2.98s
    cube 3866.29 (depth 1, 30 lits): UNSAT in 1.27s
    cube 3866.30 (depth 1, 30 lits): UNSAT in 13.03s
    cube 3866.31 (depth 1, 30 lits): UNSAT in 0.03s
    cube 3866.32 (depth 1, 30 lits): UNSAT in 0.12s
    cube 3866.33 (depth 1, 30 lits): UNSAT in 0.06s
    cube 3866.34 (depth 1, 30 lits): UNSAT in 0.57s
    cube 3866.35 (depth 1, 30 lits): UNSAT in 0.07s
    cube 3866.36 (depth 1, 30 lits): UNSAT in 0.26s
    cube 3866.37 (depth 1, 30 lits): UNSAT in 0.25s
    cube 3866.38 (depth 1, 30 lits): UNSAT in 2.59s
    cube 3866.39 (depth 1, 30 lits): UNSAT in 0.08s
    cube 3866.40 (depth 1, 30 lits): UNSAT in 0.46s
    cube 3866.41 (depth 1, 30 lits): UNSAT in 0.61s
    cube 3866.42 (depth 1, 30 lits): UNSAT in 1.23s
    cube 3866.43 (depth 1, 30 lits): UNSAT in 0.93s
    cube 3866.44 (depth 1, 30 lits): UNSAT in 3.10s
    cube 3866.45 (depth 1, 30 lits): UNSAT in 1.95s
    cube 3866.46 (depth 1, 30 lits): UNSAT in 4.65s
    cube 3866.47 (depth 1, 30 lits): UNSAT in 0.06s
    cube 3866.48 (depth 1, 30 lits): UNSAT in 0.31s
    cube 3866.49 (depth 1, 30 lits): UNSAT in 0.10s
    cube 3866.50 (depth 1, 30 lits): UNSAT in 0.44s
    cube 3866.51 (depth 1, 30 lits): UNSAT in 0.52s
    cube 3866.52 (depth 1, 30 lits): UNSAT in 0.91s
    cube 3866.53 (depth 1, 30 lits): UNSAT in 2.22s
    cube 3866.54 (depth 1, 30 lits): UNSAT in 3.58s
    cube 3866.55 (depth 1, 30 lits): UNSAT in 0.26s
    cube 3866.56 (depth 1, 30 lits): UNSAT in 1.87s
    cube 3866.57 (depth 1, 30 lits): UNSAT in 1.92s
    cube 3866.58 (depth 1, 30 lits): UNSAT in 6.33s
    cube 3866.59 (depth 1, 30 lits): UNSAT in 1.44s
    cube 3866.60 (depth 1, 30 lits): UNSAT in 5.92s
    cube 3866.61 (depth 1, 30 lits): UNSAT in 6.10s
    cube 3866.62 (depth 1, 30 lits): UNSAT in 22.71s

  shard 2 verdict: UNSAT [parent cube 4058's children only] (645 UNSAT, 0 unresolved) in 12249.4s
