  shard 0/6 (round-robin): 645 of 3869 cubes, per-cube cap 600.0s, re-split depth 3
    batch [1200..2394] TIMEOUT in 900.0s -> per-cube fallback
    cube 1200 (depth 0, 24 lits): UNSAT in 0.03s
    cube 1206 (depth 0, 24 lits): UNSAT in 0.17s
    cube 1212 (depth 0, 24 lits): UNSAT in 0.03s
    cube 1218 (depth 0, 24 lits): UNSAT in 0.59s
    cube 1224 (depth 0, 24 lits): UNSAT in 10.30s
    cube 1230 (depth 0, 24 lits): UNSAT in 0.01s
    cube 1236 (depth 0, 24 lits): UNSAT in 0.05s
    cube 1242 (depth 0, 24 lits): UNSAT in 0.03s
    cube 1248 (depth 0, 24 lits): UNSAT in 0.03s
    cube 1254 (depth 0, 24 lits): UNSAT in 0.04s
    cube 1260 (depth 0, 24 lits): UNSAT in 0.04s
    cube 1266 (depth 0, 24 lits): UNSAT in 0.01s
    cube 1272 (depth 0, 24 lits): UNSAT in 0.46s
    cube 1278 (depth 0, 24 lits): UNSAT in 0.04s
    cube 1284 (depth 0, 24 lits): UNSAT in 0.12s
    cube 1290 (depth 0, 24 lits): UNSAT in 0.01s
    cube 1296 (depth 0, 24 lits): UNSAT in 0.02s
    cube 1302 (depth 0, 24 lits): UNSAT in 0.03s
    cube 1308 (depth 0, 24 lits): UNSAT in 0.02s
    cube 1314 (depth 0, 24 lits): UNSAT in 0.05s
    cube 1320 (depth 0, 24 lits): UNSAT in 1.90s
    cube 1326 (depth 0, 24 lits): UNSAT in 0.05s
    cube 1332 (depth 0, 24 lits): UNSAT in 0.87s
    cube 1338 (depth 0, 24 lits): UNSAT in 0.12s
    cube 1344 (depth 0, 24 lits): UNSAT in 0.99s
    cube 1350 (depth 0, 24 lits): UNSAT in 3.11s
    cube 1356 (depth 0, 24 lits): UNSAT in 0.01s
    cube 1362 (depth 0, 24 lits): UNSAT in 0.01s
    cube 1368 (depth 0, 24 lits): UNSAT in 0.02s
    cube 1374 (depth 0, 24 lits): UNSAT in 0.02s
    cube 1380 (depth 0, 24 lits): UNSAT in 0.02s
    cube 1386 (depth 0, 24 lits): UNSAT in 0.02s
    cube 1392 (depth 0, 24 lits): UNSAT in 0.04s
    cube 1398 (depth 0, 24 lits): UNSAT in 0.04s
    cube 1404 (depth 0, 24 lits): UNSAT in 0.01s
    cube 1410 (depth 0, 24 lits): UNSAT in 0.02s
    cube 1416 (depth 0, 24 lits): UNSAT in 0.01s
    cube 1422 (depth 0, 24 lits): UNSAT in 0.01s
    cube 1428 (depth 0, 24 lits): UNSAT in 0.02s
    cube 1434 (depth 0, 24 lits): UNSAT in 0.03s
    cube 1440 (depth 0, 24 lits): UNSAT in 0.01s
    cube 1446 (depth 0, 24 lits): UNSAT in 0.71s
    cube 1452 (depth 0, 24 lits): UNSAT in 0.02s
    cube 1458 (depth 0, 24 lits): UNSAT in 0.07s
    cube 1464 (depth 0, 24 lits): UNSAT in 0.07s
    cube 1470 (depth 0, 24 lits): UNSAT in 1.35s
    cube 1476 (depth 0, 24 lits): UNSAT in 0.87s
    cube 1482 (depth 0, 24 lits): UNSAT in 0.05s
    cube 1488 (depth 0, 24 lits): UNSAT in 0.04s
    cube 1494 (depth 0, 24 lits): UNSAT in 0.45s
    cube 1500 (depth 0, 24 lits): UNSAT in 0.09s
    cube 1506 (depth 0, 24 lits): UNSAT in 0.22s
    cube 1512 (depth 0, 24 lits): UNSAT in 0.03s
    cube 1518 (depth 0, 24 lits): UNSAT in 0.74s
    cube 1524 (depth 0, 24 lits): UNSAT in 0.14s
    cube 1530 (depth 0, 24 lits): UNSAT in 0.12s
    cube 1536 (depth 0, 24 lits): UNSAT in 0.81s
    cube 1542 (depth 0, 24 lits): UNSAT in 14.71s
    cube 1548 (depth 0, 24 lits): UNSAT in 0.16s
    cube 1554 (depth 0, 24 lits): UNSAT in 0.62s
    cube 1560 (depth 0, 24 lits): UNSAT in 0.13s
    cube 1566 (depth 0, 24 lits): UNSAT in 4.05s
    cube 1572 (depth 0, 24 lits): UNSAT in 1.32s
    cube 1578 (depth 0, 24 lits): UNSAT in 0.23s
    cube 1584 (depth 0, 24 lits): UNSAT in 0.23s
    cube 1590 (depth 0, 24 lits): UNSAT in 15.22s
    cube 1596 (depth 0, 24 lits): UNSAT in 1.57s
    cube 1602 (depth 0, 24 lits): UNSAT in 42.52s
    cube 1608 (depth 0, 24 lits): UNSAT in 0.01s
    cube 1614 (depth 0, 23 lits): UNSAT in 0.01s
    cube 1620 (depth 0, 24 lits): UNSAT in 0.04s
    cube 1626 (depth 0, 24 lits): UNSAT in 0.02s
    cube 1632 (depth 0, 24 lits): UNSAT in 0.01s
    cube 1638 (depth 0, 24 lits): UNSAT in 0.07s
    cube 1644 (depth 0, 24 lits): UNSAT in 0.01s
    cube 1650 (depth 0, 24 lits): UNSAT in 0.11s
    cube 1656 (depth 0, 24 lits): UNSAT in 0.06s
    cube 1662 (depth 0, 24 lits): UNSAT in 0.74s
    cube 1668 (depth 0, 24 lits): UNSAT in 0.02s
    cube 1674 (depth 0, 24 lits): UNSAT in 0.03s
    cube 1680 (depth 0, 24 lits): UNSAT in 0.03s
    cube 1686 (depth 0, 24 lits): UNSAT in 0.02s
    cube 1692 (depth 0, 24 lits): UNSAT in 0.16s
    cube 1698 (depth 0, 24 lits): UNSAT in 4.26s
    cube 1704 (depth 0, 24 lits): UNSAT in 0.08s
    cube 1710 (depth 0, 24 lits): UNSAT in 0.23s
    cube 1716 (depth 0, 24 lits): UNSAT in 0.05s
    cube 1722 (depth 0, 24 lits): UNSAT in 0.93s
    cube 1728 (depth 0, 24 lits): UNSAT in 2.20s
    cube 1734 (depth 0, 24 lits): UNSAT in 0.04s
    cube 1740 (depth 0, 24 lits): UNSAT in 0.05s
    cube 1746 (depth 0, 24 lits): UNSAT in 1.32s
    cube 1752 (depth 0, 24 lits): UNSAT in 0.12s
    cube 1758 (depth 0, 24 lits): UNSAT in 0.36s
    cube 1764 (depth 0, 24 lits): UNSAT in 0.02s
    cube 1770 (depth 0, 24 lits): UNSAT in 0.35s
    cube 1776 (depth 0, 24 lits): UNSAT in 0.90s
    cube 1782 (depth 0, 24 lits): UNSAT in 0.25s
    cube 1788 (depth 0, 24 lits): UNSAT in 0.88s
    cube 1794 (depth 0, 24 lits): UNSAT in 4.78s
    cube 1800 (depth 0, 24 lits): UNSAT in 0.17s
    cube 1806 (depth 0, 24 lits): UNSAT in 2.48s
    cube 1812 (depth 0, 24 lits): UNSAT in 0.05s
    cube 1818 (depth 0, 24 lits): UNSAT in 1.50s
    cube 1824 (depth 0, 24 lits): UNSAT in 3.46s
    cube 1830 (depth 0, 24 lits): UNSAT in 0.54s
    cube 1836 (depth 0, 24 lits): UNSAT in 0.29s
    cube 1842 (depth 0, 24 lits): UNSAT in 18.19s
    cube 1848 (depth 0, 24 lits): UNSAT in 9.99s
    cube 1854 (depth 0, 24 lits): UNSAT in 47.89s
    cube 1860 (depth 0, 21 lits): UNSAT in 0.01s
    cube 1866 (depth 0, 22 lits): UNSAT in 0.01s
    cube 1872 (depth 0, 24 lits): UNSAT in 0.01s
    cube 1878 (depth 0, 22 lits): UNSAT in 0.01s
    cube 1884 (depth 0, 24 lits): UNSAT in 0.01s
    cube 1890 (depth 0, 24 lits): UNSAT in 0.01s
    cube 1896 (depth 0, 24 lits): UNSAT in 0.02s
    cube 1902 (depth 0, 24 lits): UNSAT in 0.02s
    cube 1908 (depth 0, 23 lits): UNSAT in 0.01s
    cube 1914 (depth 0, 24 lits): UNSAT in 0.02s
    cube 1920 (depth 0, 24 lits): UNSAT in 0.01s
    cube 1926 (depth 0, 24 lits): UNSAT in 0.01s
    cube 1932 (depth 0, 24 lits): UNSAT in 0.10s
    cube 1938 (depth 0, 24 lits): UNSAT in 0.01s
    cube 1944 (depth 0, 24 lits): UNSAT in 0.05s
    cube 1950 (depth 0, 24 lits): UNSAT in 0.02s
    cube 1956 (depth 0, 24 lits): UNSAT in 0.03s
    cube 1962 (depth 0, 24 lits): UNSAT in 0.15s
    cube 1968 (depth 0, 24 lits): UNSAT in 0.01s
    cube 1974 (depth 0, 24 lits): UNSAT in 0.02s
    cube 1980 (depth 0, 24 lits): UNSAT in 0.01s
    cube 1986 (depth 0, 24 lits): UNSAT in 0.05s
    cube 1992 (depth 0, 24 lits): UNSAT in 0.05s
    cube 1998 (depth 0, 24 lits): UNSAT in 0.03s
    cube 2004 (depth 0, 24 lits): UNSAT in 0.02s
    cube 2010 (depth 0, 24 lits): UNSAT in 0.08s
    cube 2016 (depth 0, 24 lits): UNSAT in 0.06s
    cube 2022 (depth 0, 24 lits): UNSAT in 0.21s
    cube 2028 (depth 0, 24 lits): UNSAT in 0.01s
    cube 2034 (depth 0, 24 lits): UNSAT in 0.03s
    cube 2040 (depth 0, 24 lits): UNSAT in 0.02s
    cube 2046 (depth 0, 24 lits): UNSAT in 0.04s
    cube 2052 (depth 0, 24 lits): UNSAT in 0.03s
    cube 2058 (depth 0, 24 lits): UNSAT in 0.21s
    cube 2064 (depth 0, 24 lits): UNSAT in 0.02s
    cube 2070 (depth 0, 24 lits): UNSAT in 0.08s
    cube 2076 (depth 0, 24 lits): UNSAT in 0.05s
    cube 2082 (depth 0, 24 lits): UNSAT in 0.19s
    cube 2088 (depth 0, 24 lits): UNSAT in 0.88s
    cube 2094 (depth 0, 24 lits): UNSAT in 0.02s
    cube 2100 (depth 0, 24 lits): UNSAT in 0.01s
    cube 2106 (depth 0, 24 lits): UNSAT in 0.24s
    cube 2112 (depth 0, 24 lits): UNSAT in 0.02s
    cube 2118 (depth 0, 24 lits): UNSAT in 0.70s
    cube 2124 (depth 0, 24 lits): UNSAT in 0.03s
    cube 2130 (depth 0, 24 lits): UNSAT in 0.03s
    cube 2136 (depth 0, 24 lits): UNSAT in 0.15s
    cube 2142 (depth 0, 24 lits): UNSAT in 0.03s
    cube 2148 (depth 0, 24 lits): UNSAT in 4.99s
    cube 2154 (depth 0, 24 lits): UNSAT in 0.02s
    cube 2160 (depth 0, 24 lits): UNSAT in 0.03s
    cube 2166 (depth 0, 24 lits): UNSAT in 0.04s
    cube 2172 (depth 0, 24 lits): UNSAT in 0.02s
    cube 2178 (depth 0, 24 lits): UNSAT in 1.03s
    cube 2184 (depth 0, 24 lits): UNSAT in 0.01s
    cube 2190 (depth 0, 24 lits): UNSAT in 0.07s
    cube 2196 (depth 0, 24 lits): UNSAT in 0.03s
    cube 2202 (depth 0, 24 lits): UNSAT in 0.20s
    cube 2208 (depth 0, 24 lits): UNSAT in 0.43s
    cube 2214 (depth 0, 24 lits): UNSAT in 0.02s
    cube 2220 (depth 0, 24 lits): UNSAT in 0.03s
    cube 2226 (depth 0, 24 lits): UNSAT in 0.84s
    cube 2232 (depth 0, 24 lits): UNSAT in 0.19s
    cube 2238 (depth 0, 24 lits): UNSAT in 1.09s
    cube 2244 (depth 0, 23 lits): UNSAT in 0.01s
    cube 2250 (depth 0, 24 lits): UNSAT in 0.26s
    cube 2256 (depth 0, 24 lits): UNSAT in 0.28s
    cube 2262 (depth 0, 24 lits): UNSAT in 0.17s
    cube 2268 (depth 0, 24 lits): UNSAT in 0.74s
    cube 2274 (depth 0, 24 lits): UNSAT in 130.86s
    cube 2280 (depth 0, 24 lits): UNSAT in 0.09s
    cube 2286 (depth 0, 24 lits): UNSAT in 2.62s
    cube 2292 (depth 0, 24 lits): UNSAT in 0.16s
    cube 2298 (depth 0, 24 lits): UNSAT in 11.87s
    cube 2304 (depth 0, 24 lits): UNSAT in 11.37s
    cube 2310 (depth 0, 24 lits): UNSAT in 2.11s
    cube 2316 (depth 0, 24 lits): UNSAT in 2.83s
    cube 2322 (depth 0, 24 lits): UNSAT in 295.75s
    cube 2328 (depth 0, 24 lits): UNSAT in 15.58s
    cube 2334 (depth 0, 24 lits): TIMEOUT in 600.10s
    cube 2334 TIMEOUT -> re-split into 64 sub-cubes (depth 1)
    cube 2334.0 (depth 1, 30 lits): UNSAT in 0.01s
    cube 2334.1 (depth 1, 30 lits): UNSAT in 0.02s
    cube 2334.2 (depth 1, 30 lits): UNSAT in 0.02s
    cube 2334.3 (depth 1, 30 lits): UNSAT in 0.13s
    cube 2334.4 (depth 1, 30 lits): UNSAT in 0.03s
    cube 2334.5 (depth 1, 30 lits): UNSAT in 0.05s
    cube 2334.6 (depth 1, 30 lits): UNSAT in 0.05s
    cube 2334.7 (depth 1, 30 lits): UNSAT in 0.23s
    cube 2334.8 (depth 1, 30 lits): UNSAT in 0.02s
    cube 2334.9 (depth 1, 30 lits): UNSAT in 0.05s
    cube 2334.10 (depth 1, 30 lits): UNSAT in 0.04s
    cube 2334.11 (depth 1, 30 lits): UNSAT in 0.29s
    cube 2334.12 (depth 1, 30 lits): UNSAT in 0.04s
    cube 2334.13 (depth 1, 30 lits): UNSAT in 0.13s
    cube 2334.14 (depth 1, 30 lits): UNSAT in 0.27s
    cube 2334.15 (depth 1, 30 lits): UNSAT in 2.85s
    cube 2334.16 (depth 1, 30 lits): UNSAT in 0.02s
    cube 2334.17 (depth 1, 30 lits): UNSAT in 0.04s
    cube 2334.18 (depth 1, 30 lits): UNSAT in 0.03s
    cube 2334.19 (depth 1, 30 lits): UNSAT in 0.07s
    cube 2334.20 (depth 1, 30 lits): UNSAT in 0.03s
    cube 2334.21 (depth 1, 30 lits): UNSAT in 0.12s
    cube 2334.22 (depth 1, 30 lits): UNSAT in 0.24s
    cube 2334.23 (depth 1, 30 lits): UNSAT in 2.91s
    cube 2334.24 (depth 1, 30 lits): UNSAT in 0.11s
    cube 2334.25 (depth 1, 30 lits): UNSAT in 1.28s
    cube 2334.26 (depth 1, 30 lits): UNSAT in 0.34s
    cube 2334.27 (depth 1, 30 lits): UNSAT in 3.07s
    cube 2334.28 (depth 1, 30 lits): UNSAT in 0.55s
    cube 2334.29 (depth 1, 30 lits): UNSAT in 2.43s
    cube 2334.30 (depth 1, 30 lits): UNSAT in 10.48s
    cube 2334.31 (depth 1, 30 lits): UNSAT in 35.87s
    cube 2334.32 (depth 1, 30 lits): UNSAT in 0.02s
    cube 2334.33 (depth 1, 30 lits): UNSAT in 0.03s
    cube 2334.34 (depth 1, 30 lits): UNSAT in 0.03s
    cube 2334.35 (depth 1, 30 lits): UNSAT in 0.06s
    cube 2334.36 (depth 1, 30 lits): UNSAT in 0.10s
    cube 2334.37 (depth 1, 30 lits): UNSAT in 0.20s
    cube 2334.38 (depth 1, 30 lits): UNSAT in 0.17s
    cube 2334.39 (depth 1, 30 lits): UNSAT in 1.50s
    cube 2334.40 (depth 1, 30 lits): UNSAT in 0.02s
    cube 2334.41 (depth 1, 30 lits): UNSAT in 0.09s
    cube 2334.42 (depth 1, 30 lits): UNSAT in 0.05s
    cube 2334.43 (depth 1, 30 lits): UNSAT in 0.27s
    cube 2334.44 (depth 1, 30 lits): UNSAT in 0.10s
    cube 2334.45 (depth 1, 30 lits): UNSAT in 0.65s
    cube 2334.46 (depth 1, 30 lits): UNSAT in 0.60s
    cube 2334.47 (depth 1, 30 lits): UNSAT in 5.51s
    cube 2334.48 (depth 1, 30 lits): UNSAT in 0.02s
    cube 2334.49 (depth 1, 30 lits): UNSAT in 0.07s
    cube 2334.50 (depth 1, 30 lits): UNSAT in 0.14s
    cube 2334.51 (depth 1, 30 lits): UNSAT in 0.75s
    cube 2334.52 (depth 1, 30 lits): UNSAT in 0.07s
    cube 2334.53 (depth 1, 30 lits): UNSAT in 0.11s
    cube 2334.54 (depth 1, 30 lits): UNSAT in 0.39s
    cube 2334.55 (depth 1, 30 lits): UNSAT in 8.45s
    cube 2334.56 (depth 1, 30 lits): UNSAT in 0.18s
    cube 2334.57 (depth 1, 30 lits): UNSAT in 0.80s
    cube 2334.58 (depth 1, 30 lits): UNSAT in 1.46s
    cube 2334.59 (depth 1, 30 lits): UNSAT in 7.90s
    cube 2334.60 (depth 1, 30 lits): UNSAT in 2.99s
    cube 2334.61 (depth 1, 30 lits): UNSAT in 14.05s
    cube 2334.62 (depth 1, 30 lits): UNSAT in 15.91s
    cube 2334.63 (depth 1, 30 lits): UNSAT in 36.63s
    cube 2340 (depth 0, 24 lits): UNSAT in 0.01s
    cube 2346 (depth 0, 24 lits): UNSAT in 0.01s
    cube 2352 (depth 0, 24 lits): UNSAT in 0.02s
    cube 2358 (depth 0, 24 lits): UNSAT in 0.02s
    cube 2364 (depth 0, 24 lits): UNSAT in 0.03s
    cube 2370 (depth 0, 24 lits): UNSAT in 0.02s
    cube 2376 (depth 0, 24 lits): UNSAT in 0.02s
    cube 2382 (depth 0, 24 lits): UNSAT in 0.12s
    cube 2388 (depth 0, 24 lits): UNSAT in 0.02s
    cube 2394 (depth 0, 24 lits): UNSAT in 0.04s
    batch [2400..3594] TIMEOUT in 900.1s -> per-cube fallback
    cube 2400 (depth 0, 24 lits): UNSAT in 0.01s
    cube 2406 (depth 0, 24 lits): UNSAT in 0.02s
    cube 2412 (depth 0, 24 lits): UNSAT in 0.03s
    cube 2418 (depth 0, 24 lits): UNSAT in 0.09s
    cube 2424 (depth 0, 24 lits): UNSAT in 0.01s
    cube 2430 (depth 0, 24 lits): UNSAT in 1.47s
    cube 2436 (depth 0, 24 lits): UNSAT in 0.07s
    cube 2442 (depth 0, 24 lits): UNSAT in 0.11s
    cube 2448 (depth 0, 24 lits): UNSAT in 0.08s
    cube 2454 (depth 0, 24 lits): UNSAT in 0.04s
    cube 2460 (depth 0, 24 lits): UNSAT in 1.04s
    cube 2466 (depth 0, 24 lits): UNSAT in 0.02s
    cube 2472 (depth 0, 24 lits): UNSAT in 0.05s
    cube 2478 (depth 0, 24 lits): UNSAT in 0.56s
    cube 2484 (depth 0, 24 lits): UNSAT in 0.08s
    cube 2490 (depth 0, 24 lits): UNSAT in 1.08s
    cube 2496 (depth 0, 24 lits): UNSAT in 0.04s
    cube 2502 (depth 0, 24 lits): UNSAT in 0.61s
    cube 2508 (depth 0, 24 lits): UNSAT in 1.45s
    cube 2514 (depth 0, 24 lits): UNSAT in 0.68s
    cube 2520 (depth 0, 24 lits): UNSAT in 0.48s
    cube 2526 (depth 0, 24 lits): UNSAT in 34.48s
    cube 2532 (depth 0, 24 lits): UNSAT in 0.25s
    cube 2538 (depth 0, 24 lits): UNSAT in 1.29s
    cube 2544 (depth 0, 24 lits): UNSAT in 0.11s
    cube 2550 (depth 0, 24 lits): UNSAT in 8.60s
    cube 2556 (depth 0, 24 lits): UNSAT in 2.61s
    cube 2562 (depth 0, 24 lits): UNSAT in 0.53s
    cube 2568 (depth 0, 24 lits): UNSAT in 0.17s
    cube 2574 (depth 0, 24 lits): UNSAT in 42.21s
    cube 2580 (depth 0, 24 lits): UNSAT in 2.05s
    cube 2586 (depth 0, 24 lits): UNSAT in 21.93s
    cube 2592 (depth 0, 24 lits): UNSAT in 0.02s
    cube 2598 (depth 0, 24 lits): UNSAT in 0.03s
    cube 2604 (depth 0, 24 lits): UNSAT in 0.09s
    cube 2610 (depth 0, 24 lits): UNSAT in 0.14s
    cube 2616 (depth 0, 24 lits): UNSAT in 0.16s
    cube 2622 (depth 0, 24 lits): UNSAT in 2.83s
    cube 2628 (depth 0, 24 lits): UNSAT in 0.25s
    cube 2634 (depth 0, 24 lits): UNSAT in 0.16s
    cube 2640 (depth 0, 24 lits): UNSAT in 0.14s
    cube 2646 (depth 0, 24 lits): UNSAT in 1.05s
    cube 2652 (depth 0, 24 lits): UNSAT in 0.79s
    cube 2658 (depth 0, 24 lits): UNSAT in 0.24s
    cube 2664 (depth 0, 24 lits): UNSAT in 0.02s
    cube 2670 (depth 0, 24 lits): UNSAT in 1.27s
    cube 2676 (depth 0, 24 lits): UNSAT in 0.35s
    cube 2682 (depth 0, 24 lits): UNSAT in 1.39s
    cube 2688 (depth 0, 24 lits): UNSAT in 0.16s
    cube 2694 (depth 0, 24 lits): UNSAT in 2.52s
    cube 2700 (depth 0, 24 lits): UNSAT in 1.25s
    cube 2706 (depth 0, 24 lits): UNSAT in 0.87s
    cube 2712 (depth 0, 24 lits): UNSAT in 2.40s
    cube 2718 (depth 0, 24 lits): UNSAT in 421.50s
    cube 2724 (depth 0, 24 lits): UNSAT in 0.04s
    cube 2730 (depth 0, 24 lits): UNSAT in 0.78s
    cube 2736 (depth 0, 24 lits): UNSAT in 0.02s
    cube 2742 (depth 0, 24 lits): UNSAT in 0.26s
    cube 2748 (depth 0, 24 lits): UNSAT in 2.50s
    cube 2754 (depth 0, 24 lits): UNSAT in 0.71s
    cube 2760 (depth 0, 24 lits): UNSAT in 0.38s
    cube 2766 (depth 0, 24 lits): UNSAT in 12.48s
    cube 2772 (depth 0, 24 lits): UNSAT in 5.40s
    cube 2778 (depth 0, 24 lits): UNSAT in 14.10s
    cube 2784 (depth 0, 24 lits): UNSAT in 0.20s
    cube 2790 (depth 0, 24 lits): UNSAT in 3.61s
    cube 2796 (depth 0, 24 lits): UNSAT in 3.25s
    cube 2802 (depth 0, 24 lits): UNSAT in 2.57s
    cube 2808 (depth 0, 24 lits): UNSAT in 3.25s
    cube 2814 (depth 0, 24 lits): UNSAT in 32.59s
    cube 2820 (depth 0, 24 lits): UNSAT in 3.95s
    cube 2826 (depth 0, 24 lits): UNSAT in 34.28s
    cube 2832 (depth 0, 24 lits): UNSAT in 1.83s
    cube 2838 (depth 0, 24 lits): UNSAT in 112.36s
    cube 2844 (depth 0, 24 lits): TIMEOUT in 600.01s
    cube 2844 TIMEOUT -> re-split into 64 sub-cubes (depth 1)
    cube 2844.0 (depth 1, 30 lits): UNSAT in 0.02s
    cube 2844.1 (depth 1, 30 lits): UNSAT in 0.02s
    cube 2844.2 (depth 1, 30 lits): UNSAT in 0.07s
    cube 2844.3 (depth 1, 30 lits): UNSAT in 0.13s
    cube 2844.4 (depth 1, 30 lits): UNSAT in 0.03s
    cube 2844.5 (depth 1, 30 lits): UNSAT in 0.07s
    cube 2844.6 (depth 1, 30 lits): UNSAT in 0.10s
    cube 2844.7 (depth 1, 30 lits): UNSAT in 0.51s
    cube 2844.8 (depth 1, 30 lits): UNSAT in 0.04s
    cube 2844.9 (depth 1, 30 lits): UNSAT in 0.12s
    cube 2844.10 (depth 1, 30 lits): UNSAT in 0.07s
    cube 2844.11 (depth 1, 30 lits): UNSAT in 0.29s
    cube 2844.12 (depth 1, 30 lits): UNSAT in 0.09s
    cube 2844.13 (depth 1, 30 lits): UNSAT in 0.51s
    cube 2844.14 (depth 1, 30 lits): UNSAT in 0.13s
    cube 2844.15 (depth 1, 30 lits): UNSAT in 0.55s
    cube 2844.16 (depth 1, 30 lits): UNSAT in 0.02s
    cube 2844.17 (depth 1, 30 lits): UNSAT in 0.06s
    cube 2844.18 (depth 1, 30 lits): UNSAT in 0.07s
    cube 2844.19 (depth 1, 30 lits): UNSAT in 0.24s
    cube 2844.20 (depth 1, 30 lits): UNSAT in 0.23s
    cube 2844.21 (depth 1, 30 lits): UNSAT in 0.30s
    cube 2844.22 (depth 1, 30 lits): UNSAT in 0.28s
    cube 2844.23 (depth 1, 30 lits): UNSAT in 2.20s
    cube 2844.24 (depth 1, 30 lits): UNSAT in 0.09s
    cube 2844.25 (depth 1, 30 lits): UNSAT in 0.20s
    cube 2844.26 (depth 1, 30 lits): UNSAT in 0.26s
    cube 2844.27 (depth 1, 30 lits): UNSAT in 1.00s
    cube 2844.28 (depth 1, 30 lits): UNSAT in 0.52s
    cube 2844.29 (depth 1, 30 lits): UNSAT in 2.11s
    cube 2844.30 (depth 1, 30 lits): UNSAT in 3.37s
    cube 2844.31 (depth 1, 30 lits): UNSAT in 6.97s
    cube 2844.32 (depth 1, 30 lits): UNSAT in 0.02s
    cube 2844.33 (depth 1, 30 lits): UNSAT in 0.10s
    cube 2844.34 (depth 1, 30 lits): UNSAT in 0.17s
    cube 2844.35 (depth 1, 30 lits): UNSAT in 0.82s
    cube 2844.36 (depth 1, 30 lits): UNSAT in 0.18s
    cube 2844.37 (depth 1, 30 lits): UNSAT in 0.37s
    cube 2844.38 (depth 1, 30 lits): UNSAT in 0.89s
    cube 2844.39 (depth 1, 30 lits): UNSAT in 7.44s
    cube 2844.40 (depth 1, 30 lits): UNSAT in 0.07s
    cube 2844.41 (depth 1, 30 lits): UNSAT in 0.48s
    cube 2844.42 (depth 1, 30 lits): UNSAT in 0.98s
    cube 2844.43 (depth 1, 30 lits): UNSAT in 1.40s
    cube 2844.44 (depth 1, 30 lits): UNSAT in 0.41s
    cube 2844.45 (depth 1, 30 lits): UNSAT in 2.78s
    cube 2844.46 (depth 1, 30 lits): UNSAT in 2.86s
    cube 2844.47 (depth 1, 30 lits): UNSAT in 14.67s
    cube 2844.48 (depth 1, 30 lits): UNSAT in 0.10s
    cube 2844.49 (depth 1, 30 lits): UNSAT in 0.53s
    cube 2844.50 (depth 1, 30 lits): UNSAT in 0.77s
    cube 2844.51 (depth 1, 30 lits): UNSAT in 2.37s
    cube 2844.52 (depth 1, 30 lits): UNSAT in 0.31s
    cube 2844.53 (depth 1, 30 lits): UNSAT in 3.42s
    cube 2844.54 (depth 1, 30 lits): UNSAT in 1.46s
    cube 2844.55 (depth 1, 30 lits): UNSAT in 7.35s
    cube 2844.56 (depth 1, 30 lits): UNSAT in 0.41s
    cube 2844.57 (depth 1, 30 lits): UNSAT in 6.33s
    cube 2844.58 (depth 1, 30 lits): UNSAT in 3.02s
    cube 2844.59 (depth 1, 30 lits): UNSAT in 36.30s
    cube 2844.60 (depth 1, 30 lits): UNSAT in 0.41s
    cube 2844.61 (depth 1, 30 lits): UNSAT in 1.59s
    cube 2844.62 (depth 1, 30 lits): UNSAT in 3.23s
    cube 2844.63 (depth 1, 30 lits): UNSAT in 7.28s
    cube 2850 (depth 0, 24 lits): UNSAT in 0.02s
    cube 2856 (depth 0, 24 lits): UNSAT in 0.04s
    cube 2862 (depth 0, 24 lits): UNSAT in 0.42s
    cube 2868 (depth 0, 24 lits): UNSAT in 0.03s
    cube 2874 (depth 0, 24 lits): UNSAT in 0.09s
    cube 2880 (depth 0, 24 lits): UNSAT in 0.02s
    cube 2886 (depth 0, 24 lits): UNSAT in 0.42s
    cube 2892 (depth 0, 24 lits): UNSAT in 0.34s
    cube 2898 (depth 0, 24 lits): UNSAT in 0.44s
    cube 2904 (depth 0, 24 lits): UNSAT in 0.11s
    cube 2910 (depth 0, 24 lits): UNSAT in 9.14s
    cube 2916 (depth 0, 24 lits): UNSAT in 0.23s
    cube 2922 (depth 0, 24 lits): UNSAT in 0.86s
    cube 2928 (depth 0, 24 lits): UNSAT in 0.02s
    cube 2934 (depth 0, 24 lits): UNSAT in 0.22s
    cube 2940 (depth 0, 24 lits): UNSAT in 1.11s
    cube 2946 (depth 0, 24 lits): UNSAT in 0.09s
    cube 2952 (depth 0, 24 lits): UNSAT in 0.06s
    cube 2958 (depth 0, 24 lits): UNSAT in 0.85s
    cube 2964 (depth 0, 24 lits): UNSAT in 0.44s
    cube 2970 (depth 0, 24 lits): UNSAT in 4.39s
    cube 2976 (depth 0, 24 lits): UNSAT in 0.02s
    cube 2982 (depth 0, 24 lits): UNSAT in 0.02s
    cube 2988 (depth 0, 24 lits): UNSAT in 0.20s
    cube 2994 (depth 0, 24 lits): UNSAT in 0.01s
    cube 3000 (depth 0, 24 lits): UNSAT in 0.06s
    cube 3006 (depth 0, 24 lits): UNSAT in 0.01s
    cube 3012 (depth 0, 24 lits): UNSAT in 0.05s
    cube 3018 (depth 0, 24 lits): UNSAT in 0.04s
    cube 3024 (depth 0, 24 lits): UNSAT in 0.03s
    cube 3030 (depth 0, 24 lits): UNSAT in 0.05s
    cube 3036 (depth 0, 24 lits): UNSAT in 4.98s
    cube 3042 (depth 0, 24 lits): UNSAT in 0.02s
    cube 3048 (depth 0, 24 lits): UNSAT in 0.06s
    cube 3054 (depth 0, 24 lits): UNSAT in 0.02s
    cube 3060 (depth 0, 24 lits): UNSAT in 0.07s
    cube 3066 (depth 0, 24 lits): UNSAT in 0.22s
    cube 3072 (depth 0, 24 lits): UNSAT in 0.34s
    cube 3078 (depth 0, 24 lits): UNSAT in 0.17s
    cube 3084 (depth 0, 24 lits): UNSAT in 12.87s
    cube 3090 (depth 0, 24 lits): UNSAT in 3.02s
    cube 3096 (depth 0, 24 lits): UNSAT in 7.36s
    cube 3102 (depth 0, 24 lits): UNSAT in 0.01s
    cube 3108 (depth 0, 24 lits): UNSAT in 0.01s
    cube 3114 (depth 0, 24 lits): UNSAT in 0.02s
    cube 3120 (depth 0, 24 lits): UNSAT in 0.04s
    cube 3126 (depth 0, 24 lits): UNSAT in 0.03s
    cube 3132 (depth 0, 24 lits): UNSAT in 0.18s
    cube 3138 (depth 0, 24 lits): UNSAT in 0.01s
    cube 3144 (depth 0, 24 lits): UNSAT in 0.26s
    cube 3150 (depth 0, 24 lits): UNSAT in 0.02s
    cube 3156 (depth 0, 24 lits): UNSAT in 0.07s
    cube 3162 (depth 0, 24 lits): UNSAT in 0.41s
    cube 3168 (depth 0, 24 lits): UNSAT in 0.04s
    cube 3174 (depth 0, 24 lits): UNSAT in 0.07s
    cube 3180 (depth 0, 24 lits): UNSAT in 0.57s
    cube 3186 (depth 0, 24 lits): UNSAT in 0.11s
    cube 3192 (depth 0, 24 lits): UNSAT in 1.10s
    cube 3198 (depth 0, 24 lits): UNSAT in 0.05s
    cube 3204 (depth 0, 24 lits): UNSAT in 0.72s
    cube 3210 (depth 0, 24 lits): UNSAT in 0.21s
    cube 3216 (depth 0, 24 lits): UNSAT in 1.33s
    cube 3222 (depth 0, 24 lits): UNSAT in 1.53s
    cube 3228 (depth 0, 24 lits): UNSAT in 12.19s
    cube 3234 (depth 0, 24 lits): UNSAT in 0.37s
    cube 3240 (depth 0, 24 lits): UNSAT in 0.10s
    cube 3246 (depth 0, 24 lits): UNSAT in 0.07s
    cube 3252 (depth 0, 24 lits): UNSAT in 0.68s
    cube 3258 (depth 0, 24 lits): UNSAT in 2.01s
    cube 3264 (depth 0, 24 lits): UNSAT in 0.46s
    cube 3270 (depth 0, 24 lits): UNSAT in 0.05s
    cube 3276 (depth 0, 24 lits): UNSAT in 8.46s
    cube 3282 (depth 0, 24 lits): UNSAT in 1.83s
    cube 3288 (depth 0, 24 lits): UNSAT in 17.59s
    cube 3294 (depth 0, 24 lits): UNSAT in 0.25s
    cube 3300 (depth 0, 24 lits): UNSAT in 2.46s
    cube 3306 (depth 0, 24 lits): UNSAT in 0.83s
    cube 3312 (depth 0, 24 lits): UNSAT in 11.61s
    cube 3318 (depth 0, 24 lits): UNSAT in 5.06s
    cube 3324 (depth 0, 24 lits): UNSAT in 155.54s
    cube 3330 (depth 0, 24 lits): UNSAT in 5.40s
    cube 3336 (depth 0, 24 lits): UNSAT in 50.70s
    cube 3342 (depth 0, 24 lits): UNSAT in 7.26s
    cube 3348 (depth 0, 24 lits): UNSAT in 23.09s
    cube 3354 (depth 0, 24 lits): UNSAT in 41.45s
    cube 3360 (depth 0, 24 lits): UNSAT in 0.09s
    cube 3366 (depth 0, 24 lits): UNSAT in 0.03s
    cube 3372 (depth 0, 24 lits): UNSAT in 0.54s
    cube 3378 (depth 0, 24 lits): UNSAT in 0.02s
    cube 3384 (depth 0, 24 lits): UNSAT in 0.50s
    cube 3390 (depth 0, 24 lits): UNSAT in 0.02s
    cube 3396 (depth 0, 24 lits): UNSAT in 0.10s
    cube 3402 (depth 0, 24 lits): UNSAT in 0.42s
    cube 3408 (depth 0, 24 lits): UNSAT in 0.91s
    cube 3414 (depth 0, 24 lits): UNSAT in 0.73s
    cube 3420 (depth 0, 24 lits): UNSAT in 22.44s
    cube 3426 (depth 0, 24 lits): UNSAT in 0.15s
    cube 3432 (depth 0, 24 lits): UNSAT in 0.15s
    cube 3438 (depth 0, 24 lits): UNSAT in 0.08s
    cube 3444 (depth 0, 24 lits): UNSAT in 0.86s
    cube 3450 (depth 0, 24 lits): UNSAT in 5.24s
    cube 3456 (depth 0, 24 lits): UNSAT in 0.80s
    cube 3462 (depth 0, 24 lits): UNSAT in 0.66s
    cube 3468 (depth 0, 24 lits): UNSAT in 215.53s
    cube 3474 (depth 0, 24 lits): UNSAT in 1.93s
    cube 3480 (depth 0, 24 lits): UNSAT in 20.75s
    cube 3486 (depth 0, 24 lits): UNSAT in 0.03s
    cube 3492 (depth 0, 24 lits): UNSAT in 0.15s
    cube 3498 (depth 0, 24 lits): UNSAT in 0.24s
    cube 3504 (depth 0, 24 lits): UNSAT in 0.22s
    cube 3510 (depth 0, 24 lits): UNSAT in 1.23s
    cube 3516 (depth 0, 24 lits): UNSAT in 7.43s
    cube 3522 (depth 0, 24 lits): UNSAT in 0.29s
    cube 3528 (depth 0, 24 lits): UNSAT in 2.05s
    cube 3534 (depth 0, 24 lits): UNSAT in 0.25s
    cube 3540 (depth 0, 24 lits): UNSAT in 5.63s
    cube 3546 (depth 0, 24 lits): UNSAT in 26.09s
    cube 3552 (depth 0, 24 lits): UNSAT in 0.22s
    cube 3558 (depth 0, 24 lits): UNSAT in 0.05s
    cube 3564 (depth 0, 24 lits): UNSAT in 27.11s
    cube 3570 (depth 0, 24 lits): UNSAT in 4.20s
    cube 3576 (depth 0, 24 lits): UNSAT in 14.24s
    cube 3582 (depth 0, 24 lits): UNSAT in 5.97s
    cube 3588 (depth 0, 24 lits): UNSAT in 278.75s
    cube 3594 (depth 0, 24 lits): UNSAT in 29.72s
    batch [3600..3864] TIMEOUT in 900.1s -> per-cube fallback
    cube 3600 (depth 0, 24 lits): UNSAT in 94.32s
    cube 3606 (depth 0, 24 lits): UNSAT in 6.13s
    cube 3612 (depth 0, 24 lits): TIMEOUT in 600.10s
    cube 3612 TIMEOUT -> re-split into 64 sub-cubes (depth 1)
    cube 3612.0 (depth 1, 30 lits): UNSAT in 0.03s
    cube 3612.1 (depth 1, 30 lits): UNSAT in 0.03s
    cube 3612.2 (depth 1, 30 lits): UNSAT in 0.02s
    cube 3612.3 (depth 1, 30 lits): UNSAT in 0.03s
    cube 3612.4 (depth 1, 30 lits): UNSAT in 0.06s
    cube 3612.5 (depth 1, 30 lits): UNSAT in 0.36s
    cube 3612.6 (depth 1, 30 lits): UNSAT in 0.24s
    cube 3612.7 (depth 1, 30 lits): UNSAT in 0.45s
    cube 3612.8 (depth 1, 30 lits): UNSAT in 0.11s
    cube 3612.9 (depth 1, 30 lits): UNSAT in 0.21s
    cube 3612.10 (depth 1, 30 lits): UNSAT in 0.12s
    cube 3612.11 (depth 1, 30 lits): UNSAT in 0.45s
    cube 3612.12 (depth 1, 30 lits): UNSAT in 0.66s
    cube 3612.13 (depth 1, 30 lits): UNSAT in 0.96s
    cube 3612.14 (depth 1, 30 lits): UNSAT in 1.29s
    cube 3612.15 (depth 1, 30 lits): UNSAT in 1.38s
    cube 3612.16 (depth 1, 30 lits): UNSAT in 0.04s
    cube 3612.17 (depth 1, 30 lits): UNSAT in 0.20s
    cube 3612.18 (depth 1, 30 lits): UNSAT in 0.27s
    cube 3612.19 (depth 1, 30 lits): UNSAT in 0.97s
    cube 3612.20 (depth 1, 30 lits): UNSAT in 0.44s
    cube 3612.21 (depth 1, 30 lits): UNSAT in 1.10s
    cube 3612.22 (depth 1, 30 lits): UNSAT in 4.15s
    cube 3612.23 (depth 1, 30 lits): UNSAT in 5.30s
    cube 3612.24 (depth 1, 30 lits): UNSAT in 1.73s
    cube 3612.25 (depth 1, 30 lits): UNSAT in 2.57s
    cube 3612.26 (depth 1, 30 lits): UNSAT in 2.30s
    cube 3612.27 (depth 1, 30 lits): UNSAT in 9.96s
    cube 3612.28 (depth 1, 30 lits): UNSAT in 0.54s
    cube 3612.29 (depth 1, 30 lits): UNSAT in 1.94s
    cube 3612.30 (depth 1, 30 lits): UNSAT in 0.22s
    cube 3612.31 (depth 1, 30 lits): UNSAT in 1.11s
    cube 3612.32 (depth 1, 30 lits): UNSAT in 0.04s
    cube 3612.33 (depth 1, 30 lits): UNSAT in 0.06s
    cube 3612.34 (depth 1, 30 lits): UNSAT in 0.08s
    cube 3612.35 (depth 1, 30 lits): UNSAT in 0.55s
    cube 3612.36 (depth 1, 30 lits): UNSAT in 0.10s
    cube 3612.37 (depth 1, 30 lits): UNSAT in 0.16s
    cube 3612.38 (depth 1, 30 lits): UNSAT in 0.32s
    cube 3612.39 (depth 1, 30 lits): UNSAT in 1.58s
    cube 3612.40 (depth 1, 30 lits): UNSAT in 0.34s
    cube 3612.41 (depth 1, 30 lits): UNSAT in 0.23s
    cube 3612.42 (depth 1, 30 lits): UNSAT in 0.17s
    cube 3612.43 (depth 1, 30 lits): UNSAT in 1.90s
    cube 3612.44 (depth 1, 30 lits): UNSAT in 0.59s
    cube 3612.45 (depth 1, 30 lits): UNSAT in 1.71s
    cube 3612.46 (depth 1, 30 lits): UNSAT in 5.52s
    cube 3612.47 (depth 1, 30 lits): UNSAT in 1.56s
    cube 3612.48 (depth 1, 30 lits): UNSAT in 0.13s
    cube 3612.49 (depth 1, 30 lits): UNSAT in 0.26s
    cube 3612.50 (depth 1, 30 lits): UNSAT in 0.11s
    cube 3612.51 (depth 1, 30 lits): UNSAT in 0.99s
    cube 3612.52 (depth 1, 30 lits): UNSAT in 0.71s
    cube 3612.53 (depth 1, 30 lits): UNSAT in 0.57s
    cube 3612.54 (depth 1, 30 lits): UNSAT in 0.34s
    cube 3612.55 (depth 1, 30 lits): UNSAT in 4.32s
    cube 3612.56 (depth 1, 30 lits): UNSAT in 0.09s
    cube 3612.57 (depth 1, 30 lits): UNSAT in 0.40s
    cube 3612.58 (depth 1, 30 lits): UNSAT in 0.57s
    cube 3612.59 (depth 1, 30 lits): UNSAT in 4.58s
    cube 3612.60 (depth 1, 30 lits): UNSAT in 1.66s
    cube 3612.61 (depth 1, 30 lits): UNSAT in 5.33s
    cube 3612.62 (depth 1, 30 lits): UNSAT in 5.24s
    cube 3612.63 (depth 1, 30 lits): UNSAT in 24.23s
    cube 3618 (depth 0, 24 lits): UNSAT in 0.05s
    cube 3624 (depth 0, 24 lits): UNSAT in 0.42s
    cube 3630 (depth 0, 24 lits): UNSAT in 0.03s
    cube 3636 (depth 0, 24 lits): UNSAT in 5.15s
    cube 3642 (depth 0, 24 lits): UNSAT in 1.58s
    cube 3648 (depth 0, 24 lits): UNSAT in 0.90s
    cube 3654 (depth 0, 24 lits): UNSAT in 0.29s
    cube 3660 (depth 0, 24 lits): UNSAT in 12.93s
    cube 3666 (depth 0, 24 lits): UNSAT in 2.31s
    cube 3672 (depth 0, 24 lits): UNSAT in 30.35s
    cube 3678 (depth 0, 24 lits): UNSAT in 0.19s
    cube 3684 (depth 0, 24 lits): UNSAT in 5.96s
    cube 3690 (depth 0, 24 lits): UNSAT in 1.26s
    cube 3696 (depth 0, 24 lits): UNSAT in 9.83s
    cube 3702 (depth 0, 24 lits): UNSAT in 0.60s
    cube 3708 (depth 0, 24 lits): UNSAT in 38.38s
    cube 3714 (depth 0, 24 lits): UNSAT in 3.79s
    cube 3720 (depth 0, 24 lits): UNSAT in 18.42s
    cube 3726 (depth 0, 24 lits): UNSAT in 2.23s
    cube 3732 (depth 0, 24 lits): TIMEOUT in 600.10s
    cube 3732 TIMEOUT -> re-split into 64 sub-cubes (depth 1)
    cube 3732.0 (depth 1, 30 lits): UNSAT in 0.02s
    cube 3732.1 (depth 1, 30 lits): UNSAT in 0.14s
    cube 3732.2 (depth 1, 30 lits): UNSAT in 0.06s
    cube 3732.3 (depth 1, 30 lits): UNSAT in 0.17s
    cube 3732.4 (depth 1, 30 lits): UNSAT in 0.03s
    cube 3732.5 (depth 1, 30 lits): UNSAT in 0.12s
    cube 3732.6 (depth 1, 30 lits): UNSAT in 0.15s
    cube 3732.7 (depth 1, 30 lits): UNSAT in 0.94s
    cube 3732.8 (depth 1, 30 lits): UNSAT in 0.05s
    cube 3732.9 (depth 1, 30 lits): UNSAT in 0.11s
    cube 3732.10 (depth 1, 30 lits): UNSAT in 0.19s
    cube 3732.11 (depth 1, 30 lits): UNSAT in 1.13s
    cube 3732.12 (depth 1, 30 lits): UNSAT in 0.09s
    cube 3732.13 (depth 1, 30 lits): UNSAT in 0.35s
    cube 3732.14 (depth 1, 30 lits): UNSAT in 1.57s
    cube 3732.15 (depth 1, 30 lits): UNSAT in 6.11s
    cube 3732.16 (depth 1, 30 lits): UNSAT in 0.02s
    cube 3732.17 (depth 1, 30 lits): UNSAT in 0.11s
    cube 3732.18 (depth 1, 30 lits): UNSAT in 0.16s
    cube 3732.19 (depth 1, 30 lits): UNSAT in 0.09s
    cube 3732.20 (depth 1, 30 lits): UNSAT in 0.08s
    cube 3732.21 (depth 1, 30 lits): UNSAT in 0.22s
    cube 3732.22 (depth 1, 30 lits): UNSAT in 0.46s
    cube 3732.23 (depth 1, 30 lits): UNSAT in 1.14s
    cube 3732.24 (depth 1, 30 lits): UNSAT in 0.09s
    cube 3732.25 (depth 1, 30 lits): UNSAT in 0.31s
    cube 3732.26 (depth 1, 30 lits): UNSAT in 0.15s
    cube 3732.27 (depth 1, 30 lits): UNSAT in 1.94s
    cube 3732.28 (depth 1, 30 lits): UNSAT in 1.82s
    cube 3732.29 (depth 1, 30 lits): UNSAT in 6.44s
    cube 3732.30 (depth 1, 30 lits): UNSAT in 13.34s
    cube 3732.31 (depth 1, 30 lits): UNSAT in 75.48s
    cube 3732.32 (depth 1, 30 lits): UNSAT in 0.03s
    cube 3732.33 (depth 1, 30 lits): UNSAT in 0.13s
    cube 3732.34 (depth 1, 30 lits): UNSAT in 0.06s
    cube 3732.35 (depth 1, 30 lits): UNSAT in 0.23s
    cube 3732.36 (depth 1, 30 lits): UNSAT in 0.04s
    cube 3732.37 (depth 1, 30 lits): UNSAT in 0.15s
    cube 3732.38 (depth 1, 30 lits): UNSAT in 0.34s
    cube 3732.39 (depth 1, 30 lits): UNSAT in 2.19s
    cube 3732.40 (depth 1, 30 lits): UNSAT in 0.26s
    cube 3732.41 (depth 1, 30 lits): UNSAT in 0.11s
    cube 3732.42 (depth 1, 30 lits): UNSAT in 0.67s
    cube 3732.43 (depth 1, 30 lits): UNSAT in 1.75s
    cube 3732.44 (depth 1, 30 lits): UNSAT in 0.35s
    cube 3732.45 (depth 1, 30 lits): UNSAT in 2.04s
    cube 3732.46 (depth 1, 30 lits): UNSAT in 1.71s
    cube 3732.47 (depth 1, 30 lits): UNSAT in 20.44s
    cube 3732.48 (depth 1, 30 lits): UNSAT in 0.04s
    cube 3732.49 (depth 1, 30 lits): UNSAT in 0.50s
    cube 3732.50 (depth 1, 30 lits): UNSAT in 0.86s
    cube 3732.51 (depth 1, 30 lits): UNSAT in 3.86s
    cube 3732.52 (depth 1, 30 lits): UNSAT in 0.36s
    cube 3732.53 (depth 1, 30 lits): UNSAT in 1.00s
    cube 3732.54 (depth 1, 30 lits): UNSAT in 1.80s
    cube 3732.55 (depth 1, 30 lits): UNSAT in 15.63s
    cube 3732.56 (depth 1, 30 lits): UNSAT in 0.04s
    cube 3732.57 (depth 1, 30 lits): UNSAT in 0.82s
    cube 3732.58 (depth 1, 30 lits): UNSAT in 1.56s
    cube 3732.59 (depth 1, 30 lits): UNSAT in 5.06s
    cube 3732.60 (depth 1, 30 lits): UNSAT in 0.26s
    cube 3732.61 (depth 1, 30 lits): UNSAT in 1.79s
    cube 3732.62 (depth 1, 30 lits): UNSAT in 2.31s
    cube 3732.63 (depth 1, 30 lits): UNSAT in 34.84s
    cube 3738 (depth 0, 24 lits): UNSAT in 26.54s
    cube 3744 (depth 0, 24 lits): UNSAT in 0.25s
    cube 3750 (depth 0, 24 lits): UNSAT in 0.14s
    cube 3756 (depth 0, 24 lits): UNSAT in 17.14s
    cube 3762 (depth 0, 24 lits): UNSAT in 0.38s
    cube 3768 (depth 0, 24 lits): UNSAT in 7.44s
    cube 3774 (depth 0, 24 lits): UNSAT in 0.28s
    cube 3780 (depth 0, 24 lits): UNSAT in 44.12s
    cube 3786 (depth 0, 24 lits): UNSAT in 17.92s
    cube 3792 (depth 0, 24 lits): UNSAT in 75.42s
    cube 3798 (depth 0, 24 lits): UNSAT in 22.46s
    cube 3804 (depth 0, 24 lits): TIMEOUT in 600.06s
    cube 3804 TIMEOUT -> re-split into 64 sub-cubes (depth 1)
    cube 3804.0 (depth 1, 30 lits): UNSAT in 0.03s
    cube 3804.1 (depth 1, 30 lits): UNSAT in 0.08s
    cube 3804.2 (depth 1, 30 lits): UNSAT in 0.11s
    cube 3804.3 (depth 1, 30 lits): UNSAT in 0.13s
    cube 3804.4 (depth 1, 30 lits): UNSAT in 0.03s
    cube 3804.5 (depth 1, 30 lits): UNSAT in 0.11s
    cube 3804.6 (depth 1, 30 lits): UNSAT in 0.90s
    cube 3804.7 (depth 1, 30 lits): UNSAT in 1.15s
    cube 3804.8 (depth 1, 30 lits): UNSAT in 0.05s
    cube 3804.9 (depth 1, 30 lits): UNSAT in 0.08s
    cube 3804.10 (depth 1, 30 lits): UNSAT in 0.04s
    cube 3804.11 (depth 1, 30 lits): UNSAT in 0.43s
    cube 3804.12 (depth 1, 30 lits): UNSAT in 0.07s
    cube 3804.13 (depth 1, 30 lits): UNSAT in 1.40s
    cube 3804.14 (depth 1, 30 lits): UNSAT in 1.60s
    cube 3804.15 (depth 1, 30 lits): UNSAT in 1.52s
    cube 3804.16 (depth 1, 30 lits): UNSAT in 0.12s
    cube 3804.17 (depth 1, 30 lits): UNSAT in 0.32s
    cube 3804.18 (depth 1, 30 lits): UNSAT in 0.20s
    cube 3804.19 (depth 1, 30 lits): UNSAT in 2.64s
    cube 3804.20 (depth 1, 30 lits): UNSAT in 0.25s
    cube 3804.21 (depth 1, 30 lits): UNSAT in 0.17s
    cube 3804.22 (depth 1, 30 lits): UNSAT in 3.02s
    cube 3804.23 (depth 1, 30 lits): UNSAT in 7.37s
    cube 3804.24 (depth 1, 30 lits): UNSAT in 0.41s
    cube 3804.25 (depth 1, 30 lits): UNSAT in 0.76s
    cube 3804.26 (depth 1, 30 lits): UNSAT in 0.24s
    cube 3804.27 (depth 1, 30 lits): UNSAT in 1.79s
    cube 3804.28 (depth 1, 30 lits): UNSAT in 0.47s
    cube 3804.29 (depth 1, 30 lits): UNSAT in 0.61s
    cube 3804.30 (depth 1, 30 lits): UNSAT in 0.62s
    cube 3804.31 (depth 1, 30 lits): UNSAT in 4.72s
    cube 3804.32 (depth 1, 30 lits): UNSAT in 0.34s
    cube 3804.33 (depth 1, 30 lits): UNSAT in 0.37s
    cube 3804.34 (depth 1, 30 lits): UNSAT in 0.34s
    cube 3804.35 (depth 1, 30 lits): UNSAT in 7.29s
    cube 3804.36 (depth 1, 30 lits): UNSAT in 5.05s
    cube 3804.37 (depth 1, 30 lits): UNSAT in 6.49s
    cube 3804.38 (depth 1, 30 lits): UNSAT in 16.65s
    cube 3804.39 (depth 1, 30 lits): UNSAT in 28.41s
    cube 3804.40 (depth 1, 30 lits): UNSAT in 0.22s
    cube 3804.41 (depth 1, 30 lits): UNSAT in 0.67s
    cube 3804.42 (depth 1, 30 lits): UNSAT in 0.89s
    cube 3804.43 (depth 1, 30 lits): UNSAT in 5.63s
    cube 3804.44 (depth 1, 30 lits): UNSAT in 1.94s
    cube 3804.45 (depth 1, 30 lits): UNSAT in 2.01s
    cube 3804.46 (depth 1, 30 lits): UNSAT in 7.96s
    cube 3804.47 (depth 1, 30 lits): UNSAT in 13.61s
    cube 3804.48 (depth 1, 30 lits): UNSAT in 0.30s
    cube 3804.49 (depth 1, 30 lits): UNSAT in 1.52s
    cube 3804.50 (depth 1, 30 lits): UNSAT in 0.55s
    cube 3804.51 (depth 1, 30 lits): UNSAT in 6.43s
    cube 3804.52 (depth 1, 30 lits): UNSAT in 3.03s
    cube 3804.53 (depth 1, 30 lits): UNSAT in 6.96s
    cube 3804.54 (depth 1, 30 lits): UNSAT in 3.47s
    cube 3804.55 (depth 1, 30 lits): UNSAT in 11.92s
    cube 3804.56 (depth 1, 30 lits): UNSAT in 0.23s
    cube 3804.57 (depth 1, 30 lits): UNSAT in 1.07s
    cube 3804.58 (depth 1, 30 lits): UNSAT in 0.42s
    cube 3804.59 (depth 1, 30 lits): UNSAT in 3.94s
    cube 3804.60 (depth 1, 30 lits): UNSAT in 0.28s
    cube 3804.61 (depth 1, 30 lits): UNSAT in 2.39s
    cube 3804.62 (depth 1, 30 lits): UNSAT in 2.02s
    cube 3804.63 (depth 1, 30 lits): UNSAT in 10.90s
    cube 3810 (depth 0, 24 lits): UNSAT in 1.80s
    cube 3816 (depth 0, 24 lits): UNSAT in 33.07s
    cube 3822 (depth 0, 24 lits): UNSAT in 0.65s
    cube 3828 (depth 0, 24 lits): UNSAT in 344.02s
    cube 3834 (depth 0, 24 lits): TIMEOUT in 600.02s
    cube 3834 TIMEOUT -> re-split into 64 sub-cubes (depth 1)
    cube 3834.0 (depth 1, 30 lits): UNSAT in 0.02s
    cube 3834.1 (depth 1, 30 lits): UNSAT in 0.04s
    cube 3834.2 (depth 1, 30 lits): UNSAT in 0.03s
    cube 3834.3 (depth 1, 30 lits): UNSAT in 0.03s
    cube 3834.4 (depth 1, 30 lits): UNSAT in 0.02s
    cube 3834.5 (depth 1, 30 lits): UNSAT in 0.02s
    cube 3834.6 (depth 1, 30 lits): UNSAT in 0.10s
    cube 3834.7 (depth 1, 30 lits): UNSAT in 0.07s
    cube 3834.8 (depth 1, 30 lits): UNSAT in 0.02s
    cube 3834.9 (depth 1, 30 lits): UNSAT in 0.05s
    cube 3834.10 (depth 1, 30 lits): UNSAT in 0.08s
    cube 3834.11 (depth 1, 30 lits): UNSAT in 0.43s
    cube 3834.12 (depth 1, 30 lits): UNSAT in 0.05s
    cube 3834.13 (depth 1, 30 lits): UNSAT in 0.26s
    cube 3834.14 (depth 1, 30 lits): UNSAT in 0.15s
    cube 3834.15 (depth 1, 30 lits): UNSAT in 0.85s
    cube 3834.16 (depth 1, 30 lits): UNSAT in 0.02s
    cube 3834.17 (depth 1, 30 lits): UNSAT in 0.07s
    cube 3834.18 (depth 1, 30 lits): UNSAT in 0.03s
    cube 3834.19 (depth 1, 30 lits): UNSAT in 0.08s
    cube 3834.20 (depth 1, 30 lits): UNSAT in 0.04s
    cube 3834.21 (depth 1, 30 lits): UNSAT in 0.13s
    cube 3834.22 (depth 1, 30 lits): UNSAT in 0.09s
    cube 3834.23 (depth 1, 30 lits): UNSAT in 0.49s
    cube 3834.24 (depth 1, 30 lits): UNSAT in 0.03s
    cube 3834.25 (depth 1, 30 lits): UNSAT in 0.44s
    cube 3834.26 (depth 1, 30 lits): UNSAT in 0.12s
    cube 3834.27 (depth 1, 30 lits): UNSAT in 0.42s
    cube 3834.28 (depth 1, 30 lits): UNSAT in 0.65s
    cube 3834.29 (depth 1, 30 lits): UNSAT in 0.54s
    cube 3834.30 (depth 1, 30 lits): UNSAT in 1.87s
    cube 3834.31 (depth 1, 30 lits): UNSAT in 8.00s
    cube 3834.32 (depth 1, 30 lits): UNSAT in 0.03s
    cube 3834.33 (depth 1, 30 lits): UNSAT in 0.03s
    cube 3834.34 (depth 1, 30 lits): UNSAT in 0.03s
    cube 3834.35 (depth 1, 30 lits): UNSAT in 0.34s
    cube 3834.36 (depth 1, 30 lits): UNSAT in 0.08s
    cube 3834.37 (depth 1, 30 lits): UNSAT in 0.24s
    cube 3834.38 (depth 1, 30 lits): UNSAT in 0.14s
    cube 3834.39 (depth 1, 30 lits): UNSAT in 0.18s
    cube 3834.40 (depth 1, 30 lits): UNSAT in 0.14s
    cube 3834.41 (depth 1, 30 lits): UNSAT in 0.43s
    cube 3834.42 (depth 1, 30 lits): UNSAT in 0.26s
    cube 3834.43 (depth 1, 30 lits): UNSAT in 0.88s
    cube 3834.44 (depth 1, 30 lits): UNSAT in 0.52s
    cube 3834.45 (depth 1, 30 lits): UNSAT in 1.98s
    cube 3834.46 (depth 1, 30 lits): UNSAT in 2.92s
    cube 3834.47 (depth 1, 30 lits): UNSAT in 8.16s
    cube 3834.48 (depth 1, 30 lits): UNSAT in 0.22s
    cube 3834.49 (depth 1, 30 lits): UNSAT in 0.97s
    cube 3834.50 (depth 1, 30 lits): UNSAT in 0.75s
    cube 3834.51 (depth 1, 30 lits): UNSAT in 5.93s
    cube 3834.52 (depth 1, 30 lits): UNSAT in 0.93s
    cube 3834.53 (depth 1, 30 lits): UNSAT in 6.82s
    cube 3834.54 (depth 1, 30 lits): UNSAT in 5.90s
    cube 3834.55 (depth 1, 30 lits): UNSAT in 41.32s
    cube 3834.56 (depth 1, 30 lits): UNSAT in 0.28s
    cube 3834.57 (depth 1, 30 lits): UNSAT in 2.19s
    cube 3834.58 (depth 1, 30 lits): UNSAT in 1.53s
    cube 3834.59 (depth 1, 30 lits): UNSAT in 9.89s
    cube 3834.60 (depth 1, 30 lits): UNSAT in 2.42s
    cube 3834.61 (depth 1, 30 lits): UNSAT in 22.29s
    cube 3834.62 (depth 1, 30 lits): UNSAT in 1.98s
    cube 3834.63 (depth 1, 30 lits): UNSAT in 30.74s
    cube 3840 (depth 0, 24 lits): UNSAT in 1.76s
    cube 3846 (depth 0, 24 lits): UNSAT in 1.42s
    cube 3852 (depth 0, 24 lits): UNSAT in 139.35s
    cube 3858 (depth 0, 24 lits): UNSAT in 27.17s
    cube 3864 (depth 0, 24 lits): UNSAT in 210.98s

  shard 0 verdict: UNSAT [parent cube 4058's children only] (645 UNSAT, 0 unresolved) in 11065.4s
