  shard 4/6 (round-robin): 645 of 3869 cubes, per-cube cap 600.0s, re-split depth 3
    batch [1204..2398] TIMEOUT in 900.1s -> per-cube fallback
    cube 1204 (depth 0, 24 lits): UNSAT in 0.13s
    cube 1210 (depth 0, 24 lits): UNSAT in 1.92s
    cube 1216 (depth 0, 24 lits): UNSAT in 0.16s
    cube 1222 (depth 0, 24 lits): UNSAT in 3.70s
    cube 1228 (depth 0, 24 lits): UNSAT in 0.01s
    cube 1234 (depth 0, 24 lits): UNSAT in 0.01s
    cube 1240 (depth 0, 24 lits): UNSAT in 0.13s
    cube 1246 (depth 0, 24 lits): UNSAT in 0.02s
    cube 1252 (depth 0, 24 lits): UNSAT in 0.10s
    cube 1258 (depth 0, 24 lits): UNSAT in 0.01s
    cube 1264 (depth 0, 24 lits): UNSAT in 0.06s
    cube 1270 (depth 0, 24 lits): UNSAT in 0.04s
    cube 1276 (depth 0, 24 lits): UNSAT in 0.02s
    cube 1282 (depth 0, 24 lits): UNSAT in 0.03s
    cube 1288 (depth 0, 24 lits): UNSAT in 0.59s
    cube 1294 (depth 0, 24 lits): UNSAT in 0.01s
    cube 1300 (depth 0, 24 lits): UNSAT in 0.02s
    cube 1306 (depth 0, 24 lits): UNSAT in 0.01s
    cube 1312 (depth 0, 24 lits): UNSAT in 0.29s
    cube 1318 (depth 0, 24 lits): UNSAT in 0.12s
    cube 1324 (depth 0, 24 lits): UNSAT in 0.04s
    cube 1330 (depth 0, 24 lits): UNSAT in 0.13s
    cube 1336 (depth 0, 24 lits): UNSAT in 1.52s
    cube 1342 (depth 0, 24 lits): UNSAT in 1.93s
    cube 1348 (depth 0, 24 lits): UNSAT in 3.93s
    cube 1354 (depth 0, 23 lits): UNSAT in 0.01s
    cube 1360 (depth 0, 24 lits): UNSAT in 0.02s
    cube 1366 (depth 0, 24 lits): UNSAT in 0.02s
    cube 1372 (depth 0, 24 lits): UNSAT in 0.02s
    cube 1378 (depth 0, 24 lits): UNSAT in 0.02s
    cube 1384 (depth 0, 24 lits): UNSAT in 0.18s
    cube 1390 (depth 0, 24 lits): UNSAT in 0.03s
    cube 1396 (depth 0, 24 lits): UNSAT in 0.02s
    cube 1402 (depth 0, 24 lits): UNSAT in 0.01s
    cube 1408 (depth 0, 24 lits): UNSAT in 0.02s
    cube 1414 (depth 0, 24 lits): UNSAT in 0.24s
    cube 1420 (depth 0, 24 lits): UNSAT in 0.01s
    cube 1426 (depth 0, 24 lits): UNSAT in 0.03s
    cube 1432 (depth 0, 24 lits): UNSAT in 0.01s
    cube 1438 (depth 0, 24 lits): UNSAT in 0.01s
    cube 1444 (depth 0, 24 lits): UNSAT in 0.07s
    cube 1450 (depth 0, 24 lits): UNSAT in 0.01s
    cube 1456 (depth 0, 24 lits): UNSAT in 0.07s
    cube 1462 (depth 0, 24 lits): UNSAT in 0.14s
    cube 1468 (depth 0, 24 lits): UNSAT in 0.27s
    cube 1474 (depth 0, 24 lits): UNSAT in 1.32s
    cube 1480 (depth 0, 24 lits): UNSAT in 0.02s
    cube 1486 (depth 0, 24 lits): UNSAT in 0.08s
    cube 1492 (depth 0, 24 lits): UNSAT in 0.04s
    cube 1498 (depth 0, 24 lits): UNSAT in 0.04s
    cube 1504 (depth 0, 24 lits): UNSAT in 0.08s
    cube 1510 (depth 0, 24 lits): UNSAT in 0.51s
    cube 1516 (depth 0, 24 lits): UNSAT in 0.25s
    cube 1522 (depth 0, 24 lits): UNSAT in 0.25s
    cube 1528 (depth 0, 24 lits): UNSAT in 0.04s
    cube 1534 (depth 0, 24 lits): UNSAT in 0.62s
    cube 1540 (depth 0, 24 lits): UNSAT in 1.23s
    cube 1546 (depth 0, 24 lits): UNSAT in 0.07s
    cube 1552 (depth 0, 24 lits): UNSAT in 0.15s
    cube 1558 (depth 0, 24 lits): UNSAT in 2.86s
    cube 1564 (depth 0, 24 lits): UNSAT in 0.23s
    cube 1570 (depth 0, 24 lits): UNSAT in 1.94s
    cube 1576 (depth 0, 24 lits): UNSAT in 0.04s
    cube 1582 (depth 0, 24 lits): UNSAT in 3.14s
    cube 1588 (depth 0, 24 lits): UNSAT in 1.58s
    cube 1594 (depth 0, 24 lits): UNSAT in 2.45s
    cube 1600 (depth 0, 24 lits): UNSAT in 2.70s
    cube 1606 (depth 0, 24 lits): UNSAT in 94.80s
    cube 1612 (depth 0, 24 lits): UNSAT in 0.02s
    cube 1618 (depth 0, 24 lits): UNSAT in 0.02s
    cube 1624 (depth 0, 24 lits): UNSAT in 0.03s
    cube 1630 (depth 0, 24 lits): UNSAT in 0.01s
    cube 1636 (depth 0, 24 lits): UNSAT in 0.02s
    cube 1642 (depth 0, 24 lits): UNSAT in 0.11s
    cube 1648 (depth 0, 24 lits): UNSAT in 0.02s
    cube 1654 (depth 0, 24 lits): UNSAT in 0.10s
    cube 1660 (depth 0, 24 lits): UNSAT in 0.05s
    cube 1666 (depth 0, 24 lits): UNSAT in 7.65s
    cube 1672 (depth 0, 24 lits): UNSAT in 0.02s
    cube 1678 (depth 0, 24 lits): UNSAT in 0.05s
    cube 1684 (depth 0, 24 lits): UNSAT in 0.01s
    cube 1690 (depth 0, 24 lits): UNSAT in 0.48s
    cube 1696 (depth 0, 24 lits): UNSAT in 0.60s
    cube 1702 (depth 0, 24 lits): UNSAT in 0.05s
    cube 1708 (depth 0, 24 lits): UNSAT in 0.22s
    cube 1714 (depth 0, 24 lits): UNSAT in 2.55s
    cube 1720 (depth 0, 24 lits): UNSAT in 0.19s
    cube 1726 (depth 0, 24 lits): UNSAT in 1.92s
    cube 1732 (depth 0, 24 lits): UNSAT in 0.03s
    cube 1738 (depth 0, 24 lits): UNSAT in 0.09s
    cube 1744 (depth 0, 24 lits): UNSAT in 0.08s
    cube 1750 (depth 0, 24 lits): UNSAT in 0.05s
    cube 1756 (depth 0, 24 lits): UNSAT in 0.09s
    cube 1762 (depth 0, 24 lits): UNSAT in 2.79s
    cube 1768 (depth 0, 24 lits): UNSAT in 0.26s
    cube 1774 (depth 0, 24 lits): UNSAT in 0.33s
    cube 1780 (depth 0, 24 lits): UNSAT in 0.05s
    cube 1786 (depth 0, 24 lits): UNSAT in 3.76s
    cube 1792 (depth 0, 24 lits): UNSAT in 4.58s
    cube 1798 (depth 0, 24 lits): UNSAT in 0.09s
    cube 1804 (depth 0, 24 lits): UNSAT in 0.11s
    cube 1810 (depth 0, 24 lits): UNSAT in 3.33s
    cube 1816 (depth 0, 24 lits): UNSAT in 0.30s
    cube 1822 (depth 0, 24 lits): UNSAT in 4.28s
    cube 1828 (depth 0, 24 lits): UNSAT in 0.28s
    cube 1834 (depth 0, 24 lits): UNSAT in 1.50s
    cube 1840 (depth 0, 24 lits): UNSAT in 1.25s
    cube 1846 (depth 0, 24 lits): UNSAT in 1.85s
    cube 1852 (depth 0, 24 lits): UNSAT in 4.19s
    cube 1858 (depth 0, 24 lits): UNSAT in 28.84s
    cube 1864 (depth 0, 24 lits): UNSAT in 0.01s
    cube 1870 (depth 0, 24 lits): UNSAT in 0.01s
    cube 1876 (depth 0, 24 lits): UNSAT in 0.02s
    cube 1882 (depth 0, 24 lits): UNSAT in 0.01s
    cube 1888 (depth 0, 24 lits): UNSAT in 0.01s
    cube 1894 (depth 0, 24 lits): UNSAT in 0.01s
    cube 1900 (depth 0, 24 lits): UNSAT in 0.01s
    cube 1906 (depth 0, 23 lits): UNSAT in 0.01s
    cube 1912 (depth 0, 24 lits): UNSAT in 0.02s
    cube 1918 (depth 0, 24 lits): UNSAT in 0.05s
    cube 1924 (depth 0, 24 lits): UNSAT in 0.01s
    cube 1930 (depth 0, 24 lits): UNSAT in 0.01s
    cube 1936 (depth 0, 24 lits): UNSAT in 0.01s
    cube 1942 (depth 0, 24 lits): UNSAT in 0.01s
    cube 1948 (depth 0, 24 lits): UNSAT in 0.03s
    cube 1954 (depth 0, 24 lits): UNSAT in 0.03s
    cube 1960 (depth 0, 24 lits): UNSAT in 0.10s
    cube 1966 (depth 0, 23 lits): UNSAT in 0.01s
    cube 1972 (depth 0, 24 lits): UNSAT in 0.01s
    cube 1978 (depth 0, 24 lits): UNSAT in 0.07s
    cube 1984 (depth 0, 24 lits): UNSAT in 0.02s
    cube 1990 (depth 0, 24 lits): UNSAT in 0.04s
    cube 1996 (depth 0, 24 lits): UNSAT in 0.01s
    cube 2002 (depth 0, 24 lits): UNSAT in 0.02s
    cube 2008 (depth 0, 24 lits): UNSAT in 0.02s
    cube 2014 (depth 0, 24 lits): UNSAT in 0.02s
    cube 2020 (depth 0, 24 lits): UNSAT in 0.09s
    cube 2026 (depth 0, 24 lits): UNSAT in 1.07s
    cube 2032 (depth 0, 24 lits): UNSAT in 0.02s
    cube 2038 (depth 0, 24 lits): UNSAT in 0.02s
    cube 2044 (depth 0, 24 lits): UNSAT in 0.01s
    cube 2050 (depth 0, 24 lits): UNSAT in 0.07s
    cube 2056 (depth 0, 24 lits): UNSAT in 0.12s
    cube 2062 (depth 0, 24 lits): UNSAT in 0.04s
    cube 2068 (depth 0, 24 lits): UNSAT in 0.02s
    cube 2074 (depth 0, 24 lits): UNSAT in 0.62s
    cube 2080 (depth 0, 24 lits): UNSAT in 0.15s
    cube 2086 (depth 0, 24 lits): UNSAT in 0.14s
    cube 2092 (depth 0, 23 lits): UNSAT in 0.01s
    cube 2098 (depth 0, 24 lits): UNSAT in 0.04s
    cube 2104 (depth 0, 24 lits): UNSAT in 0.02s
    cube 2110 (depth 0, 24 lits): UNSAT in 0.05s
    cube 2116 (depth 0, 24 lits): UNSAT in 0.07s
    cube 2122 (depth 0, 24 lits): UNSAT in 0.02s
    cube 2128 (depth 0, 24 lits): UNSAT in 0.03s
    cube 2134 (depth 0, 24 lits): UNSAT in 0.15s
    cube 2140 (depth 0, 24 lits): UNSAT in 0.43s
    cube 2146 (depth 0, 24 lits): UNSAT in 0.23s
    cube 2152 (depth 0, 24 lits): UNSAT in 0.01s
    cube 2158 (depth 0, 24 lits): UNSAT in 0.03s
    cube 2164 (depth 0, 24 lits): UNSAT in 0.01s
    cube 2170 (depth 0, 24 lits): UNSAT in 0.06s
    cube 2176 (depth 0, 24 lits): UNSAT in 0.05s
    cube 2182 (depth 0, 24 lits): UNSAT in 0.05s
    cube 2188 (depth 0, 24 lits): UNSAT in 0.02s
    cube 2194 (depth 0, 24 lits): UNSAT in 0.20s
    cube 2200 (depth 0, 24 lits): UNSAT in 0.03s
    cube 2206 (depth 0, 24 lits): UNSAT in 1.05s
    cube 2212 (depth 0, 24 lits): UNSAT in 0.01s
    cube 2218 (depth 0, 24 lits): UNSAT in 0.12s
    cube 2224 (depth 0, 24 lits): UNSAT in 0.12s
    cube 2230 (depth 0, 24 lits): UNSAT in 0.05s
    cube 2236 (depth 0, 24 lits): UNSAT in 0.08s
    cube 2242 (depth 0, 24 lits): UNSAT in 2.11s
    cube 2248 (depth 0, 24 lits): UNSAT in 0.05s
    cube 2254 (depth 0, 24 lits): UNSAT in 0.33s
    cube 2260 (depth 0, 24 lits): UNSAT in 0.06s
    cube 2266 (depth 0, 24 lits): UNSAT in 6.30s
    cube 2272 (depth 0, 24 lits): UNSAT in 13.10s
    cube 2278 (depth 0, 24 lits): UNSAT in 0.20s
    cube 2284 (depth 0, 24 lits): UNSAT in 0.30s
    cube 2290 (depth 0, 24 lits): UNSAT in 7.72s
    cube 2296 (depth 0, 24 lits): UNSAT in 1.91s
    cube 2302 (depth 0, 24 lits): UNSAT in 4.60s
    cube 2308 (depth 0, 24 lits): UNSAT in 0.59s
    cube 2314 (depth 0, 24 lits): UNSAT in 9.90s
    cube 2320 (depth 0, 24 lits): UNSAT in 14.66s
    cube 2326 (depth 0, 24 lits): UNSAT in 23.60s
    cube 2332 (depth 0, 24 lits): UNSAT in 39.32s
    cube 2338 (depth 0, 24 lits): TIMEOUT in 600.10s
    cube 2338 TIMEOUT -> re-split into 64 sub-cubes (depth 1)
    cube 2338.0 (depth 1, 30 lits): UNSAT in 0.01s
    cube 2338.1 (depth 1, 30 lits): UNSAT in 0.01s
    cube 2338.2 (depth 1, 30 lits): UNSAT in 0.02s
    cube 2338.3 (depth 1, 30 lits): UNSAT in 0.05s
    cube 2338.4 (depth 1, 30 lits): UNSAT in 0.04s
    cube 2338.5 (depth 1, 30 lits): UNSAT in 0.10s
    cube 2338.6 (depth 1, 30 lits): UNSAT in 0.17s
    cube 2338.7 (depth 1, 30 lits): UNSAT in 0.25s
    cube 2338.8 (depth 1, 30 lits): UNSAT in 0.05s
    cube 2338.9 (depth 1, 30 lits): UNSAT in 0.07s
    cube 2338.10 (depth 1, 30 lits): UNSAT in 0.14s
    cube 2338.11 (depth 1, 30 lits): UNSAT in 0.24s
    cube 2338.12 (depth 1, 30 lits): UNSAT in 0.10s
    cube 2338.13 (depth 1, 30 lits): UNSAT in 0.19s
    cube 2338.14 (depth 1, 30 lits): UNSAT in 0.34s
    cube 2338.15 (depth 1, 30 lits): UNSAT in 0.59s
    cube 2338.16 (depth 1, 30 lits): UNSAT in 0.05s
    cube 2338.17 (depth 1, 30 lits): UNSAT in 0.30s
    cube 2338.18 (depth 1, 30 lits): UNSAT in 0.14s
    cube 2338.19 (depth 1, 30 lits): UNSAT in 0.36s
    cube 2338.20 (depth 1, 30 lits): UNSAT in 0.11s
    cube 2338.21 (depth 1, 30 lits): UNSAT in 0.19s
    cube 2338.22 (depth 1, 30 lits): UNSAT in 0.15s
    cube 2338.23 (depth 1, 30 lits): UNSAT in 1.57s
    cube 2338.24 (depth 1, 30 lits): UNSAT in 0.09s
    cube 2338.25 (depth 1, 30 lits): UNSAT in 0.32s
    cube 2338.26 (depth 1, 30 lits): UNSAT in 0.30s
    cube 2338.27 (depth 1, 30 lits): UNSAT in 1.77s
    cube 2338.28 (depth 1, 30 lits): UNSAT in 0.27s
    cube 2338.29 (depth 1, 30 lits): UNSAT in 1.02s
    cube 2338.30 (depth 1, 30 lits): UNSAT in 5.65s
    cube 2338.31 (depth 1, 30 lits): UNSAT in 24.02s
    cube 2338.32 (depth 1, 30 lits): UNSAT in 0.02s
    cube 2338.33 (depth 1, 30 lits): UNSAT in 0.08s
    cube 2338.34 (depth 1, 30 lits): UNSAT in 0.07s
    cube 2338.35 (depth 1, 30 lits): UNSAT in 0.20s
    cube 2338.36 (depth 1, 30 lits): UNSAT in 0.02s
    cube 2338.37 (depth 1, 30 lits): UNSAT in 0.07s
    cube 2338.38 (depth 1, 30 lits): UNSAT in 0.18s
    cube 2338.39 (depth 1, 30 lits): UNSAT in 0.90s
    cube 2338.40 (depth 1, 30 lits): UNSAT in 0.02s
    cube 2338.41 (depth 1, 30 lits): UNSAT in 0.09s
    cube 2338.42 (depth 1, 30 lits): UNSAT in 0.08s
    cube 2338.43 (depth 1, 30 lits): UNSAT in 0.33s
    cube 2338.44 (depth 1, 30 lits): UNSAT in 0.10s
    cube 2338.45 (depth 1, 30 lits): UNSAT in 0.43s
    cube 2338.46 (depth 1, 30 lits): UNSAT in 3.32s
    cube 2338.47 (depth 1, 30 lits): UNSAT in 7.08s
    cube 2338.48 (depth 1, 30 lits): UNSAT in 0.11s
    cube 2338.49 (depth 1, 30 lits): UNSAT in 0.16s
    cube 2338.50 (depth 1, 30 lits): UNSAT in 0.08s
    cube 2338.51 (depth 1, 30 lits): UNSAT in 0.68s
    cube 2338.52 (depth 1, 30 lits): UNSAT in 0.18s
    cube 2338.53 (depth 1, 30 lits): UNSAT in 0.88s
    cube 2338.54 (depth 1, 30 lits): UNSAT in 1.04s
    cube 2338.55 (depth 1, 30 lits): UNSAT in 10.88s
    cube 2338.56 (depth 1, 30 lits): UNSAT in 0.23s
    cube 2338.57 (depth 1, 30 lits): UNSAT in 2.23s
    cube 2338.58 (depth 1, 30 lits): UNSAT in 1.42s
    cube 2338.59 (depth 1, 30 lits): UNSAT in 14.99s
    cube 2338.60 (depth 1, 30 lits): UNSAT in 3.72s
    cube 2338.61 (depth 1, 30 lits): UNSAT in 32.37s
    cube 2338.62 (depth 1, 30 lits): UNSAT in 40.08s
    cube 2338.63 (depth 1, 30 lits): UNSAT in 228.77s
    cube 2344 (depth 0, 24 lits): UNSAT in 0.01s
    cube 2350 (depth 0, 24 lits): UNSAT in 0.02s
    cube 2356 (depth 0, 24 lits): UNSAT in 0.01s
    cube 2362 (depth 0, 24 lits): UNSAT in 0.02s
    cube 2368 (depth 0, 24 lits): UNSAT in 0.01s
    cube 2374 (depth 0, 24 lits): UNSAT in 0.05s
    cube 2380 (depth 0, 24 lits): UNSAT in 0.04s
    cube 2386 (depth 0, 24 lits): UNSAT in 0.05s
    cube 2392 (depth 0, 24 lits): UNSAT in 0.02s
    cube 2398 (depth 0, 24 lits): UNSAT in 0.14s
    batch [2404..3598] TIMEOUT in 900.1s -> per-cube fallback
    cube 2404 (depth 0, 24 lits): UNSAT in 0.02s
    cube 2410 (depth 0, 24 lits): UNSAT in 0.02s
    cube 2416 (depth 0, 24 lits): UNSAT in 0.03s
    cube 2422 (depth 0, 24 lits): UNSAT in 0.24s
    cube 2428 (depth 0, 24 lits): UNSAT in 0.17s
    cube 2434 (depth 0, 24 lits): UNSAT in 0.13s
    cube 2440 (depth 0, 24 lits): UNSAT in 0.11s
    cube 2446 (depth 0, 24 lits): UNSAT in 1.05s
    cube 2452 (depth 0, 24 lits): UNSAT in 0.05s
    cube 2458 (depth 0, 24 lits): UNSAT in 0.71s
    cube 2464 (depth 0, 24 lits): UNSAT in 0.01s
    cube 2470 (depth 0, 24 lits): UNSAT in 0.03s
    cube 2476 (depth 0, 24 lits): UNSAT in 0.04s
    cube 2482 (depth 0, 24 lits): UNSAT in 0.06s
    cube 2488 (depth 0, 24 lits): UNSAT in 0.19s
    cube 2494 (depth 0, 24 lits): UNSAT in 2.46s
    cube 2500 (depth 0, 24 lits): UNSAT in 0.14s
    cube 2506 (depth 0, 24 lits): UNSAT in 0.43s
    cube 2512 (depth 0, 24 lits): UNSAT in 0.26s
    cube 2518 (depth 0, 24 lits): UNSAT in 2.14s
    cube 2524 (depth 0, 24 lits): UNSAT in 1.77s
    cube 2530 (depth 0, 24 lits): UNSAT in 0.15s
    cube 2536 (depth 0, 24 lits): UNSAT in 0.34s
    cube 2542 (depth 0, 24 lits): UNSAT in 9.70s
    cube 2548 (depth 0, 24 lits): UNSAT in 1.72s
    cube 2554 (depth 0, 24 lits): UNSAT in 1.68s
    cube 2560 (depth 0, 24 lits): UNSAT in 0.15s
    cube 2566 (depth 0, 24 lits): UNSAT in 2.57s
    cube 2572 (depth 0, 24 lits): UNSAT in 1.47s
    cube 2578 (depth 0, 24 lits): UNSAT in 4.76s
    cube 2584 (depth 0, 24 lits): UNSAT in 2.58s
    cube 2590 (depth 0, 24 lits): UNSAT in 14.99s
    cube 2596 (depth 0, 24 lits): UNSAT in 0.03s
    cube 2602 (depth 0, 24 lits): UNSAT in 0.08s
    cube 2608 (depth 0, 24 lits): UNSAT in 0.06s
    cube 2614 (depth 0, 24 lits): UNSAT in 0.27s
    cube 2620 (depth 0, 24 lits): UNSAT in 0.21s
    cube 2626 (depth 0, 24 lits): UNSAT in 0.19s
    cube 2632 (depth 0, 24 lits): UNSAT in 0.10s
    cube 2638 (depth 0, 24 lits): UNSAT in 0.40s
    cube 2644 (depth 0, 24 lits): UNSAT in 0.28s
    cube 2650 (depth 0, 24 lits): UNSAT in 0.69s
    cube 2656 (depth 0, 24 lits): UNSAT in 0.02s
    cube 2662 (depth 0, 24 lits): UNSAT in 0.29s
    cube 2668 (depth 0, 24 lits): UNSAT in 0.05s
    cube 2674 (depth 0, 24 lits): UNSAT in 0.20s
    cube 2680 (depth 0, 24 lits): UNSAT in 0.18s
    cube 2686 (depth 0, 24 lits): UNSAT in 35.24s
    cube 2692 (depth 0, 24 lits): UNSAT in 0.14s
    cube 2698 (depth 0, 24 lits): UNSAT in 1.22s
    cube 2704 (depth 0, 24 lits): UNSAT in 0.15s
    cube 2710 (depth 0, 24 lits): UNSAT in 9.95s
    cube 2716 (depth 0, 24 lits): UNSAT in 57.78s
    cube 2722 (depth 0, 24 lits): UNSAT in 0.09s
    cube 2728 (depth 0, 24 lits): UNSAT in 0.28s
    cube 2734 (depth 0, 24 lits): UNSAT in 0.86s
    cube 2740 (depth 0, 24 lits): UNSAT in 0.10s
    cube 2746 (depth 0, 24 lits): UNSAT in 0.88s
    cube 2752 (depth 0, 24 lits): UNSAT in 0.54s
    cube 2758 (depth 0, 24 lits): UNSAT in 5.06s
    cube 2764 (depth 0, 24 lits): UNSAT in 2.58s
    cube 2770 (depth 0, 24 lits): UNSAT in 11.74s
    cube 2776 (depth 0, 24 lits): UNSAT in 1.77s
    cube 2782 (depth 0, 24 lits): UNSAT in 12.42s
    cube 2788 (depth 0, 24 lits): UNSAT in 0.61s
    cube 2794 (depth 0, 24 lits): UNSAT in 4.67s
    cube 2800 (depth 0, 24 lits): UNSAT in 1.07s
    cube 2806 (depth 0, 24 lits): UNSAT in 29.37s
    cube 2812 (depth 0, 24 lits): UNSAT in 19.12s
    cube 2818 (depth 0, 24 lits): UNSAT in 1.42s
    cube 2824 (depth 0, 24 lits): UNSAT in 2.87s
    cube 2830 (depth 0, 24 lits): UNSAT in 35.86s
    cube 2836 (depth 0, 24 lits): UNSAT in 30.06s
    cube 2842 (depth 0, 24 lits): UNSAT in 187.26s
    cube 2848 (depth 0, 24 lits): UNSAT in 0.02s
    cube 2854 (depth 0, 24 lits): UNSAT in 0.08s
    cube 2860 (depth 0, 24 lits): UNSAT in 0.19s
    cube 2866 (depth 0, 24 lits): UNSAT in 0.04s
    cube 2872 (depth 0, 24 lits): UNSAT in 0.06s
    cube 2878 (depth 0, 24 lits): UNSAT in 0.44s
    cube 2884 (depth 0, 24 lits): UNSAT in 0.10s
    cube 2890 (depth 0, 24 lits): UNSAT in 0.09s
    cube 2896 (depth 0, 24 lits): UNSAT in 0.12s
    cube 2902 (depth 0, 24 lits): UNSAT in 1.27s
    cube 2908 (depth 0, 24 lits): UNSAT in 0.63s
    cube 2914 (depth 0, 24 lits): UNSAT in 0.18s
    cube 2920 (depth 0, 24 lits): UNSAT in 0.22s
    cube 2926 (depth 0, 24 lits): UNSAT in 3.05s
    cube 2932 (depth 0, 24 lits): UNSAT in 0.04s
    cube 2938 (depth 0, 24 lits): UNSAT in 1.77s
    cube 2944 (depth 0, 24 lits): UNSAT in 0.03s
    cube 2950 (depth 0, 24 lits): UNSAT in 0.13s
    cube 2956 (depth 0, 24 lits): UNSAT in 0.36s
    cube 2962 (depth 0, 24 lits): UNSAT in 0.42s
    cube 2968 (depth 0, 24 lits): UNSAT in 0.59s
    cube 2974 (depth 0, 24 lits): UNSAT in 104.86s
    cube 2980 (depth 0, 24 lits): UNSAT in 0.02s
    cube 2986 (depth 0, 24 lits): UNSAT in 0.03s
    cube 2992 (depth 0, 24 lits): UNSAT in 0.02s
    cube 2998 (depth 0, 24 lits): UNSAT in 0.02s
    cube 3004 (depth 0, 24 lits): UNSAT in 0.08s
    cube 3010 (depth 0, 24 lits): UNSAT in 0.05s
    cube 3016 (depth 0, 24 lits): UNSAT in 0.14s
    cube 3022 (depth 0, 24 lits): UNSAT in 0.02s
    cube 3028 (depth 0, 24 lits): UNSAT in 0.85s
    cube 3034 (depth 0, 24 lits): UNSAT in 0.13s
    cube 3040 (depth 0, 24 lits): UNSAT in 0.02s
    cube 3046 (depth 0, 24 lits): UNSAT in 0.02s
    cube 3052 (depth 0, 24 lits): UNSAT in 0.30s
    cube 3058 (depth 0, 24 lits): UNSAT in 0.11s
    cube 3064 (depth 0, 24 lits): UNSAT in 0.08s
    cube 3070 (depth 0, 24 lits): UNSAT in 0.03s
    cube 3076 (depth 0, 24 lits): UNSAT in 3.42s
    cube 3082 (depth 0, 24 lits): UNSAT in 0.95s
    cube 3088 (depth 0, 24 lits): UNSAT in 0.36s
    cube 3094 (depth 0, 24 lits): UNSAT in 8.05s
    cube 3100 (depth 0, 24 lits): TIMEOUT in 600.04s
    cube 3100 TIMEOUT -> re-split into 64 sub-cubes (depth 1)
    cube 3100.0 (depth 1, 30 lits): UNSAT in 0.02s
    cube 3100.1 (depth 1, 30 lits): UNSAT in 0.06s
    cube 3100.2 (depth 1, 30 lits): UNSAT in 0.04s
    cube 3100.3 (depth 1, 30 lits): UNSAT in 0.23s
    cube 3100.4 (depth 1, 30 lits): UNSAT in 0.03s
    cube 3100.5 (depth 1, 30 lits): UNSAT in 0.17s
    cube 3100.6 (depth 1, 30 lits): UNSAT in 0.05s
    cube 3100.7 (depth 1, 30 lits): UNSAT in 0.85s
    cube 3100.8 (depth 1, 30 lits): UNSAT in 0.04s
    cube 3100.9 (depth 1, 30 lits): UNSAT in 0.08s
    cube 3100.10 (depth 1, 30 lits): UNSAT in 0.11s
    cube 3100.11 (depth 1, 30 lits): UNSAT in 0.40s
    cube 3100.12 (depth 1, 30 lits): UNSAT in 0.11s
    cube 3100.13 (depth 1, 30 lits): UNSAT in 1.30s
    cube 3100.14 (depth 1, 30 lits): UNSAT in 0.22s
    cube 3100.15 (depth 1, 30 lits): UNSAT in 5.09s
    cube 3100.16 (depth 1, 30 lits): UNSAT in 0.04s
    cube 3100.17 (depth 1, 30 lits): UNSAT in 0.05s
    cube 3100.18 (depth 1, 30 lits): UNSAT in 0.08s
    cube 3100.19 (depth 1, 30 lits): UNSAT in 0.29s
    cube 3100.20 (depth 1, 30 lits): UNSAT in 0.05s
    cube 3100.21 (depth 1, 30 lits): UNSAT in 0.47s
    cube 3100.22 (depth 1, 30 lits): UNSAT in 0.79s
    cube 3100.23 (depth 1, 30 lits): UNSAT in 7.55s
    cube 3100.24 (depth 1, 30 lits): UNSAT in 0.05s
    cube 3100.25 (depth 1, 30 lits): UNSAT in 0.70s
    cube 3100.26 (depth 1, 30 lits): UNSAT in 1.23s
    cube 3100.27 (depth 1, 30 lits): UNSAT in 3.23s
    cube 3100.28 (depth 1, 30 lits): UNSAT in 0.24s
    cube 3100.29 (depth 1, 30 lits): UNSAT in 0.76s
    cube 3100.30 (depth 1, 30 lits): UNSAT in 1.46s
    cube 3100.31 (depth 1, 30 lits): UNSAT in 18.00s
    cube 3100.32 (depth 1, 30 lits): UNSAT in 0.01s
    cube 3100.33 (depth 1, 30 lits): UNSAT in 0.04s
    cube 3100.34 (depth 1, 30 lits): UNSAT in 0.03s
    cube 3100.35 (depth 1, 30 lits): UNSAT in 0.08s
    cube 3100.36 (depth 1, 30 lits): UNSAT in 0.04s
    cube 3100.37 (depth 1, 30 lits): UNSAT in 0.13s
    cube 3100.38 (depth 1, 30 lits): UNSAT in 0.06s
    cube 3100.39 (depth 1, 30 lits): UNSAT in 1.02s
    cube 3100.40 (depth 1, 30 lits): UNSAT in 0.02s
    cube 3100.41 (depth 1, 30 lits): UNSAT in 0.03s
    cube 3100.42 (depth 1, 30 lits): UNSAT in 0.18s
    cube 3100.43 (depth 1, 30 lits): UNSAT in 0.71s
    cube 3100.44 (depth 1, 30 lits): UNSAT in 0.08s
    cube 3100.45 (depth 1, 30 lits): UNSAT in 0.17s
    cube 3100.46 (depth 1, 30 lits): UNSAT in 0.58s
    cube 3100.47 (depth 1, 30 lits): UNSAT in 9.16s
    cube 3100.48 (depth 1, 30 lits): UNSAT in 0.05s
    cube 3100.49 (depth 1, 30 lits): UNSAT in 0.13s
    cube 3100.50 (depth 1, 30 lits): UNSAT in 0.05s
    cube 3100.51 (depth 1, 30 lits): UNSAT in 0.79s
    cube 3100.52 (depth 1, 30 lits): UNSAT in 0.29s
    cube 3100.53 (depth 1, 30 lits): UNSAT in 1.16s
    cube 3100.54 (depth 1, 30 lits): UNSAT in 0.35s
    cube 3100.55 (depth 1, 30 lits): UNSAT in 4.02s
    cube 3100.56 (depth 1, 30 lits): UNSAT in 0.25s
    cube 3100.57 (depth 1, 30 lits): UNSAT in 2.13s
    cube 3100.58 (depth 1, 30 lits): UNSAT in 3.30s
    cube 3100.59 (depth 1, 30 lits): UNSAT in 27.33s
    cube 3100.60 (depth 1, 30 lits): UNSAT in 1.78s
    cube 3100.61 (depth 1, 30 lits): UNSAT in 10.53s
    cube 3100.62 (depth 1, 30 lits): UNSAT in 27.41s
    cube 3100.63 (depth 1, 30 lits): UNSAT in 391.18s
    cube 3106 (depth 0, 24 lits): UNSAT in 0.01s
    cube 3112 (depth 0, 24 lits): UNSAT in 0.01s
    cube 3118 (depth 0, 24 lits): UNSAT in 0.02s
    cube 3124 (depth 0, 24 lits): UNSAT in 0.03s
    cube 3130 (depth 0, 24 lits): UNSAT in 0.27s
    cube 3136 (depth 0, 24 lits): UNSAT in 0.02s
    cube 3142 (depth 0, 24 lits): UNSAT in 0.02s
    cube 3148 (depth 0, 24 lits): UNSAT in 0.54s
    cube 3154 (depth 0, 24 lits): UNSAT in 0.03s
    cube 3160 (depth 0, 24 lits): UNSAT in 0.05s
    cube 3166 (depth 0, 23 lits): UNSAT in 0.01s
    cube 3172 (depth 0, 24 lits): UNSAT in 0.06s
    cube 3178 (depth 0, 24 lits): UNSAT in 0.04s
    cube 3184 (depth 0, 24 lits): UNSAT in 0.17s
    cube 3190 (depth 0, 24 lits): UNSAT in 0.10s
    cube 3196 (depth 0, 24 lits): UNSAT in 14.89s
    cube 3202 (depth 0, 24 lits): UNSAT in 0.05s
    cube 3208 (depth 0, 24 lits): UNSAT in 0.40s
    cube 3214 (depth 0, 24 lits): UNSAT in 0.28s
    cube 3220 (depth 0, 24 lits): UNSAT in 16.23s
    cube 3226 (depth 0, 24 lits): UNSAT in 14.22s
    cube 3232 (depth 0, 24 lits): UNSAT in 0.16s
    cube 3238 (depth 0, 24 lits): UNSAT in 0.05s
    cube 3244 (depth 0, 24 lits): UNSAT in 1.46s
    cube 3250 (depth 0, 24 lits): UNSAT in 0.10s
    cube 3256 (depth 0, 24 lits): UNSAT in 0.44s
    cube 3262 (depth 0, 24 lits): UNSAT in 0.09s
    cube 3268 (depth 0, 24 lits): UNSAT in 1.33s
    cube 3274 (depth 0, 24 lits): UNSAT in 0.96s
    cube 3280 (depth 0, 24 lits): UNSAT in 0.78s
    cube 3286 (depth 0, 24 lits): UNSAT in 3.06s
    cube 3292 (depth 0, 24 lits): UNSAT in 6.98s
    cube 3298 (depth 0, 24 lits): UNSAT in 0.44s
    cube 3304 (depth 0, 24 lits): UNSAT in 3.34s
    cube 3310 (depth 0, 24 lits): UNSAT in 0.42s
    cube 3316 (depth 0, 24 lits): UNSAT in 31.35s
    cube 3322 (depth 0, 24 lits): UNSAT in 58.96s
    cube 3328 (depth 0, 24 lits): UNSAT in 14.66s
    cube 3334 (depth 0, 24 lits): UNSAT in 8.46s
    cube 3340 (depth 0, 24 lits): UNSAT in 76.00s
    cube 3346 (depth 0, 24 lits): UNSAT in 13.57s
    cube 3352 (depth 0, 24 lits): UNSAT in 69.10s
    cube 3358 (depth 0, 24 lits): UNSAT in 0.03s
    cube 3364 (depth 0, 24 lits): UNSAT in 0.08s
    cube 3370 (depth 0, 24 lits): UNSAT in 0.17s
    cube 3376 (depth 0, 24 lits): UNSAT in 0.02s
    cube 3382 (depth 0, 24 lits): UNSAT in 0.10s
    cube 3388 (depth 0, 24 lits): UNSAT in 1.92s
    cube 3394 (depth 0, 24 lits): UNSAT in 0.03s
    cube 3400 (depth 0, 24 lits): UNSAT in 0.37s
    cube 3406 (depth 0, 24 lits): UNSAT in 0.22s
    cube 3412 (depth 0, 24 lits): UNSAT in 3.49s
    cube 3418 (depth 0, 24 lits): UNSAT in 7.23s
    cube 3424 (depth 0, 24 lits): UNSAT in 0.29s
    cube 3430 (depth 0, 24 lits): UNSAT in 0.09s
    cube 3436 (depth 0, 24 lits): UNSAT in 1.48s
    cube 3442 (depth 0, 24 lits): UNSAT in 0.26s
    cube 3448 (depth 0, 24 lits): UNSAT in 4.36s
    cube 3454 (depth 0, 24 lits): UNSAT in 0.29s
    cube 3460 (depth 0, 24 lits): UNSAT in 35.42s
    cube 3466 (depth 0, 24 lits): UNSAT in 8.32s
    cube 3472 (depth 0, 24 lits): UNSAT in 3.82s
    cube 3478 (depth 0, 24 lits): UNSAT in 3.47s
    cube 3484 (depth 0, 24 lits): UNSAT in 437.26s
    cube 3490 (depth 0, 24 lits): UNSAT in 0.10s
    cube 3496 (depth 0, 24 lits): UNSAT in 0.19s
    cube 3502 (depth 0, 24 lits): UNSAT in 0.03s
    cube 3508 (depth 0, 24 lits): UNSAT in 2.52s
    cube 3514 (depth 0, 24 lits): UNSAT in 2.20s
    cube 3520 (depth 0, 24 lits): UNSAT in 0.41s
    cube 3526 (depth 0, 24 lits): UNSAT in 0.06s
    cube 3532 (depth 0, 24 lits): UNSAT in 20.65s
    cube 3538 (depth 0, 24 lits): UNSAT in 3.04s
    cube 3544 (depth 0, 24 lits): UNSAT in 23.71s
    cube 3550 (depth 0, 24 lits): UNSAT in 0.05s
    cube 3556 (depth 0, 24 lits): UNSAT in 1.31s
    cube 3562 (depth 0, 24 lits): UNSAT in 1.43s
    cube 3568 (depth 0, 24 lits): UNSAT in 3.42s
    cube 3574 (depth 0, 24 lits): UNSAT in 4.62s
    cube 3580 (depth 0, 24 lits): UNSAT in 344.20s
    cube 3586 (depth 0, 24 lits): UNSAT in 4.10s
    cube 3592 (depth 0, 24 lits): UNSAT in 126.19s
    cube 3598 (depth 0, 24 lits): UNSAT in 9.90s
    batch [3604..3868] TIMEOUT in 900.1s -> per-cube fallback
    cube 3604 (depth 0, 24 lits): TIMEOUT in 600.07s
    cube 3604 TIMEOUT -> re-split into 64 sub-cubes (depth 1)
    cube 3604.0 (depth 1, 30 lits): UNSAT in 0.01s
    cube 3604.1 (depth 1, 30 lits): UNSAT in 0.05s
    cube 3604.2 (depth 1, 30 lits): UNSAT in 0.14s
    cube 3604.3 (depth 1, 30 lits): UNSAT in 0.29s
    cube 3604.4 (depth 1, 30 lits): UNSAT in 0.07s
    cube 3604.5 (depth 1, 30 lits): UNSAT in 0.13s
    cube 3604.6 (depth 1, 30 lits): UNSAT in 0.49s
    cube 3604.7 (depth 1, 30 lits): UNSAT in 2.11s
    cube 3604.8 (depth 1, 30 lits): UNSAT in 0.04s
    cube 3604.9 (depth 1, 30 lits): UNSAT in 0.16s
    cube 3604.10 (depth 1, 30 lits): UNSAT in 0.29s
    cube 3604.11 (depth 1, 30 lits): UNSAT in 0.88s
    cube 3604.12 (depth 1, 30 lits): UNSAT in 0.28s
    cube 3604.13 (depth 1, 30 lits): UNSAT in 0.99s
    cube 3604.14 (depth 1, 30 lits): UNSAT in 0.46s
    cube 3604.15 (depth 1, 30 lits): UNSAT in 3.46s
    cube 3604.16 (depth 1, 30 lits): UNSAT in 0.04s
    cube 3604.17 (depth 1, 30 lits): UNSAT in 0.13s
    cube 3604.18 (depth 1, 30 lits): UNSAT in 0.19s
    cube 3604.19 (depth 1, 30 lits): UNSAT in 0.74s
    cube 3604.20 (depth 1, 30 lits): UNSAT in 0.05s
    cube 3604.21 (depth 1, 30 lits): UNSAT in 0.66s
    cube 3604.22 (depth 1, 30 lits): UNSAT in 0.44s
    cube 3604.23 (depth 1, 30 lits): UNSAT in 2.53s
    cube 3604.24 (depth 1, 30 lits): UNSAT in 0.28s
    cube 3604.25 (depth 1, 30 lits): UNSAT in 1.78s
    cube 3604.26 (depth 1, 30 lits): UNSAT in 1.40s
    cube 3604.27 (depth 1, 30 lits): UNSAT in 4.58s
    cube 3604.28 (depth 1, 30 lits): UNSAT in 3.66s
    cube 3604.29 (depth 1, 30 lits): UNSAT in 12.99s
    cube 3604.30 (depth 1, 30 lits): UNSAT in 2.47s
    cube 3604.31 (depth 1, 30 lits): UNSAT in 5.16s
    cube 3604.32 (depth 1, 30 lits): UNSAT in 0.07s
    cube 3604.33 (depth 1, 30 lits): UNSAT in 0.24s
    cube 3604.34 (depth 1, 30 lits): UNSAT in 0.31s
    cube 3604.35 (depth 1, 30 lits): UNSAT in 1.88s
    cube 3604.36 (depth 1, 30 lits): UNSAT in 0.15s
    cube 3604.37 (depth 1, 30 lits): UNSAT in 0.91s
    cube 3604.38 (depth 1, 30 lits): UNSAT in 0.91s
    cube 3604.39 (depth 1, 30 lits): UNSAT in 5.53s
    cube 3604.40 (depth 1, 30 lits): UNSAT in 0.05s
    cube 3604.41 (depth 1, 30 lits): UNSAT in 0.30s
    cube 3604.42 (depth 1, 30 lits): UNSAT in 0.14s
    cube 3604.43 (depth 1, 30 lits): UNSAT in 1.00s
    cube 3604.44 (depth 1, 30 lits): UNSAT in 0.70s
    cube 3604.45 (depth 1, 30 lits): UNSAT in 2.41s
    cube 3604.46 (depth 1, 30 lits): UNSAT in 7.31s
    cube 3604.47 (depth 1, 30 lits): UNSAT in 5.39s
    cube 3604.48 (depth 1, 30 lits): UNSAT in 0.02s
    cube 3604.49 (depth 1, 30 lits): UNSAT in 0.22s
    cube 3604.50 (depth 1, 30 lits): UNSAT in 0.16s
    cube 3604.51 (depth 1, 30 lits): UNSAT in 0.42s
    cube 3604.52 (depth 1, 30 lits): UNSAT in 0.10s
    cube 3604.53 (depth 1, 30 lits): UNSAT in 0.66s
    cube 3604.54 (depth 1, 30 lits): UNSAT in 0.39s
    cube 3604.55 (depth 1, 30 lits): UNSAT in 2.41s
    cube 3604.56 (depth 1, 30 lits): UNSAT in 0.04s
    cube 3604.57 (depth 1, 30 lits): UNSAT in 0.35s
    cube 3604.58 (depth 1, 30 lits): UNSAT in 0.81s
    cube 3604.59 (depth 1, 30 lits): UNSAT in 2.60s
    cube 3604.60 (depth 1, 30 lits): UNSAT in 0.35s
    cube 3604.61 (depth 1, 30 lits): UNSAT in 2.54s
    cube 3604.62 (depth 1, 30 lits): UNSAT in 4.54s
    cube 3604.63 (depth 1, 30 lits): UNSAT in 24.47s
    cube 3610 (depth 0, 24 lits): UNSAT in 32.09s
    cube 3616 (depth 0, 24 lits): UNSAT in 0.03s
    cube 3622 (depth 0, 24 lits): UNSAT in 0.18s
    cube 3628 (depth 0, 24 lits): UNSAT in 2.37s
    cube 3634 (depth 0, 24 lits): UNSAT in 1.00s
    cube 3640 (depth 0, 24 lits): UNSAT in 7.69s
    cube 3646 (depth 0, 24 lits): UNSAT in 0.05s
    cube 3652 (depth 0, 24 lits): UNSAT in 1.80s
    cube 3658 (depth 0, 24 lits): UNSAT in 0.71s
    cube 3664 (depth 0, 24 lits): UNSAT in 1.55s
    cube 3670 (depth 0, 24 lits): UNSAT in 5.99s
    cube 3676 (depth 0, 24 lits): TIMEOUT in 600.10s
    cube 3676 TIMEOUT -> re-split into 64 sub-cubes (depth 1)
    cube 3676.0 (depth 1, 30 lits): UNSAT in 0.02s
    cube 3676.1 (depth 1, 30 lits): UNSAT in 0.04s
    cube 3676.2 (depth 1, 30 lits): UNSAT in 0.03s
    cube 3676.3 (depth 1, 30 lits): UNSAT in 0.15s
    cube 3676.4 (depth 1, 30 lits): UNSAT in 0.03s
    cube 3676.5 (depth 1, 30 lits): UNSAT in 0.09s
    cube 3676.6 (depth 1, 30 lits): UNSAT in 0.27s
    cube 3676.7 (depth 1, 30 lits): UNSAT in 0.46s
    cube 3676.8 (depth 1, 30 lits): UNSAT in 0.02s
    cube 3676.9 (depth 1, 30 lits): UNSAT in 0.05s
    cube 3676.10 (depth 1, 30 lits): UNSAT in 0.09s
    cube 3676.11 (depth 1, 30 lits): UNSAT in 0.27s
    cube 3676.12 (depth 1, 30 lits): UNSAT in 0.16s
    cube 3676.13 (depth 1, 30 lits): UNSAT in 0.34s
    cube 3676.14 (depth 1, 30 lits): UNSAT in 0.38s
    cube 3676.15 (depth 1, 30 lits): UNSAT in 6.43s
    cube 3676.16 (depth 1, 30 lits): UNSAT in 0.03s
    cube 3676.17 (depth 1, 30 lits): UNSAT in 0.07s
    cube 3676.18 (depth 1, 30 lits): UNSAT in 0.13s
    cube 3676.19 (depth 1, 30 lits): UNSAT in 0.62s
    cube 3676.20 (depth 1, 30 lits): UNSAT in 0.12s
    cube 3676.21 (depth 1, 30 lits): UNSAT in 0.39s
    cube 3676.22 (depth 1, 30 lits): UNSAT in 0.33s
    cube 3676.23 (depth 1, 30 lits): UNSAT in 7.36s
    cube 3676.24 (depth 1, 30 lits): UNSAT in 0.69s
    cube 3676.25 (depth 1, 30 lits): UNSAT in 1.62s
    cube 3676.26 (depth 1, 30 lits): UNSAT in 1.91s
    cube 3676.27 (depth 1, 30 lits): UNSAT in 6.30s
    cube 3676.28 (depth 1, 30 lits): UNSAT in 3.26s
    cube 3676.29 (depth 1, 30 lits): UNSAT in 6.46s
    cube 3676.30 (depth 1, 30 lits): UNSAT in 23.98s
    cube 3676.31 (depth 1, 30 lits): UNSAT in 96.31s
    cube 3676.32 (depth 1, 30 lits): UNSAT in 0.03s
    cube 3676.33 (depth 1, 30 lits): UNSAT in 0.03s
    cube 3676.34 (depth 1, 30 lits): UNSAT in 0.03s
    cube 3676.35 (depth 1, 30 lits): UNSAT in 0.06s
    cube 3676.36 (depth 1, 30 lits): UNSAT in 0.02s
    cube 3676.37 (depth 1, 30 lits): UNSAT in 0.05s
    cube 3676.38 (depth 1, 30 lits): UNSAT in 0.13s
    cube 3676.39 (depth 1, 30 lits): UNSAT in 0.92s
    cube 3676.40 (depth 1, 30 lits): UNSAT in 0.02s
    cube 3676.41 (depth 1, 30 lits): UNSAT in 0.07s
    cube 3676.42 (depth 1, 30 lits): UNSAT in 0.12s
    cube 3676.43 (depth 1, 30 lits): UNSAT in 0.25s
    cube 3676.44 (depth 1, 30 lits): UNSAT in 0.16s
    cube 3676.45 (depth 1, 30 lits): UNSAT in 0.25s
    cube 3676.46 (depth 1, 30 lits): UNSAT in 0.73s
    cube 3676.47 (depth 1, 30 lits): UNSAT in 8.71s
    cube 3676.48 (depth 1, 30 lits): UNSAT in 0.02s
    cube 3676.49 (depth 1, 30 lits): UNSAT in 0.09s
    cube 3676.50 (depth 1, 30 lits): UNSAT in 0.26s
    cube 3676.51 (depth 1, 30 lits): UNSAT in 1.26s
    cube 3676.52 (depth 1, 30 lits): UNSAT in 0.15s
    cube 3676.53 (depth 1, 30 lits): UNSAT in 0.35s
    cube 3676.54 (depth 1, 30 lits): UNSAT in 0.50s
    cube 3676.55 (depth 1, 30 lits): UNSAT in 10.43s
    cube 3676.56 (depth 1, 30 lits): UNSAT in 0.46s
    cube 3676.57 (depth 1, 30 lits): UNSAT in 1.82s
    cube 3676.58 (depth 1, 30 lits): UNSAT in 3.10s
    cube 3676.59 (depth 1, 30 lits): UNSAT in 17.96s
    cube 3676.60 (depth 1, 30 lits): UNSAT in 1.24s
    cube 3676.61 (depth 1, 30 lits): UNSAT in 14.24s
    cube 3676.62 (depth 1, 30 lits): UNSAT in 27.94s
    cube 3676.63 (depth 1, 30 lits): UNSAT in 109.17s
    cube 3682 (depth 0, 24 lits): UNSAT in 0.19s
    cube 3688 (depth 0, 24 lits): UNSAT in 1.96s
    cube 3694 (depth 0, 24 lits): UNSAT in 1.20s
    cube 3700 (depth 0, 24 lits): UNSAT in 36.96s
    cube 3706 (depth 0, 24 lits): UNSAT in 24.18s
    cube 3712 (depth 0, 24 lits): UNSAT in 26.35s
    cube 3718 (depth 0, 24 lits): UNSAT in 4.37s
    cube 3724 (depth 0, 24 lits): UNSAT in 117.30s
    cube 3730 (depth 0, 24 lits): UNSAT in 23.21s
    cube 3736 (depth 0, 24 lits): TIMEOUT in 600.10s
    cube 3736 TIMEOUT -> re-split into 64 sub-cubes (depth 1)
    cube 3736.0 (depth 1, 30 lits): UNSAT in 0.03s
    cube 3736.1 (depth 1, 30 lits): UNSAT in 0.04s
    cube 3736.2 (depth 1, 30 lits): UNSAT in 0.03s
    cube 3736.3 (depth 1, 30 lits): UNSAT in 0.11s
    cube 3736.4 (depth 1, 30 lits): UNSAT in 0.02s
    cube 3736.5 (depth 1, 30 lits): UNSAT in 0.04s
    cube 3736.6 (depth 1, 30 lits): UNSAT in 0.10s
    cube 3736.7 (depth 1, 30 lits): UNSAT in 0.73s
    cube 3736.8 (depth 1, 30 lits): UNSAT in 0.06s
    cube 3736.9 (depth 1, 30 lits): UNSAT in 0.15s
    cube 3736.10 (depth 1, 30 lits): UNSAT in 0.08s
    cube 3736.11 (depth 1, 30 lits): UNSAT in 0.68s
    cube 3736.12 (depth 1, 30 lits): UNSAT in 0.14s
    cube 3736.13 (depth 1, 30 lits): UNSAT in 0.56s
    cube 3736.14 (depth 1, 30 lits): UNSAT in 0.92s
    cube 3736.15 (depth 1, 30 lits): UNSAT in 2.37s
    cube 3736.16 (depth 1, 30 lits): UNSAT in 0.04s
    cube 3736.17 (depth 1, 30 lits): UNSAT in 0.11s
    cube 3736.18 (depth 1, 30 lits): UNSAT in 0.58s
    cube 3736.19 (depth 1, 30 lits): UNSAT in 2.49s
    cube 3736.20 (depth 1, 30 lits): UNSAT in 0.12s
    cube 3736.21 (depth 1, 30 lits): UNSAT in 1.55s
    cube 3736.22 (depth 1, 30 lits): UNSAT in 1.73s
    cube 3736.23 (depth 1, 30 lits): UNSAT in 6.07s
    cube 3736.24 (depth 1, 30 lits): UNSAT in 0.21s
    cube 3736.25 (depth 1, 30 lits): UNSAT in 5.78s
    cube 3736.26 (depth 1, 30 lits): UNSAT in 0.77s
    cube 3736.27 (depth 1, 30 lits): UNSAT in 18.85s
    cube 3736.28 (depth 1, 30 lits): UNSAT in 0.67s
    cube 3736.29 (depth 1, 30 lits): UNSAT in 1.76s
    cube 3736.30 (depth 1, 30 lits): UNSAT in 2.12s
    cube 3736.31 (depth 1, 30 lits): UNSAT in 10.95s
    cube 3736.32 (depth 1, 30 lits): UNSAT in 0.01s
    cube 3736.33 (depth 1, 30 lits): UNSAT in 0.02s
    cube 3736.34 (depth 1, 30 lits): UNSAT in 0.03s
    cube 3736.35 (depth 1, 30 lits): UNSAT in 0.06s
    cube 3736.36 (depth 1, 30 lits): UNSAT in 0.05s
    cube 3736.37 (depth 1, 30 lits): UNSAT in 0.03s
    cube 3736.38 (depth 1, 30 lits): UNSAT in 0.06s
    cube 3736.39 (depth 1, 30 lits): UNSAT in 0.43s
    cube 3736.40 (depth 1, 30 lits): UNSAT in 0.02s
    cube 3736.41 (depth 1, 30 lits): UNSAT in 0.23s
    cube 3736.42 (depth 1, 30 lits): UNSAT in 0.36s
    cube 3736.43 (depth 1, 30 lits): UNSAT in 0.93s
    cube 3736.44 (depth 1, 30 lits): UNSAT in 0.69s
    cube 3736.45 (depth 1, 30 lits): UNSAT in 2.29s
    cube 3736.46 (depth 1, 30 lits): UNSAT in 0.39s
    cube 3736.47 (depth 1, 30 lits): UNSAT in 4.65s
    cube 3736.48 (depth 1, 30 lits): UNSAT in 0.05s
    cube 3736.49 (depth 1, 30 lits): UNSAT in 0.18s
    cube 3736.50 (depth 1, 30 lits): UNSAT in 0.29s
    cube 3736.51 (depth 1, 30 lits): UNSAT in 0.60s
    cube 3736.52 (depth 1, 30 lits): UNSAT in 0.34s
    cube 3736.53 (depth 1, 30 lits): UNSAT in 7.46s
    cube 3736.54 (depth 1, 30 lits): UNSAT in 1.47s
    cube 3736.55 (depth 1, 30 lits): UNSAT in 8.64s
    cube 3736.56 (depth 1, 30 lits): UNSAT in 0.10s
    cube 3736.57 (depth 1, 30 lits): UNSAT in 0.22s
    cube 3736.58 (depth 1, 30 lits): UNSAT in 0.23s
    cube 3736.59 (depth 1, 30 lits): UNSAT in 2.16s
    cube 3736.60 (depth 1, 30 lits): UNSAT in 0.34s
    cube 3736.61 (depth 1, 30 lits): UNSAT in 1.86s
    cube 3736.62 (depth 1, 30 lits): UNSAT in 2.87s
    cube 3736.63 (depth 1, 30 lits): UNSAT in 21.85s
    cube 3742 (depth 0, 24 lits): UNSAT in 0.08s
    cube 3748 (depth 0, 24 lits): UNSAT in 2.89s
    cube 3754 (depth 0, 24 lits): UNSAT in 1.50s
    cube 3760 (depth 0, 24 lits): UNSAT in 1.57s
    cube 3766 (depth 0, 24 lits): UNSAT in 1.16s
    cube 3772 (depth 0, 24 lits): UNSAT in 530.61s
    cube 3778 (depth 0, 24 lits): UNSAT in 1.33s
    cube 3784 (depth 0, 24 lits): UNSAT in 239.74s
    cube 3790 (depth 0, 24 lits): UNSAT in 4.02s
    cube 3796 (depth 0, 24 lits): UNSAT in 254.43s
    cube 3802 (depth 0, 24 lits): UNSAT in 345.48s
    cube 3808 (depth 0, 24 lits): UNSAT in 2.73s
    cube 3814 (depth 0, 24 lits): UNSAT in 5.68s
    cube 3820 (depth 0, 24 lits): TIMEOUT in 600.10s
    cube 3820 TIMEOUT -> re-split into 62 sub-cubes (depth 1)
    cube 3820.0 (depth 1, 29 lits): UNSAT in 0.01s
    cube 3820.1 (depth 1, 30 lits): UNSAT in 0.01s
    cube 3820.2 (depth 1, 30 lits): UNSAT in 0.06s
    cube 3820.3 (depth 1, 30 lits): UNSAT in 0.02s
    cube 3820.4 (depth 1, 30 lits): UNSAT in 0.03s
    cube 3820.5 (depth 1, 30 lits): UNSAT in 0.04s
    cube 3820.6 (depth 1, 30 lits): UNSAT in 0.42s
    cube 3820.7 (depth 1, 30 lits): UNSAT in 0.02s
    cube 3820.8 (depth 1, 30 lits): UNSAT in 0.03s
    cube 3820.9 (depth 1, 30 lits): UNSAT in 0.02s
    cube 3820.10 (depth 1, 30 lits): UNSAT in 0.10s
    cube 3820.11 (depth 1, 30 lits): UNSAT in 0.09s
    cube 3820.12 (depth 1, 30 lits): UNSAT in 0.32s
    cube 3820.13 (depth 1, 30 lits): UNSAT in 0.61s
    cube 3820.14 (depth 1, 30 lits): UNSAT in 2.34s
    cube 3820.15 (depth 1, 30 lits): UNSAT in 0.03s
    cube 3820.16 (depth 1, 30 lits): UNSAT in 0.10s
    cube 3820.17 (depth 1, 30 lits): UNSAT in 0.12s
    cube 3820.18 (depth 1, 30 lits): UNSAT in 0.36s
    cube 3820.19 (depth 1, 30 lits): UNSAT in 0.11s
    cube 3820.20 (depth 1, 30 lits): UNSAT in 0.74s
    cube 3820.21 (depth 1, 30 lits): UNSAT in 0.38s
    cube 3820.22 (depth 1, 30 lits): UNSAT in 2.43s
    cube 3820.23 (depth 1, 30 lits): UNSAT in 0.06s
    cube 3820.24 (depth 1, 30 lits): UNSAT in 0.72s
    cube 3820.25 (depth 1, 30 lits): UNSAT in 0.65s
    cube 3820.26 (depth 1, 30 lits): UNSAT in 6.60s
    cube 3820.27 (depth 1, 30 lits): UNSAT in 0.85s
    cube 3820.28 (depth 1, 30 lits): UNSAT in 8.20s
    cube 3820.29 (depth 1, 30 lits): UNSAT in 18.66s
    cube 3820.30 (depth 1, 30 lits): UNSAT in 48.74s
    cube 3820.31 (depth 1, 29 lits): UNSAT in 0.01s
    cube 3820.32 (depth 1, 30 lits): UNSAT in 0.02s
    cube 3820.33 (depth 1, 30 lits): UNSAT in 0.20s
    cube 3820.34 (depth 1, 30 lits): UNSAT in 0.05s
    cube 3820.35 (depth 1, 30 lits): UNSAT in 0.13s
    cube 3820.36 (depth 1, 30 lits): UNSAT in 0.52s
    cube 3820.37 (depth 1, 30 lits): UNSAT in 2.73s
    cube 3820.38 (depth 1, 30 lits): UNSAT in 0.30s
    cube 3820.39 (depth 1, 30 lits): UNSAT in 0.92s
    cube 3820.40 (depth 1, 30 lits): UNSAT in 0.14s
    cube 3820.41 (depth 1, 30 lits): UNSAT in 4.67s
    cube 3820.42 (depth 1, 30 lits): UNSAT in 0.47s
    cube 3820.43 (depth 1, 30 lits): UNSAT in 4.40s
    cube 3820.44 (depth 1, 30 lits): UNSAT in 3.34s
    cube 3820.45 (depth 1, 30 lits): UNSAT in 25.38s
    cube 3820.46 (depth 1, 30 lits): UNSAT in 0.14s
    cube 3820.47 (depth 1, 30 lits): UNSAT in 1.28s
    cube 3820.48 (depth 1, 30 lits): UNSAT in 0.82s
    cube 3820.49 (depth 1, 30 lits): UNSAT in 7.72s
    cube 3820.50 (depth 1, 30 lits): UNSAT in 0.42s
    cube 3820.51 (depth 1, 30 lits): UNSAT in 6.22s
    cube 3820.52 (depth 1, 30 lits): UNSAT in 12.23s
    cube 3820.53 (depth 1, 30 lits): UNSAT in 130.64s
    cube 3820.54 (depth 1, 30 lits): UNSAT in 1.53s
    cube 3820.55 (depth 1, 30 lits): UNSAT in 5.83s
    cube 3820.56 (depth 1, 30 lits): UNSAT in 8.18s
    cube 3820.57 (depth 1, 30 lits): UNSAT in 80.22s
    cube 3820.58 (depth 1, 30 lits): UNSAT in 1.60s
    cube 3820.59 (depth 1, 30 lits): UNSAT in 17.94s
    cube 3820.60 (depth 1, 30 lits): UNSAT in 11.46s
    cube 3820.61 (depth 1, 30 lits): UNSAT in 274.58s
    cube 3826 (depth 0, 24 lits): UNSAT in 44.77s
    cube 3832 (depth 0, 24 lits): UNSAT in 271.31s
    cube 3838 (depth 0, 24 lits): UNSAT in 0.27s
    cube 3844 (depth 0, 24 lits): UNSAT in 33.29s
    cube 3850 (depth 0, 24 lits): UNSAT in 12.41s
    cube 3856 (depth 0, 24 lits): UNSAT in 9.74s
    cube 3862 (depth 0, 24 lits): UNSAT in 22.04s
    cube 3868 (depth 0, 24 lits): TIMEOUT in 600.10s
    cube 3868 TIMEOUT -> re-split into 64 sub-cubes (depth 1)
    cube 3868.0 (depth 1, 30 lits): UNSAT in 0.06s
    cube 3868.1 (depth 1, 30 lits): UNSAT in 0.13s
    cube 3868.2 (depth 1, 30 lits): UNSAT in 0.02s
    cube 3868.3 (depth 1, 30 lits): UNSAT in 0.10s
    cube 3868.4 (depth 1, 30 lits): UNSAT in 0.07s
    cube 3868.5 (depth 1, 30 lits): UNSAT in 0.19s
    cube 3868.6 (depth 1, 30 lits): UNSAT in 0.25s
    cube 3868.7 (depth 1, 30 lits): UNSAT in 4.21s
    cube 3868.8 (depth 1, 30 lits): UNSAT in 0.15s
    cube 3868.9 (depth 1, 30 lits): UNSAT in 0.38s
    cube 3868.10 (depth 1, 30 lits): UNSAT in 0.19s
    cube 3868.11 (depth 1, 30 lits): UNSAT in 2.02s
    cube 3868.12 (depth 1, 30 lits): UNSAT in 0.26s
    cube 3868.13 (depth 1, 30 lits): UNSAT in 1.36s
    cube 3868.14 (depth 1, 30 lits): UNSAT in 1.67s
    cube 3868.15 (depth 1, 30 lits): UNSAT in 35.24s
    cube 3868.16 (depth 1, 30 lits): UNSAT in 0.08s
    cube 3868.17 (depth 1, 30 lits): UNSAT in 0.27s
    cube 3868.18 (depth 1, 30 lits): UNSAT in 0.86s
    cube 3868.19 (depth 1, 30 lits): UNSAT in 6.91s
    cube 3868.20 (depth 1, 30 lits): UNSAT in 0.40s
    cube 3868.21 (depth 1, 30 lits): UNSAT in 2.21s
    cube 3868.22 (depth 1, 30 lits): UNSAT in 2.16s
    cube 3868.23 (depth 1, 30 lits): UNSAT in 14.33s
    cube 3868.24 (depth 1, 30 lits): UNSAT in 0.74s
    cube 3868.25 (depth 1, 30 lits): UNSAT in 5.17s
    cube 3868.26 (depth 1, 30 lits): UNSAT in 2.53s
    cube 3868.27 (depth 1, 30 lits): UNSAT in 21.06s
    cube 3868.28 (depth 1, 30 lits): UNSAT in 2.06s
    cube 3868.29 (depth 1, 30 lits): UNSAT in 11.77s
    cube 3868.30 (depth 1, 30 lits): UNSAT in 6.50s
    cube 3868.31 (depth 1, 30 lits): UNSAT in 83.99s
    cube 3868.32 (depth 1, 30 lits): UNSAT in 0.09s
    cube 3868.33 (depth 1, 30 lits): UNSAT in 0.86s
    cube 3868.34 (depth 1, 30 lits): UNSAT in 0.14s
    cube 3868.35 (depth 1, 30 lits): UNSAT in 3.70s
    cube 3868.36 (depth 1, 30 lits): UNSAT in 0.15s
    cube 3868.37 (depth 1, 30 lits): UNSAT in 3.25s
    cube 3868.38 (depth 1, 30 lits): UNSAT in 2.33s
    cube 3868.39 (depth 1, 30 lits): UNSAT in 57.04s
    cube 3868.40 (depth 1, 30 lits): UNSAT in 0.80s
    cube 3868.41 (depth 1, 30 lits): UNSAT in 7.81s
    cube 3868.42 (depth 1, 30 lits): UNSAT in 1.64s
    cube 3868.43 (depth 1, 30 lits): UNSAT in 23.09s
    cube 3868.44 (depth 1, 30 lits): UNSAT in 3.12s
    cube 3868.45 (depth 1, 30 lits): UNSAT in 29.52s
    cube 3868.46 (depth 1, 30 lits): UNSAT in 15.61s
    cube 3868.47 (depth 1, 30 lits): UNSAT in 140.98s
    cube 3868.48 (depth 1, 30 lits): UNSAT in 0.03s
    cube 3868.49 (depth 1, 30 lits): UNSAT in 0.11s
    cube 3868.50 (depth 1, 30 lits): UNSAT in 0.38s
    cube 3868.51 (depth 1, 30 lits): UNSAT in 3.05s
    cube 3868.52 (depth 1, 30 lits): UNSAT in 0.70s
    cube 3868.53 (depth 1, 30 lits): UNSAT in 3.50s
    cube 3868.54 (depth 1, 30 lits): UNSAT in 1.08s
    cube 3868.55 (depth 1, 30 lits): UNSAT in 21.56s
    cube 3868.56 (depth 1, 30 lits): UNSAT in 0.69s
    cube 3868.57 (depth 1, 30 lits): UNSAT in 15.51s
    cube 3868.58 (depth 1, 30 lits): UNSAT in 4.55s
    cube 3868.59 (depth 1, 30 lits): UNSAT in 49.28s
    cube 3868.60 (depth 1, 30 lits): UNSAT in 4.16s
    cube 3868.61 (depth 1, 30 lits): UNSAT in 40.72s
    cube 3868.62 (depth 1, 30 lits): UNSAT in 13.85s
    cube 3868.63 (depth 1, 30 lits): UNSAT in 356.39s

  shard 4 verdict: UNSAT [parent cube 4058's children only] (645 UNSAT, 0 unresolved) in 14653.5s
