  shard 3/8 (explicit): 33 of 4060 cubes, per-cube cap 120.0s, re-split depth 3
    batch [3212..3404] TIMEOUT in 900.1s -> per-cube fallback
    cube 3212 (depth 0, 12 lits): UNSAT in 0.46s
    cube 3215 (depth 0, 12 lits): UNSAT in 2.41s
    cube 3228 (depth 0, 12 lits): UNSAT in 0.04s
    cube 3231 (depth 0, 12 lits): UNSAT in 0.38s
    cube 3244 (depth 0, 12 lits): UNSAT in 0.05s
    cube 3247 (depth 0, 12 lits): UNSAT in 1.03s
    cube 3260 (depth 0, 12 lits): UNSAT in 0.13s
    cube 3263 (depth 0, 12 lits): UNSAT in 2.77s
    cube 3276 (depth 0, 12 lits): UNSAT in 0.85s
    cube 3279 (depth 0, 12 lits): UNSAT in 43.93s
    cube 3291 (depth 0, 12 lits): TIMEOUT in 120.10s
    cube 3291 TIMEOUT -> re-split into 64 sub-cubes (depth 1)
    cube 3291.0 (depth 1, 18 lits): UNSAT in 0.03s
    cube 3291.1 (depth 1, 18 lits): UNSAT in 0.04s
    cube 3291.2 (depth 1, 18 lits): UNSAT in 0.03s
    cube 3291.3 (depth 1, 18 lits): UNSAT in 0.07s
    cube 3291.4 (depth 1, 18 lits): UNSAT in 0.33s
    cube 3291.5 (depth 1, 18 lits): UNSAT in 0.41s
    cube 3291.6 (depth 1, 18 lits): UNSAT in 0.32s
    cube 3291.7 (depth 1, 18 lits): UNSAT in 2.44s
    cube 3291.8 (depth 1, 18 lits): UNSAT in 0.05s
    cube 3291.9 (depth 1, 18 lits): UNSAT in 0.11s
    cube 3291.10 (depth 1, 18 lits): UNSAT in 0.17s
    cube 3291.11 (depth 1, 18 lits): UNSAT in 0.82s
    cube 3291.12 (depth 1, 18 lits): UNSAT in 0.71s
    cube 3291.13 (depth 1, 18 lits): UNSAT in 0.79s
    cube 3291.14 (depth 1, 18 lits): UNSAT in 1.37s
    cube 3291.15 (depth 1, 18 lits): UNSAT in 11.40s
    cube 3291.16 (depth 1, 18 lits): UNSAT in 0.16s
    cube 3291.17 (depth 1, 18 lits): UNSAT in 0.59s
    cube 3291.18 (depth 1, 18 lits): UNSAT in 0.33s
    cube 3291.19 (depth 1, 18 lits): UNSAT in 1.13s
    cube 3291.20 (depth 1, 18 lits): UNSAT in 0.22s
    cube 3291.21 (depth 1, 18 lits): UNSAT in 0.97s
    cube 3291.22 (depth 1, 18 lits): UNSAT in 1.43s
    cube 3291.23 (depth 1, 18 lits): UNSAT in 9.63s
    cube 3291.24 (depth 1, 18 lits): UNSAT in 0.32s
    cube 3291.25 (depth 1, 18 lits): UNSAT in 1.59s
    cube 3291.26 (depth 1, 18 lits): UNSAT in 0.44s
    cube 3291.27 (depth 1, 18 lits): UNSAT in 5.00s
    cube 3291.28 (depth 1, 18 lits): UNSAT in 1.26s
    cube 3291.29 (depth 1, 18 lits): UNSAT in 10.47s
    cube 3291.30 (depth 1, 18 lits): UNSAT in 9.69s
    cube 3291.31 (depth 1, 18 lits): TIMEOUT in 120.09s
    cube 3291.31 TIMEOUT -> re-split into 64 sub-cubes (depth 2)
    cube 3291.31.0 (depth 2, 24 lits): UNSAT in 0.02s
    cube 3291.31.1 (depth 2, 24 lits): UNSAT in 0.04s
    cube 3291.31.2 (depth 2, 24 lits): UNSAT in 0.02s
    cube 3291.31.3 (depth 2, 24 lits): UNSAT in 0.03s
    cube 3291.31.4 (depth 2, 24 lits): UNSAT in 0.04s
    cube 3291.31.5 (depth 2, 24 lits): UNSAT in 0.06s
    cube 3291.31.6 (depth 2, 24 lits): UNSAT in 0.02s
    cube 3291.31.7 (depth 2, 24 lits): UNSAT in 0.11s
    cube 3291.31.8 (depth 2, 24 lits): UNSAT in 0.02s
    cube 3291.31.9 (depth 2, 24 lits): UNSAT in 0.04s
    cube 3291.31.10 (depth 2, 24 lits): UNSAT in 0.06s
    cube 3291.31.11 (depth 2, 24 lits): UNSAT in 0.06s
    cube 3291.31.12 (depth 2, 24 lits): UNSAT in 0.05s
    cube 3291.31.13 (depth 2, 24 lits): UNSAT in 0.14s
    cube 3291.31.14 (depth 2, 24 lits): UNSAT in 0.33s
    cube 3291.31.15 (depth 2, 24 lits): UNSAT in 1.06s
    cube 3291.31.16 (depth 2, 24 lits): UNSAT in 0.02s
    cube 3291.31.17 (depth 2, 24 lits): UNSAT in 0.04s
    cube 3291.31.18 (depth 2, 24 lits): UNSAT in 0.07s
    cube 3291.31.19 (depth 2, 24 lits): UNSAT in 0.11s
    cube 3291.31.20 (depth 2, 24 lits): UNSAT in 0.04s
    cube 3291.31.21 (depth 2, 24 lits): UNSAT in 0.14s
    cube 3291.31.22 (depth 2, 24 lits): UNSAT in 0.07s
    cube 3291.31.23 (depth 2, 24 lits): UNSAT in 0.29s
    cube 3291.31.24 (depth 2, 24 lits): UNSAT in 0.03s
    cube 3291.31.25 (depth 2, 24 lits): UNSAT in 0.05s
    cube 3291.31.26 (depth 2, 24 lits): UNSAT in 0.09s
    cube 3291.31.27 (depth 2, 24 lits): UNSAT in 0.48s
    cube 3291.31.28 (depth 2, 24 lits): UNSAT in 0.46s
    cube 3291.31.29 (depth 2, 24 lits): UNSAT in 1.01s
    cube 3291.31.30 (depth 2, 24 lits): UNSAT in 0.52s
    cube 3291.31.31 (depth 2, 24 lits): UNSAT in 3.18s
    cube 3291.31.32 (depth 2, 24 lits): UNSAT in 0.03s
    cube 3291.31.33 (depth 2, 24 lits): UNSAT in 0.14s
    cube 3291.31.34 (depth 2, 24 lits): UNSAT in 0.06s
    cube 3291.31.35 (depth 2, 24 lits): UNSAT in 0.34s
    cube 3291.31.36 (depth 2, 24 lits): UNSAT in 0.04s
    cube 3291.31.37 (depth 2, 24 lits): UNSAT in 0.56s
    cube 3291.31.38 (depth 2, 24 lits): UNSAT in 0.12s
    cube 3291.31.39 (depth 2, 24 lits): UNSAT in 2.31s
    cube 3291.31.40 (depth 2, 24 lits): UNSAT in 0.05s
    cube 3291.31.41 (depth 2, 24 lits): UNSAT in 0.08s
    cube 3291.31.42 (depth 2, 24 lits): UNSAT in 0.16s
    cube 3291.31.43 (depth 2, 24 lits): UNSAT in 0.76s
    cube 3291.31.44 (depth 2, 24 lits): UNSAT in 0.24s
    cube 3291.31.45 (depth 2, 24 lits): UNSAT in 0.83s
    cube 3291.31.46 (depth 2, 24 lits): UNSAT in 1.02s
    cube 3291.31.47 (depth 2, 24 lits): UNSAT in 8.35s
    cube 3291.31.48 (depth 2, 24 lits): UNSAT in 0.20s
    cube 3291.31.49 (depth 2, 24 lits): UNSAT in 0.42s
    cube 3291.31.50 (depth 2, 24 lits): UNSAT in 0.12s
    cube 3291.31.51 (depth 2, 24 lits): UNSAT in 3.37s
    cube 3291.31.52 (depth 2, 24 lits): UNSAT in 0.32s
    cube 3291.31.53 (depth 2, 24 lits): UNSAT in 0.65s
    cube 3291.31.54 (depth 2, 24 lits): UNSAT in 0.79s
    cube 3291.31.55 (depth 2, 24 lits): UNSAT in 9.88s
    cube 3291.31.56 (depth 2, 24 lits): UNSAT in 0.57s
    cube 3291.31.57 (depth 2, 24 lits): UNSAT in 2.21s
    cube 3291.31.58 (depth 2, 24 lits): UNSAT in 1.34s
    cube 3291.31.59 (depth 2, 24 lits): UNSAT in 12.57s
    cube 3291.31.60 (depth 2, 24 lits): UNSAT in 0.43s
    cube 3291.31.61 (depth 2, 24 lits): UNSAT in 1.54s
    cube 3291.31.62 (depth 2, 24 lits): UNSAT in 1.26s
    cube 3291.31.63 (depth 2, 24 lits): UNSAT in 9.30s
    cube 3291.32 (depth 1, 18 lits): UNSAT in 0.17s
    cube 3291.33 (depth 1, 18 lits): UNSAT in 0.43s
    cube 3291.34 (depth 1, 18 lits): UNSAT in 0.21s
    cube 3291.35 (depth 1, 18 lits): UNSAT in 2.02s
    cube 3291.36 (depth 1, 18 lits): UNSAT in 0.67s
    cube 3291.37 (depth 1, 18 lits): UNSAT in 2.65s
    cube 3291.38 (depth 1, 18 lits): UNSAT in 3.13s
    cube 3291.39 (depth 1, 18 lits): UNSAT in 34.30s
    cube 3291.40 (depth 1, 18 lits): UNSAT in 0.33s
    cube 3291.41 (depth 1, 18 lits): UNSAT in 2.30s
    cube 3291.42 (depth 1, 18 lits): UNSAT in 1.15s
    cube 3291.43 (depth 1, 18 lits): UNSAT in 55.13s
    cube 3291.44 (depth 1, 18 lits): UNSAT in 0.51s
    cube 3291.45 (depth 1, 18 lits): UNSAT in 4.58s
    cube 3291.46 (depth 1, 18 lits): UNSAT in 14.48s
    cube 3291.47 (depth 1, 18 lits): TIMEOUT in 120.10s
    cube 3291.47 TIMEOUT -> re-split into 64 sub-cubes (depth 2)
    cube 3291.47.0 (depth 2, 24 lits): UNSAT in 0.06s
    cube 3291.47.1 (depth 2, 24 lits): UNSAT in 0.16s
    cube 3291.47.2 (depth 2, 24 lits): UNSAT in 0.07s
    cube 3291.47.3 (depth 2, 24 lits): UNSAT in 0.25s
    cube 3291.47.4 (depth 2, 24 lits): UNSAT in 0.14s
    cube 3291.47.5 (depth 2, 24 lits): UNSAT in 0.31s
    cube 3291.47.6 (depth 2, 24 lits): UNSAT in 0.21s
    cube 3291.47.7 (depth 2, 24 lits): UNSAT in 0.48s
    cube 3291.47.8 (depth 2, 24 lits): UNSAT in 0.04s
    cube 3291.47.9 (depth 2, 24 lits): UNSAT in 0.06s
    cube 3291.47.10 (depth 2, 24 lits): UNSAT in 0.15s
    cube 3291.47.11 (depth 2, 24 lits): UNSAT in 0.37s
    cube 3291.47.12 (depth 2, 24 lits): UNSAT in 0.15s
    cube 3291.47.13 (depth 2, 24 lits): UNSAT in 0.25s
    cube 3291.47.14 (depth 2, 24 lits): UNSAT in 0.32s
    cube 3291.47.15 (depth 2, 24 lits): UNSAT in 0.87s
    cube 3291.47.16 (depth 2, 24 lits): UNSAT in 0.02s
    cube 3291.47.17 (depth 2, 24 lits): UNSAT in 0.04s
    cube 3291.47.18 (depth 2, 24 lits): UNSAT in 0.08s
    cube 3291.47.19 (depth 2, 24 lits): UNSAT in 0.31s
    cube 3291.47.20 (depth 2, 24 lits): UNSAT in 0.10s
    cube 3291.47.21 (depth 2, 24 lits): UNSAT in 0.22s
    cube 3291.47.22 (depth 2, 24 lits): UNSAT in 0.17s
    cube 3291.47.23 (depth 2, 24 lits): UNSAT in 1.52s
    cube 3291.47.24 (depth 2, 24 lits): UNSAT in 0.06s
    cube 3291.47.25 (depth 2, 24 lits): UNSAT in 0.52s
    cube 3291.47.26 (depth 2, 24 lits): UNSAT in 0.71s
    cube 3291.47.27 (depth 2, 24 lits): UNSAT in 1.70s
    cube 3291.47.28 (depth 2, 24 lits): UNSAT in 0.57s
    cube 3291.47.29 (depth 2, 24 lits): UNSAT in 2.31s
    cube 3291.47.30 (depth 2, 24 lits): UNSAT in 0.81s
    cube 3291.47.31 (depth 2, 24 lits): UNSAT in 5.90s
    cube 3291.47.32 (depth 2, 24 lits): UNSAT in 0.01s
    cube 3291.47.33 (depth 2, 24 lits): UNSAT in 0.07s
    cube 3291.47.34 (depth 2, 24 lits): UNSAT in 0.08s
    cube 3291.47.35 (depth 2, 24 lits): UNSAT in 0.22s
    cube 3291.47.36 (depth 2, 24 lits): UNSAT in 0.07s
    cube 3291.47.37 (depth 2, 24 lits): UNSAT in 0.10s
    cube 3291.47.38 (depth 2, 24 lits): UNSAT in 0.08s
    cube 3291.47.39 (depth 2, 24 lits): UNSAT in 0.48s
    cube 3291.47.40 (depth 2, 24 lits): UNSAT in 0.02s
    cube 3291.47.41 (depth 2, 24 lits): UNSAT in 0.07s
    cube 3291.47.42 (depth 2, 24 lits): UNSAT in 0.10s
    cube 3291.47.43 (depth 2, 24 lits): UNSAT in 0.34s
    cube 3291.47.44 (depth 2, 24 lits): UNSAT in 0.50s
    cube 3291.47.45 (depth 2, 24 lits): UNSAT in 1.00s
    cube 3291.47.46 (depth 2, 24 lits): UNSAT in 1.37s
    cube 3291.47.47 (depth 2, 24 lits): UNSAT in 10.89s
    cube 3291.47.48 (depth 2, 24 lits): UNSAT in 0.09s
    cube 3291.47.49 (depth 2, 24 lits): UNSAT in 0.19s
    cube 3291.47.50 (depth 2, 24 lits): UNSAT in 0.31s
    cube 3291.47.51 (depth 2, 24 lits): UNSAT in 1.72s
    cube 3291.47.52 (depth 2, 24 lits): UNSAT in 0.23s
    cube 3291.47.53 (depth 2, 24 lits): UNSAT in 1.94s
    cube 3291.47.54 (depth 2, 24 lits): UNSAT in 1.28s
    cube 3291.47.55 (depth 2, 24 lits): UNSAT in 13.06s
    cube 3291.47.56 (depth 2, 24 lits): UNSAT in 0.38s
    cube 3291.47.57 (depth 2, 24 lits): UNSAT in 3.89s
    cube 3291.47.58 (depth 2, 24 lits): UNSAT in 1.26s
    cube 3291.47.59 (depth 2, 24 lits): UNSAT in 22.32s
    cube 3291.47.60 (depth 2, 24 lits): UNSAT in 1.69s
    cube 3291.47.61 (depth 2, 24 lits): UNSAT in 38.88s
    cube 3291.47.62 (depth 2, 24 lits): UNSAT in 88.01s
    cube 3291.47.63 (depth 2, 24 lits): UNSAT in 44.67s
    cube 3291.48 (depth 1, 18 lits): UNSAT in 0.54s
    cube 3291.49 (depth 1, 18 lits): UNSAT in 8.47s
    cube 3291.50 (depth 1, 18 lits): UNSAT in 3.24s
    cube 3291.51 (depth 1, 18 lits): UNSAT in 42.02s
    cube 3291.52 (depth 1, 18 lits): UNSAT in 1.17s
    cube 3291.53 (depth 1, 18 lits): UNSAT in 9.08s
    cube 3291.54 (depth 1, 18 lits): UNSAT in 13.57s
    cube 3291.55 (depth 1, 18 lits): TIMEOUT in 120.10s
    cube 3291.55 TIMEOUT -> re-split into 64 sub-cubes (depth 2)
    cube 3291.55.0 (depth 2, 24 lits): UNSAT in 0.02s
    cube 3291.55.1 (depth 2, 24 lits): UNSAT in 0.03s
    cube 3291.55.2 (depth 2, 24 lits): UNSAT in 0.03s
    cube 3291.55.3 (depth 2, 24 lits): UNSAT in 0.09s
    cube 3291.55.4 (depth 2, 24 lits): UNSAT in 0.03s
    cube 3291.55.5 (depth 2, 24 lits): UNSAT in 0.06s
    cube 3291.55.6 (depth 2, 24 lits): UNSAT in 0.09s
    cube 3291.55.7 (depth 2, 24 lits): UNSAT in 0.22s
    cube 3291.55.8 (depth 2, 24 lits): UNSAT in 0.07s
    cube 3291.55.9 (depth 2, 24 lits): UNSAT in 0.17s
    cube 3291.55.10 (depth 2, 24 lits): UNSAT in 0.20s
    cube 3291.55.11 (depth 2, 24 lits): UNSAT in 0.39s
    cube 3291.55.12 (depth 2, 24 lits): UNSAT in 0.12s
    cube 3291.55.13 (depth 2, 24 lits): UNSAT in 0.45s
    cube 3291.55.14 (depth 2, 24 lits): UNSAT in 0.61s
    cube 3291.55.15 (depth 2, 24 lits): UNSAT in 1.67s
    cube 3291.55.16 (depth 2, 24 lits): UNSAT in 0.03s
    cube 3291.55.17 (depth 2, 24 lits): UNSAT in 0.07s
    cube 3291.55.18 (depth 2, 24 lits): UNSAT in 0.06s
    cube 3291.55.19 (depth 2, 24 lits): UNSAT in 0.13s
    cube 3291.55.20 (depth 2, 24 lits): UNSAT in 0.06s
    cube 3291.55.21 (depth 2, 24 lits): UNSAT in 0.09s
    cube 3291.55.22 (depth 2, 24 lits): UNSAT in 0.42s
    cube 3291.55.23 (depth 2, 24 lits): UNSAT in 0.87s
    cube 3291.55.24 (depth 2, 24 lits): UNSAT in 0.06s
    cube 3291.55.25 (depth 2, 24 lits): UNSAT in 0.32s
    cube 3291.55.26 (depth 2, 24 lits): UNSAT in 0.21s
    cube 3291.55.27 (depth 2, 24 lits): UNSAT in 1.81s
    cube 3291.55.28 (depth 2, 24 lits): UNSAT in 1.05s
    cube 3291.55.29 (depth 2, 24 lits): UNSAT in 3.46s
    cube 3291.55.30 (depth 2, 24 lits): UNSAT in 0.69s
    cube 3291.55.31 (depth 2, 24 lits): UNSAT in 5.71s
    cube 3291.55.32 (depth 2, 24 lits): UNSAT in 0.03s
    cube 3291.55.33 (depth 2, 24 lits): UNSAT in 0.05s
    cube 3291.55.34 (depth 2, 24 lits): UNSAT in 0.03s
    cube 3291.55.35 (depth 2, 24 lits): UNSAT in 0.09s
    cube 3291.55.36 (depth 2, 24 lits): UNSAT in 0.02s
    cube 3291.55.37 (depth 2, 24 lits): UNSAT in 0.08s
    cube 3291.55.38 (depth 2, 24 lits): UNSAT in 0.05s
    cube 3291.55.39 (depth 2, 24 lits): UNSAT in 0.79s
    cube 3291.55.40 (depth 2, 24 lits): UNSAT in 0.09s
    cube 3291.55.41 (depth 2, 24 lits): UNSAT in 0.26s
    cube 3291.55.42 (depth 2, 24 lits): UNSAT in 0.21s
    cube 3291.55.43 (depth 2, 24 lits): UNSAT in 1.84s
    cube 3291.55.44 (depth 2, 24 lits): UNSAT in 0.31s
    cube 3291.55.45 (depth 2, 24 lits): UNSAT in 1.24s
    cube 3291.55.46 (depth 2, 24 lits): UNSAT in 0.62s
    cube 3291.55.47 (depth 2, 24 lits): UNSAT in 6.41s
    cube 3291.55.48 (depth 2, 24 lits): UNSAT in 0.07s
    cube 3291.55.49 (depth 2, 24 lits): UNSAT in 0.16s
    cube 3291.55.50 (depth 2, 24 lits): UNSAT in 0.05s
    cube 3291.55.51 (depth 2, 24 lits): UNSAT in 1.11s
    cube 3291.55.52 (depth 2, 24 lits): UNSAT in 0.35s
    cube 3291.55.53 (depth 2, 24 lits): UNSAT in 1.93s
    cube 3291.55.54 (depth 2, 24 lits): UNSAT in 1.31s
    cube 3291.55.55 (depth 2, 24 lits): UNSAT in 16.94s
    cube 3291.55.56 (depth 2, 24 lits): UNSAT in 0.12s
    cube 3291.55.57 (depth 2, 24 lits): UNSAT in 1.73s
    cube 3291.55.58 (depth 2, 24 lits): UNSAT in 1.65s
    cube 3291.55.59 (depth 2, 24 lits): UNSAT in 21.92s
    cube 3291.55.60 (depth 2, 24 lits): UNSAT in 2.26s
    cube 3291.55.61 (depth 2, 24 lits): UNSAT in 50.88s
    cube 3291.55.62 (depth 2, 24 lits): UNSAT in 60.64s
    cube 3291.55.63 (depth 2, 24 lits): TIMEOUT in 120.06s
    cube 3291.55.63 TIMEOUT -> re-split into 64 sub-cubes (depth 3)
    cube 3291.55.63.0 (depth 3, 30 lits): UNSAT in 0.01s
    cube 3291.55.63.1 (depth 3, 30 lits): UNSAT in 0.01s
    cube 3291.55.63.2 (depth 3, 30 lits): UNSAT in 0.03s
    cube 3291.55.63.3 (depth 3, 30 lits): UNSAT in 0.05s
    cube 3291.55.63.4 (depth 3, 30 lits): UNSAT in 0.01s
    cube 3291.55.63.5 (depth 3, 30 lits): UNSAT in 0.03s
    cube 3291.55.63.6 (depth 3, 30 lits): UNSAT in 0.04s
    cube 3291.55.63.7 (depth 3, 30 lits): UNSAT in 0.42s
    cube 3291.55.63.8 (depth 3, 30 lits): UNSAT in 0.01s
    cube 3291.55.63.9 (depth 3, 30 lits): UNSAT in 0.02s
    cube 3291.55.63.10 (depth 3, 30 lits): UNSAT in 0.07s
    cube 3291.55.63.11 (depth 3, 30 lits): UNSAT in 0.19s
    cube 3291.55.63.12 (depth 3, 30 lits): UNSAT in 0.03s
    cube 3291.55.63.13 (depth 3, 30 lits): UNSAT in 0.09s
    cube 3291.55.63.14 (depth 3, 30 lits): UNSAT in 0.16s
    cube 3291.55.63.15 (depth 3, 30 lits): UNSAT in 1.48s
    cube 3291.55.63.16 (depth 3, 30 lits): UNSAT in 0.03s
    cube 3291.55.63.17 (depth 3, 30 lits): UNSAT in 0.07s
    cube 3291.55.63.18 (depth 3, 30 lits): UNSAT in 0.10s
    cube 3291.55.63.19 (depth 3, 30 lits): UNSAT in 0.44s
    cube 3291.55.63.20 (depth 3, 30 lits): UNSAT in 0.10s
    cube 3291.55.63.21 (depth 3, 30 lits): UNSAT in 0.30s
    cube 3291.55.63.22 (depth 3, 30 lits): UNSAT in 0.45s
    cube 3291.55.63.23 (depth 3, 30 lits): UNSAT in 1.97s
    cube 3291.55.63.24 (depth 3, 30 lits): UNSAT in 0.07s
    cube 3291.55.63.25 (depth 3, 30 lits): UNSAT in 0.26s
    cube 3291.55.63.26 (depth 3, 30 lits): UNSAT in 0.31s
    cube 3291.55.63.27 (depth 3, 30 lits): UNSAT in 3.31s
    cube 3291.55.63.28 (depth 3, 30 lits): UNSAT in 0.53s
    cube 3291.55.63.29 (depth 3, 30 lits): UNSAT in 4.51s
    cube 3291.55.63.30 (depth 3, 30 lits): UNSAT in 1.98s
    cube 3291.55.63.31 (depth 3, 30 lits): UNSAT in 24.92s
    cube 3291.55.63.32 (depth 3, 30 lits): UNSAT in 0.01s
    cube 3291.55.63.33 (depth 3, 30 lits): UNSAT in 0.01s
    cube 3291.55.63.34 (depth 3, 30 lits): UNSAT in 0.02s
    cube 3291.55.63.35 (depth 3, 30 lits): UNSAT in 0.02s
    cube 3291.55.63.36 (depth 3, 30 lits): UNSAT in 0.01s
    cube 3291.55.63.37 (depth 3, 30 lits): UNSAT in 0.02s
    cube 3291.55.63.38 (depth 3, 30 lits): UNSAT in 0.03s
    cube 3291.55.63.39 (depth 3, 30 lits): UNSAT in 0.07s
    cube 3291.55.63.40 (depth 3, 30 lits): UNSAT in 0.02s
    cube 3291.55.63.41 (depth 3, 30 lits): UNSAT in 0.06s
    cube 3291.55.63.42 (depth 3, 30 lits): UNSAT in 0.05s
    cube 3291.55.63.43 (depth 3, 30 lits): UNSAT in 0.80s
    cube 3291.55.63.44 (depth 3, 30 lits): UNSAT in 0.08s
    cube 3291.55.63.45 (depth 3, 30 lits): UNSAT in 0.27s
    cube 3291.55.63.46 (depth 3, 30 lits): UNSAT in 0.13s
    cube 3291.55.63.47 (depth 3, 30 lits): UNSAT in 1.02s
    cube 3291.55.63.48 (depth 3, 30 lits): UNSAT in 0.03s
    cube 3291.55.63.49 (depth 3, 30 lits): UNSAT in 0.11s
    cube 3291.55.63.50 (depth 3, 30 lits): UNSAT in 0.11s
    cube 3291.55.63.51 (depth 3, 30 lits): UNSAT in 0.55s
    cube 3291.55.63.52 (depth 3, 30 lits): UNSAT in 0.07s
    cube 3291.55.63.53 (depth 3, 30 lits): UNSAT in 0.29s
    cube 3291.55.63.54 (depth 3, 30 lits): UNSAT in 0.69s
    cube 3291.55.63.55 (depth 3, 30 lits): UNSAT in 2.84s
    cube 3291.55.63.56 (depth 3, 30 lits): UNSAT in 0.43s
    cube 3291.55.63.57 (depth 3, 30 lits): UNSAT in 0.92s
    cube 3291.55.63.58 (depth 3, 30 lits): UNSAT in 0.34s
    cube 3291.55.63.59 (depth 3, 30 lits): UNSAT in 2.38s
    cube 3291.55.63.60 (depth 3, 30 lits): UNSAT in 0.32s
    cube 3291.55.63.61 (depth 3, 30 lits): UNSAT in 2.02s
    cube 3291.55.63.62 (depth 3, 30 lits): UNSAT in 0.89s
    cube 3291.55.63.63 (depth 3, 30 lits): UNSAT in 20.18s
    cube 3291.56 (depth 1, 18 lits): UNSAT in 0.16s
    cube 3291.57 (depth 1, 18 lits): UNSAT in 0.55s
    cube 3291.58 (depth 1, 18 lits): UNSAT in 0.39s
    cube 3291.59 (depth 1, 18 lits): UNSAT in 5.75s
    cube 3291.60 (depth 1, 18 lits): UNSAT in 1.25s
    cube 3291.61 (depth 1, 18 lits): UNSAT in 10.93s
    cube 3291.62 (depth 1, 18 lits): UNSAT in 14.88s
    cube 3291.63 (depth 1, 18 lits): TIMEOUT in 120.10s
    cube 3291.63 TIMEOUT -> re-split into 64 sub-cubes (depth 2)
    cube 3291.63.0 (depth 2, 24 lits): UNSAT in 0.01s
    cube 3291.63.1 (depth 2, 24 lits): UNSAT in 0.01s
    cube 3291.63.2 (depth 2, 24 lits): UNSAT in 0.02s
    cube 3291.63.3 (depth 2, 24 lits): UNSAT in 0.05s
    cube 3291.63.4 (depth 2, 24 lits): UNSAT in 0.02s
    cube 3291.63.5 (depth 2, 24 lits): UNSAT in 0.02s
    cube 3291.63.6 (depth 2, 24 lits): UNSAT in 0.02s
    cube 3291.63.7 (depth 2, 24 lits): UNSAT in 0.12s
    cube 3291.63.8 (depth 2, 24 lits): UNSAT in 0.02s
    cube 3291.63.9 (depth 2, 24 lits): UNSAT in 0.01s
    cube 3291.63.10 (depth 2, 24 lits): UNSAT in 0.01s
    cube 3291.63.11 (depth 2, 24 lits): UNSAT in 0.06s
    cube 3291.63.12 (depth 2, 24 lits): UNSAT in 0.03s
    cube 3291.63.13 (depth 2, 24 lits): UNSAT in 0.14s
    cube 3291.63.14 (depth 2, 24 lits): UNSAT in 0.16s
    cube 3291.63.15 (depth 2, 24 lits): UNSAT in 0.73s
    cube 3291.63.16 (depth 2, 24 lits): UNSAT in 0.03s
    cube 3291.63.17 (depth 2, 24 lits): UNSAT in 0.07s
    cube 3291.63.18 (depth 2, 24 lits): UNSAT in 0.10s
    cube 3291.63.19 (depth 2, 24 lits): UNSAT in 0.50s
    cube 3291.63.20 (depth 2, 24 lits): UNSAT in 0.19s
    cube 3291.63.21 (depth 2, 24 lits): UNSAT in 0.16s
    cube 3291.63.22 (depth 2, 24 lits): UNSAT in 0.03s
    cube 3291.63.23 (depth 2, 24 lits): UNSAT in 0.87s
    cube 3291.63.24 (depth 2, 24 lits): UNSAT in 0.06s
    cube 3291.63.25 (depth 2, 24 lits): UNSAT in 0.35s
    cube 3291.63.26 (depth 2, 24 lits): UNSAT in 0.07s
    cube 3291.63.27 (depth 2, 24 lits): UNSAT in 1.92s
    cube 3291.63.28 (depth 2, 24 lits): UNSAT in 0.17s
    cube 3291.63.29 (depth 2, 24 lits): UNSAT in 0.98s
    cube 3291.63.30 (depth 2, 24 lits): UNSAT in 0.71s
    cube 3291.63.31 (depth 2, 24 lits): UNSAT in 4.19s
    cube 3291.63.32 (depth 2, 24 lits): UNSAT in 0.03s
    cube 3291.63.33 (depth 2, 24 lits): UNSAT in 0.04s
    cube 3291.63.34 (depth 2, 24 lits): UNSAT in 0.10s
    cube 3291.63.35 (depth 2, 24 lits): UNSAT in 0.21s
    cube 3291.63.36 (depth 2, 24 lits): UNSAT in 0.05s
    cube 3291.63.37 (depth 2, 24 lits): UNSAT in 0.13s
    cube 3291.63.38 (depth 2, 24 lits): UNSAT in 0.07s
    cube 3291.63.39 (depth 2, 24 lits): UNSAT in 1.07s
    cube 3291.63.40 (depth 2, 24 lits): UNSAT in 0.11s
    cube 3291.63.41 (depth 2, 24 lits): UNSAT in 0.18s
    cube 3291.63.42 (depth 2, 24 lits): UNSAT in 0.41s
    cube 3291.63.43 (depth 2, 24 lits): UNSAT in 1.34s
    cube 3291.63.44 (depth 2, 24 lits): UNSAT in 0.82s
    cube 3291.63.45 (depth 2, 24 lits): UNSAT in 2.53s
    cube 3291.63.46 (depth 2, 24 lits): UNSAT in 1.78s
    cube 3291.63.47 (depth 2, 24 lits): UNSAT in 6.26s
    cube 3291.63.48 (depth 2, 24 lits): UNSAT in 0.04s
    cube 3291.63.49 (depth 2, 24 lits): UNSAT in 0.09s
    cube 3291.63.50 (depth 2, 24 lits): UNSAT in 0.28s
    cube 3291.63.51 (depth 2, 24 lits): UNSAT in 1.09s
    cube 3291.63.52 (depth 2, 24 lits): UNSAT in 0.36s
    cube 3291.63.53 (depth 2, 24 lits): UNSAT in 1.11s
    cube 3291.63.54 (depth 2, 24 lits): UNSAT in 1.73s
    cube 3291.63.55 (depth 2, 24 lits): UNSAT in 18.19s
    cube 3291.63.56 (depth 2, 24 lits): UNSAT in 0.67s
    cube 3291.63.57 (depth 2, 24 lits): UNSAT in 1.86s
    cube 3291.63.58 (depth 2, 24 lits): UNSAT in 1.59s
    cube 3291.63.59 (depth 2, 24 lits): UNSAT in 23.69s
    cube 3291.63.60 (depth 2, 24 lits): UNSAT in 2.14s
    cube 3291.63.61 (depth 2, 24 lits): UNSAT in 27.32s
    cube 3291.63.62 (depth 2, 24 lits): UNSAT in 3.01s
    cube 3291.63.63 (depth 2, 24 lits): UNSAT in 24.49s
    cube 3292 (depth 0, 12 lits): UNSAT in 0.02s
    cube 3295 (depth 0, 12 lits): UNSAT in 0.03s
    cube 3307 (depth 0, 12 lits): UNSAT in 0.50s
    cube 3308 (depth 0, 12 lits): UNSAT in 0.09s
    cube 3311 (depth 0, 12 lits): UNSAT in 0.56s
    cube 3323 (depth 0, 12 lits): UNSAT in 26.28s
    cube 3324 (depth 0, 12 lits): UNSAT in 0.04s
    cube 3327 (depth 0, 12 lits): UNSAT in 0.28s
    cube 3339 (depth 0, 12 lits): UNSAT in 9.89s
    cube 3340 (depth 0, 12 lits): UNSAT in 0.15s
    cube 3343 (depth 0, 12 lits): UNSAT in 2.36s
    cube 3355 (depth 0, 12 lits): TIMEOUT in 120.10s
    cube 3355 TIMEOUT -> re-split into 64 sub-cubes (depth 1)
    cube 3355.0 (depth 1, 18 lits): UNSAT in 0.03s
    cube 3355.1 (depth 1, 18 lits): UNSAT in 0.03s
    cube 3355.2 (depth 1, 18 lits): UNSAT in 0.03s
    cube 3355.3 (depth 1, 18 lits): UNSAT in 0.12s
    cube 3355.4 (depth 1, 18 lits): UNSAT in 0.01s
    cube 3355.5 (depth 1, 18 lits): UNSAT in 0.02s
    cube 3355.6 (depth 1, 18 lits): UNSAT in 0.03s
    cube 3355.7 (depth 1, 18 lits): UNSAT in 0.14s
    cube 3355.8 (depth 1, 18 lits): UNSAT in 0.03s
    cube 3355.9 (depth 1, 18 lits): UNSAT in 0.03s
    cube 3355.10 (depth 1, 18 lits): UNSAT in 0.04s
    cube 3355.11 (depth 1, 18 lits): UNSAT in 0.24s
    cube 3355.12 (depth 1, 18 lits): UNSAT in 0.05s
    cube 3355.13 (depth 1, 18 lits): UNSAT in 0.10s
    cube 3355.14 (depth 1, 18 lits): UNSAT in 0.18s
    cube 3355.15 (depth 1, 18 lits): UNSAT in 0.76s
    cube 3355.16 (depth 1, 18 lits): UNSAT in 0.03s
    cube 3355.17 (depth 1, 18 lits): UNSAT in 0.06s
    cube 3355.18 (depth 1, 18 lits): UNSAT in 0.02s
    cube 3355.19 (depth 1, 18 lits): UNSAT in 0.17s
    cube 3355.20 (depth 1, 18 lits): UNSAT in 0.06s
    cube 3355.21 (depth 1, 18 lits): UNSAT in 0.20s
    cube 3355.22 (depth 1, 18 lits): UNSAT in 0.45s
    cube 3355.23 (depth 1, 18 lits): UNSAT in 0.94s
    cube 3355.24 (depth 1, 18 lits): UNSAT in 0.12s
    cube 3355.25 (depth 1, 18 lits): UNSAT in 0.25s
    cube 3355.26 (depth 1, 18 lits): UNSAT in 0.05s
    cube 3355.27 (depth 1, 18 lits): UNSAT in 1.70s
    cube 3355.28 (depth 1, 18 lits): UNSAT in 0.31s
    cube 3355.29 (depth 1, 18 lits): UNSAT in 0.57s
    cube 3355.30 (depth 1, 18 lits): UNSAT in 2.09s
    cube 3355.31 (depth 1, 18 lits): UNSAT in 11.20s
    cube 3355.32 (depth 1, 18 lits): UNSAT in 0.05s
    cube 3355.33 (depth 1, 18 lits): UNSAT in 0.06s
    cube 3355.34 (depth 1, 18 lits): UNSAT in 0.08s
    cube 3355.35 (depth 1, 18 lits): UNSAT in 0.61s
    cube 3355.36 (depth 1, 18 lits): UNSAT in 0.13s
    cube 3355.37 (depth 1, 18 lits): UNSAT in 0.16s
    cube 3355.38 (depth 1, 18 lits): UNSAT in 0.38s
    cube 3355.39 (depth 1, 18 lits): UNSAT in 0.74s
    cube 3355.40 (depth 1, 18 lits): UNSAT in 0.14s
    cube 3355.41 (depth 1, 18 lits): UNSAT in 0.23s
    cube 3355.42 (depth 1, 18 lits): UNSAT in 0.17s
    cube 3355.43 (depth 1, 18 lits): UNSAT in 1.04s
    cube 3355.44 (depth 1, 18 lits): UNSAT in 0.24s
    cube 3355.45 (depth 1, 18 lits): UNSAT in 0.87s
    cube 3355.46 (depth 1, 18 lits): UNSAT in 0.96s
    cube 3355.47 (depth 1, 18 lits): UNSAT in 10.34s
    cube 3355.48 (depth 1, 18 lits): UNSAT in 0.04s
    cube 3355.49 (depth 1, 18 lits): UNSAT in 0.22s
    cube 3355.50 (depth 1, 18 lits): UNSAT in 0.65s
    cube 3355.51 (depth 1, 18 lits): UNSAT in 1.90s
    cube 3355.52 (depth 1, 18 lits): UNSAT in 0.85s
    cube 3355.53 (depth 1, 18 lits): UNSAT in 3.68s
    cube 3355.54 (depth 1, 18 lits): UNSAT in 3.48s
    cube 3355.55 (depth 1, 18 lits): UNSAT in 38.18s
    cube 3355.56 (depth 1, 18 lits): UNSAT in 0.69s
    cube 3355.57 (depth 1, 18 lits): UNSAT in 3.39s
    cube 3355.58 (depth 1, 18 lits): UNSAT in 1.89s
    cube 3355.59 (depth 1, 18 lits): UNSAT in 19.65s
    cube 3355.60 (depth 1, 18 lits): UNSAT in 0.31s
    cube 3355.61 (depth 1, 18 lits): UNSAT in 5.03s
    cube 3355.62 (depth 1, 18 lits): UNSAT in 3.65s
    cube 3355.63 (depth 1, 18 lits): UNSAT in 27.50s
    cube 3356 (depth 0, 12 lits): UNSAT in 0.04s
    cube 3359 (depth 0, 12 lits): UNSAT in 0.04s
    cube 3371 (depth 0, 12 lits): UNSAT in 13.27s
    cube 3372 (depth 0, 12 lits): UNSAT in 0.11s
    cube 3375 (depth 0, 12 lits): UNSAT in 1.70s
    cube 3387 (depth 0, 12 lits): TIMEOUT in 120.02s
    cube 3387 TIMEOUT -> re-split into 64 sub-cubes (depth 1)
    cube 3387.0 (depth 1, 18 lits): UNSAT in 0.02s
    cube 3387.1 (depth 1, 18 lits): UNSAT in 0.07s
    cube 3387.2 (depth 1, 18 lits): UNSAT in 0.07s
    cube 3387.3 (depth 1, 18 lits): UNSAT in 0.38s
    cube 3387.4 (depth 1, 18 lits): UNSAT in 0.10s
    cube 3387.5 (depth 1, 18 lits): UNSAT in 0.50s
    cube 3387.6 (depth 1, 18 lits): UNSAT in 0.65s
    cube 3387.7 (depth 1, 18 lits): UNSAT in 0.69s
    cube 3387.8 (depth 1, 18 lits): UNSAT in 0.11s
    cube 3387.9 (depth 1, 18 lits): UNSAT in 0.29s
    cube 3387.10 (depth 1, 18 lits): UNSAT in 0.21s
    cube 3387.11 (depth 1, 18 lits): UNSAT in 0.41s
    cube 3387.12 (depth 1, 18 lits): UNSAT in 0.03s
    cube 3387.13 (depth 1, 18 lits): UNSAT in 0.18s
    cube 3387.14 (depth 1, 18 lits): UNSAT in 0.14s
    cube 3387.15 (depth 1, 18 lits): UNSAT in 0.94s
    cube 3387.16 (depth 1, 18 lits): UNSAT in 0.09s
    cube 3387.17 (depth 1, 18 lits): UNSAT in 0.33s
    cube 3387.18 (depth 1, 18 lits): UNSAT in 0.06s
    cube 3387.19 (depth 1, 18 lits): UNSAT in 0.54s
    cube 3387.20 (depth 1, 18 lits): UNSAT in 0.07s
    cube 3387.21 (depth 1, 18 lits): UNSAT in 0.22s
    cube 3387.22 (depth 1, 18 lits): UNSAT in 0.11s
    cube 3387.23 (depth 1, 18 lits): UNSAT in 0.79s
    cube 3387.24 (depth 1, 18 lits): UNSAT in 0.13s
    cube 3387.25 (depth 1, 18 lits): UNSAT in 0.89s
    cube 3387.26 (depth 1, 18 lits): UNSAT in 0.86s
    cube 3387.27 (depth 1, 18 lits): UNSAT in 3.78s
    cube 3387.28 (depth 1, 18 lits): UNSAT in 0.39s
    cube 3387.29 (depth 1, 18 lits): UNSAT in 0.71s
    cube 3387.30 (depth 1, 18 lits): UNSAT in 0.72s
    cube 3387.31 (depth 1, 18 lits): UNSAT in 3.84s
    cube 3387.32 (depth 1, 18 lits): UNSAT in 0.04s
    cube 3387.33 (depth 1, 18 lits): UNSAT in 0.17s
    cube 3387.34 (depth 1, 18 lits): UNSAT in 0.13s
    cube 3387.35 (depth 1, 18 lits): UNSAT in 0.20s
    cube 3387.36 (depth 1, 18 lits): UNSAT in 0.05s
    cube 3387.37 (depth 1, 18 lits): UNSAT in 0.28s
    cube 3387.38 (depth 1, 18 lits): UNSAT in 0.51s
    cube 3387.39 (depth 1, 18 lits): UNSAT in 5.47s
    cube 3387.40 (depth 1, 18 lits): UNSAT in 0.03s
    cube 3387.41 (depth 1, 18 lits): UNSAT in 0.11s
    cube 3387.42 (depth 1, 18 lits): UNSAT in 0.31s
    cube 3387.43 (depth 1, 18 lits): UNSAT in 4.17s
    cube 3387.44 (depth 1, 18 lits): UNSAT in 0.40s
    cube 3387.45 (depth 1, 18 lits): UNSAT in 4.10s
    cube 3387.46 (depth 1, 18 lits): UNSAT in 3.73s
    cube 3387.47 (depth 1, 18 lits): UNSAT in 18.42s
    cube 3387.48 (depth 1, 18 lits): UNSAT in 0.39s
    cube 3387.49 (depth 1, 18 lits): UNSAT in 3.62s
    cube 3387.50 (depth 1, 18 lits): UNSAT in 0.50s
    cube 3387.51 (depth 1, 18 lits): UNSAT in 2.38s
    cube 3387.52 (depth 1, 18 lits): UNSAT in 0.28s
    cube 3387.53 (depth 1, 18 lits): UNSAT in 4.73s
    cube 3387.54 (depth 1, 18 lits): UNSAT in 5.86s
    cube 3387.55 (depth 1, 18 lits): UNSAT in 26.17s
    cube 3387.56 (depth 1, 18 lits): UNSAT in 0.63s
    cube 3387.57 (depth 1, 18 lits): UNSAT in 5.24s
    cube 3387.58 (depth 1, 18 lits): UNSAT in 2.13s
    cube 3387.59 (depth 1, 18 lits): UNSAT in 13.03s
    cube 3387.60 (depth 1, 18 lits): UNSAT in 0.36s
    cube 3387.61 (depth 1, 18 lits): UNSAT in 1.72s
    cube 3387.62 (depth 1, 18 lits): UNSAT in 0.28s
    cube 3387.63 (depth 1, 18 lits): UNSAT in 2.97s
    cube 3388 (depth 0, 12 lits): UNSAT in 0.06s
    cube 3391 (depth 0, 12 lits): UNSAT in 0.91s
    cube 3403 (depth 0, 12 lits): TIMEOUT in 120.03s
    cube 3403 TIMEOUT -> re-split into 64 sub-cubes (depth 1)
    cube 3403.0 (depth 1, 18 lits): UNSAT in 0.02s
    cube 3403.1 (depth 1, 18 lits): UNSAT in 0.04s
    cube 3403.2 (depth 1, 18 lits): UNSAT in 0.03s
    cube 3403.3 (depth 1, 18 lits): UNSAT in 0.06s
    cube 3403.4 (depth 1, 18 lits): UNSAT in 0.02s
    cube 3403.5 (depth 1, 18 lits): UNSAT in 0.05s
    cube 3403.6 (depth 1, 18 lits): UNSAT in 0.08s
    cube 3403.7 (depth 1, 18 lits): UNSAT in 0.14s
    cube 3403.8 (depth 1, 18 lits): UNSAT in 0.02s
    cube 3403.9 (depth 1, 18 lits): UNSAT in 0.08s
    cube 3403.10 (depth 1, 18 lits): UNSAT in 0.07s
    cube 3403.11 (depth 1, 18 lits): UNSAT in 0.15s
    cube 3403.12 (depth 1, 18 lits): UNSAT in 0.17s
    cube 3403.13 (depth 1, 18 lits): UNSAT in 0.16s
    cube 3403.14 (depth 1, 18 lits): UNSAT in 0.34s
    cube 3403.15 (depth 1, 18 lits): UNSAT in 0.19s
    cube 3403.16 (depth 1, 18 lits): UNSAT in 0.04s
    cube 3403.17 (depth 1, 18 lits): UNSAT in 0.13s
    cube 3403.18 (depth 1, 18 lits): UNSAT in 0.03s
    cube 3403.19 (depth 1, 18 lits): UNSAT in 0.16s
    cube 3403.20 (depth 1, 18 lits): UNSAT in 0.02s
    cube 3403.21 (depth 1, 18 lits): UNSAT in 0.05s
    cube 3403.22 (depth 1, 18 lits): UNSAT in 0.08s
    cube 3403.23 (depth 1, 18 lits): UNSAT in 0.31s
    cube 3403.24 (depth 1, 18 lits): UNSAT in 0.14s
    cube 3403.25 (depth 1, 18 lits): UNSAT in 0.30s
    cube 3403.26 (depth 1, 18 lits): UNSAT in 0.32s
    cube 3403.27 (depth 1, 18 lits): UNSAT in 0.45s
    cube 3403.28 (depth 1, 18 lits): UNSAT in 0.50s
    cube 3403.29 (depth 1, 18 lits): UNSAT in 0.43s
    cube 3403.30 (depth 1, 18 lits): UNSAT in 0.60s
    cube 3403.31 (depth 1, 18 lits): UNSAT in 0.42s
    cube 3403.32 (depth 1, 18 lits): UNSAT in 0.05s
    cube 3403.33 (depth 1, 18 lits): UNSAT in 0.12s
    cube 3403.34 (depth 1, 18 lits): UNSAT in 0.09s
    cube 3403.35 (depth 1, 18 lits): UNSAT in 0.76s
    cube 3403.36 (depth 1, 18 lits): UNSAT in 0.09s
    cube 3403.37 (depth 1, 18 lits): UNSAT in 0.41s
    cube 3403.38 (depth 1, 18 lits): UNSAT in 0.35s
    cube 3403.39 (depth 1, 18 lits): UNSAT in 1.53s
    cube 3403.40 (depth 1, 18 lits): UNSAT in 0.11s
    cube 3403.41 (depth 1, 18 lits): UNSAT in 0.18s
    cube 3403.42 (depth 1, 18 lits): UNSAT in 0.32s
    cube 3403.43 (depth 1, 18 lits): UNSAT in 1.05s
    cube 3403.44 (depth 1, 18 lits): UNSAT in 1.28s
    cube 3403.45 (depth 1, 18 lits): UNSAT in 3.00s
    cube 3403.46 (depth 1, 18 lits): UNSAT in 0.81s
    cube 3403.47 (depth 1, 18 lits): UNSAT in 2.54s
    cube 3403.48 (depth 1, 18 lits): UNSAT in 0.04s
    cube 3403.49 (depth 1, 18 lits): UNSAT in 0.26s
    cube 3403.50 (depth 1, 18 lits): UNSAT in 0.29s
    cube 3403.51 (depth 1, 18 lits): UNSAT in 0.49s
    cube 3403.52 (depth 1, 18 lits): UNSAT in 0.25s
    cube 3403.53 (depth 1, 18 lits): UNSAT in 0.48s
    cube 3403.54 (depth 1, 18 lits): UNSAT in 5.16s
    cube 3403.55 (depth 1, 18 lits): UNSAT in 17.07s
    cube 3403.56 (depth 1, 18 lits): UNSAT in 0.29s
    cube 3403.57 (depth 1, 18 lits): UNSAT in 1.71s
    cube 3403.58 (depth 1, 18 lits): UNSAT in 0.77s
    cube 3403.59 (depth 1, 18 lits): UNSAT in 7.48s
    cube 3403.60 (depth 1, 18 lits): UNSAT in 0.14s
    cube 3403.61 (depth 1, 18 lits): UNSAT in 1.32s
    cube 3403.62 (depth 1, 18 lits): UNSAT in 2.96s
    cube 3403.63 (depth 1, 18 lits): UNSAT in 8.38s
    cube 3404 (depth 0, 12 lits): UNSAT in 0.77s

  shard 3 verdict: UNSAT (33 UNSAT, 0 unresolved) in 3462.3s
