  shard 3/6 (round-robin): 616 of 3697 cubes, per-cube cap 600.0s, re-split depth 3
    batch [2403..3597] TIMEOUT in 900.1s -> per-cube fallback
    cube 2403 (depth 0, 24 lits): UNSAT in 0.09s
    cube 2409 (depth 0, 24 lits): UNSAT in 0.42s
    cube 2415 (depth 0, 24 lits): UNSAT in 0.67s
    cube 2421 (depth 0, 24 lits): UNSAT in 0.83s
    cube 2427 (depth 0, 24 lits): UNSAT in 2.22s
    cube 2433 (depth 0, 24 lits): UNSAT in 1.53s
    cube 2439 (depth 0, 24 lits): UNSAT in 0.84s
    cube 2445 (depth 0, 24 lits): UNSAT in 0.03s
    cube 2451 (depth 0, 24 lits): UNSAT in 0.06s
    cube 2457 (depth 0, 24 lits): UNSAT in 0.03s
    cube 2463 (depth 0, 24 lits): UNSAT in 0.11s
    cube 2469 (depth 0, 24 lits): UNSAT in 0.04s
    cube 2475 (depth 0, 24 lits): UNSAT in 0.93s
    cube 2481 (depth 0, 24 lits): UNSAT in 0.07s
    cube 2487 (depth 0, 24 lits): UNSAT in 0.35s
    cube 2493 (depth 0, 24 lits): UNSAT in 0.06s
    cube 2499 (depth 0, 24 lits): UNSAT in 0.97s
    cube 2505 (depth 0, 24 lits): UNSAT in 0.34s
    cube 2511 (depth 0, 22 lits): UNSAT in 0.02s
    cube 2517 (depth 0, 24 lits): UNSAT in 0.06s
    cube 2523 (depth 0, 24 lits): UNSAT in 0.62s
    cube 2529 (depth 0, 24 lits): UNSAT in 0.18s
    cube 2535 (depth 0, 24 lits): UNSAT in 0.86s
    cube 2541 (depth 0, 24 lits): UNSAT in 0.96s
    cube 2547 (depth 0, 24 lits): UNSAT in 1.68s
    cube 2553 (depth 0, 24 lits): UNSAT in 0.31s
    cube 2559 (depth 0, 24 lits): UNSAT in 3.63s
    cube 2565 (depth 0, 24 lits): UNSAT in 6.32s
    cube 2571 (depth 0, 24 lits): UNSAT in 0.13s
    cube 2577 (depth 0, 24 lits): UNSAT in 0.05s
    cube 2583 (depth 0, 24 lits): UNSAT in 0.66s
    cube 2589 (depth 0, 24 lits): UNSAT in 0.06s
    cube 2595 (depth 0, 24 lits): UNSAT in 0.38s
    cube 2601 (depth 0, 24 lits): UNSAT in 0.03s
    cube 2607 (depth 0, 24 lits): UNSAT in 0.44s
    cube 2613 (depth 0, 24 lits): UNSAT in 1.48s
    cube 2619 (depth 0, 24 lits): UNSAT in 4.10s
    cube 2625 (depth 0, 24 lits): UNSAT in 3.25s
    cube 2631 (depth 0, 24 lits): UNSAT in 15.93s
    cube 2637 (depth 0, 24 lits): UNSAT in 0.14s
    cube 2643 (depth 0, 24 lits): UNSAT in 1.08s
    cube 2649 (depth 0, 24 lits): UNSAT in 0.17s
    cube 2655 (depth 0, 24 lits): UNSAT in 4.54s
    cube 2661 (depth 0, 24 lits): UNSAT in 2.09s
    cube 2667 (depth 0, 24 lits): UNSAT in 1.11s
    cube 2673 (depth 0, 24 lits): UNSAT in 5.48s
    cube 2679 (depth 0, 24 lits): UNSAT in 7.77s
    cube 2685 (depth 0, 24 lits): UNSAT in 4.69s
    cube 2691 (depth 0, 24 lits): UNSAT in 16.95s
    cube 2697 (depth 0, 24 lits): UNSAT in 0.01s
    cube 2703 (depth 0, 24 lits): UNSAT in 0.01s
    cube 2709 (depth 0, 24 lits): UNSAT in 0.01s
    cube 2715 (depth 0, 24 lits): UNSAT in 0.03s
    cube 2721 (depth 0, 24 lits): UNSAT in 0.01s
    cube 2727 (depth 0, 24 lits): UNSAT in 0.06s
    cube 2733 (depth 0, 24 lits): UNSAT in 0.02s
    cube 2739 (depth 0, 24 lits): UNSAT in 0.01s
    cube 2745 (depth 0, 24 lits): UNSAT in 0.01s
    cube 2751 (depth 0, 24 lits): UNSAT in 0.02s
    cube 2757 (depth 0, 24 lits): UNSAT in 0.24s
    cube 2763 (depth 0, 24 lits): UNSAT in 0.02s
    cube 2769 (depth 0, 24 lits): UNSAT in 0.02s
    cube 2775 (depth 0, 24 lits): UNSAT in 0.02s
    cube 2781 (depth 0, 24 lits): UNSAT in 0.03s
    cube 2787 (depth 0, 24 lits): UNSAT in 0.01s
    cube 2793 (depth 0, 24 lits): UNSAT in 0.05s
    cube 2799 (depth 0, 24 lits): UNSAT in 0.23s
    cube 2805 (depth 0, 24 lits): UNSAT in 0.02s
    cube 2811 (depth 0, 24 lits): UNSAT in 0.11s
    cube 2817 (depth 0, 24 lits): UNSAT in 0.01s
    cube 2823 (depth 0, 24 lits): UNSAT in 0.01s
    cube 2829 (depth 0, 24 lits): UNSAT in 0.02s
    cube 2835 (depth 0, 24 lits): UNSAT in 0.02s
    cube 2841 (depth 0, 24 lits): UNSAT in 0.07s
    cube 2847 (depth 0, 24 lits): UNSAT in 1.07s
    cube 2853 (depth 0, 24 lits): UNSAT in 0.04s
    cube 2859 (depth 0, 24 lits): UNSAT in 0.03s
    cube 2865 (depth 0, 24 lits): UNSAT in 0.05s
    cube 2871 (depth 0, 24 lits): UNSAT in 0.67s
    cube 2877 (depth 0, 24 lits): UNSAT in 0.24s
    cube 2883 (depth 0, 24 lits): UNSAT in 0.06s
    cube 2889 (depth 0, 24 lits): UNSAT in 0.01s
    cube 2895 (depth 0, 24 lits): UNSAT in 1.46s
    cube 2901 (depth 0, 24 lits): UNSAT in 0.09s
    cube 2907 (depth 0, 24 lits): UNSAT in 0.65s
    cube 2913 (depth 0, 24 lits): UNSAT in 0.10s
    cube 2919 (depth 0, 24 lits): UNSAT in 1.66s
    cube 2925 (depth 0, 24 lits): UNSAT in 1.42s
    cube 2931 (depth 0, 24 lits): UNSAT in 1.65s
    cube 2937 (depth 0, 24 lits): UNSAT in 1.60s
    cube 2943 (depth 0, 24 lits): UNSAT in 13.98s
    cube 2949 (depth 0, 24 lits): UNSAT in 0.01s
    cube 2955 (depth 0, 24 lits): UNSAT in 0.02s
    cube 2961 (depth 0, 24 lits): UNSAT in 0.02s
    cube 2967 (depth 0, 24 lits): UNSAT in 0.05s
    cube 2973 (depth 0, 24 lits): UNSAT in 0.10s
    cube 2979 (depth 0, 24 lits): UNSAT in 0.05s
    cube 2985 (depth 0, 24 lits): UNSAT in 0.04s
    cube 2991 (depth 0, 24 lits): UNSAT in 0.63s
    cube 2997 (depth 0, 24 lits): UNSAT in 0.08s
    cube 3003 (depth 0, 24 lits): UNSAT in 1.33s
    cube 3009 (depth 0, 24 lits): UNSAT in 0.02s
    cube 3015 (depth 0, 24 lits): UNSAT in 0.20s
    cube 3021 (depth 0, 24 lits): UNSAT in 0.06s
    cube 3027 (depth 0, 24 lits): UNSAT in 0.68s
    cube 3033 (depth 0, 24 lits): UNSAT in 0.10s
    cube 3039 (depth 0, 24 lits): UNSAT in 18.28s
    cube 3045 (depth 0, 24 lits): UNSAT in 0.86s
    cube 3051 (depth 0, 24 lits): UNSAT in 1.21s
    cube 3057 (depth 0, 24 lits): UNSAT in 0.16s
    cube 3063 (depth 0, 24 lits): UNSAT in 3.75s
    cube 3069 (depth 0, 24 lits): UNSAT in 2.42s
    cube 3075 (depth 0, 24 lits): UNSAT in 0.03s
    cube 3081 (depth 0, 24 lits): UNSAT in 0.06s
    cube 3087 (depth 0, 24 lits): UNSAT in 0.76s
    cube 3093 (depth 0, 24 lits): UNSAT in 0.70s
    cube 3099 (depth 0, 24 lits): UNSAT in 1.07s
    cube 3105 (depth 0, 24 lits): UNSAT in 0.04s
    cube 3111 (depth 0, 24 lits): UNSAT in 1.04s
    cube 3117 (depth 0, 24 lits): UNSAT in 2.03s
    cube 3123 (depth 0, 24 lits): UNSAT in 1.50s
    cube 3129 (depth 0, 24 lits): UNSAT in 2.04s
    cube 3135 (depth 0, 24 lits): UNSAT in 152.09s
    cube 3141 (depth 0, 24 lits): UNSAT in 0.12s
    cube 3147 (depth 0, 24 lits): UNSAT in 3.04s
    cube 3153 (depth 0, 24 lits): UNSAT in 0.19s
    cube 3159 (depth 0, 24 lits): UNSAT in 9.23s
    cube 3165 (depth 0, 24 lits): UNSAT in 32.58s
    cube 3171 (depth 0, 24 lits): UNSAT in 2.23s
    cube 3177 (depth 0, 24 lits): UNSAT in 5.36s
    cube 3183 (depth 0, 24 lits): TIMEOUT in 600.10s
    cube 3183 TIMEOUT -> re-split into 64 sub-cubes (depth 1)
    cube 3183.0 (depth 1, 30 lits): UNSAT in 0.03s
    cube 3183.1 (depth 1, 30 lits): UNSAT in 0.07s
    cube 3183.2 (depth 1, 30 lits): UNSAT in 0.10s
    cube 3183.3 (depth 1, 30 lits): UNSAT in 0.52s
    cube 3183.4 (depth 1, 30 lits): UNSAT in 0.04s
    cube 3183.5 (depth 1, 30 lits): UNSAT in 0.20s
    cube 3183.6 (depth 1, 30 lits): UNSAT in 0.46s
    cube 3183.7 (depth 1, 30 lits): UNSAT in 3.27s
    cube 3183.8 (depth 1, 30 lits): UNSAT in 0.04s
    cube 3183.9 (depth 1, 30 lits): UNSAT in 0.10s
    cube 3183.10 (depth 1, 30 lits): UNSAT in 0.06s
    cube 3183.11 (depth 1, 30 lits): UNSAT in 0.33s
    cube 3183.12 (depth 1, 30 lits): UNSAT in 0.26s
    cube 3183.13 (depth 1, 30 lits): UNSAT in 0.41s
    cube 3183.14 (depth 1, 30 lits): UNSAT in 0.74s
    cube 3183.15 (depth 1, 30 lits): UNSAT in 4.33s
    cube 3183.16 (depth 1, 30 lits): UNSAT in 0.02s
    cube 3183.17 (depth 1, 30 lits): UNSAT in 0.03s
    cube 3183.18 (depth 1, 30 lits): UNSAT in 0.07s
    cube 3183.19 (depth 1, 30 lits): UNSAT in 0.27s
    cube 3183.20 (depth 1, 30 lits): UNSAT in 0.11s
    cube 3183.21 (depth 1, 30 lits): UNSAT in 0.64s
    cube 3183.22 (depth 1, 30 lits): UNSAT in 0.68s
    cube 3183.23 (depth 1, 30 lits): UNSAT in 6.11s
    cube 3183.24 (depth 1, 30 lits): UNSAT in 0.04s
    cube 3183.25 (depth 1, 30 lits): UNSAT in 0.59s
    cube 3183.26 (depth 1, 30 lits): UNSAT in 0.30s
    cube 3183.27 (depth 1, 30 lits): UNSAT in 3.47s
    cube 3183.28 (depth 1, 30 lits): UNSAT in 2.20s
    cube 3183.29 (depth 1, 30 lits): UNSAT in 5.63s
    cube 3183.30 (depth 1, 30 lits): UNSAT in 8.83s
    cube 3183.31 (depth 1, 30 lits): UNSAT in 17.89s
    cube 3183.32 (depth 1, 30 lits): UNSAT in 0.04s
    cube 3183.33 (depth 1, 30 lits): UNSAT in 0.33s
    cube 3183.34 (depth 1, 30 lits): UNSAT in 0.06s
    cube 3183.35 (depth 1, 30 lits): UNSAT in 1.10s
    cube 3183.36 (depth 1, 30 lits): UNSAT in 0.11s
    cube 3183.37 (depth 1, 30 lits): UNSAT in 0.57s
    cube 3183.38 (depth 1, 30 lits): UNSAT in 1.81s
    cube 3183.39 (depth 1, 30 lits): UNSAT in 3.87s
    cube 3183.40 (depth 1, 30 lits): UNSAT in 0.68s
    cube 3183.41 (depth 1, 30 lits): UNSAT in 2.29s
    cube 3183.42 (depth 1, 30 lits): UNSAT in 1.28s
    cube 3183.43 (depth 1, 30 lits): UNSAT in 8.59s
    cube 3183.44 (depth 1, 30 lits): UNSAT in 3.78s
    cube 3183.45 (depth 1, 30 lits): UNSAT in 12.89s
    cube 3183.46 (depth 1, 30 lits): UNSAT in 30.22s
    cube 3183.47 (depth 1, 30 lits): UNSAT in 68.35s
    cube 3183.48 (depth 1, 30 lits): UNSAT in 0.42s
    cube 3183.49 (depth 1, 30 lits): UNSAT in 1.26s
    cube 3183.50 (depth 1, 30 lits): UNSAT in 0.72s
    cube 3183.51 (depth 1, 30 lits): UNSAT in 10.13s
    cube 3183.52 (depth 1, 30 lits): UNSAT in 3.43s
    cube 3183.53 (depth 1, 30 lits): UNSAT in 17.29s
    cube 3183.54 (depth 1, 30 lits): UNSAT in 26.29s
    cube 3183.55 (depth 1, 30 lits): UNSAT in 164.87s
    cube 3183.56 (depth 1, 30 lits): UNSAT in 1.39s
    cube 3183.57 (depth 1, 30 lits): UNSAT in 18.84s
    cube 3183.58 (depth 1, 30 lits): UNSAT in 22.19s
    cube 3183.59 (depth 1, 30 lits): UNSAT in 181.41s
    cube 3183.60 (depth 1, 30 lits): UNSAT in 1.93s
    cube 3183.61 (depth 1, 30 lits): UNSAT in 12.93s
    cube 3183.62 (depth 1, 30 lits): UNSAT in 42.91s
    cube 3183.63 (depth 1, 30 lits): UNSAT in 301.60s
    cube 3189 (depth 0, 24 lits): UNSAT in 76.28s
    cube 3195 (depth 0, 24 lits): UNSAT in 38.96s
    cube 3201 (depth 0, 24 lits): UNSAT in 0.01s
    cube 3207 (depth 0, 24 lits): UNSAT in 0.02s
    cube 3213 (depth 0, 24 lits): UNSAT in 0.01s
    cube 3219 (depth 0, 24 lits): UNSAT in 0.01s
    cube 3225 (depth 0, 24 lits): UNSAT in 0.01s
    cube 3231 (depth 0, 24 lits): UNSAT in 0.02s
    cube 3237 (depth 0, 24 lits): UNSAT in 0.01s
    cube 3243 (depth 0, 24 lits): UNSAT in 0.01s
    cube 3249 (depth 0, 24 lits): UNSAT in 0.03s
    cube 3255 (depth 0, 24 lits): UNSAT in 0.04s
    cube 3261 (depth 0, 24 lits): UNSAT in 0.02s
    cube 3267 (depth 0, 24 lits): UNSAT in 0.08s
    cube 3273 (depth 0, 24 lits): UNSAT in 0.02s
    cube 3279 (depth 0, 24 lits): UNSAT in 0.14s
    cube 3285 (depth 0, 24 lits): UNSAT in 0.07s
    cube 3291 (depth 0, 24 lits): UNSAT in 0.02s
    cube 3297 (depth 0, 24 lits): UNSAT in 0.03s
    cube 3303 (depth 0, 24 lits): UNSAT in 0.85s
    cube 3309 (depth 0, 24 lits): UNSAT in 0.07s
    cube 3315 (depth 0, 24 lits): UNSAT in 5.76s
    cube 3321 (depth 0, 24 lits): UNSAT in 0.02s
    cube 3327 (depth 0, 24 lits): UNSAT in 0.02s
    cube 3333 (depth 0, 24 lits): UNSAT in 0.03s
    cube 3339 (depth 0, 24 lits): UNSAT in 0.09s
    cube 3345 (depth 0, 24 lits): UNSAT in 0.07s
    cube 3351 (depth 0, 24 lits): UNSAT in 0.01s
    cube 3357 (depth 0, 24 lits): UNSAT in 0.04s
    cube 3363 (depth 0, 24 lits): UNSAT in 0.02s
    cube 3369 (depth 0, 24 lits): UNSAT in 0.06s
    cube 3375 (depth 0, 24 lits): UNSAT in 0.09s
    cube 3381 (depth 0, 24 lits): UNSAT in 1.32s
    cube 3387 (depth 0, 24 lits): UNSAT in 0.04s
    cube 3393 (depth 0, 24 lits): UNSAT in 0.02s
    cube 3399 (depth 0, 24 lits): UNSAT in 0.05s
    cube 3405 (depth 0, 24 lits): UNSAT in 0.19s
    cube 3411 (depth 0, 24 lits): UNSAT in 0.16s
    cube 3417 (depth 0, 24 lits): UNSAT in 0.23s
    cube 3423 (depth 0, 24 lits): UNSAT in 0.05s
    cube 3429 (depth 0, 24 lits): UNSAT in 1.91s
    cube 3435 (depth 0, 24 lits): UNSAT in 0.24s
    cube 3441 (depth 0, 24 lits): UNSAT in 3.01s
    cube 3447 (depth 0, 22 lits): UNSAT in 0.01s
    cube 3453 (depth 0, 23 lits): UNSAT in 0.02s
    cube 3459 (depth 0, 24 lits): UNSAT in 0.02s
    cube 3465 (depth 0, 24 lits): UNSAT in 0.03s
    cube 3471 (depth 0, 24 lits): UNSAT in 0.29s
    cube 3477 (depth 0, 24 lits): UNSAT in 0.02s
    cube 3483 (depth 0, 24 lits): UNSAT in 0.02s
    cube 3489 (depth 0, 24 lits): UNSAT in 0.05s
    cube 3495 (depth 0, 24 lits): UNSAT in 0.10s
    cube 3501 (depth 0, 24 lits): UNSAT in 0.32s
    cube 3507 (depth 0, 24 lits): UNSAT in 0.07s
    cube 3513 (depth 0, 24 lits): UNSAT in 0.03s
    cube 3519 (depth 0, 24 lits): UNSAT in 0.20s
    cube 3525 (depth 0, 24 lits): UNSAT in 0.04s
    cube 3531 (depth 0, 24 lits): UNSAT in 0.09s
    cube 3537 (depth 0, 24 lits): UNSAT in 0.04s
    cube 3543 (depth 0, 24 lits): UNSAT in 0.41s
    cube 3549 (depth 0, 24 lits): UNSAT in 0.18s
    cube 3555 (depth 0, 24 lits): UNSAT in 0.20s
    cube 3561 (depth 0, 24 lits): UNSAT in 0.36s
    cube 3567 (depth 0, 24 lits): UNSAT in 2.01s
    cube 3573 (depth 0, 24 lits): UNSAT in 0.07s
    cube 3579 (depth 0, 24 lits): UNSAT in 0.03s
    cube 3585 (depth 0, 24 lits): UNSAT in 0.03s
    cube 3591 (depth 0, 24 lits): UNSAT in 0.57s
    cube 3597 (depth 0, 24 lits): UNSAT in 0.46s

  shard 3 verdict: UNSAT [parent cube 4043's children only] (616 UNSAT, 0 unresolved) in 3119.6s
