
=== attacking pdw(2;3,28); AKS conjectured (p,q)=(728,743) ===
  bracketing p ...
    probe n=727: TIMEOUT in 1800.004s
    probe n=729: TIMEOUT in 1800.004s
    probe n=726: TIMEOUT in 1800.009s
    probe n=725: SAT in 830.336s witness_ok=True palindrome=True
    probe n=724: SAT in 972.890s witness_ok=True palindrome=True
    probe n=723: SAT in 743.813s witness_ok=True palindrome=True
    probe n=722: SAT in 164.101s witness_ok=True palindrome=True
    probe n=721: SAT in 605.287s witness_ok=True palindrome=True
    probe n=720: SAT in 103.845s witness_ok=True palindrome=True
    probe n=719: SAT in 1059.501s witness_ok=True palindrome=True
    probe n=718: SAT in 862.335s witness_ok=True palindrome=True
    probe n=717: SAT in 1596.290s witness_ok=True palindrome=True
  bracketing q ...
    probe n=742: TIMEOUT in 1800.007s
    probe n=744: TIMEOUT in 1800.002s
    probe n=741: TIMEOUT in 1800.007s
    probe n=740: SAT in 713.532s witness_ok=True palindrome=True
    probe n=739: TIMEOUT in 1800.013s
