  shard 1/2 (explicit): 1 of 3556 cubes, per-cube cap 10000.0s, re-split depth 3
    batch [3555..3555] TIMEOUT in 900.0s -> per-cube fallback
    cube 3555 (depth 0, 24 lits): TIMEOUT in 10000.03s
    cube 3555 TIMEOUT -> re-split into 64 sub-cubes (depth 1)
    cube 3555.0 (depth 1, 30 lits): UNSAT in 0.03s
    cube 3555.1 (depth 1, 30 lits): UNSAT in 0.10s
    cube 3555.2 (depth 1, 30 lits): UNSAT in 0.39s
    cube 3555.3 (depth 1, 30 lits): UNSAT in 1.12s
    cube 3555.4 (depth 1, 30 lits): UNSAT in 0.15s
    cube 3555.5 (depth 1, 30 lits): UNSAT in 0.81s
    cube 3555.6 (depth 1, 30 lits): UNSAT in 1.09s
    cube 3555.7 (depth 1, 30 lits): UNSAT in 3.15s
    cube 3555.8 (depth 1, 30 lits): UNSAT in 0.21s
    cube 3555.9 (depth 1, 30 lits): UNSAT in 0.48s
    cube 3555.10 (depth 1, 30 lits): UNSAT in 1.26s
    cube 3555.11 (depth 1, 30 lits): UNSAT in 3.90s
    cube 3555.12 (depth 1, 30 lits): UNSAT in 0.13s
    cube 3555.13 (depth 1, 30 lits): UNSAT in 1.22s
    cube 3555.14 (depth 1, 30 lits): UNSAT in 1.53s
    cube 3555.15 (depth 1, 30 lits): UNSAT in 66.30s
    cube 3555.16 (depth 1, 30 lits): UNSAT in 0.08s
    cube 3555.17 (depth 1, 30 lits): UNSAT in 0.76s
    cube 3555.18 (depth 1, 30 lits): UNSAT in 0.36s
    cube 3555.19 (depth 1, 30 lits): UNSAT in 2.23s
    cube 3555.20 (depth 1, 30 lits): UNSAT in 0.40s
    cube 3555.21 (depth 1, 30 lits): UNSAT in 2.02s
    cube 3555.22 (depth 1, 30 lits): UNSAT in 1.80s
    cube 3555.23 (depth 1, 30 lits): UNSAT in 27.22s
    cube 3555.24 (depth 1, 30 lits): UNSAT in 0.64s
    cube 3555.25 (depth 1, 30 lits): UNSAT in 1.24s
    cube 3555.26 (depth 1, 30 lits): UNSAT in 1.04s
    cube 3555.27 (depth 1, 30 lits): UNSAT in 23.63s
    cube 3555.28 (depth 1, 30 lits): UNSAT in 4.10s
    cube 3555.29 (depth 1, 30 lits): UNSAT in 30.48s
    cube 3555.30 (depth 1, 30 lits): UNSAT in 18.29s
    cube 3555.31 (depth 1, 30 lits): UNSAT in 3388.15s
    cube 3555.32 (depth 1, 30 lits): UNSAT in 0.03s
    cube 3555.33 (depth 1, 30 lits): UNSAT in 0.10s
    cube 3555.34 (depth 1, 30 lits): UNSAT in 0.18s
    cube 3555.35 (depth 1, 30 lits): UNSAT in 0.98s
    cube 3555.36 (depth 1, 30 lits): UNSAT in 0.08s
    cube 3555.37 (depth 1, 30 lits): UNSAT in 0.30s
    cube 3555.38 (depth 1, 30 lits): UNSAT in 0.45s
    cube 3555.39 (depth 1, 30 lits): UNSAT in 4.43s
    cube 3555.40 (depth 1, 30 lits): UNSAT in 0.07s
    cube 3555.41 (depth 1, 30 lits): UNSAT in 0.99s
    cube 3555.42 (depth 1, 30 lits): UNSAT in 2.54s
    cube 3555.43 (depth 1, 30 lits): UNSAT in 13.86s
    cube 3555.44 (depth 1, 30 lits): UNSAT in 0.19s
    cube 3555.45 (depth 1, 30 lits): UNSAT in 1.11s
    cube 3555.46 (depth 1, 30 lits): UNSAT in 4.32s
    cube 3555.47 (depth 1, 30 lits): UNSAT in 133.26s
    cube 3555.48 (depth 1, 30 lits): UNSAT in 0.14s
    cube 3555.49 (depth 1, 30 lits): UNSAT in 0.40s
    cube 3555.50 (depth 1, 30 lits): UNSAT in 0.25s
    cube 3555.51 (depth 1, 30 lits): UNSAT in 3.75s
    cube 3555.52 (depth 1, 30 lits): UNSAT in 0.96s
    cube 3555.53 (depth 1, 30 lits): UNSAT in 3.79s
    cube 3555.54 (depth 1, 30 lits): UNSAT in 2.72s
    cube 3555.55 (depth 1, 30 lits): UNSAT in 23.66s
    cube 3555.56 (depth 1, 30 lits): UNSAT in 0.45s
    cube 3555.57 (depth 1, 30 lits): UNSAT in 1.44s
    cube 3555.58 (depth 1, 30 lits): UNSAT in 0.66s
    cube 3555.59 (depth 1, 30 lits): UNSAT in 7.71s
    cube 3555.60 (depth 1, 30 lits): UNSAT in 8.53s
    cube 3555.61 (depth 1, 30 lits): UNSAT in 32.16s
    cube 3555.62 (depth 1, 30 lits): UNSAT in 10.10s
    cube 3555.63 (depth 1, 30 lits): UNSAT in 4771.30s

  shard 1 verdict: UNSAT [parent cube 2780's children only] (1 UNSAT, 0 unresolved) in 19516.4s
