  shard 4/6 (round-robin): 595 of 3572 cubes, per-cube cap 600.0s, re-split depth 3
    batch [1204..2398] TIMEOUT in 900.0s -> per-cube fallback
    cube 1204 (depth 0, 24 lits): UNSAT in 0.01s
    cube 1210 (depth 0, 24 lits): UNSAT in 0.06s
    cube 1216 (depth 0, 24 lits): UNSAT in 0.02s
    cube 1222 (depth 0, 24 lits): UNSAT in 0.02s
    cube 1228 (depth 0, 24 lits): UNSAT in 0.06s
    cube 1234 (depth 0, 24 lits): UNSAT in 0.01s
    cube 1240 (depth 0, 23 lits): UNSAT in 0.01s
    cube 1246 (depth 0, 24 lits): UNSAT in 0.07s
    cube 1252 (depth 0, 24 lits): UNSAT in 0.12s
    cube 1258 (depth 0, 24 lits): UNSAT in 0.06s
    cube 1264 (depth 0, 24 lits): UNSAT in 1.64s
    cube 1270 (depth 0, 24 lits): UNSAT in 0.03s
    cube 1276 (depth 0, 24 lits): UNSAT in 0.01s
    cube 1282 (depth 0, 24 lits): UNSAT in 0.05s
    cube 1288 (depth 0, 24 lits): UNSAT in 0.08s
    cube 1294 (depth 0, 24 lits): UNSAT in 0.13s
    cube 1300 (depth 0, 24 lits): UNSAT in 0.04s
    cube 1306 (depth 0, 24 lits): UNSAT in 0.12s
    cube 1312 (depth 0, 24 lits): UNSAT in 0.02s
    cube 1318 (depth 0, 24 lits): UNSAT in 0.91s
    cube 1324 (depth 0, 24 lits): UNSAT in 1.04s
    cube 1330 (depth 0, 24 lits): UNSAT in 0.02s
    cube 1336 (depth 0, 24 lits): UNSAT in 0.02s
    cube 1342 (depth 0, 24 lits): UNSAT in 0.01s
    cube 1348 (depth 0, 24 lits): UNSAT in 0.02s
    cube 1354 (depth 0, 24 lits): UNSAT in 0.36s
    cube 1360 (depth 0, 24 lits): UNSAT in 0.05s
    cube 1366 (depth 0, 24 lits): UNSAT in 0.03s
    cube 1372 (depth 0, 24 lits): UNSAT in 0.06s
    cube 1378 (depth 0, 24 lits): UNSAT in 0.04s
    cube 1384 (depth 0, 24 lits): UNSAT in 0.43s
    cube 1390 (depth 0, 24 lits): UNSAT in 0.04s
    cube 1396 (depth 0, 24 lits): UNSAT in 0.03s
    cube 1402 (depth 0, 24 lits): UNSAT in 0.09s
    cube 1408 (depth 0, 24 lits): UNSAT in 0.19s
    cube 1414 (depth 0, 24 lits): UNSAT in 0.98s
    cube 1420 (depth 0, 24 lits): UNSAT in 0.05s
    cube 1426 (depth 0, 24 lits): UNSAT in 0.08s
    cube 1432 (depth 0, 24 lits): UNSAT in 0.14s
    cube 1438 (depth 0, 24 lits): UNSAT in 0.96s
    cube 1444 (depth 0, 24 lits): UNSAT in 3.50s
    cube 1450 (depth 0, 24 lits): UNSAT in 0.03s
    cube 1456 (depth 0, 24 lits): UNSAT in 0.01s
    cube 1462 (depth 0, 24 lits): UNSAT in 0.02s
    cube 1468 (depth 0, 24 lits): UNSAT in 0.04s
    cube 1474 (depth 0, 22 lits): UNSAT in 0.01s
    cube 1480 (depth 0, 24 lits): UNSAT in 0.02s
    cube 1486 (depth 0, 24 lits): UNSAT in 0.06s
    cube 1492 (depth 0, 24 lits): UNSAT in 0.10s
    cube 1498 (depth 0, 24 lits): UNSAT in 0.16s
    cube 1504 (depth 0, 24 lits): UNSAT in 0.02s
    cube 1510 (depth 0, 24 lits): UNSAT in 0.03s
    cube 1516 (depth 0, 24 lits): UNSAT in 0.08s
    cube 1522 (depth 0, 24 lits): UNSAT in 0.02s
    cube 1528 (depth 0, 24 lits): UNSAT in 0.84s
    cube 1534 (depth 0, 24 lits): UNSAT in 0.03s
    cube 1540 (depth 0, 24 lits): UNSAT in 0.46s
    cube 1546 (depth 0, 24 lits): UNSAT in 0.45s
    cube 1552 (depth 0, 24 lits): UNSAT in 0.14s
    cube 1558 (depth 0, 24 lits): UNSAT in 1.34s
    cube 1564 (depth 0, 24 lits): UNSAT in 21.74s
    cube 1570 (depth 0, 24 lits): UNSAT in 0.02s
    cube 1576 (depth 0, 24 lits): UNSAT in 0.01s
    cube 1582 (depth 0, 24 lits): UNSAT in 0.01s
    cube 1588 (depth 0, 24 lits): UNSAT in 0.02s
    cube 1594 (depth 0, 24 lits): UNSAT in 0.06s
    cube 1600 (depth 0, 24 lits): UNSAT in 0.01s
    cube 1606 (depth 0, 24 lits): UNSAT in 0.04s
    cube 1612 (depth 0, 24 lits): UNSAT in 0.07s
    cube 1618 (depth 0, 24 lits): UNSAT in 0.19s
    cube 1624 (depth 0, 24 lits): UNSAT in 2.38s
    cube 1630 (depth 0, 24 lits): UNSAT in 0.05s
    cube 1636 (depth 0, 24 lits): UNSAT in 0.02s
    cube 1642 (depth 0, 24 lits): UNSAT in 0.18s
    cube 1648 (depth 0, 24 lits): UNSAT in 0.12s
    cube 1654 (depth 0, 24 lits): UNSAT in 0.82s
    cube 1660 (depth 0, 24 lits): UNSAT in 0.15s
    cube 1666 (depth 0, 24 lits): UNSAT in 0.37s
    cube 1672 (depth 0, 24 lits): UNSAT in 0.03s
    cube 1678 (depth 0, 24 lits): UNSAT in 5.10s
    cube 1684 (depth 0, 24 lits): UNSAT in 0.56s
    cube 1690 (depth 0, 24 lits): UNSAT in 106.04s
    cube 1696 (depth 0, 24 lits): UNSAT in 0.05s
    cube 1702 (depth 0, 24 lits): UNSAT in 0.12s
    cube 1708 (depth 0, 24 lits): UNSAT in 0.05s
    cube 1714 (depth 0, 24 lits): UNSAT in 0.28s
    cube 1720 (depth 0, 24 lits): UNSAT in 2.70s
    cube 1726 (depth 0, 24 lits): UNSAT in 0.27s
    cube 1732 (depth 0, 24 lits): UNSAT in 0.60s
    cube 1738 (depth 0, 24 lits): UNSAT in 7.06s
    cube 1744 (depth 0, 24 lits): UNSAT in 0.26s
    cube 1750 (depth 0, 24 lits): UNSAT in 26.99s
    cube 1756 (depth 0, 24 lits): UNSAT in 0.11s
    cube 1762 (depth 0, 24 lits): UNSAT in 3.09s
    cube 1768 (depth 0, 24 lits): UNSAT in 1.09s
    cube 1774 (depth 0, 24 lits): UNSAT in 10.12s
    cube 1780 (depth 0, 24 lits): UNSAT in 0.20s
    cube 1786 (depth 0, 24 lits): UNSAT in 251.12s
    cube 1792 (depth 0, 24 lits): UNSAT in 0.39s
    cube 1798 (depth 0, 24 lits): UNSAT in 17.21s
    cube 1804 (depth 0, 24 lits): UNSAT in 2.74s
    cube 1810 (depth 0, 24 lits): TIMEOUT in 600.01s
    cube 1810 TIMEOUT -> re-split into 64 sub-cubes (depth 1)
    cube 1810.0 (depth 1, 30 lits): UNSAT in 0.03s
    cube 1810.1 (depth 1, 30 lits): UNSAT in 0.04s
    cube 1810.2 (depth 1, 30 lits): UNSAT in 0.04s
    cube 1810.3 (depth 1, 30 lits): UNSAT in 0.23s
    cube 1810.4 (depth 1, 30 lits): UNSAT in 0.03s
    cube 1810.5 (depth 1, 30 lits): UNSAT in 0.09s
    cube 1810.6 (depth 1, 30 lits): UNSAT in 0.39s
    cube 1810.7 (depth 1, 30 lits): UNSAT in 2.73s
    cube 1810.8 (depth 1, 30 lits): UNSAT in 0.02s
    cube 1810.9 (depth 1, 30 lits): UNSAT in 0.06s
    cube 1810.10 (depth 1, 30 lits): UNSAT in 0.14s
    cube 1810.11 (depth 1, 30 lits): UNSAT in 0.35s
    cube 1810.12 (depth 1, 30 lits): UNSAT in 0.11s
    cube 1810.13 (depth 1, 30 lits): UNSAT in 0.36s
    cube 1810.14 (depth 1, 30 lits): UNSAT in 0.25s
    cube 1810.15 (depth 1, 30 lits): UNSAT in 1.89s
    cube 1810.16 (depth 1, 30 lits): UNSAT in 0.01s
    cube 1810.17 (depth 1, 30 lits): UNSAT in 0.02s
    cube 1810.18 (depth 1, 30 lits): UNSAT in 0.05s
    cube 1810.19 (depth 1, 30 lits): UNSAT in 0.20s
    cube 1810.20 (depth 1, 30 lits): UNSAT in 0.10s
    cube 1810.21 (depth 1, 30 lits): UNSAT in 0.28s
    cube 1810.22 (depth 1, 30 lits): UNSAT in 0.67s
    cube 1810.23 (depth 1, 30 lits): UNSAT in 2.90s
    cube 1810.24 (depth 1, 30 lits): UNSAT in 0.03s
    cube 1810.25 (depth 1, 30 lits): UNSAT in 0.05s
    cube 1810.26 (depth 1, 30 lits): UNSAT in 0.07s
    cube 1810.27 (depth 1, 30 lits): UNSAT in 0.25s
    cube 1810.28 (depth 1, 30 lits): UNSAT in 0.58s
    cube 1810.29 (depth 1, 30 lits): UNSAT in 1.62s
    cube 1810.30 (depth 1, 30 lits): UNSAT in 0.50s
    cube 1810.31 (depth 1, 30 lits): UNSAT in 8.97s
    cube 1810.32 (depth 1, 30 lits): UNSAT in 0.04s
    cube 1810.33 (depth 1, 30 lits): UNSAT in 0.08s
    cube 1810.34 (depth 1, 30 lits): UNSAT in 0.03s
    cube 1810.35 (depth 1, 30 lits): UNSAT in 0.16s
    cube 1810.36 (depth 1, 30 lits): UNSAT in 0.04s
    cube 1810.37 (depth 1, 30 lits): UNSAT in 0.12s
    cube 1810.38 (depth 1, 30 lits): UNSAT in 0.29s
    cube 1810.39 (depth 1, 30 lits): UNSAT in 1.72s
    cube 1810.40 (depth 1, 30 lits): UNSAT in 0.04s
    cube 1810.41 (depth 1, 30 lits): UNSAT in 0.05s
    cube 1810.42 (depth 1, 30 lits): UNSAT in 0.17s
    cube 1810.43 (depth 1, 30 lits): UNSAT in 0.98s
    cube 1810.44 (depth 1, 30 lits): UNSAT in 1.44s
    cube 1810.45 (depth 1, 30 lits): UNSAT in 7.67s
    cube 1810.46 (depth 1, 30 lits): UNSAT in 4.00s
    cube 1810.47 (depth 1, 30 lits): UNSAT in 8.63s
    cube 1810.48 (depth 1, 30 lits): UNSAT in 0.18s
    cube 1810.49 (depth 1, 30 lits): UNSAT in 1.12s
    cube 1810.50 (depth 1, 30 lits): UNSAT in 0.47s
    cube 1810.51 (depth 1, 30 lits): UNSAT in 8.58s
    cube 1810.52 (depth 1, 30 lits): UNSAT in 0.11s
    cube 1810.53 (depth 1, 30 lits): UNSAT in 8.08s
    cube 1810.54 (depth 1, 30 lits): UNSAT in 2.27s
    cube 1810.55 (depth 1, 30 lits): UNSAT in 48.06s
    cube 1810.56 (depth 1, 30 lits): UNSAT in 1.59s
    cube 1810.57 (depth 1, 30 lits): UNSAT in 9.76s
    cube 1810.58 (depth 1, 30 lits): UNSAT in 6.11s
    cube 1810.59 (depth 1, 30 lits): UNSAT in 50.48s
    cube 1810.60 (depth 1, 30 lits): UNSAT in 10.40s
    cube 1810.61 (depth 1, 30 lits): UNSAT in 33.38s
    cube 1810.62 (depth 1, 30 lits): UNSAT in 9.15s
    cube 1810.63 (depth 1, 30 lits): UNSAT in 22.32s
    cube 1816 (depth 0, 24 lits): UNSAT in 25.59s
    cube 1822 (depth 0, 22 lits): UNSAT in 0.02s
    cube 1828 (depth 0, 24 lits): UNSAT in 0.01s
    cube 1834 (depth 0, 24 lits): UNSAT in 0.02s
    cube 1840 (depth 0, 24 lits): UNSAT in 0.02s
    cube 1846 (depth 0, 24 lits): UNSAT in 0.01s
    cube 1852 (depth 0, 24 lits): UNSAT in 0.03s
    cube 1858 (depth 0, 22 lits): UNSAT in 0.01s
    cube 1864 (depth 0, 24 lits): UNSAT in 0.01s
    cube 1870 (depth 0, 24 lits): UNSAT in 0.01s
    cube 1876 (depth 0, 24 lits): UNSAT in 0.01s
    cube 1882 (depth 0, 24 lits): UNSAT in 0.02s
    cube 1888 (depth 0, 24 lits): UNSAT in 0.06s
    cube 1894 (depth 0, 22 lits): UNSAT in 0.01s
    cube 1900 (depth 0, 24 lits): UNSAT in 0.01s
    cube 1906 (depth 0, 24 lits): UNSAT in 0.02s
    cube 1912 (depth 0, 24 lits): UNSAT in 0.01s
    cube 1918 (depth 0, 24 lits): UNSAT in 0.03s
    cube 1924 (depth 0, 23 lits): UNSAT in 0.01s
    cube 1930 (depth 0, 23 lits): UNSAT in 0.01s
    cube 1936 (depth 0, 24 lits): UNSAT in 0.02s
    cube 1942 (depth 0, 24 lits): UNSAT in 0.01s
    cube 1948 (depth 0, 24 lits): UNSAT in 0.02s
    cube 1954 (depth 0, 24 lits): UNSAT in 0.01s
    cube 1960 (depth 0, 24 lits): UNSAT in 0.04s
    cube 1966 (depth 0, 24 lits): UNSAT in 0.02s
    cube 1972 (depth 0, 24 lits): UNSAT in 0.12s
    cube 1978 (depth 0, 24 lits): UNSAT in 0.05s
    cube 1984 (depth 0, 24 lits): UNSAT in 0.01s
    cube 1990 (depth 0, 22 lits): UNSAT in 0.01s
    cube 1996 (depth 0, 24 lits): UNSAT in 0.01s
    cube 2002 (depth 0, 24 lits): UNSAT in 0.01s
    cube 2008 (depth 0, 24 lits): UNSAT in 0.02s
    cube 2014 (depth 0, 24 lits): UNSAT in 0.01s
    cube 2020 (depth 0, 24 lits): UNSAT in 0.11s
    cube 2026 (depth 0, 24 lits): UNSAT in 0.02s
    cube 2032 (depth 0, 24 lits): UNSAT in 0.03s
    cube 2038 (depth 0, 24 lits): UNSAT in 0.06s
    cube 2044 (depth 0, 24 lits): UNSAT in 0.03s
    cube 2050 (depth 0, 24 lits): UNSAT in 0.82s
    cube 2056 (depth 0, 24 lits): UNSAT in 0.04s
    cube 2062 (depth 0, 24 lits): UNSAT in 0.07s
    cube 2068 (depth 0, 24 lits): UNSAT in 0.02s
    cube 2074 (depth 0, 24 lits): UNSAT in 0.26s
    cube 2080 (depth 0, 24 lits): UNSAT in 0.64s
    cube 2086 (depth 0, 24 lits): UNSAT in 0.01s
    cube 2092 (depth 0, 22 lits): UNSAT in 0.01s
    cube 2098 (depth 0, 24 lits): UNSAT in 0.08s
    cube 2104 (depth 0, 24 lits): UNSAT in 0.03s
    cube 2110 (depth 0, 24 lits): UNSAT in 0.02s
    cube 2116 (depth 0, 24 lits): UNSAT in 0.02s
    cube 2122 (depth 0, 24 lits): UNSAT in 0.06s
    cube 2128 (depth 0, 24 lits): UNSAT in 0.19s
    cube 2134 (depth 0, 24 lits): UNSAT in 0.01s
    cube 2140 (depth 0, 24 lits): UNSAT in 0.01s
    cube 2146 (depth 0, 24 lits): UNSAT in 0.02s
    cube 2152 (depth 0, 24 lits): UNSAT in 0.02s
    cube 2158 (depth 0, 24 lits): UNSAT in 0.11s
    cube 2164 (depth 0, 24 lits): UNSAT in 0.02s
    cube 2170 (depth 0, 24 lits): UNSAT in 0.02s
    cube 2176 (depth 0, 24 lits): UNSAT in 0.06s
    cube 2182 (depth 0, 24 lits): UNSAT in 0.01s
    cube 2188 (depth 0, 24 lits): UNSAT in 0.32s
    cube 2194 (depth 0, 23 lits): UNSAT in 0.01s
    cube 2200 (depth 0, 23 lits): UNSAT in 0.01s
    cube 2206 (depth 0, 24 lits): UNSAT in 0.01s
    cube 2212 (depth 0, 23 lits): UNSAT in 0.01s
    cube 2218 (depth 0, 24 lits): UNSAT in 0.02s
    cube 2224 (depth 0, 23 lits): UNSAT in 0.01s
    cube 2230 (depth 0, 24 lits): UNSAT in 0.02s
    cube 2236 (depth 0, 24 lits): UNSAT in 0.29s
    cube 2242 (depth 0, 23 lits): UNSAT in 0.01s
    cube 2248 (depth 0, 23 lits): UNSAT in 0.01s
    cube 2254 (depth 0, 24 lits): UNSAT in 0.02s
    cube 2260 (depth 0, 24 lits): UNSAT in 0.02s
    cube 2266 (depth 0, 24 lits): UNSAT in 0.08s
    cube 2272 (depth 0, 24 lits): UNSAT in 0.03s
    cube 2278 (depth 0, 24 lits): UNSAT in 0.03s
    cube 2284 (depth 0, 24 lits): UNSAT in 0.01s
    cube 2290 (depth 0, 24 lits): UNSAT in 0.02s
    cube 2296 (depth 0, 24 lits): UNSAT in 0.02s
    cube 2302 (depth 0, 24 lits): UNSAT in 0.02s
    cube 2308 (depth 0, 23 lits): UNSAT in 0.01s
    cube 2314 (depth 0, 24 lits): UNSAT in 0.01s
    cube 2320 (depth 0, 24 lits): UNSAT in 0.03s
    cube 2326 (depth 0, 24 lits): UNSAT in 0.02s
    cube 2332 (depth 0, 24 lits): UNSAT in 0.02s
    cube 2338 (depth 0, 24 lits): UNSAT in 0.42s
    cube 2344 (depth 0, 24 lits): UNSAT in 0.02s
    cube 2350 (depth 0, 24 lits): UNSAT in 0.04s
    cube 2356 (depth 0, 23 lits): UNSAT in 0.01s
    cube 2362 (depth 0, 24 lits): UNSAT in 0.31s
    cube 2368 (depth 0, 24 lits): UNSAT in 0.02s
    cube 2374 (depth 0, 24 lits): UNSAT in 0.03s
    cube 2380 (depth 0, 24 lits): UNSAT in 0.02s
    cube 2386 (depth 0, 24 lits): UNSAT in 0.05s
    cube 2392 (depth 0, 24 lits): UNSAT in 0.74s
    cube 2398 (depth 0, 24 lits): UNSAT in 0.02s

  shard 4 verdict: UNSAT [parent cube 3036's children only] (595 UNSAT, 0 unresolved) in 2615.9s
