  shard 15/17 (explicit): 1 of 4060 cubes, per-cube cap 10000.0s, re-split depth 3
    batch [4058..4058] TIMEOUT in 900.1s -> per-cube fallback
    cube 4058 (depth 0, 12 lits): TIMEOUT in 10000.10s
    cube 4058 TIMEOUT -> re-split into 64 sub-cubes (depth 1)
    cube 4058.0 (depth 1, 18 lits): UNSAT in 0.09s
    cube 4058.1 (depth 1, 18 lits): UNSAT in 0.48s
    cube 4058.2 (depth 1, 18 lits): UNSAT in 0.54s
    cube 4058.3 (depth 1, 18 lits): UNSAT in 3.01s
    cube 4058.4 (depth 1, 18 lits): UNSAT in 1.64s
    cube 4058.5 (depth 1, 18 lits): UNSAT in 10.13s
    cube 4058.6 (depth 1, 18 lits): UNSAT in 5.98s
    cube 4058.7 (depth 1, 18 lits): UNSAT in 138.12s
    cube 4058.8 (depth 1, 18 lits): UNSAT in 2.15s
    cube 4058.9 (depth 1, 18 lits): UNSAT in 8.87s
    cube 4058.10 (depth 1, 18 lits): UNSAT in 1.25s
    cube 4058.11 (depth 1, 18 lits): UNSAT in 124.16s
    cube 4058.12 (depth 1, 18 lits): UNSAT in 3.57s
    cube 4058.13 (depth 1, 18 lits): UNSAT in 58.37s
    cube 4058.14 (depth 1, 18 lits): UNSAT in 19.53s
    cube 4058.15 (depth 1, 18 lits): UNSAT in 2669.05s
    cube 4058.16 (depth 1, 18 lits): UNSAT in 0.84s
    cube 4058.17 (depth 1, 18 lits): UNSAT in 2.51s
    cube 4058.18 (depth 1, 18 lits): UNSAT in 1.14s
    cube 4058.19 (depth 1, 18 lits): UNSAT in 34.19s
    cube 4058.20 (depth 1, 18 lits): UNSAT in 3.35s
    cube 4058.21 (depth 1, 18 lits): UNSAT in 100.73s
    cube 4058.22 (depth 1, 18 lits): UNSAT in 15.64s
    cube 4058.23 (depth 1, 18 lits): UNSAT in 791.28s
    cube 4058.24 (depth 1, 18 lits): UNSAT in 4.71s
    cube 4058.25 (depth 1, 18 lits): UNSAT in 40.37s
    cube 4058.26 (depth 1, 18 lits): UNSAT in 73.25s
    cube 4058.27 (depth 1, 18 lits): UNSAT in 1674.03s
    cube 4058.28 (depth 1, 18 lits): UNSAT in 39.24s
    cube 4058.29 (depth 1, 18 lits): UNSAT in 370.48s
    cube 4058.30 (depth 1, 18 lits): UNSAT in 1595.46s
