  shard 12/17 (explicit): 1 of 4060 cubes, per-cube cap 10000.0s, re-split depth 3
    batch [4051..4051] TIMEOUT in 900.1s -> per-cube fallback
    cube 4051 (depth 0, 12 lits): TIMEOUT in 10000.09s
    cube 4051 TIMEOUT -> re-split into 64 sub-cubes (depth 1)
    cube 4051.0 (depth 1, 18 lits): UNSAT in 0.13s
    cube 4051.1 (depth 1, 18 lits): UNSAT in 0.43s
    cube 4051.2 (depth 1, 18 lits): UNSAT in 0.12s
    cube 4051.3 (depth 1, 18 lits): UNSAT in 0.83s
    cube 4051.4 (depth 1, 18 lits): UNSAT in 0.48s
    cube 4051.5 (depth 1, 18 lits): UNSAT in 1.53s
    cube 4051.6 (depth 1, 18 lits): UNSAT in 7.31s
    cube 4051.7 (depth 1, 18 lits): UNSAT in 17.46s
    cube 4051.8 (depth 1, 18 lits): UNSAT in 0.51s
    cube 4051.9 (depth 1, 18 lits): UNSAT in 3.86s
    cube 4051.10 (depth 1, 18 lits): UNSAT in 2.27s
    cube 4051.11 (depth 1, 18 lits): UNSAT in 32.16s
    cube 4051.12 (depth 1, 18 lits): UNSAT in 24.11s
    cube 4051.13 (depth 1, 18 lits): UNSAT in 125.58s
    cube 4051.14 (depth 1, 18 lits): UNSAT in 145.31s
    cube 4051.15 (depth 1, 18 lits): UNSAT in 580.79s
    cube 4051.16 (depth 1, 18 lits): UNSAT in 0.80s
    cube 4051.17 (depth 1, 18 lits): UNSAT in 2.32s
    cube 4051.18 (depth 1, 18 lits): UNSAT in 3.88s
    cube 4051.19 (depth 1, 18 lits): UNSAT in 35.56s
    cube 4051.20 (depth 1, 18 lits): UNSAT in 1.83s
    cube 4051.21 (depth 1, 18 lits): UNSAT in 26.83s
    cube 4051.22 (depth 1, 18 lits): UNSAT in 50.05s
    cube 4051.23 (depth 1, 18 lits): UNSAT in 240.59s
    cube 4051.24 (depth 1, 18 lits): UNSAT in 3.50s
    cube 4051.25 (depth 1, 18 lits): UNSAT in 36.39s
    cube 4051.26 (depth 1, 18 lits): UNSAT in 56.07s
    cube 4051.27 (depth 1, 18 lits): UNSAT in 876.63s
    cube 4051.28 (depth 1, 18 lits): UNSAT in 164.38s
    cube 4051.29 (depth 1, 18 lits): UNSAT in 3359.52s
    cube 4051.30 (depth 1, 18 lits): UNSAT in 2643.64s
