  shard 0/17 (explicit): 1 of 4060 cubes, per-cube cap 10000.0s, re-split depth 3
    batch [2015..2015] TIMEOUT in 900.1s -> per-cube fallback
    cube 2015 (depth 0, 12 lits): TIMEOUT in 10000.09s
    cube 2015 TIMEOUT -> re-split into 64 sub-cubes (depth 1)
    cube 2015.0 (depth 1, 18 lits): UNSAT in 0.05s
    cube 2015.1 (depth 1, 18 lits): UNSAT in 0.14s
    cube 2015.2 (depth 1, 18 lits): UNSAT in 0.07s
    cube 2015.3 (depth 1, 18 lits): UNSAT in 0.26s
    cube 2015.4 (depth 1, 18 lits): UNSAT in 0.11s
    cube 2015.5 (depth 1, 18 lits): UNSAT in 0.24s
    cube 2015.6 (depth 1, 18 lits): UNSAT in 0.18s
    cube 2015.7 (depth 1, 18 lits): UNSAT in 2.77s
    cube 2015.8 (depth 1, 18 lits): UNSAT in 0.03s
    cube 2015.9 (depth 1, 18 lits): UNSAT in 0.25s
    cube 2015.10 (depth 1, 18 lits): UNSAT in 0.08s
    cube 2015.11 (depth 1, 18 lits): UNSAT in 1.53s
    cube 2015.12 (depth 1, 18 lits): UNSAT in 0.10s
    cube 2015.13 (depth 1, 18 lits): UNSAT in 0.76s
    cube 2015.14 (depth 1, 18 lits): UNSAT in 1.61s
    cube 2015.15 (depth 1, 18 lits): UNSAT in 21.33s
    cube 2015.16 (depth 1, 18 lits): UNSAT in 0.05s
    cube 2015.17 (depth 1, 18 lits): UNSAT in 0.22s
    cube 2015.18 (depth 1, 18 lits): UNSAT in 0.09s
    cube 2015.19 (depth 1, 18 lits): UNSAT in 0.79s
    cube 2015.20 (depth 1, 18 lits): UNSAT in 0.05s
    cube 2015.21 (depth 1, 18 lits): UNSAT in 0.64s
    cube 2015.22 (depth 1, 18 lits): UNSAT in 2.42s
    cube 2015.23 (depth 1, 18 lits): UNSAT in 12.58s
    cube 2015.24 (depth 1, 18 lits): UNSAT in 0.34s
    cube 2015.25 (depth 1, 18 lits): UNSAT in 0.94s
    cube 2015.26 (depth 1, 18 lits): UNSAT in 1.08s
    cube 2015.27 (depth 1, 18 lits): UNSAT in 6.17s
    cube 2015.28 (depth 1, 18 lits): UNSAT in 2.38s
    cube 2015.29 (depth 1, 18 lits): UNSAT in 9.17s
    cube 2015.30 (depth 1, 18 lits): UNSAT in 15.10s
    cube 2015.31 (depth 1, 18 lits): UNSAT in 95.63s
    cube 2015.32 (depth 1, 18 lits): UNSAT in 0.06s
    cube 2015.33 (depth 1, 18 lits): UNSAT in 0.44s
    cube 2015.34 (depth 1, 18 lits): UNSAT in 0.33s
    cube 2015.35 (depth 1, 18 lits): UNSAT in 2.52s
    cube 2015.36 (depth 1, 18 lits): UNSAT in 0.28s
    cube 2015.37 (depth 1, 18 lits): UNSAT in 1.06s
    cube 2015.38 (depth 1, 18 lits): UNSAT in 1.13s
    cube 2015.39 (depth 1, 18 lits): UNSAT in 25.51s
    cube 2015.40 (depth 1, 18 lits): UNSAT in 0.13s
    cube 2015.41 (depth 1, 18 lits): UNSAT in 0.87s
    cube 2015.42 (depth 1, 18 lits): UNSAT in 0.29s
    cube 2015.43 (depth 1, 18 lits): UNSAT in 5.33s
    cube 2015.44 (depth 1, 18 lits): UNSAT in 3.43s
    cube 2015.45 (depth 1, 18 lits): UNSAT in 53.77s
    cube 2015.46 (depth 1, 18 lits): UNSAT in 13.20s
    cube 2015.47 (depth 1, 18 lits): UNSAT in 737.97s
    cube 2015.48 (depth 1, 18 lits): UNSAT in 0.43s
    cube 2015.49 (depth 1, 18 lits): UNSAT in 2.38s
    cube 2015.50 (depth 1, 18 lits): UNSAT in 4.66s
    cube 2015.51 (depth 1, 18 lits): UNSAT in 13.09s
    cube 2015.52 (depth 1, 18 lits): UNSAT in 2.03s
    cube 2015.53 (depth 1, 18 lits): UNSAT in 6.72s
    cube 2015.54 (depth 1, 18 lits): UNSAT in 7.86s
    cube 2015.55 (depth 1, 18 lits): UNSAT in 190.75s
    cube 2015.56 (depth 1, 18 lits): UNSAT in 3.60s
    cube 2015.57 (depth 1, 18 lits): UNSAT in 40.20s
    cube 2015.58 (depth 1, 18 lits): UNSAT in 14.85s
    cube 2015.59 (depth 1, 18 lits): UNSAT in 284.48s
    cube 2015.60 (depth 1, 18 lits): UNSAT in 86.43s
    cube 2015.61 (depth 1, 18 lits): UNSAT in 794.47s
    cube 2015.62 (depth 1, 18 lits): UNSAT in 1557.12s
