  shard 8/17 (explicit): 1 of 4060 cubes, per-cube cap 10000.0s, re-split depth 3
    batch [3931..3931] TIMEOUT in 900.1s -> per-cube fallback
    cube 3931 (depth 0, 12 lits): TIMEOUT in 10000.10s
    cube 3931 TIMEOUT -> re-split into 64 sub-cubes (depth 1)
    cube 3931.0 (depth 1, 18 lits): UNSAT in 0.05s
    cube 3931.1 (depth 1, 18 lits): UNSAT in 0.31s
    cube 3931.2 (depth 1, 18 lits): UNSAT in 0.29s
    cube 3931.3 (depth 1, 18 lits): UNSAT in 1.06s
    cube 3931.4 (depth 1, 18 lits): UNSAT in 0.10s
    cube 3931.5 (depth 1, 18 lits): UNSAT in 0.43s
    cube 3931.6 (depth 1, 18 lits): UNSAT in 1.03s
    cube 3931.7 (depth 1, 18 lits): UNSAT in 6.53s
    cube 3931.8 (depth 1, 18 lits): UNSAT in 0.22s
    cube 3931.9 (depth 1, 18 lits): UNSAT in 1.03s
    cube 3931.10 (depth 1, 18 lits): UNSAT in 1.61s
    cube 3931.11 (depth 1, 18 lits): UNSAT in 8.08s
    cube 3931.12 (depth 1, 18 lits): UNSAT in 1.00s
    cube 3931.13 (depth 1, 18 lits): UNSAT in 8.93s
    cube 3931.14 (depth 1, 18 lits): UNSAT in 6.43s
    cube 3931.15 (depth 1, 18 lits): UNSAT in 317.45s
    cube 3931.16 (depth 1, 18 lits): UNSAT in 1.04s
    cube 3931.17 (depth 1, 18 lits): UNSAT in 1.22s
    cube 3931.18 (depth 1, 18 lits): UNSAT in 1.27s
    cube 3931.19 (depth 1, 18 lits): UNSAT in 3.08s
    cube 3931.20 (depth 1, 18 lits): UNSAT in 2.70s
    cube 3931.21 (depth 1, 18 lits): UNSAT in 36.09s
    cube 3931.22 (depth 1, 18 lits): UNSAT in 73.82s
    cube 3931.23 (depth 1, 18 lits): UNSAT in 416.28s
    cube 3931.24 (depth 1, 18 lits): UNSAT in 2.41s
    cube 3931.25 (depth 1, 18 lits): UNSAT in 33.01s
    cube 3931.26 (depth 1, 18 lits): UNSAT in 19.32s
    cube 3931.27 (depth 1, 18 lits): UNSAT in 1292.03s
    cube 3931.28 (depth 1, 18 lits): UNSAT in 9.29s
    cube 3931.29 (depth 1, 18 lits): UNSAT in 649.70s
    cube 3931.30 (depth 1, 18 lits): UNSAT in 427.98s
    cube 3931.31 (depth 1, 18 lits): UNSAT in 1434.04s
    cube 3931.32 (depth 1, 18 lits): UNSAT in 1.71s
    cube 3931.33 (depth 1, 18 lits): UNSAT in 4.09s
    cube 3931.34 (depth 1, 18 lits): UNSAT in 1.11s
    cube 3931.35 (depth 1, 18 lits): UNSAT in 21.09s
    cube 3931.36 (depth 1, 18 lits): UNSAT in 7.49s
    cube 3931.37 (depth 1, 18 lits): UNSAT in 40.91s
    cube 3931.38 (depth 1, 18 lits): UNSAT in 41.91s
    cube 3931.39 (depth 1, 18 lits): UNSAT in 1040.64s
    cube 3931.40 (depth 1, 18 lits): UNSAT in 4.05s
    cube 3931.41 (depth 1, 18 lits): UNSAT in 12.72s
    cube 3931.42 (depth 1, 18 lits): UNSAT in 18.80s
    cube 3931.43 (depth 1, 18 lits): UNSAT in 238.44s
    cube 3931.44 (depth 1, 18 lits): UNSAT in 9.59s
    cube 3931.45 (depth 1, 18 lits): UNSAT in 1252.05s
    cube 3931.46 (depth 1, 18 lits): UNSAT in 2186.55s
