  shard 4/17 (explicit): 1 of 4060 cubes, per-cube cap 10000.0s, re-split depth 3
    batch [3036..3036] TIMEOUT in 900.1s -> per-cube fallback
    cube 3036 (depth 0, 12 lits): TIMEOUT in 10000.08s
    cube 3036 TIMEOUT -> re-split into 64 sub-cubes (depth 1)
    cube 3036.0 (depth 1, 18 lits): UNSAT in 0.12s
    cube 3036.1 (depth 1, 18 lits): UNSAT in 1.06s
    cube 3036.2 (depth 1, 18 lits): UNSAT in 0.39s
    cube 3036.3 (depth 1, 18 lits): UNSAT in 1.21s
    cube 3036.4 (depth 1, 18 lits): UNSAT in 1.18s
    cube 3036.5 (depth 1, 18 lits): UNSAT in 4.17s
    cube 3036.6 (depth 1, 18 lits): UNSAT in 5.37s
    cube 3036.7 (depth 1, 18 lits): UNSAT in 105.14s
    cube 3036.8 (depth 1, 18 lits): UNSAT in 0.69s
    cube 3036.9 (depth 1, 18 lits): UNSAT in 4.68s
    cube 3036.10 (depth 1, 18 lits): UNSAT in 3.64s
    cube 3036.11 (depth 1, 18 lits): UNSAT in 22.58s
    cube 3036.12 (depth 1, 18 lits): UNSAT in 0.86s
    cube 3036.13 (depth 1, 18 lits): UNSAT in 6.59s
    cube 3036.14 (depth 1, 18 lits): UNSAT in 31.28s
    cube 3036.15 (depth 1, 18 lits): UNSAT in 1268.34s
    cube 3036.16 (depth 1, 18 lits): UNSAT in 0.16s
    cube 3036.17 (depth 1, 18 lits): UNSAT in 2.28s
    cube 3036.18 (depth 1, 18 lits): UNSAT in 5.06s
    cube 3036.19 (depth 1, 18 lits): UNSAT in 22.57s
    cube 3036.20 (depth 1, 18 lits): UNSAT in 1.58s
    cube 3036.21 (depth 1, 18 lits): UNSAT in 20.18s
    cube 3036.22 (depth 1, 18 lits): UNSAT in 7.82s
    cube 3036.23 (depth 1, 18 lits): UNSAT in 471.96s
    cube 3036.24 (depth 1, 18 lits): UNSAT in 3.72s
    cube 3036.25 (depth 1, 18 lits): UNSAT in 48.70s
    cube 3036.26 (depth 1, 18 lits): UNSAT in 5.78s
    cube 3036.27 (depth 1, 18 lits): UNSAT in 911.10s
    cube 3036.28 (depth 1, 18 lits): UNSAT in 18.14s
    cube 3036.29 (depth 1, 18 lits): UNSAT in 639.35s
    cube 3036.30 (depth 1, 18 lits): UNSAT in 938.63s
