  shard 10/17 (explicit): 1 of 4060 cubes, per-cube cap 10000.0s, re-split depth 3
    batch [4043..4043] TIMEOUT in 900.1s -> per-cube fallback
    cube 4043 (depth 0, 12 lits): TIMEOUT in 10000.03s
    cube 4043 TIMEOUT -> re-split into 64 sub-cubes (depth 1)
    cube 4043.0 (depth 1, 18 lits): UNSAT in 0.05s
    cube 4043.1 (depth 1, 18 lits): UNSAT in 0.16s
    cube 4043.2 (depth 1, 18 lits): UNSAT in 0.30s
    cube 4043.3 (depth 1, 18 lits): UNSAT in 4.46s
    cube 4043.4 (depth 1, 18 lits): UNSAT in 0.09s
    cube 4043.5 (depth 1, 18 lits): UNSAT in 0.42s
    cube 4043.6 (depth 1, 18 lits): UNSAT in 3.92s
    cube 4043.7 (depth 1, 18 lits): UNSAT in 24.62s
    cube 4043.8 (depth 1, 18 lits): UNSAT in 0.06s
    cube 4043.9 (depth 1, 18 lits): UNSAT in 0.78s
    cube 4043.10 (depth 1, 18 lits): UNSAT in 0.39s
    cube 4043.11 (depth 1, 18 lits): UNSAT in 6.53s
    cube 4043.12 (depth 1, 18 lits): UNSAT in 9.16s
    cube 4043.13 (depth 1, 18 lits): UNSAT in 180.14s
    cube 4043.14 (depth 1, 18 lits): UNSAT in 47.61s
    cube 4043.15 (depth 1, 18 lits): UNSAT in 661.65s
    cube 4043.16 (depth 1, 18 lits): UNSAT in 0.28s
    cube 4043.17 (depth 1, 18 lits): UNSAT in 2.34s
    cube 4043.18 (depth 1, 18 lits): UNSAT in 1.22s
    cube 4043.19 (depth 1, 18 lits): UNSAT in 12.42s
    cube 4043.20 (depth 1, 18 lits): UNSAT in 1.34s
    cube 4043.21 (depth 1, 18 lits): UNSAT in 7.72s
    cube 4043.22 (depth 1, 18 lits): UNSAT in 18.79s
    cube 4043.23 (depth 1, 18 lits): UNSAT in 101.87s
    cube 4043.24 (depth 1, 18 lits): UNSAT in 1.84s
    cube 4043.25 (depth 1, 18 lits): UNSAT in 24.62s
    cube 4043.26 (depth 1, 18 lits): UNSAT in 258.53s
    cube 4043.27 (depth 1, 18 lits): UNSAT in 347.63s
    cube 4043.28 (depth 1, 18 lits): UNSAT in 12.93s
    cube 4043.29 (depth 1, 18 lits): UNSAT in 408.48s
    cube 4043.30 (depth 1, 18 lits): UNSAT in 185.57s
    cube 4043.31 (depth 1, 18 lits): UNSAT in 1479.60s
    cube 4043.32 (depth 1, 18 lits): UNSAT in 0.64s
    cube 4043.33 (depth 1, 18 lits): UNSAT in 3.41s
    cube 4043.34 (depth 1, 18 lits): UNSAT in 0.91s
    cube 4043.35 (depth 1, 18 lits): UNSAT in 19.20s
    cube 4043.36 (depth 1, 18 lits): UNSAT in 1.49s
    cube 4043.37 (depth 1, 18 lits): UNSAT in 21.05s
    cube 4043.38 (depth 1, 18 lits): UNSAT in 76.20s
    cube 4043.39 (depth 1, 18 lits): UNSAT in 1027.50s
    cube 4043.40 (depth 1, 18 lits): UNSAT in 3.64s
    cube 4043.41 (depth 1, 18 lits): UNSAT in 14.07s
    cube 4043.42 (depth 1, 18 lits): UNSAT in 45.26s
    cube 4043.43 (depth 1, 18 lits): UNSAT in 260.46s
    cube 4043.44 (depth 1, 18 lits): UNSAT in 38.69s
    cube 4043.45 (depth 1, 18 lits): UNSAT in 332.27s
    cube 4043.46 (depth 1, 18 lits): UNSAT in 636.79s
    cube 4043.47 (depth 1, 18 lits): UNSAT in 2706.33s
    cube 4043.48 (depth 1, 18 lits): UNSAT in 2.79s
    cube 4043.49 (depth 1, 18 lits): UNSAT in 6.38s
    cube 4043.50 (depth 1, 18 lits): UNSAT in 7.70s
    cube 4043.51 (depth 1, 18 lits): UNSAT in 79.11s
    cube 4043.52 (depth 1, 18 lits): UNSAT in 20.75s
    cube 4043.53 (depth 1, 18 lits): UNSAT in 612.02s
