  shard 9/17 (explicit): 1 of 4060 cubes, per-cube cap 10000.0s, re-split depth 3
    batch [4027..4027] TIMEOUT in 900.1s -> per-cube fallback
    cube 4027 (depth 0, 12 lits): TIMEOUT in 10000.10s
    cube 4027 TIMEOUT -> re-split into 64 sub-cubes (depth 1)
    cube 4027.0 (depth 1, 18 lits): UNSAT in 0.18s
    cube 4027.1 (depth 1, 18 lits): UNSAT in 0.52s
    cube 4027.2 (depth 1, 18 lits): UNSAT in 0.48s
    cube 4027.3 (depth 1, 18 lits): UNSAT in 4.04s
    cube 4027.4 (depth 1, 18 lits): UNSAT in 0.38s
    cube 4027.5 (depth 1, 18 lits): UNSAT in 1.11s
    cube 4027.6 (depth 1, 18 lits): UNSAT in 0.94s
    cube 4027.7 (depth 1, 18 lits): UNSAT in 23.68s
    cube 4027.8 (depth 1, 18 lits): UNSAT in 0.95s
    cube 4027.9 (depth 1, 18 lits): UNSAT in 3.71s
    cube 4027.10 (depth 1, 18 lits): UNSAT in 5.27s
    cube 4027.11 (depth 1, 18 lits): UNSAT in 14.21s
    cube 4027.12 (depth 1, 18 lits): UNSAT in 6.15s
    cube 4027.13 (depth 1, 18 lits): UNSAT in 31.93s
    cube 4027.14 (depth 1, 18 lits): UNSAT in 55.63s
    cube 4027.15 (depth 1, 18 lits): UNSAT in 717.12s
    cube 4027.16 (depth 1, 18 lits): UNSAT in 0.64s
    cube 4027.17 (depth 1, 18 lits): UNSAT in 0.52s
    cube 4027.18 (depth 1, 18 lits): UNSAT in 2.78s
    cube 4027.19 (depth 1, 18 lits): UNSAT in 15.78s
    cube 4027.20 (depth 1, 18 lits): UNSAT in 1.24s
    cube 4027.21 (depth 1, 18 lits): UNSAT in 20.42s
    cube 4027.22 (depth 1, 18 lits): UNSAT in 37.47s
    cube 4027.23 (depth 1, 18 lits): UNSAT in 184.09s
    cube 4027.24 (depth 1, 18 lits): UNSAT in 1.69s
    cube 4027.25 (depth 1, 18 lits): UNSAT in 16.91s
    cube 4027.26 (depth 1, 18 lits): UNSAT in 33.96s
    cube 4027.27 (depth 1, 18 lits): UNSAT in 371.73s
    cube 4027.28 (depth 1, 18 lits): UNSAT in 11.97s
    cube 4027.29 (depth 1, 18 lits): UNSAT in 463.06s
    cube 4027.30 (depth 1, 18 lits): UNSAT in 88.89s
    cube 4027.31 (depth 1, 18 lits): UNSAT in 1292.38s
    cube 4027.32 (depth 1, 18 lits): UNSAT in 0.14s
    cube 4027.33 (depth 1, 18 lits): UNSAT in 3.29s
    cube 4027.34 (depth 1, 18 lits): UNSAT in 1.45s
    cube 4027.35 (depth 1, 18 lits): UNSAT in 57.11s
    cube 4027.36 (depth 1, 18 lits): UNSAT in 3.92s
    cube 4027.37 (depth 1, 18 lits): UNSAT in 26.14s
    cube 4027.38 (depth 1, 18 lits): UNSAT in 163.10s
    cube 4027.39 (depth 1, 18 lits): UNSAT in 1472.85s
    cube 4027.40 (depth 1, 18 lits): UNSAT in 1.31s
    cube 4027.41 (depth 1, 18 lits): UNSAT in 12.26s
    cube 4027.42 (depth 1, 18 lits): UNSAT in 25.43s
    cube 4027.43 (depth 1, 18 lits): UNSAT in 272.18s
    cube 4027.44 (depth 1, 18 lits): UNSAT in 325.23s
    cube 4027.45 (depth 1, 18 lits): UNSAT in 619.61s
    cube 4027.46 (depth 1, 18 lits): UNSAT in 615.83s
    cube 4027.47 (depth 1, 18 lits): UNSAT in 2507.17s
    cube 4027.48 (depth 1, 18 lits): UNSAT in 1.67s
    cube 4027.49 (depth 1, 18 lits): UNSAT in 5.32s
    cube 4027.50 (depth 1, 18 lits): UNSAT in 1.90s
    cube 4027.51 (depth 1, 18 lits): UNSAT in 82.13s
    cube 4027.52 (depth 1, 18 lits): UNSAT in 2.15s
    cube 4027.53 (depth 1, 18 lits): UNSAT in 9.08s
    cube 4027.54 (depth 1, 18 lits): UNSAT in 106.66s
