  shard 2/6 (round-robin): 647 of 3882 cubes, per-cube cap 600.0s, re-split depth 3
    batch [2..1196] TIMEOUT in 900.1s -> per-cube fallback
    cube 2 (depth 0, 24 lits): UNSAT in 0.01s
    cube 8 (depth 0, 24 lits): UNSAT in 0.02s
    cube 14 (depth 0, 23 lits): UNSAT in 0.01s
    cube 20 (depth 0, 24 lits): UNSAT in 0.01s
    cube 26 (depth 0, 24 lits): UNSAT in 0.02s
    cube 32 (depth 0, 24 lits): UNSAT in 0.02s
    cube 38 (depth 0, 24 lits): UNSAT in 0.03s
    cube 44 (depth 0, 23 lits): UNSAT in 0.01s
    cube 50 (depth 0, 24 lits): UNSAT in 0.02s
    cube 56 (depth 0, 24 lits): UNSAT in 0.05s
    cube 62 (depth 0, 24 lits): UNSAT in 0.01s
    cube 68 (depth 0, 24 lits): UNSAT in 0.01s
    cube 74 (depth 0, 24 lits): UNSAT in 0.05s
    cube 80 (depth 0, 24 lits): UNSAT in 0.01s
    cube 86 (depth 0, 24 lits): UNSAT in 0.79s
    cube 92 (depth 0, 24 lits): UNSAT in 0.01s
    cube 98 (depth 0, 23 lits): UNSAT in 0.01s
    cube 104 (depth 0, 24 lits): UNSAT in 0.03s
    cube 110 (depth 0, 24 lits): UNSAT in 0.01s
    cube 116 (depth 0, 24 lits): UNSAT in 0.02s
    cube 122 (depth 0, 24 lits): UNSAT in 0.01s
    cube 128 (depth 0, 24 lits): UNSAT in 0.06s
    cube 134 (depth 0, 24 lits): UNSAT in 0.10s
    cube 140 (depth 0, 24 lits): UNSAT in 0.01s
    cube 146 (depth 0, 24 lits): UNSAT in 0.03s
    cube 152 (depth 0, 24 lits): UNSAT in 0.05s
    cube 158 (depth 0, 24 lits): UNSAT in 0.02s
    cube 164 (depth 0, 24 lits): UNSAT in 0.47s
    cube 170 (depth 0, 24 lits): UNSAT in 0.02s
    cube 176 (depth 0, 24 lits): UNSAT in 0.09s
    cube 182 (depth 0, 24 lits): UNSAT in 0.08s
    cube 188 (depth 0, 24 lits): UNSAT in 1.46s
    cube 194 (depth 0, 24 lits): UNSAT in 0.70s
    cube 200 (depth 0, 24 lits): UNSAT in 0.01s
    cube 206 (depth 0, 24 lits): UNSAT in 0.02s
    cube 212 (depth 0, 24 lits): UNSAT in 0.01s
    cube 218 (depth 0, 24 lits): UNSAT in 0.01s
    cube 224 (depth 0, 24 lits): UNSAT in 0.01s
    cube 230 (depth 0, 23 lits): UNSAT in 0.02s
    cube 236 (depth 0, 24 lits): UNSAT in 0.02s
    cube 242 (depth 0, 24 lits): UNSAT in 0.01s
    cube 248 (depth 0, 24 lits): UNSAT in 0.02s
    cube 254 (depth 0, 24 lits): UNSAT in 0.11s
    cube 260 (depth 0, 24 lits): UNSAT in 0.01s
    cube 266 (depth 0, 24 lits): UNSAT in 0.02s
    cube 272 (depth 0, 24 lits): UNSAT in 0.02s
    cube 278 (depth 0, 24 lits): UNSAT in 0.06s
    cube 284 (depth 0, 23 lits): UNSAT in 0.02s
    cube 290 (depth 0, 24 lits): UNSAT in 0.11s
    cube 296 (depth 0, 24 lits): UNSAT in 0.43s
    cube 302 (depth 0, 24 lits): UNSAT in 0.44s
    cube 308 (depth 0, 24 lits): UNSAT in 0.13s
    cube 314 (depth 0, 24 lits): UNSAT in 14.19s
    cube 320 (depth 0, 24 lits): UNSAT in 0.09s
    cube 326 (depth 0, 24 lits): UNSAT in 0.82s
    cube 332 (depth 0, 24 lits): UNSAT in 0.25s
    cube 338 (depth 0, 24 lits): UNSAT in 0.64s
    cube 344 (depth 0, 24 lits): UNSAT in 0.01s
    cube 350 (depth 0, 24 lits): UNSAT in 0.01s
    cube 356 (depth 0, 24 lits): UNSAT in 0.11s
    cube 362 (depth 0, 24 lits): UNSAT in 0.03s
    cube 368 (depth 0, 24 lits): UNSAT in 0.15s
    cube 374 (depth 0, 23 lits): UNSAT in 0.01s
    cube 380 (depth 0, 24 lits): UNSAT in 0.04s
    cube 386 (depth 0, 24 lits): UNSAT in 0.12s
    cube 392 (depth 0, 24 lits): UNSAT in 0.06s
    cube 398 (depth 0, 24 lits): UNSAT in 0.03s
    cube 404 (depth 0, 24 lits): UNSAT in 0.88s
    cube 410 (depth 0, 24 lits): UNSAT in 0.22s
    cube 416 (depth 0, 24 lits): UNSAT in 0.04s
    cube 422 (depth 0, 24 lits): UNSAT in 0.13s
    cube 428 (depth 0, 24 lits): UNSAT in 0.06s
    cube 434 (depth 0, 24 lits): UNSAT in 11.50s
    cube 440 (depth 0, 24 lits): UNSAT in 0.03s
    cube 446 (depth 0, 24 lits): UNSAT in 0.02s
    cube 452 (depth 0, 24 lits): UNSAT in 0.02s
    cube 458 (depth 0, 24 lits): UNSAT in 0.02s
    cube 464 (depth 0, 24 lits): UNSAT in 0.01s
    cube 470 (depth 0, 24 lits): UNSAT in 0.01s
    cube 476 (depth 0, 24 lits): UNSAT in 0.01s
    cube 482 (depth 0, 24 lits): UNSAT in 0.05s
    cube 488 (depth 0, 24 lits): UNSAT in 0.04s
    cube 494 (depth 0, 24 lits): UNSAT in 0.01s
    cube 500 (depth 0, 24 lits): UNSAT in 0.01s
    cube 506 (depth 0, 24 lits): UNSAT in 0.22s
    cube 512 (depth 0, 24 lits): UNSAT in 0.05s
    cube 518 (depth 0, 24 lits): UNSAT in 0.06s
    cube 524 (depth 0, 24 lits): UNSAT in 0.01s
    cube 530 (depth 0, 24 lits): UNSAT in 0.08s
    cube 536 (depth 0, 24 lits): UNSAT in 0.18s
    cube 542 (depth 0, 24 lits): UNSAT in 0.26s
    cube 548 (depth 0, 24 lits): UNSAT in 0.61s
    cube 554 (depth 0, 24 lits): UNSAT in 25.38s
    cube 560 (depth 0, 24 lits): UNSAT in 0.01s
    cube 566 (depth 0, 24 lits): UNSAT in 0.04s
    cube 572 (depth 0, 24 lits): UNSAT in 0.02s
    cube 578 (depth 0, 24 lits): UNSAT in 0.15s
    cube 584 (depth 0, 24 lits): UNSAT in 0.01s
    cube 590 (depth 0, 24 lits): UNSAT in 0.05s
    cube 596 (depth 0, 24 lits): UNSAT in 0.06s
    cube 602 (depth 0, 24 lits): UNSAT in 0.11s
    cube 608 (depth 0, 24 lits): UNSAT in 0.06s
    cube 614 (depth 0, 24 lits): UNSAT in 4.16s
    cube 620 (depth 0, 24 lits): UNSAT in 0.06s
    cube 626 (depth 0, 24 lits): UNSAT in 0.17s
    cube 632 (depth 0, 24 lits): UNSAT in 0.05s
    cube 638 (depth 0, 24 lits): UNSAT in 0.04s
    cube 644 (depth 0, 24 lits): UNSAT in 1.59s
    cube 650 (depth 0, 24 lits): UNSAT in 0.15s
    cube 656 (depth 0, 24 lits): UNSAT in 0.07s
    cube 662 (depth 0, 24 lits): UNSAT in 0.03s
    cube 668 (depth 0, 24 lits): UNSAT in 0.88s
    cube 674 (depth 0, 24 lits): UNSAT in 0.75s
    cube 680 (depth 0, 24 lits): UNSAT in 0.01s
    cube 686 (depth 0, 24 lits): UNSAT in 0.03s
    cube 692 (depth 0, 24 lits): UNSAT in 0.02s
    cube 698 (depth 0, 24 lits): UNSAT in 0.03s
    cube 704 (depth 0, 24 lits): UNSAT in 0.17s
    cube 710 (depth 0, 24 lits): UNSAT in 0.02s
    cube 716 (depth 0, 24 lits): UNSAT in 0.12s
    cube 722 (depth 0, 24 lits): UNSAT in 0.01s
    cube 728 (depth 0, 24 lits): UNSAT in 0.04s
    cube 734 (depth 0, 23 lits): UNSAT in 0.02s
    cube 740 (depth 0, 24 lits): UNSAT in 0.03s
    cube 746 (depth 0, 24 lits): UNSAT in 0.03s
    cube 752 (depth 0, 24 lits): UNSAT in 0.01s
    cube 758 (depth 0, 24 lits): UNSAT in 0.04s
    cube 764 (depth 0, 24 lits): UNSAT in 0.30s
    cube 770 (depth 0, 24 lits): UNSAT in 0.02s
    cube 776 (depth 0, 24 lits): UNSAT in 0.15s
    cube 782 (depth 0, 24 lits): UNSAT in 0.03s
    cube 788 (depth 0, 24 lits): UNSAT in 0.52s
    cube 794 (depth 0, 24 lits): UNSAT in 1.72s
    cube 800 (depth 0, 24 lits): UNSAT in 0.03s
    cube 806 (depth 0, 24 lits): UNSAT in 0.03s
    cube 812 (depth 0, 24 lits): UNSAT in 2.64s
    cube 818 (depth 0, 24 lits): UNSAT in 0.02s
    cube 824 (depth 0, 24 lits): UNSAT in 0.76s
    cube 830 (depth 0, 24 lits): UNSAT in 0.02s
    cube 836 (depth 0, 24 lits): UNSAT in 0.92s
    cube 842 (depth 0, 24 lits): UNSAT in 0.92s
    cube 848 (depth 0, 24 lits): UNSAT in 0.50s
    cube 854 (depth 0, 24 lits): UNSAT in 1.60s
    cube 860 (depth 0, 24 lits): UNSAT in 34.75s
    cube 866 (depth 0, 24 lits): UNSAT in 0.35s
    cube 872 (depth 0, 24 lits): UNSAT in 0.41s
    cube 878 (depth 0, 24 lits): UNSAT in 0.06s
    cube 884 (depth 0, 24 lits): UNSAT in 2.02s
    cube 890 (depth 0, 24 lits): UNSAT in 4.17s
    cube 896 (depth 0, 24 lits): UNSAT in 1.13s
    cube 902 (depth 0, 24 lits): UNSAT in 6.20s
    cube 908 (depth 0, 24 lits): UNSAT in 530.70s
    cube 914 (depth 0, 24 lits): UNSAT in 73.52s
    cube 920 (depth 0, 24 lits): TIMEOUT in 600.10s
    cube 920 TIMEOUT -> re-split into 64 sub-cubes (depth 1)
    cube 920.0 (depth 1, 30 lits): UNSAT in 0.01s
    cube 920.1 (depth 1, 30 lits): UNSAT in 0.02s
    cube 920.2 (depth 1, 30 lits): UNSAT in 0.02s
    cube 920.3 (depth 1, 30 lits): UNSAT in 0.06s
    cube 920.4 (depth 1, 30 lits): UNSAT in 0.04s
    cube 920.5 (depth 1, 30 lits): UNSAT in 0.10s
    cube 920.6 (depth 1, 30 lits): UNSAT in 0.04s
    cube 920.7 (depth 1, 30 lits): UNSAT in 0.18s
    cube 920.8 (depth 1, 30 lits): UNSAT in 0.02s
    cube 920.9 (depth 1, 30 lits): UNSAT in 0.02s
    cube 920.10 (depth 1, 30 lits): UNSAT in 0.05s
    cube 920.11 (depth 1, 30 lits): UNSAT in 0.09s
    cube 920.12 (depth 1, 30 lits): UNSAT in 0.06s
    cube 920.13 (depth 1, 30 lits): UNSAT in 0.15s
    cube 920.14 (depth 1, 30 lits): UNSAT in 0.03s
    cube 920.15 (depth 1, 30 lits): UNSAT in 0.64s
    cube 920.16 (depth 1, 30 lits): UNSAT in 0.02s
    cube 920.17 (depth 1, 30 lits): UNSAT in 0.02s
    cube 920.18 (depth 1, 30 lits): UNSAT in 0.06s
    cube 920.19 (depth 1, 30 lits): UNSAT in 0.18s
    cube 920.20 (depth 1, 30 lits): UNSAT in 0.03s
    cube 920.21 (depth 1, 30 lits): UNSAT in 0.07s
    cube 920.22 (depth 1, 30 lits): UNSAT in 0.13s
    cube 920.23 (depth 1, 30 lits): UNSAT in 0.54s
    cube 920.24 (depth 1, 30 lits): UNSAT in 0.02s
    cube 920.25 (depth 1, 30 lits): UNSAT in 0.02s
    cube 920.26 (depth 1, 30 lits): UNSAT in 0.03s
    cube 920.27 (depth 1, 30 lits): UNSAT in 0.09s
    cube 920.28 (depth 1, 30 lits): UNSAT in 0.11s
    cube 920.29 (depth 1, 30 lits): UNSAT in 0.40s
    cube 920.30 (depth 1, 30 lits): UNSAT in 0.14s
    cube 920.31 (depth 1, 30 lits): UNSAT in 3.88s
    cube 920.32 (depth 1, 30 lits): UNSAT in 0.04s
    cube 920.33 (depth 1, 30 lits): UNSAT in 0.08s
    cube 920.34 (depth 1, 30 lits): UNSAT in 0.09s
    cube 920.35 (depth 1, 30 lits): UNSAT in 0.90s
    cube 920.36 (depth 1, 30 lits): UNSAT in 0.28s
    cube 920.37 (depth 1, 30 lits): UNSAT in 1.46s
    cube 920.38 (depth 1, 30 lits): UNSAT in 2.26s
    cube 920.39 (depth 1, 30 lits): UNSAT in 6.83s
    cube 920.40 (depth 1, 30 lits): UNSAT in 0.04s
    cube 920.41 (depth 1, 30 lits): UNSAT in 0.13s
    cube 920.42 (depth 1, 30 lits): UNSAT in 0.15s
    cube 920.43 (depth 1, 30 lits): UNSAT in 0.88s
    cube 920.44 (depth 1, 30 lits): UNSAT in 0.09s
    cube 920.45 (depth 1, 30 lits): UNSAT in 0.45s
    cube 920.46 (depth 1, 30 lits): UNSAT in 1.48s
    cube 920.47 (depth 1, 30 lits): UNSAT in 16.88s
    cube 920.48 (depth 1, 30 lits): UNSAT in 0.07s
    cube 920.49 (depth 1, 30 lits): UNSAT in 0.22s
    cube 920.50 (depth 1, 30 lits): UNSAT in 0.14s
    cube 920.51 (depth 1, 30 lits): UNSAT in 1.97s
    cube 920.52 (depth 1, 30 lits): UNSAT in 0.16s
    cube 920.53 (depth 1, 30 lits): UNSAT in 0.80s
    cube 920.54 (depth 1, 30 lits): UNSAT in 0.42s
    cube 920.55 (depth 1, 30 lits): UNSAT in 16.61s
    cube 920.56 (depth 1, 30 lits): UNSAT in 0.21s
    cube 920.57 (depth 1, 30 lits): UNSAT in 0.85s
    cube 920.58 (depth 1, 30 lits): UNSAT in 0.38s
    cube 920.59 (depth 1, 30 lits): UNSAT in 11.08s
    cube 920.60 (depth 1, 30 lits): UNSAT in 1.63s
    cube 920.61 (depth 1, 30 lits): UNSAT in 5.76s
    cube 920.62 (depth 1, 30 lits): UNSAT in 20.74s
    cube 920.63 (depth 1, 30 lits): UNSAT in 160.20s
    cube 926 (depth 0, 23 lits): UNSAT in 0.01s
    cube 932 (depth 0, 23 lits): UNSAT in 0.01s
    cube 938 (depth 0, 24 lits): UNSAT in 0.01s
    cube 944 (depth 0, 24 lits): UNSAT in 0.01s
    cube 950 (depth 0, 24 lits): UNSAT in 0.01s
    cube 956 (depth 0, 24 lits): UNSAT in 0.01s
    cube 962 (depth 0, 24 lits): UNSAT in 0.01s
    cube 968 (depth 0, 24 lits): UNSAT in 0.01s
    cube 974 (depth 0, 23 lits): UNSAT in 0.01s
    cube 980 (depth 0, 24 lits): UNSAT in 0.01s
    cube 986 (depth 0, 24 lits): UNSAT in 0.02s
    cube 992 (depth 0, 24 lits): UNSAT in 0.02s
    cube 998 (depth 0, 24 lits): UNSAT in 0.02s
    cube 1004 (depth 0, 23 lits): UNSAT in 0.01s
    cube 1010 (depth 0, 24 lits): UNSAT in 0.04s
    cube 1016 (depth 0, 24 lits): UNSAT in 0.02s
    cube 1022 (depth 0, 24 lits): UNSAT in 0.23s
    cube 1028 (depth 0, 24 lits): UNSAT in 0.01s
    cube 1034 (depth 0, 24 lits): UNSAT in 0.01s
    cube 1040 (depth 0, 23 lits): UNSAT in 0.01s
    cube 1046 (depth 0, 24 lits): UNSAT in 0.01s
    cube 1052 (depth 0, 24 lits): UNSAT in 0.03s
    cube 1058 (depth 0, 24 lits): UNSAT in 0.01s
    cube 1064 (depth 0, 24 lits): UNSAT in 0.05s
    cube 1070 (depth 0, 24 lits): UNSAT in 0.01s
    cube 1076 (depth 0, 24 lits): UNSAT in 0.08s
    cube 1082 (depth 0, 24 lits): UNSAT in 0.44s
    cube 1088 (depth 0, 24 lits): UNSAT in 0.01s
    cube 1094 (depth 0, 24 lits): UNSAT in 0.05s
    cube 1100 (depth 0, 24 lits): UNSAT in 0.06s
    cube 1106 (depth 0, 24 lits): UNSAT in 0.01s
    cube 1112 (depth 0, 24 lits): UNSAT in 0.39s
    cube 1118 (depth 0, 24 lits): UNSAT in 0.01s
    cube 1124 (depth 0, 24 lits): UNSAT in 0.09s
    cube 1130 (depth 0, 24 lits): UNSAT in 0.15s
    cube 1136 (depth 0, 24 lits): UNSAT in 0.05s
    cube 1142 (depth 0, 24 lits): UNSAT in 0.37s
    cube 1148 (depth 0, 24 lits): UNSAT in 0.01s
    cube 1154 (depth 0, 24 lits): UNSAT in 0.05s
    cube 1160 (depth 0, 24 lits): UNSAT in 0.01s
    cube 1166 (depth 0, 24 lits): UNSAT in 0.03s
    cube 1172 (depth 0, 24 lits): UNSAT in 0.02s
    cube 1178 (depth 0, 24 lits): UNSAT in 0.26s
    cube 1184 (depth 0, 24 lits): UNSAT in 0.03s
    cube 1190 (depth 0, 24 lits): UNSAT in 0.05s
    cube 1196 (depth 0, 23 lits): UNSAT in 0.01s

  shard 2 verdict: UNSAT [parent cube 4055's children only] (647 UNSAT, 0 unresolved) in 3572.0s
