  shard 16/20 (explicit): 3 of 4060 cubes, per-cube cap 10000.0s, re-split depth 3
    batch [4028..4039] TIMEOUT in 900.0s -> per-cube fallback
    cube 4028 (depth 0, 12 lits): UNSAT in 2.30s
    cube 4031 (depth 0, 12 lits): UNSAT in 3472.84s
    cube 4039 (depth 0, 12 lits): TIMEOUT in 10000.10s
    cube 4039 TIMEOUT -> re-split into 64 sub-cubes (depth 1)
    cube 4039.0 (depth 1, 18 lits): UNSAT in 0.02s
    cube 4039.1 (depth 1, 18 lits): UNSAT in 0.18s
    cube 4039.2 (depth 1, 18 lits): UNSAT in 0.12s
    cube 4039.3 (depth 1, 18 lits): UNSAT in 0.75s
    cube 4039.4 (depth 1, 18 lits): UNSAT in 0.09s
    cube 4039.5 (depth 1, 18 lits): UNSAT in 0.34s
    cube 4039.6 (depth 1, 18 lits): UNSAT in 0.86s
    cube 4039.7 (depth 1, 18 lits): UNSAT in 2.28s
    cube 4039.8 (depth 1, 18 lits): UNSAT in 0.15s
    cube 4039.9 (depth 1, 18 lits): UNSAT in 0.08s
    cube 4039.10 (depth 1, 18 lits): UNSAT in 0.24s
    cube 4039.11 (depth 1, 18 lits): UNSAT in 0.60s
    cube 4039.12 (depth 1, 18 lits): UNSAT in 0.24s
    cube 4039.13 (depth 1, 18 lits): UNSAT in 1.01s
    cube 4039.14 (depth 1, 18 lits): UNSAT in 3.88s
    cube 4039.15 (depth 1, 18 lits): UNSAT in 15.74s
    cube 4039.16 (depth 1, 18 lits): UNSAT in 0.20s
    cube 4039.17 (depth 1, 18 lits): UNSAT in 0.35s
    cube 4039.18 (depth 1, 18 lits): UNSAT in 0.21s
    cube 4039.19 (depth 1, 18 lits): UNSAT in 0.72s
    cube 4039.20 (depth 1, 18 lits): UNSAT in 0.14s
    cube 4039.21 (depth 1, 18 lits): UNSAT in 0.97s
    cube 4039.22 (depth 1, 18 lits): UNSAT in 0.69s
    cube 4039.23 (depth 1, 18 lits): UNSAT in 3.67s
    cube 4039.24 (depth 1, 18 lits): UNSAT in 0.08s
    cube 4039.25 (depth 1, 18 lits): UNSAT in 1.12s
    cube 4039.26 (depth 1, 18 lits): UNSAT in 1.71s
    cube 4039.27 (depth 1, 18 lits): UNSAT in 6.67s
    cube 4039.28 (depth 1, 18 lits): UNSAT in 0.70s
    cube 4039.29 (depth 1, 18 lits): UNSAT in 7.09s
    cube 4039.30 (depth 1, 18 lits): UNSAT in 8.19s
    cube 4039.31 (depth 1, 18 lits): UNSAT in 96.28s
    cube 4039.32 (depth 1, 18 lits): UNSAT in 0.71s
    cube 4039.33 (depth 1, 18 lits): UNSAT in 1.69s
    cube 4039.34 (depth 1, 18 lits): UNSAT in 0.40s
    cube 4039.35 (depth 1, 18 lits): UNSAT in 3.34s
    cube 4039.36 (depth 1, 18 lits): UNSAT in 0.47s
    cube 4039.37 (depth 1, 18 lits): UNSAT in 1.34s
    cube 4039.38 (depth 1, 18 lits): UNSAT in 2.60s
    cube 4039.39 (depth 1, 18 lits): UNSAT in 9.44s
    cube 4039.40 (depth 1, 18 lits): UNSAT in 2.94s
    cube 4039.41 (depth 1, 18 lits): UNSAT in 1.60s
    cube 4039.42 (depth 1, 18 lits): UNSAT in 3.70s
    cube 4039.43 (depth 1, 18 lits): UNSAT in 43.79s
    cube 4039.44 (depth 1, 18 lits): UNSAT in 6.08s
    cube 4039.45 (depth 1, 18 lits): UNSAT in 52.43s
    cube 4039.46 (depth 1, 18 lits): UNSAT in 43.81s
    cube 4039.47 (depth 1, 18 lits): UNSAT in 20.49s
    cube 4039.48 (depth 1, 18 lits): UNSAT in 0.39s
    cube 4039.49 (depth 1, 18 lits): UNSAT in 2.97s
    cube 4039.50 (depth 1, 18 lits): UNSAT in 1.75s
    cube 4039.51 (depth 1, 18 lits): UNSAT in 21.97s
    cube 4039.52 (depth 1, 18 lits): UNSAT in 1.54s
    cube 4039.53 (depth 1, 18 lits): UNSAT in 32.16s
    cube 4039.54 (depth 1, 18 lits): UNSAT in 93.04s
    cube 4039.55 (depth 1, 18 lits): UNSAT in 28.90s
    cube 4039.56 (depth 1, 18 lits): UNSAT in 2.61s
    cube 4039.57 (depth 1, 18 lits): UNSAT in 30.26s
    cube 4039.58 (depth 1, 18 lits): UNSAT in 27.96s
    cube 4039.59 (depth 1, 18 lits): UNSAT in 382.77s
    cube 4039.60 (depth 1, 18 lits): UNSAT in 35.86s
    cube 4039.61 (depth 1, 18 lits): UNSAT in 399.17s
    cube 4039.62 (depth 1, 18 lits): UNSAT in 233.85s
    cube 4039.63 (depth 1, 18 lits): UNSAT in 1942.66s

  shard 16 verdict: UNSAT (3 UNSAT, 0 unresolved) in 17964.5s
