  shard 15/20 (explicit): 3 of 4060 cubes, per-cube cap 10000.0s, re-split depth 3
    batch [3866..4027] TIMEOUT in 900.1s -> per-cube fallback
    cube 3866 (depth 0, 12 lits): TIMEOUT in 10000.10s
    cube 3866 TIMEOUT -> re-split into 64 sub-cubes (depth 1)
    cube 3866.0 (depth 1, 18 lits): UNSAT in 0.01s
    cube 3866.1 (depth 1, 18 lits): UNSAT in 0.01s
    cube 3866.2 (depth 1, 18 lits): UNSAT in 0.01s
    cube 3866.3 (depth 1, 18 lits): UNSAT in 0.03s
    cube 3866.4 (depth 1, 18 lits): UNSAT in 0.01s
    cube 3866.5 (depth 1, 18 lits): UNSAT in 0.03s
    cube 3866.6 (depth 1, 18 lits): UNSAT in 0.03s
    cube 3866.7 (depth 1, 18 lits): UNSAT in 0.09s
    cube 3866.8 (depth 1, 18 lits): UNSAT in 0.01s
    cube 3866.9 (depth 1, 18 lits): UNSAT in 0.03s
    cube 3866.10 (depth 1, 18 lits): UNSAT in 0.21s
    cube 3866.11 (depth 1, 18 lits): UNSAT in 0.11s
    cube 3866.12 (depth 1, 18 lits): UNSAT in 0.06s
    cube 3866.13 (depth 1, 18 lits): UNSAT in 0.35s
    cube 3866.14 (depth 1, 18 lits): UNSAT in 0.10s
    cube 3866.15 (depth 1, 18 lits): UNSAT in 0.34s
    cube 3866.16 (depth 1, 18 lits): UNSAT in 0.12s
    cube 3866.17 (depth 1, 18 lits): UNSAT in 1.49s
    cube 3866.18 (depth 1, 18 lits): UNSAT in 0.14s
    cube 3866.19 (depth 1, 18 lits): UNSAT in 1.57s
    cube 3866.20 (depth 1, 18 lits): UNSAT in 0.10s
    cube 3866.21 (depth 1, 18 lits): UNSAT in 0.43s
    cube 3866.22 (depth 1, 18 lits): UNSAT in 0.23s
    cube 3866.23 (depth 1, 18 lits): UNSAT in 2.30s
    cube 3866.24 (depth 1, 18 lits): UNSAT in 0.64s
    cube 3866.25 (depth 1, 18 lits): UNSAT in 1.57s
    cube 3866.26 (depth 1, 18 lits): UNSAT in 0.41s
    cube 3866.27 (depth 1, 18 lits): UNSAT in 5.33s
    cube 3866.28 (depth 1, 18 lits): UNSAT in 1.78s
    cube 3866.29 (depth 1, 18 lits): UNSAT in 3.85s
    cube 3866.30 (depth 1, 18 lits): UNSAT in 8.66s
    cube 3866.31 (depth 1, 18 lits): UNSAT in 109.09s
    cube 3866.32 (depth 1, 18 lits): UNSAT in 0.09s
    cube 3866.33 (depth 1, 18 lits): UNSAT in 0.13s
    cube 3866.34 (depth 1, 18 lits): UNSAT in 0.05s
    cube 3866.35 (depth 1, 18 lits): UNSAT in 0.41s
    cube 3866.36 (depth 1, 18 lits): UNSAT in 0.08s
    cube 3866.37 (depth 1, 18 lits): UNSAT in 0.23s
    cube 3866.38 (depth 1, 18 lits): UNSAT in 0.21s
    cube 3866.39 (depth 1, 18 lits): UNSAT in 0.24s
    cube 3866.40 (depth 1, 18 lits): UNSAT in 0.13s
    cube 3866.41 (depth 1, 18 lits): UNSAT in 0.41s
    cube 3866.42 (depth 1, 18 lits): UNSAT in 0.26s
    cube 3866.43 (depth 1, 18 lits): UNSAT in 0.95s
    cube 3866.44 (depth 1, 18 lits): UNSAT in 1.20s
    cube 3866.45 (depth 1, 18 lits): UNSAT in 3.46s
    cube 3866.46 (depth 1, 18 lits): UNSAT in 3.17s
    cube 3866.47 (depth 1, 18 lits): UNSAT in 26.21s
    cube 3866.48 (depth 1, 18 lits): UNSAT in 0.22s
    cube 3866.49 (depth 1, 18 lits): UNSAT in 0.91s
    cube 3866.50 (depth 1, 18 lits): UNSAT in 2.99s
    cube 3866.51 (depth 1, 18 lits): UNSAT in 1.89s
    cube 3866.52 (depth 1, 18 lits): UNSAT in 0.08s
    cube 3866.53 (depth 1, 18 lits): UNSAT in 0.86s
    cube 3866.54 (depth 1, 18 lits): UNSAT in 4.73s
    cube 3866.55 (depth 1, 18 lits): UNSAT in 71.75s
    cube 3866.56 (depth 1, 18 lits): UNSAT in 0.48s
    cube 3866.57 (depth 1, 18 lits): UNSAT in 2.63s
    cube 3866.58 (depth 1, 18 lits): UNSAT in 4.58s
    cube 3866.59 (depth 1, 18 lits): UNSAT in 77.65s
    cube 3866.60 (depth 1, 18 lits): UNSAT in 14.73s
    cube 3866.61 (depth 1, 18 lits): UNSAT in 224.69s
    cube 3866.62 (depth 1, 18 lits): UNSAT in 587.11s
