  shard 17/20 (explicit): 3 of 4060 cubes, per-cube cap 10000.0s, re-split depth 3
    batch [4042..4044] TIMEOUT in 900.1s -> per-cube fallback
    cube 4042 (depth 0, 12 lits): TIMEOUT in 10000.10s
    cube 4042 TIMEOUT -> re-split into 64 sub-cubes (depth 1)
    cube 4042.0 (depth 1, 18 lits): UNSAT in 0.02s
    cube 4042.1 (depth 1, 18 lits): UNSAT in 0.04s
    cube 4042.2 (depth 1, 18 lits): UNSAT in 0.02s
    cube 4042.3 (depth 1, 18 lits): UNSAT in 0.23s
    cube 4042.4 (depth 1, 18 lits): UNSAT in 0.10s
    cube 4042.5 (depth 1, 18 lits): UNSAT in 1.84s
    cube 4042.6 (depth 1, 18 lits): UNSAT in 0.38s
    cube 4042.7 (depth 1, 18 lits): UNSAT in 6.09s
    cube 4042.8 (depth 1, 18 lits): UNSAT in 0.26s
    cube 4042.9 (depth 1, 18 lits): UNSAT in 0.49s
    cube 4042.10 (depth 1, 18 lits): UNSAT in 0.44s
    cube 4042.11 (depth 1, 18 lits): UNSAT in 1.29s
    cube 4042.12 (depth 1, 18 lits): UNSAT in 0.07s
    cube 4042.13 (depth 1, 18 lits): UNSAT in 2.09s
    cube 4042.14 (depth 1, 18 lits): UNSAT in 2.81s
    cube 4042.15 (depth 1, 18 lits): UNSAT in 20.62s
    cube 4042.16 (depth 1, 18 lits): UNSAT in 0.08s
    cube 4042.17 (depth 1, 18 lits): UNSAT in 0.37s
    cube 4042.18 (depth 1, 18 lits): UNSAT in 0.89s
    cube 4042.19 (depth 1, 18 lits): UNSAT in 7.47s
    cube 4042.20 (depth 1, 18 lits): UNSAT in 0.57s
    cube 4042.21 (depth 1, 18 lits): UNSAT in 2.10s
    cube 4042.22 (depth 1, 18 lits): UNSAT in 3.49s
    cube 4042.23 (depth 1, 18 lits): UNSAT in 26.22s
    cube 4042.24 (depth 1, 18 lits): UNSAT in 1.39s
    cube 4042.25 (depth 1, 18 lits): UNSAT in 6.65s
    cube 4042.26 (depth 1, 18 lits): UNSAT in 3.83s
    cube 4042.27 (depth 1, 18 lits): UNSAT in 16.85s
    cube 4042.28 (depth 1, 18 lits): UNSAT in 25.22s
    cube 4042.29 (depth 1, 18 lits): UNSAT in 137.24s
    cube 4042.30 (depth 1, 18 lits): UNSAT in 31.01s
    cube 4042.31 (depth 1, 18 lits): UNSAT in 1423.72s
    cube 4042.32 (depth 1, 18 lits): UNSAT in 0.09s
    cube 4042.33 (depth 1, 18 lits): UNSAT in 0.23s
    cube 4042.34 (depth 1, 18 lits): UNSAT in 0.65s
    cube 4042.35 (depth 1, 18 lits): UNSAT in 1.39s
    cube 4042.36 (depth 1, 18 lits): UNSAT in 2.53s
    cube 4042.37 (depth 1, 18 lits): UNSAT in 9.85s
    cube 4042.38 (depth 1, 18 lits): UNSAT in 2.27s
    cube 4042.39 (depth 1, 18 lits): UNSAT in 11.84s
    cube 4042.40 (depth 1, 18 lits): UNSAT in 0.84s
    cube 4042.41 (depth 1, 18 lits): UNSAT in 3.61s
    cube 4042.42 (depth 1, 18 lits): UNSAT in 4.14s
    cube 4042.43 (depth 1, 18 lits): UNSAT in 12.19s
    cube 4042.44 (depth 1, 18 lits): UNSAT in 4.45s
    cube 4042.45 (depth 1, 18 lits): UNSAT in 15.10s
    cube 4042.46 (depth 1, 18 lits): UNSAT in 13.26s
    cube 4042.47 (depth 1, 18 lits): UNSAT in 140.23s
    cube 4042.48 (depth 1, 18 lits): UNSAT in 0.94s
    cube 4042.49 (depth 1, 18 lits): UNSAT in 7.20s
    cube 4042.50 (depth 1, 18 lits): UNSAT in 3.12s
    cube 4042.51 (depth 1, 18 lits): UNSAT in 22.88s
    cube 4042.52 (depth 1, 18 lits): UNSAT in 29.23s
    cube 4042.53 (depth 1, 18 lits): UNSAT in 128.38s
    cube 4042.54 (depth 1, 18 lits): UNSAT in 14.58s
    cube 4042.55 (depth 1, 18 lits): UNSAT in 569.87s
    cube 4042.56 (depth 1, 18 lits): UNSAT in 17.07s
    cube 4042.57 (depth 1, 18 lits): UNSAT in 114.76s
    cube 4042.58 (depth 1, 18 lits): UNSAT in 37.63s
    cube 4042.59 (depth 1, 18 lits): UNSAT in 1983.00s
    cube 4042.60 (depth 1, 18 lits): UNSAT in 146.61s
    cube 4042.61 (depth 1, 18 lits): UNSAT in 366.09s
    cube 4042.62 (depth 1, 18 lits): UNSAT in 178.37s
    cube 4042.63 (depth 1, 18 lits): UNSAT in 1513.14s
