  shard 14/20 (explicit): 3 of 4060 cubes, per-cube cap 10000.0s, re-split depth 3
    batch [3196..3675] TIMEOUT in 900.1s -> per-cube fallback
    cube 3196 (depth 0, 12 lits): UNSAT in 0.02s
    cube 3199 (depth 0, 12 lits): UNSAT in 0.28s
    cube 3675 (depth 0, 12 lits): TIMEOUT in 10000.10s
    cube 3675 TIMEOUT -> re-split into 64 sub-cubes (depth 1)
    cube 3675.0 (depth 1, 18 lits): UNSAT in 0.02s
    cube 3675.1 (depth 1, 18 lits): UNSAT in 0.09s
    cube 3675.2 (depth 1, 18 lits): UNSAT in 0.10s
    cube 3675.3 (depth 1, 18 lits): UNSAT in 0.39s
    cube 3675.4 (depth 1, 18 lits): UNSAT in 0.04s
    cube 3675.5 (depth 1, 18 lits): UNSAT in 0.42s
    cube 3675.6 (depth 1, 18 lits): UNSAT in 0.91s
    cube 3675.7 (depth 1, 18 lits): UNSAT in 2.74s
    cube 3675.8 (depth 1, 18 lits): UNSAT in 0.20s
    cube 3675.9 (depth 1, 18 lits): UNSAT in 1.18s
    cube 3675.10 (depth 1, 18 lits): UNSAT in 0.38s
    cube 3675.11 (depth 1, 18 lits): UNSAT in 3.45s
    cube 3675.12 (depth 1, 18 lits): UNSAT in 0.37s
    cube 3675.13 (depth 1, 18 lits): UNSAT in 8.23s
    cube 3675.14 (depth 1, 18 lits): UNSAT in 9.24s
    cube 3675.15 (depth 1, 18 lits): UNSAT in 259.29s
    cube 3675.16 (depth 1, 18 lits): UNSAT in 0.06s
    cube 3675.17 (depth 1, 18 lits): UNSAT in 0.16s
    cube 3675.18 (depth 1, 18 lits): UNSAT in 0.35s
    cube 3675.19 (depth 1, 18 lits): UNSAT in 0.80s
    cube 3675.20 (depth 1, 18 lits): UNSAT in 0.43s
    cube 3675.21 (depth 1, 18 lits): UNSAT in 1.26s
    cube 3675.22 (depth 1, 18 lits): UNSAT in 1.17s
    cube 3675.23 (depth 1, 18 lits): UNSAT in 22.53s
    cube 3675.24 (depth 1, 18 lits): UNSAT in 0.59s
    cube 3675.25 (depth 1, 18 lits): UNSAT in 3.67s
    cube 3675.26 (depth 1, 18 lits): UNSAT in 3.35s
    cube 3675.27 (depth 1, 18 lits): UNSAT in 19.58s
    cube 3675.28 (depth 1, 18 lits): UNSAT in 2.94s
    cube 3675.29 (depth 1, 18 lits): UNSAT in 15.48s
    cube 3675.30 (depth 1, 18 lits): UNSAT in 51.09s
    cube 3675.31 (depth 1, 18 lits): UNSAT in 1648.89s
    cube 3675.32 (depth 1, 18 lits): UNSAT in 0.35s
    cube 3675.33 (depth 1, 18 lits): UNSAT in 0.90s
    cube 3675.34 (depth 1, 18 lits): UNSAT in 0.87s
    cube 3675.35 (depth 1, 18 lits): UNSAT in 15.81s
    cube 3675.36 (depth 1, 18 lits): UNSAT in 0.54s
    cube 3675.37 (depth 1, 18 lits): UNSAT in 3.99s
    cube 3675.38 (depth 1, 18 lits): UNSAT in 22.08s
    cube 3675.39 (depth 1, 18 lits): UNSAT in 295.32s
    cube 3675.40 (depth 1, 18 lits): UNSAT in 0.22s
    cube 3675.41 (depth 1, 18 lits): UNSAT in 5.59s
    cube 3675.42 (depth 1, 18 lits): UNSAT in 2.86s
    cube 3675.43 (depth 1, 18 lits): UNSAT in 135.37s
    cube 3675.44 (depth 1, 18 lits): UNSAT in 2.61s
    cube 3675.45 (depth 1, 18 lits): UNSAT in 40.53s
    cube 3675.46 (depth 1, 18 lits): UNSAT in 38.82s
    cube 3675.47 (depth 1, 18 lits): UNSAT in 2103.24s
    cube 3675.48 (depth 1, 18 lits): UNSAT in 1.14s
    cube 3675.49 (depth 1, 18 lits): UNSAT in 9.38s
    cube 3675.50 (depth 1, 18 lits): UNSAT in 4.46s
    cube 3675.51 (depth 1, 18 lits): UNSAT in 49.64s
    cube 3675.52 (depth 1, 18 lits): UNSAT in 16.05s
    cube 3675.53 (depth 1, 18 lits): UNSAT in 359.17s
    cube 3675.54 (depth 1, 18 lits): UNSAT in 53.87s
