  shard 18/20 (explicit): 3 of 4060 cubes, per-cube cap 10000.0s, re-split depth 3
    batch [4047..4055] TIMEOUT in 900.1s -> per-cube fallback
    cube 4047 (depth 0, 12 lits): TIMEOUT in 10000.10s
    cube 4047 TIMEOUT -> re-split into 64 sub-cubes (depth 1)
    cube 4047.0 (depth 1, 18 lits): UNSAT in 0.05s
    cube 4047.1 (depth 1, 18 lits): UNSAT in 0.07s
    cube 4047.2 (depth 1, 18 lits): UNSAT in 0.11s
    cube 4047.3 (depth 1, 18 lits): UNSAT in 0.22s
    cube 4047.4 (depth 1, 18 lits): UNSAT in 0.05s
    cube 4047.5 (depth 1, 18 lits): UNSAT in 0.15s
    cube 4047.6 (depth 1, 18 lits): UNSAT in 0.07s
    cube 4047.7 (depth 1, 18 lits): UNSAT in 2.84s
    cube 4047.8 (depth 1, 18 lits): UNSAT in 0.12s
    cube 4047.9 (depth 1, 18 lits): UNSAT in 0.80s
    cube 4047.10 (depth 1, 18 lits): UNSAT in 0.48s
    cube 4047.11 (depth 1, 18 lits): UNSAT in 4.72s
    cube 4047.12 (depth 1, 18 lits): UNSAT in 0.07s
    cube 4047.13 (depth 1, 18 lits): UNSAT in 0.60s
    cube 4047.14 (depth 1, 18 lits): UNSAT in 2.89s
    cube 4047.15 (depth 1, 18 lits): UNSAT in 15.85s
    cube 4047.16 (depth 1, 18 lits): UNSAT in 0.13s
    cube 4047.17 (depth 1, 18 lits): UNSAT in 0.45s
    cube 4047.18 (depth 1, 18 lits): UNSAT in 1.92s
    cube 4047.19 (depth 1, 18 lits): UNSAT in 4.57s
    cube 4047.20 (depth 1, 18 lits): UNSAT in 0.39s
    cube 4047.21 (depth 1, 18 lits): UNSAT in 3.62s
    cube 4047.22 (depth 1, 18 lits): UNSAT in 3.32s
    cube 4047.23 (depth 1, 18 lits): UNSAT in 23.04s
    cube 4047.24 (depth 1, 18 lits): UNSAT in 2.15s
    cube 4047.25 (depth 1, 18 lits): UNSAT in 6.29s
    cube 4047.26 (depth 1, 18 lits): UNSAT in 4.49s
    cube 4047.27 (depth 1, 18 lits): UNSAT in 26.48s
    cube 4047.28 (depth 1, 18 lits): UNSAT in 5.14s
    cube 4047.29 (depth 1, 18 lits): UNSAT in 17.90s
    cube 4047.30 (depth 1, 18 lits): UNSAT in 48.31s
    cube 4047.31 (depth 1, 18 lits): UNSAT in 570.27s
    cube 4047.32 (depth 1, 18 lits): UNSAT in 0.09s
    cube 4047.33 (depth 1, 18 lits): UNSAT in 0.95s
    cube 4047.34 (depth 1, 18 lits): UNSAT in 0.50s
    cube 4047.35 (depth 1, 18 lits): UNSAT in 2.91s
    cube 4047.36 (depth 1, 18 lits): UNSAT in 0.21s
    cube 4047.37 (depth 1, 18 lits): UNSAT in 0.72s
    cube 4047.38 (depth 1, 18 lits): UNSAT in 1.08s
    cube 4047.39 (depth 1, 18 lits): UNSAT in 15.80s
    cube 4047.40 (depth 1, 18 lits): UNSAT in 0.35s
    cube 4047.41 (depth 1, 18 lits): UNSAT in 1.91s
    cube 4047.42 (depth 1, 18 lits): UNSAT in 1.04s
    cube 4047.43 (depth 1, 18 lits): UNSAT in 14.78s
    cube 4047.44 (depth 1, 18 lits): UNSAT in 4.77s
    cube 4047.45 (depth 1, 18 lits): UNSAT in 36.98s
    cube 4047.46 (depth 1, 18 lits): UNSAT in 6.25s
    cube 4047.47 (depth 1, 18 lits): UNSAT in 53.80s
    cube 4047.48 (depth 1, 18 lits): UNSAT in 0.44s
    cube 4047.49 (depth 1, 18 lits): UNSAT in 8.64s
    cube 4047.50 (depth 1, 18 lits): UNSAT in 1.04s
    cube 4047.51 (depth 1, 18 lits): UNSAT in 71.69s
    cube 4047.52 (depth 1, 18 lits): UNSAT in 8.33s
    cube 4047.53 (depth 1, 18 lits): UNSAT in 39.67s
    cube 4047.54 (depth 1, 18 lits): UNSAT in 22.87s
    cube 4047.55 (depth 1, 18 lits): UNSAT in 158.33s
    cube 4047.56 (depth 1, 18 lits): UNSAT in 3.64s
    cube 4047.57 (depth 1, 18 lits): UNSAT in 14.90s
    cube 4047.58 (depth 1, 18 lits): UNSAT in 14.43s
    cube 4047.59 (depth 1, 18 lits): UNSAT in 143.34s
    cube 4047.60 (depth 1, 18 lits): UNSAT in 115.10s
    cube 4047.61 (depth 1, 18 lits): UNSAT in 501.79s
    cube 4047.62 (depth 1, 18 lits): UNSAT in 321.51s
    cube 4047.63 (depth 1, 18 lits): UNSAT in 1321.53s
