  shard 8/20 (explicit): 4 of 4060 cubes, per-cube cap 10000.0s, re-split depth 3
    batch [3036..3055] TIMEOUT in 900.1s -> per-cube fallback
    cube 3036 (depth 0, 12 lits): TIMEOUT in 10000.04s
    cube 3036 TIMEOUT -> re-split into 64 sub-cubes (depth 1)
    cube 3036.0 (depth 1, 18 lits): UNSAT in 0.13s
    cube 3036.1 (depth 1, 18 lits): UNSAT in 1.06s
    cube 3036.2 (depth 1, 18 lits): UNSAT in 0.39s
    cube 3036.3 (depth 1, 18 lits): UNSAT in 1.23s
    cube 3036.4 (depth 1, 18 lits): UNSAT in 1.20s
    cube 3036.5 (depth 1, 18 lits): UNSAT in 4.20s
    cube 3036.6 (depth 1, 18 lits): UNSAT in 5.38s
    cube 3036.7 (depth 1, 18 lits): UNSAT in 107.22s
    cube 3036.8 (depth 1, 18 lits): UNSAT in 0.71s
    cube 3036.9 (depth 1, 18 lits): UNSAT in 4.77s
    cube 3036.10 (depth 1, 18 lits): UNSAT in 3.71s
    cube 3036.11 (depth 1, 18 lits): UNSAT in 22.72s
    cube 3036.12 (depth 1, 18 lits): UNSAT in 0.87s
    cube 3036.13 (depth 1, 18 lits): UNSAT in 6.58s
    cube 3036.14 (depth 1, 18 lits): UNSAT in 31.96s
    cube 3036.15 (depth 1, 18 lits): UNSAT in 1257.22s
    cube 3036.16 (depth 1, 18 lits): UNSAT in 0.16s
    cube 3036.17 (depth 1, 18 lits): UNSAT in 2.26s
    cube 3036.18 (depth 1, 18 lits): UNSAT in 5.09s
    cube 3036.19 (depth 1, 18 lits): UNSAT in 22.59s
    cube 3036.20 (depth 1, 18 lits): UNSAT in 1.62s
    cube 3036.21 (depth 1, 18 lits): UNSAT in 20.24s
    cube 3036.22 (depth 1, 18 lits): UNSAT in 7.72s
    cube 3036.23 (depth 1, 18 lits): UNSAT in 474.47s
    cube 3036.24 (depth 1, 18 lits): UNSAT in 3.62s
    cube 3036.25 (depth 1, 18 lits): UNSAT in 47.98s
    cube 3036.26 (depth 1, 18 lits): UNSAT in 5.82s
    cube 3036.27 (depth 1, 18 lits): UNSAT in 932.09s
    cube 3036.28 (depth 1, 18 lits): UNSAT in 18.23s
    cube 3036.29 (depth 1, 18 lits): UNSAT in 626.52s
    cube 3036.30 (depth 1, 18 lits): UNSAT in 875.00s
