  shard 0/20 (explicit): 4 of 4060 cubes, per-cube cap 10000.0s, re-split depth 3
    batch [2015..2063] TIMEOUT in 900.1s -> per-cube fallback
    cube 2015 (depth 0, 12 lits): TIMEOUT in 10000.10s
    cube 2015 TIMEOUT -> re-split into 64 sub-cubes (depth 1)
    cube 2015.0 (depth 1, 18 lits): UNSAT in 0.07s
    cube 2015.1 (depth 1, 18 lits): UNSAT in 0.19s
    cube 2015.2 (depth 1, 18 lits): UNSAT in 0.10s
    cube 2015.3 (depth 1, 18 lits): UNSAT in 0.34s
    cube 2015.4 (depth 1, 18 lits): UNSAT in 0.14s
    cube 2015.5 (depth 1, 18 lits): UNSAT in 0.32s
    cube 2015.6 (depth 1, 18 lits): UNSAT in 0.24s
    cube 2015.7 (depth 1, 18 lits): UNSAT in 3.65s
    cube 2015.8 (depth 1, 18 lits): UNSAT in 0.04s
    cube 2015.9 (depth 1, 18 lits): UNSAT in 0.33s
    cube 2015.10 (depth 1, 18 lits): UNSAT in 0.11s
    cube 2015.11 (depth 1, 18 lits): UNSAT in 2.02s
    cube 2015.12 (depth 1, 18 lits): UNSAT in 0.14s
    cube 2015.13 (depth 1, 18 lits): UNSAT in 0.99s
    cube 2015.14 (depth 1, 18 lits): UNSAT in 2.06s
    cube 2015.15 (depth 1, 18 lits): UNSAT in 27.75s
    cube 2015.16 (depth 1, 18 lits): UNSAT in 0.06s
    cube 2015.17 (depth 1, 18 lits): UNSAT in 0.28s
    cube 2015.18 (depth 1, 18 lits): UNSAT in 0.12s
    cube 2015.19 (depth 1, 18 lits): UNSAT in 1.07s
    cube 2015.20 (depth 1, 18 lits): UNSAT in 0.07s
    cube 2015.21 (depth 1, 18 lits): UNSAT in 0.79s
    cube 2015.22 (depth 1, 18 lits): UNSAT in 3.21s
    cube 2015.23 (depth 1, 18 lits): UNSAT in 16.03s
    cube 2015.24 (depth 1, 18 lits): UNSAT in 0.42s
    cube 2015.25 (depth 1, 18 lits): UNSAT in 1.25s
    cube 2015.26 (depth 1, 18 lits): UNSAT in 1.41s
    cube 2015.27 (depth 1, 18 lits): UNSAT in 8.10s
    cube 2015.28 (depth 1, 18 lits): UNSAT in 3.11s
    cube 2015.29 (depth 1, 18 lits): UNSAT in 11.72s
    cube 2015.30 (depth 1, 18 lits): UNSAT in 19.44s
    cube 2015.31 (depth 1, 18 lits): UNSAT in 112.24s
    cube 2015.32 (depth 1, 18 lits): UNSAT in 0.08s
    cube 2015.33 (depth 1, 18 lits): UNSAT in 0.57s
    cube 2015.34 (depth 1, 18 lits): UNSAT in 0.43s
    cube 2015.35 (depth 1, 18 lits): UNSAT in 3.27s
    cube 2015.36 (depth 1, 18 lits): UNSAT in 0.37s
    cube 2015.37 (depth 1, 18 lits): UNSAT in 1.38s
    cube 2015.38 (depth 1, 18 lits): UNSAT in 1.47s
    cube 2015.39 (depth 1, 18 lits): UNSAT in 31.99s
    cube 2015.40 (depth 1, 18 lits): UNSAT in 0.18s
    cube 2015.41 (depth 1, 18 lits): UNSAT in 1.10s
    cube 2015.42 (depth 1, 18 lits): UNSAT in 0.37s
    cube 2015.43 (depth 1, 18 lits): UNSAT in 7.04s
    cube 2015.44 (depth 1, 18 lits): UNSAT in 4.44s
    cube 2015.45 (depth 1, 18 lits): UNSAT in 66.38s
    cube 2015.46 (depth 1, 18 lits): UNSAT in 16.71s
    cube 2015.47 (depth 1, 18 lits): UNSAT in 850.27s
    cube 2015.48 (depth 1, 18 lits): UNSAT in 0.58s
    cube 2015.49 (depth 1, 18 lits): UNSAT in 3.16s
    cube 2015.50 (depth 1, 18 lits): UNSAT in 6.17s
    cube 2015.51 (depth 1, 18 lits): UNSAT in 17.01s
    cube 2015.52 (depth 1, 18 lits): UNSAT in 2.76s
    cube 2015.53 (depth 1, 18 lits): UNSAT in 8.90s
    cube 2015.54 (depth 1, 18 lits): UNSAT in 10.54s
    cube 2015.55 (depth 1, 18 lits): UNSAT in 222.77s
    cube 2015.56 (depth 1, 18 lits): UNSAT in 4.71s
    cube 2015.57 (depth 1, 18 lits): UNSAT in 50.22s
    cube 2015.58 (depth 1, 18 lits): UNSAT in 18.90s
    cube 2015.59 (depth 1, 18 lits): UNSAT in 344.96s
    cube 2015.60 (depth 1, 18 lits): UNSAT in 107.08s
    cube 2015.61 (depth 1, 18 lits): UNSAT in 940.66s
    cube 2015.62 (depth 1, 18 lits): UNSAT in 1779.14s
