  shard 7/20 (explicit): 4 of 4060 cubes, per-cube cap 10000.0s, re-split depth 3
    batch [2463..2780] TIMEOUT in 900.1s -> per-cube fallback
    cube 2463 (depth 0, 12 lits): UNSAT in 0.19s
    cube 2479 (depth 0, 12 lits): UNSAT in 0.06s
    cube 2495 (depth 0, 12 lits): UNSAT in 0.13s
    cube 2780 (depth 0, 12 lits): TIMEOUT in 10000.08s
    cube 2780 TIMEOUT -> re-split into 64 sub-cubes (depth 1)
    cube 2780.0 (depth 1, 18 lits): UNSAT in 0.08s
    cube 2780.1 (depth 1, 18 lits): UNSAT in 0.11s
    cube 2780.2 (depth 1, 18 lits): UNSAT in 0.16s
    cube 2780.3 (depth 1, 18 lits): UNSAT in 0.51s
    cube 2780.4 (depth 1, 18 lits): UNSAT in 0.33s
    cube 2780.5 (depth 1, 18 lits): UNSAT in 1.61s
    cube 2780.6 (depth 1, 18 lits): UNSAT in 2.35s
    cube 2780.7 (depth 1, 18 lits): UNSAT in 6.40s
    cube 2780.8 (depth 1, 18 lits): UNSAT in 0.16s
    cube 2780.9 (depth 1, 18 lits): UNSAT in 0.43s
    cube 2780.10 (depth 1, 18 lits): UNSAT in 0.45s
    cube 2780.11 (depth 1, 18 lits): UNSAT in 8.05s
    cube 2780.12 (depth 1, 18 lits): UNSAT in 0.73s
    cube 2780.13 (depth 1, 18 lits): UNSAT in 31.34s
    cube 2780.14 (depth 1, 18 lits): UNSAT in 7.37s
    cube 2780.15 (depth 1, 18 lits): UNSAT in 444.31s
    cube 2780.16 (depth 1, 18 lits): UNSAT in 0.29s
    cube 2780.17 (depth 1, 18 lits): UNSAT in 0.61s
    cube 2780.18 (depth 1, 18 lits): UNSAT in 3.28s
    cube 2780.19 (depth 1, 18 lits): UNSAT in 9.74s
    cube 2780.20 (depth 1, 18 lits): UNSAT in 2.16s
    cube 2780.21 (depth 1, 18 lits): UNSAT in 12.60s
    cube 2780.22 (depth 1, 18 lits): UNSAT in 15.03s
    cube 2780.23 (depth 1, 18 lits): UNSAT in 823.42s
    cube 2780.24 (depth 1, 18 lits): UNSAT in 2.30s
    cube 2780.25 (depth 1, 18 lits): UNSAT in 21.54s
    cube 2780.26 (depth 1, 18 lits): UNSAT in 11.03s
    cube 2780.27 (depth 1, 18 lits): UNSAT in 247.72s
    cube 2780.28 (depth 1, 18 lits): UNSAT in 6.74s
    cube 2780.29 (depth 1, 18 lits): UNSAT in 42.46s
    cube 2780.30 (depth 1, 18 lits): UNSAT in 87.63s
