  shard 2/6 (round-robin): 593 of 3556 cubes, per-cube cap 10000.0s, re-split depth 3
    batch [2402..3554] TIMEOUT in 900.1s -> per-cube fallback
    cube 2402 (depth 0, 24 lits): UNSAT in 0.02s
    cube 2408 (depth 0, 24 lits): UNSAT in 0.01s
    cube 2414 (depth 0, 24 lits): UNSAT in 0.05s
    cube 2420 (depth 0, 24 lits): UNSAT in 0.97s
    cube 2426 (depth 0, 24 lits): UNSAT in 0.03s
    cube 2432 (depth 0, 24 lits): UNSAT in 0.11s
    cube 2438 (depth 0, 24 lits): UNSAT in 0.02s
    cube 2444 (depth 0, 24 lits): UNSAT in 0.06s
    cube 2450 (depth 0, 24 lits): UNSAT in 0.26s
    cube 2456 (depth 0, 24 lits): UNSAT in 0.02s
    cube 2462 (depth 0, 24 lits): UNSAT in 0.02s
    cube 2468 (depth 0, 24 lits): UNSAT in 0.17s
    cube 2474 (depth 0, 24 lits): UNSAT in 0.01s
    cube 2480 (depth 0, 24 lits): UNSAT in 0.21s
    cube 2486 (depth 0, 24 lits): UNSAT in 0.02s
    cube 2492 (depth 0, 24 lits): UNSAT in 0.03s
    cube 2498 (depth 0, 24 lits): UNSAT in 0.03s
    cube 2504 (depth 0, 24 lits): UNSAT in 0.11s
    cube 2510 (depth 0, 24 lits): UNSAT in 0.07s
    cube 2516 (depth 0, 24 lits): UNSAT in 1.86s
    cube 2522 (depth 0, 24 lits): UNSAT in 0.06s
    cube 2528 (depth 0, 24 lits): UNSAT in 0.03s
    cube 2534 (depth 0, 24 lits): UNSAT in 0.04s
    cube 2540 (depth 0, 24 lits): UNSAT in 0.16s
    cube 2546 (depth 0, 24 lits): UNSAT in 0.23s
    cube 2552 (depth 0, 24 lits): UNSAT in 0.06s
    cube 2558 (depth 0, 24 lits): UNSAT in 0.05s
    cube 2564 (depth 0, 24 lits): UNSAT in 5.52s
    cube 2570 (depth 0, 24 lits): UNSAT in 1.22s
    cube 2576 (depth 0, 24 lits): UNSAT in 5.26s
    cube 2582 (depth 0, 23 lits): UNSAT in 0.01s
    cube 2588 (depth 0, 24 lits): UNSAT in 0.01s
    cube 2594 (depth 0, 24 lits): UNSAT in 0.01s
    cube 2600 (depth 0, 24 lits): UNSAT in 0.01s
    cube 2606 (depth 0, 24 lits): UNSAT in 0.03s
    cube 2612 (depth 0, 23 lits): UNSAT in 0.01s
    cube 2618 (depth 0, 24 lits): UNSAT in 0.01s
    cube 2624 (depth 0, 24 lits): UNSAT in 0.02s
    cube 2630 (depth 0, 24 lits): UNSAT in 0.02s
    cube 2636 (depth 0, 24 lits): UNSAT in 0.02s
    cube 2642 (depth 0, 23 lits): UNSAT in 0.01s
    cube 2648 (depth 0, 24 lits): UNSAT in 0.01s
    cube 2654 (depth 0, 24 lits): UNSAT in 0.02s
    cube 2660 (depth 0, 24 lits): UNSAT in 0.01s
    cube 2666 (depth 0, 24 lits): UNSAT in 0.04s
    cube 2672 (depth 0, 24 lits): UNSAT in 0.02s
    cube 2678 (depth 0, 24 lits): UNSAT in 0.01s
    cube 2684 (depth 0, 24 lits): UNSAT in 0.04s
    cube 2690 (depth 0, 24 lits): UNSAT in 0.03s
    cube 2696 (depth 0, 24 lits): UNSAT in 0.29s
    cube 2702 (depth 0, 24 lits): UNSAT in 0.01s
    cube 2708 (depth 0, 24 lits): UNSAT in 0.02s
    cube 2714 (depth 0, 24 lits): UNSAT in 0.03s
    cube 2720 (depth 0, 24 lits): UNSAT in 0.01s
    cube 2726 (depth 0, 24 lits): UNSAT in 0.03s
    cube 2732 (depth 0, 24 lits): UNSAT in 0.01s
    cube 2738 (depth 0, 24 lits): UNSAT in 0.01s
    cube 2744 (depth 0, 24 lits): UNSAT in 0.03s
    cube 2750 (depth 0, 24 lits): UNSAT in 0.03s
    cube 2756 (depth 0, 24 lits): UNSAT in 0.02s
    cube 2762 (depth 0, 24 lits): UNSAT in 0.45s
    cube 2768 (depth 0, 24 lits): UNSAT in 0.02s
    cube 2774 (depth 0, 24 lits): UNSAT in 0.02s
    cube 2780 (depth 0, 24 lits): UNSAT in 0.01s
    cube 2786 (depth 0, 24 lits): UNSAT in 0.21s
    cube 2792 (depth 0, 24 lits): UNSAT in 0.03s
    cube 2798 (depth 0, 24 lits): UNSAT in 0.03s
    cube 2804 (depth 0, 24 lits): UNSAT in 0.04s
    cube 2810 (depth 0, 24 lits): UNSAT in 0.95s
    cube 2816 (depth 0, 24 lits): UNSAT in 0.15s
    cube 2822 (depth 0, 24 lits): UNSAT in 0.63s
    cube 2828 (depth 0, 24 lits): UNSAT in 0.01s
    cube 2834 (depth 0, 24 lits): UNSAT in 0.02s
    cube 2840 (depth 0, 24 lits): UNSAT in 0.02s
    cube 2846 (depth 0, 24 lits): UNSAT in 0.04s
    cube 2852 (depth 0, 24 lits): UNSAT in 0.01s
    cube 2858 (depth 0, 24 lits): UNSAT in 0.15s
    cube 2864 (depth 0, 24 lits): UNSAT in 0.01s
    cube 2870 (depth 0, 24 lits): UNSAT in 0.02s
    cube 2876 (depth 0, 24 lits): UNSAT in 0.01s
    cube 2882 (depth 0, 24 lits): UNSAT in 0.15s
    cube 2888 (depth 0, 24 lits): UNSAT in 0.11s
    cube 2894 (depth 0, 24 lits): UNSAT in 0.01s
    cube 2900 (depth 0, 24 lits): UNSAT in 0.03s
    cube 2906 (depth 0, 24 lits): UNSAT in 0.26s
    cube 2912 (depth 0, 24 lits): UNSAT in 0.04s
    cube 2918 (depth 0, 24 lits): UNSAT in 0.06s
    cube 2924 (depth 0, 24 lits): UNSAT in 0.02s
    cube 2930 (depth 0, 24 lits): UNSAT in 0.24s
    cube 2936 (depth 0, 24 lits): UNSAT in 0.10s
    cube 2942 (depth 0, 24 lits): UNSAT in 0.11s
    cube 2948 (depth 0, 24 lits): UNSAT in 0.14s
    cube 2954 (depth 0, 24 lits): UNSAT in 61.11s
    cube 2960 (depth 0, 24 lits): UNSAT in 0.02s
    cube 2966 (depth 0, 24 lits): UNSAT in 0.03s
    cube 2972 (depth 0, 24 lits): UNSAT in 0.03s
    cube 2978 (depth 0, 24 lits): UNSAT in 0.02s
    cube 2984 (depth 0, 24 lits): UNSAT in 0.24s
    cube 2990 (depth 0, 24 lits): UNSAT in 0.03s
    cube 2996 (depth 0, 24 lits): UNSAT in 0.01s
    cube 3002 (depth 0, 24 lits): UNSAT in 0.41s
    cube 3008 (depth 0, 24 lits): UNSAT in 0.16s
    cube 3014 (depth 0, 24 lits): UNSAT in 0.13s
    cube 3020 (depth 0, 24 lits): UNSAT in 0.02s
    cube 3026 (depth 0, 24 lits): UNSAT in 0.36s
    cube 3032 (depth 0, 24 lits): UNSAT in 0.35s
    cube 3038 (depth 0, 24 lits): UNSAT in 0.07s
    cube 3044 (depth 0, 24 lits): UNSAT in 0.03s
    cube 3050 (depth 0, 24 lits): UNSAT in 1.13s
    cube 3056 (depth 0, 24 lits): UNSAT in 0.17s
    cube 3062 (depth 0, 24 lits): UNSAT in 1.07s
    cube 3068 (depth 0, 24 lits): UNSAT in 0.04s
    cube 3074 (depth 0, 24 lits): UNSAT in 3.51s
    cube 3080 (depth 0, 24 lits): UNSAT in 74.72s
    cube 3086 (depth 0, 23 lits): UNSAT in 0.01s
    cube 3092 (depth 0, 23 lits): UNSAT in 0.01s
    cube 3098 (depth 0, 24 lits): UNSAT in 0.02s
    cube 3104 (depth 0, 24 lits): UNSAT in 0.01s
    cube 3110 (depth 0, 24 lits): UNSAT in 0.01s
    cube 3116 (depth 0, 24 lits): UNSAT in 0.01s
    cube 3122 (depth 0, 24 lits): UNSAT in 0.02s
    cube 3128 (depth 0, 24 lits): UNSAT in 0.03s
    cube 3134 (depth 0, 22 lits): UNSAT in 0.02s
    cube 3140 (depth 0, 24 lits): UNSAT in 0.01s
    cube 3146 (depth 0, 24 lits): UNSAT in 0.03s
    cube 3152 (depth 0, 24 lits): UNSAT in 0.02s
    cube 3158 (depth 0, 24 lits): UNSAT in 1.93s
    cube 3164 (depth 0, 24 lits): UNSAT in 0.02s
    cube 3170 (depth 0, 24 lits): UNSAT in 0.03s
    cube 3176 (depth 0, 24 lits): UNSAT in 0.05s
    cube 3182 (depth 0, 24 lits): UNSAT in 0.05s
    cube 3188 (depth 0, 24 lits): UNSAT in 4.09s
    cube 3194 (depth 0, 24 lits): UNSAT in 0.01s
    cube 3200 (depth 0, 24 lits): UNSAT in 0.01s
    cube 3206 (depth 0, 24 lits): UNSAT in 0.01s
    cube 3212 (depth 0, 24 lits): UNSAT in 0.17s
    cube 3218 (depth 0, 24 lits): UNSAT in 0.03s
    cube 3224 (depth 0, 24 lits): UNSAT in 0.11s
    cube 3230 (depth 0, 24 lits): UNSAT in 0.06s
    cube 3236 (depth 0, 24 lits): UNSAT in 1.23s
    cube 3242 (depth 0, 24 lits): UNSAT in 1.44s
    cube 3248 (depth 0, 24 lits): UNSAT in 0.01s
    cube 3254 (depth 0, 24 lits): UNSAT in 0.05s
    cube 3260 (depth 0, 24 lits): UNSAT in 0.02s
    cube 3266 (depth 0, 24 lits): UNSAT in 0.12s
    cube 3272 (depth 0, 24 lits): UNSAT in 0.51s
    cube 3278 (depth 0, 24 lits): UNSAT in 0.05s
    cube 3284 (depth 0, 24 lits): UNSAT in 0.03s
    cube 3290 (depth 0, 24 lits): UNSAT in 1.69s
    cube 3296 (depth 0, 24 lits): UNSAT in 0.41s
    cube 3302 (depth 0, 24 lits): UNSAT in 2.76s
    cube 3308 (depth 0, 22 lits): UNSAT in 0.01s
    cube 3314 (depth 0, 24 lits): UNSAT in 0.02s
    cube 3320 (depth 0, 24 lits): UNSAT in 0.08s
    cube 3326 (depth 0, 24 lits): UNSAT in 0.05s
    cube 3332 (depth 0, 24 lits): UNSAT in 3.51s
    cube 3338 (depth 0, 24 lits): UNSAT in 0.05s
    cube 3344 (depth 0, 24 lits): UNSAT in 0.06s
    cube 3350 (depth 0, 24 lits): UNSAT in 0.06s
    cube 3356 (depth 0, 24 lits): UNSAT in 1.61s
    cube 3362 (depth 0, 24 lits): UNSAT in 1.74s
    cube 3368 (depth 0, 24 lits): UNSAT in 0.04s
    cube 3374 (depth 0, 24 lits): UNSAT in 0.07s
    cube 3380 (depth 0, 24 lits): UNSAT in 1.73s
    cube 3386 (depth 0, 24 lits): UNSAT in 0.13s
    cube 3392 (depth 0, 24 lits): UNSAT in 0.25s
    cube 3398 (depth 0, 24 lits): UNSAT in 0.03s
    cube 3404 (depth 0, 24 lits): UNSAT in 0.58s
    cube 3410 (depth 0, 24 lits): UNSAT in 0.08s
    cube 3416 (depth 0, 24 lits): UNSAT in 0.85s
    cube 3422 (depth 0, 24 lits): UNSAT in 0.74s
    cube 3428 (depth 0, 24 lits): UNSAT in 121.09s
    cube 3434 (depth 0, 24 lits): UNSAT in 0.03s
    cube 3440 (depth 0, 24 lits): UNSAT in 0.02s
    cube 3446 (depth 0, 24 lits): UNSAT in 0.02s
    cube 3452 (depth 0, 24 lits): UNSAT in 0.05s
    cube 3458 (depth 0, 24 lits): UNSAT in 1.01s
    cube 3464 (depth 0, 24 lits): UNSAT in 0.11s
    cube 3470 (depth 0, 24 lits): UNSAT in 0.14s
    cube 3476 (depth 0, 24 lits): UNSAT in 0.05s
    cube 3482 (depth 0, 24 lits): UNSAT in 2.59s
    cube 3488 (depth 0, 24 lits): UNSAT in 0.34s
    cube 3494 (depth 0, 24 lits): UNSAT in 0.11s
    cube 3500 (depth 0, 24 lits): UNSAT in 0.02s
    cube 3506 (depth 0, 24 lits): UNSAT in 0.49s
    cube 3512 (depth 0, 24 lits): UNSAT in 0.07s
    cube 3518 (depth 0, 24 lits): UNSAT in 0.23s
    cube 3524 (depth 0, 24 lits): UNSAT in 0.03s
    cube 3530 (depth 0, 24 lits): UNSAT in 1.19s
    cube 3536 (depth 0, 24 lits): UNSAT in 0.57s
    cube 3542 (depth 0, 24 lits): UNSAT in 0.26s
    cube 3548 (depth 0, 24 lits): UNSAT in 2.41s
    cube 3554 (depth 0, 24 lits): TIMEOUT in 10000.10s
    cube 3554 TIMEOUT -> re-split into 64 sub-cubes (depth 1)
    cube 3554.0 (depth 1, 30 lits): UNSAT in 0.02s
    cube 3554.1 (depth 1, 30 lits): UNSAT in 0.03s
    cube 3554.2 (depth 1, 30 lits): UNSAT in 0.02s
    cube 3554.3 (depth 1, 30 lits): UNSAT in 0.04s
    cube 3554.4 (depth 1, 30 lits): UNSAT in 0.02s
    cube 3554.5 (depth 1, 30 lits): UNSAT in 0.06s
    cube 3554.6 (depth 1, 30 lits): UNSAT in 0.06s
    cube 3554.7 (depth 1, 30 lits): UNSAT in 0.32s
    cube 3554.8 (depth 1, 30 lits): UNSAT in 0.05s
    cube 3554.9 (depth 1, 30 lits): UNSAT in 0.09s
    cube 3554.10 (depth 1, 30 lits): UNSAT in 0.03s
    cube 3554.11 (depth 1, 30 lits): UNSAT in 0.25s
    cube 3554.12 (depth 1, 30 lits): UNSAT in 0.06s
    cube 3554.13 (depth 1, 30 lits): UNSAT in 0.29s
    cube 3554.14 (depth 1, 30 lits): UNSAT in 0.11s
    cube 3554.15 (depth 1, 30 lits): UNSAT in 3.42s
    cube 3554.16 (depth 1, 30 lits): UNSAT in 0.02s
    cube 3554.17 (depth 1, 30 lits): UNSAT in 0.06s
    cube 3554.18 (depth 1, 30 lits): UNSAT in 0.03s
    cube 3554.19 (depth 1, 30 lits): UNSAT in 0.17s
    cube 3554.20 (depth 1, 30 lits): UNSAT in 0.04s
    cube 3554.21 (depth 1, 30 lits): UNSAT in 0.07s
    cube 3554.22 (depth 1, 30 lits): UNSAT in 0.11s
    cube 3554.23 (depth 1, 30 lits): UNSAT in 1.00s
    cube 3554.24 (depth 1, 30 lits): UNSAT in 0.14s
    cube 3554.25 (depth 1, 30 lits): UNSAT in 0.25s
    cube 3554.26 (depth 1, 30 lits): UNSAT in 0.13s
    cube 3554.27 (depth 1, 30 lits): UNSAT in 0.94s
    cube 3554.28 (depth 1, 30 lits): UNSAT in 0.63s
    cube 3554.29 (depth 1, 30 lits): UNSAT in 1.15s
    cube 3554.30 (depth 1, 30 lits): UNSAT in 2.46s
    cube 3554.31 (depth 1, 30 lits): UNSAT in 28.31s
    cube 3554.32 (depth 1, 30 lits): UNSAT in 0.02s
    cube 3554.33 (depth 1, 30 lits): UNSAT in 0.04s
    cube 3554.34 (depth 1, 30 lits): UNSAT in 0.12s
    cube 3554.35 (depth 1, 30 lits): UNSAT in 0.18s
    cube 3554.36 (depth 1, 30 lits): UNSAT in 0.05s
    cube 3554.37 (depth 1, 30 lits): UNSAT in 0.82s
    cube 3554.38 (depth 1, 30 lits): UNSAT in 0.32s
    cube 3554.39 (depth 1, 30 lits): UNSAT in 3.74s
    cube 3554.40 (depth 1, 30 lits): UNSAT in 0.03s
    cube 3554.41 (depth 1, 30 lits): UNSAT in 0.07s
    cube 3554.42 (depth 1, 30 lits): UNSAT in 0.10s
    cube 3554.43 (depth 1, 30 lits): UNSAT in 1.61s
    cube 3554.44 (depth 1, 30 lits): UNSAT in 0.60s
    cube 3554.45 (depth 1, 30 lits): UNSAT in 1.46s
    cube 3554.46 (depth 1, 30 lits): UNSAT in 5.39s
    cube 3554.47 (depth 1, 30 lits): UNSAT in 29.69s
    cube 3554.48 (depth 1, 30 lits): UNSAT in 0.07s
    cube 3554.49 (depth 1, 30 lits): UNSAT in 0.30s
    cube 3554.50 (depth 1, 30 lits): UNSAT in 0.11s
    cube 3554.51 (depth 1, 30 lits): UNSAT in 2.20s
    cube 3554.52 (depth 1, 30 lits): UNSAT in 0.53s
    cube 3554.53 (depth 1, 30 lits): UNSAT in 1.40s
    cube 3554.54 (depth 1, 30 lits): UNSAT in 3.84s
    cube 3554.55 (depth 1, 30 lits): UNSAT in 26.57s
    cube 3554.56 (depth 1, 30 lits): UNSAT in 0.50s
    cube 3554.57 (depth 1, 30 lits): UNSAT in 2.53s
    cube 3554.58 (depth 1, 30 lits): UNSAT in 4.57s
    cube 3554.59 (depth 1, 30 lits): UNSAT in 30.97s
    cube 3554.60 (depth 1, 30 lits): UNSAT in 1.80s
    cube 3554.61 (depth 1, 30 lits): UNSAT in 4.68s
    cube 3554.62 (depth 1, 30 lits): UNSAT in 18.08s
    cube 3554.63 (depth 1, 30 lits): UNSAT in 1373.83s

  shard 2 verdict: UNSAT [parent cube 2780's children only] (593 UNSAT, 0 unresolved) in 12940.0s
