  shard 5/6 (round-robin): 592 of 3556 cubes, per-cube cap 10000.0s, re-split depth 3
    batch [2405..3551] TIMEOUT in 900.0s -> per-cube fallback
    cube 2405 (depth 0, 24 lits): UNSAT in 0.65s
    cube 2411 (depth 0, 24 lits): UNSAT in 0.08s
    cube 2417 (depth 0, 24 lits): UNSAT in 0.71s
    cube 2423 (depth 0, 24 lits): UNSAT in 0.03s
    cube 2429 (depth 0, 24 lits): UNSAT in 0.23s
    cube 2435 (depth 0, 24 lits): UNSAT in 1.74s
    cube 2441 (depth 0, 24 lits): UNSAT in 0.11s
    cube 2447 (depth 0, 24 lits): UNSAT in 0.34s
    cube 2453 (depth 0, 24 lits): UNSAT in 14.26s
    cube 2459 (depth 0, 24 lits): UNSAT in 0.06s
    cube 2465 (depth 0, 24 lits): UNSAT in 0.43s
    cube 2471 (depth 0, 24 lits): UNSAT in 0.02s
    cube 2477 (depth 0, 24 lits): UNSAT in 0.11s
    cube 2483 (depth 0, 24 lits): UNSAT in 0.26s
    cube 2489 (depth 0, 24 lits): UNSAT in 0.09s
    cube 2495 (depth 0, 24 lits): UNSAT in 0.04s
    cube 2501 (depth 0, 24 lits): UNSAT in 0.23s
    cube 2507 (depth 0, 24 lits): UNSAT in 0.26s
    cube 2513 (depth 0, 24 lits): UNSAT in 0.39s
    cube 2519 (depth 0, 24 lits): UNSAT in 0.02s
    cube 2525 (depth 0, 24 lits): UNSAT in 0.62s
    cube 2531 (depth 0, 24 lits): UNSAT in 0.27s
    cube 2537 (depth 0, 24 lits): UNSAT in 0.17s
    cube 2543 (depth 0, 24 lits): UNSAT in 0.68s
    cube 2549 (depth 0, 24 lits): UNSAT in 35.44s
    cube 2555 (depth 0, 24 lits): UNSAT in 0.51s
    cube 2561 (depth 0, 24 lits): UNSAT in 2.94s
    cube 2567 (depth 0, 24 lits): UNSAT in 1.05s
    cube 2573 (depth 0, 24 lits): UNSAT in 515.89s
    cube 2579 (depth 0, 24 lits): UNSAT in 1685.27s
    cube 2585 (depth 0, 23 lits): UNSAT in 0.01s
    cube 2591 (depth 0, 24 lits): UNSAT in 0.03s
    cube 2597 (depth 0, 24 lits): UNSAT in 0.01s
    cube 2603 (depth 0, 24 lits): UNSAT in 0.05s
    cube 2609 (depth 0, 24 lits): UNSAT in 0.09s
    cube 2615 (depth 0, 24 lits): UNSAT in 0.02s
    cube 2621 (depth 0, 24 lits): UNSAT in 0.01s
    cube 2627 (depth 0, 24 lits): UNSAT in 0.02s
    cube 2633 (depth 0, 24 lits): UNSAT in 0.35s
    cube 2639 (depth 0, 24 lits): UNSAT in 0.14s
    cube 2645 (depth 0, 24 lits): UNSAT in 0.01s
    cube 2651 (depth 0, 24 lits): UNSAT in 0.01s
    cube 2657 (depth 0, 23 lits): UNSAT in 0.01s
    cube 2663 (depth 0, 24 lits): UNSAT in 0.01s
    cube 2669 (depth 0, 24 lits): UNSAT in 0.47s
    cube 2675 (depth 0, 24 lits): UNSAT in 0.02s
    cube 2681 (depth 0, 24 lits): UNSAT in 0.25s
    cube 2687 (depth 0, 24 lits): UNSAT in 0.03s
    cube 2693 (depth 0, 24 lits): UNSAT in 1.04s
    cube 2699 (depth 0, 24 lits): UNSAT in 1.94s
    cube 2705 (depth 0, 24 lits): UNSAT in 0.01s
    cube 2711 (depth 0, 24 lits): UNSAT in 0.02s
    cube 2717 (depth 0, 24 lits): UNSAT in 0.01s
    cube 2723 (depth 0, 24 lits): UNSAT in 0.04s
    cube 2729 (depth 0, 24 lits): UNSAT in 0.10s
    cube 2735 (depth 0, 24 lits): UNSAT in 0.02s
    cube 2741 (depth 0, 24 lits): UNSAT in 0.01s
    cube 2747 (depth 0, 24 lits): UNSAT in 0.11s
    cube 2753 (depth 0, 24 lits): UNSAT in 0.04s
    cube 2759 (depth 0, 24 lits): UNSAT in 0.07s
    cube 2765 (depth 0, 24 lits): UNSAT in 0.02s
    cube 2771 (depth 0, 24 lits): UNSAT in 0.26s
    cube 2777 (depth 0, 24 lits): UNSAT in 0.11s
    cube 2783 (depth 0, 24 lits): UNSAT in 1.02s
    cube 2789 (depth 0, 24 lits): UNSAT in 0.04s
    cube 2795 (depth 0, 24 lits): UNSAT in 5.56s
    cube 2801 (depth 0, 24 lits): UNSAT in 0.02s
    cube 2807 (depth 0, 24 lits): UNSAT in 1.76s
    cube 2813 (depth 0, 24 lits): UNSAT in 0.11s
    cube 2819 (depth 0, 24 lits): UNSAT in 3.97s
    cube 2825 (depth 0, 24 lits): UNSAT in 25.52s
    cube 2831 (depth 0, 24 lits): UNSAT in 0.02s
    cube 2837 (depth 0, 24 lits): UNSAT in 0.02s
    cube 2843 (depth 0, 24 lits): UNSAT in 0.19s
    cube 2849 (depth 0, 24 lits): UNSAT in 0.10s
    cube 2855 (depth 0, 24 lits): UNSAT in 0.42s
    cube 2861 (depth 0, 24 lits): UNSAT in 0.03s
    cube 2867 (depth 0, 24 lits): UNSAT in 0.34s
    cube 2873 (depth 0, 24 lits): UNSAT in 0.16s
    cube 2879 (depth 0, 24 lits): UNSAT in 0.10s
    cube 2885 (depth 0, 24 lits): UNSAT in 0.21s
    cube 2891 (depth 0, 24 lits): UNSAT in 8.41s
    cube 2897 (depth 0, 24 lits): UNSAT in 0.02s
    cube 2903 (depth 0, 24 lits): UNSAT in 0.25s
    cube 2909 (depth 0, 24 lits): UNSAT in 0.04s
    cube 2915 (depth 0, 24 lits): UNSAT in 1.27s
    cube 2921 (depth 0, 24 lits): UNSAT in 0.92s
    cube 2927 (depth 0, 24 lits): UNSAT in 0.20s
    cube 2933 (depth 0, 24 lits): UNSAT in 0.10s
    cube 2939 (depth 0, 24 lits): UNSAT in 9.67s
    cube 2945 (depth 0, 24 lits): UNSAT in 0.71s
    cube 2951 (depth 0, 24 lits): UNSAT in 21.77s
    cube 2957 (depth 0, 24 lits): UNSAT in 0.01s
    cube 2963 (depth 0, 24 lits): UNSAT in 0.10s
    cube 2969 (depth 0, 24 lits): UNSAT in 0.22s
    cube 2975 (depth 0, 24 lits): UNSAT in 0.07s
    cube 2981 (depth 0, 24 lits): UNSAT in 0.08s
    cube 2987 (depth 0, 24 lits): UNSAT in 4.11s
    cube 2993 (depth 0, 24 lits): UNSAT in 0.06s
    cube 2999 (depth 0, 24 lits): UNSAT in 0.06s
    cube 3005 (depth 0, 24 lits): UNSAT in 0.51s
    cube 3011 (depth 0, 24 lits): UNSAT in 2.91s
    cube 3017 (depth 0, 24 lits): UNSAT in 6.92s
    cube 3023 (depth 0, 24 lits): UNSAT in 0.16s
    cube 3029 (depth 0, 24 lits): UNSAT in 0.02s
    cube 3035 (depth 0, 24 lits): UNSAT in 7.76s
    cube 3041 (depth 0, 24 lits): UNSAT in 0.45s
    cube 3047 (depth 0, 24 lits): UNSAT in 0.97s
    cube 3053 (depth 0, 24 lits): UNSAT in 0.17s
    cube 3059 (depth 0, 24 lits): UNSAT in 3.21s
    cube 3065 (depth 0, 24 lits): UNSAT in 3.16s
    cube 3071 (depth 0, 24 lits): UNSAT in 33.51s
    cube 3077 (depth 0, 24 lits): UNSAT in 30.66s
    cube 3083 (depth 0, 24 lits): TIMEOUT in 10000.05s
    cube 3083 TIMEOUT -> re-split into 64 sub-cubes (depth 1)
    cube 3083.0 (depth 1, 30 lits): UNSAT in 0.05s
    cube 3083.1 (depth 1, 30 lits): UNSAT in 0.12s
    cube 3083.2 (depth 1, 30 lits): UNSAT in 0.21s
    cube 3083.3 (depth 1, 30 lits): UNSAT in 0.82s
    cube 3083.4 (depth 1, 30 lits): UNSAT in 0.11s
    cube 3083.5 (depth 1, 30 lits): UNSAT in 0.40s
    cube 3083.6 (depth 1, 30 lits): UNSAT in 0.31s
    cube 3083.7 (depth 1, 30 lits): UNSAT in 3.26s
    cube 3083.8 (depth 1, 30 lits): UNSAT in 0.10s
    cube 3083.9 (depth 1, 30 lits): UNSAT in 0.27s
    cube 3083.10 (depth 1, 30 lits): UNSAT in 0.30s
    cube 3083.11 (depth 1, 30 lits): UNSAT in 3.12s
    cube 3083.12 (depth 1, 30 lits): UNSAT in 0.58s
    cube 3083.13 (depth 1, 30 lits): UNSAT in 1.49s
    cube 3083.14 (depth 1, 30 lits): UNSAT in 1.52s
    cube 3083.15 (depth 1, 30 lits): UNSAT in 35.35s
    cube 3083.16 (depth 1, 30 lits): UNSAT in 0.11s
    cube 3083.17 (depth 1, 30 lits): UNSAT in 0.58s
    cube 3083.18 (depth 1, 30 lits): UNSAT in 0.27s
    cube 3083.19 (depth 1, 30 lits): UNSAT in 6.50s
    cube 3083.20 (depth 1, 30 lits): UNSAT in 0.87s
    cube 3083.21 (depth 1, 30 lits): UNSAT in 1.85s
    cube 3083.22 (depth 1, 30 lits): UNSAT in 3.24s
    cube 3083.23 (depth 1, 30 lits): UNSAT in 85.84s
    cube 3083.24 (depth 1, 30 lits): UNSAT in 0.28s
    cube 3083.25 (depth 1, 30 lits): UNSAT in 1.05s
    cube 3083.26 (depth 1, 30 lits): UNSAT in 0.64s
    cube 3083.27 (depth 1, 30 lits): UNSAT in 5.03s
    cube 3083.28 (depth 1, 30 lits): UNSAT in 8.87s
    cube 3083.29 (depth 1, 30 lits): UNSAT in 20.00s
    cube 3083.30 (depth 1, 30 lits): UNSAT in 7.55s
    cube 3083.31 (depth 1, 30 lits): UNSAT in 977.39s
    cube 3083.32 (depth 1, 30 lits): UNSAT in 0.03s
    cube 3083.33 (depth 1, 30 lits): UNSAT in 0.13s
    cube 3083.34 (depth 1, 30 lits): UNSAT in 0.13s
    cube 3083.35 (depth 1, 30 lits): UNSAT in 0.86s
    cube 3083.36 (depth 1, 30 lits): UNSAT in 0.14s
    cube 3083.37 (depth 1, 30 lits): UNSAT in 1.29s
    cube 3083.38 (depth 1, 30 lits): UNSAT in 0.80s
    cube 3083.39 (depth 1, 30 lits): UNSAT in 7.67s
    cube 3083.40 (depth 1, 30 lits): UNSAT in 0.13s
    cube 3083.41 (depth 1, 30 lits): UNSAT in 0.53s
    cube 3083.42 (depth 1, 30 lits): UNSAT in 1.34s
    cube 3083.43 (depth 1, 30 lits): UNSAT in 5.29s
    cube 3083.44 (depth 1, 30 lits): UNSAT in 0.47s
    cube 3083.45 (depth 1, 30 lits): UNSAT in 1.08s
    cube 3083.46 (depth 1, 30 lits): UNSAT in 3.20s
    cube 3083.47 (depth 1, 30 lits): UNSAT in 125.67s
    cube 3083.48 (depth 1, 30 lits): UNSAT in 0.09s
    cube 3083.49 (depth 1, 30 lits): UNSAT in 0.76s
    cube 3083.50 (depth 1, 30 lits): UNSAT in 0.66s
    cube 3083.51 (depth 1, 30 lits): UNSAT in 3.53s
    cube 3083.52 (depth 1, 30 lits): UNSAT in 0.25s
    cube 3083.53 (depth 1, 30 lits): UNSAT in 1.53s
    cube 3083.54 (depth 1, 30 lits): UNSAT in 2.12s
    cube 3083.55 (depth 1, 30 lits): UNSAT in 51.49s
    cube 3083.56 (depth 1, 30 lits): UNSAT in 0.33s
    cube 3083.57 (depth 1, 30 lits): UNSAT in 2.75s
    cube 3083.58 (depth 1, 30 lits): UNSAT in 1.20s
    cube 3083.59 (depth 1, 30 lits): UNSAT in 23.42s
    cube 3083.60 (depth 1, 30 lits): UNSAT in 3.55s
    cube 3083.61 (depth 1, 30 lits): UNSAT in 11.66s
    cube 3083.62 (depth 1, 30 lits): UNSAT in 34.30s
    cube 3083.63 (depth 1, 30 lits): UNSAT in 4226.41s
    cube 3089 (depth 0, 24 lits): UNSAT in 0.01s
    cube 3095 (depth 0, 24 lits): UNSAT in 0.01s
    cube 3101 (depth 0, 24 lits): UNSAT in 0.01s
    cube 3107 (depth 0, 24 lits): UNSAT in 0.02s
    cube 3113 (depth 0, 24 lits): UNSAT in 0.02s
    cube 3119 (depth 0, 24 lits): UNSAT in 0.03s
    cube 3125 (depth 0, 24 lits): UNSAT in 0.02s
    cube 3131 (depth 0, 24 lits): UNSAT in 0.34s
    cube 3137 (depth 0, 24 lits): UNSAT in 0.01s
    cube 3143 (depth 0, 24 lits): UNSAT in 0.01s
    cube 3149 (depth 0, 24 lits): UNSAT in 0.08s
    cube 3155 (depth 0, 24 lits): UNSAT in 0.03s
    cube 3161 (depth 0, 24 lits): UNSAT in 0.02s
    cube 3167 (depth 0, 24 lits): UNSAT in 0.04s
    cube 3173 (depth 0, 24 lits): UNSAT in 1.34s
    cube 3179 (depth 0, 24 lits): UNSAT in 0.07s
    cube 3185 (depth 0, 24 lits): UNSAT in 0.82s
    cube 3191 (depth 0, 24 lits): UNSAT in 0.01s
    cube 3197 (depth 0, 24 lits): UNSAT in 0.02s
    cube 3203 (depth 0, 24 lits): UNSAT in 0.02s
    cube 3209 (depth 0, 24 lits): UNSAT in 0.01s
    cube 3215 (depth 0, 24 lits): UNSAT in 0.01s
    cube 3221 (depth 0, 24 lits): UNSAT in 0.01s
    cube 3227 (depth 0, 24 lits): UNSAT in 0.10s
    cube 3233 (depth 0, 24 lits): UNSAT in 0.04s
    cube 3239 (depth 0, 24 lits): UNSAT in 0.15s
    cube 3245 (depth 0, 24 lits): UNSAT in 0.01s
    cube 3251 (depth 0, 24 lits): UNSAT in 0.03s
    cube 3257 (depth 0, 24 lits): UNSAT in 0.04s
    cube 3263 (depth 0, 24 lits): UNSAT in 0.04s
    cube 3269 (depth 0, 24 lits): UNSAT in 0.10s
    cube 3275 (depth 0, 24 lits): UNSAT in 10.46s
    cube 3281 (depth 0, 24 lits): UNSAT in 0.06s
    cube 3287 (depth 0, 24 lits): UNSAT in 2.22s
    cube 3293 (depth 0, 24 lits): UNSAT in 0.23s
    cube 3299 (depth 0, 24 lits): UNSAT in 22.88s
    cube 3305 (depth 0, 24 lits): UNSAT in 10.21s
    cube 3311 (depth 0, 24 lits): UNSAT in 0.01s
    cube 3317 (depth 0, 24 lits): UNSAT in 0.01s
    cube 3323 (depth 0, 24 lits): UNSAT in 0.04s
    cube 3329 (depth 0, 24 lits): UNSAT in 0.06s
    cube 3335 (depth 0, 24 lits): UNSAT in 0.01s
    cube 3341 (depth 0, 24 lits): UNSAT in 0.01s
    cube 3347 (depth 0, 24 lits): UNSAT in 0.15s
    cube 3353 (depth 0, 24 lits): UNSAT in 0.09s
    cube 3359 (depth 0, 24 lits): UNSAT in 0.09s
    cube 3365 (depth 0, 24 lits): UNSAT in 0.01s
    cube 3371 (depth 0, 24 lits): UNSAT in 0.05s
    cube 3377 (depth 0, 24 lits): UNSAT in 0.04s
    cube 3383 (depth 0, 24 lits): UNSAT in 0.04s
    cube 3389 (depth 0, 24 lits): UNSAT in 0.01s
    cube 3395 (depth 0, 24 lits): UNSAT in 1.70s
    cube 3401 (depth 0, 24 lits): UNSAT in 0.04s
    cube 3407 (depth 0, 24 lits): UNSAT in 0.13s
    cube 3413 (depth 0, 24 lits): UNSAT in 0.05s
    cube 3419 (depth 0, 24 lits): UNSAT in 0.83s
    cube 3425 (depth 0, 24 lits): UNSAT in 0.79s
    cube 3431 (depth 0, 24 lits): UNSAT in 0.03s
    cube 3437 (depth 0, 24 lits): UNSAT in 0.02s
    cube 3443 (depth 0, 24 lits): UNSAT in 0.17s
    cube 3449 (depth 0, 24 lits): UNSAT in 0.15s
    cube 3455 (depth 0, 24 lits): UNSAT in 0.53s
    cube 3461 (depth 0, 24 lits): UNSAT in 0.07s
    cube 3467 (depth 0, 24 lits): UNSAT in 2.77s
    cube 3473 (depth 0, 24 lits): UNSAT in 2.11s
    cube 3479 (depth 0, 24 lits): UNSAT in 0.78s
    cube 3485 (depth 0, 24 lits): UNSAT in 0.28s
    cube 3491 (depth 0, 24 lits): UNSAT in 38.36s
    cube 3497 (depth 0, 24 lits): UNSAT in 0.24s
    cube 3503 (depth 0, 24 lits): UNSAT in 0.09s
    cube 3509 (depth 0, 24 lits): UNSAT in 0.08s
    cube 3515 (depth 0, 24 lits): UNSAT in 2.65s
    cube 3521 (depth 0, 24 lits): UNSAT in 1.03s
    cube 3527 (depth 0, 24 lits): UNSAT in 0.92s
    cube 3533 (depth 0, 24 lits): UNSAT in 1.17s
    cube 3539 (depth 0, 24 lits): UNSAT in 60.64s
    cube 3545 (depth 0, 24 lits): UNSAT in 3.20s
