  shard 3/6 (round-robin): 593 of 3556 cubes, per-cube cap 10000.0s, re-split depth 3
    batch [2403..3555] TIMEOUT in 900.1s -> per-cube fallback
    cube 2403 (depth 0, 24 lits): UNSAT in 0.13s
    cube 2409 (depth 0, 24 lits): UNSAT in 0.05s
    cube 2415 (depth 0, 24 lits): UNSAT in 0.09s
    cube 2421 (depth 0, 24 lits): UNSAT in 5.33s
    cube 2427 (depth 0, 24 lits): UNSAT in 0.09s
    cube 2433 (depth 0, 24 lits): UNSAT in 1.54s
    cube 2439 (depth 0, 24 lits): UNSAT in 0.04s
    cube 2445 (depth 0, 24 lits): UNSAT in 1.24s
    cube 2451 (depth 0, 24 lits): UNSAT in 7.93s
    cube 2457 (depth 0, 24 lits): UNSAT in 0.05s
    cube 2463 (depth 0, 24 lits): UNSAT in 0.07s
    cube 2469 (depth 0, 24 lits): UNSAT in 1.57s
    cube 2475 (depth 0, 24 lits): UNSAT in 0.02s
    cube 2481 (depth 0, 24 lits): UNSAT in 0.67s
    cube 2487 (depth 0, 24 lits): UNSAT in 0.02s
    cube 2493 (depth 0, 24 lits): UNSAT in 0.09s
    cube 2499 (depth 0, 24 lits): UNSAT in 0.09s
    cube 2505 (depth 0, 24 lits): UNSAT in 0.27s
    cube 2511 (depth 0, 24 lits): UNSAT in 0.20s
    cube 2517 (depth 0, 24 lits): UNSAT in 19.47s
    cube 2523 (depth 0, 24 lits): UNSAT in 0.13s
    cube 2529 (depth 0, 24 lits): UNSAT in 0.12s
    cube 2535 (depth 0, 24 lits): UNSAT in 0.13s
    cube 2541 (depth 0, 24 lits): UNSAT in 1.69s
    cube 2547 (depth 0, 24 lits): UNSAT in 1.81s
    cube 2553 (depth 0, 24 lits): UNSAT in 0.16s
    cube 2559 (depth 0, 24 lits): UNSAT in 0.18s
    cube 2565 (depth 0, 24 lits): UNSAT in 25.57s
    cube 2571 (depth 0, 24 lits): UNSAT in 4.01s
    cube 2577 (depth 0, 24 lits): UNSAT in 1524.62s
    cube 2583 (depth 0, 24 lits): UNSAT in 0.01s
    cube 2589 (depth 0, 24 lits): UNSAT in 0.01s
    cube 2595 (depth 0, 24 lits): UNSAT in 0.08s
    cube 2601 (depth 0, 24 lits): UNSAT in 0.02s
    cube 2607 (depth 0, 24 lits): UNSAT in 0.11s
    cube 2613 (depth 0, 23 lits): UNSAT in 0.01s
    cube 2619 (depth 0, 24 lits): UNSAT in 0.01s
    cube 2625 (depth 0, 24 lits): UNSAT in 0.04s
    cube 2631 (depth 0, 24 lits): UNSAT in 0.11s
    cube 2637 (depth 0, 24 lits): UNSAT in 0.08s
    cube 2643 (depth 0, 23 lits): UNSAT in 0.01s
    cube 2649 (depth 0, 24 lits): UNSAT in 0.01s
    cube 2655 (depth 0, 24 lits): UNSAT in 0.01s
    cube 2661 (depth 0, 24 lits): UNSAT in 0.02s
    cube 2667 (depth 0, 24 lits): UNSAT in 0.06s
    cube 2673 (depth 0, 24 lits): UNSAT in 0.03s
    cube 2679 (depth 0, 24 lits): UNSAT in 0.04s
    cube 2685 (depth 0, 24 lits): UNSAT in 0.45s
    cube 2691 (depth 0, 24 lits): UNSAT in 0.55s
    cube 2697 (depth 0, 24 lits): UNSAT in 0.95s
    cube 2703 (depth 0, 24 lits): UNSAT in 0.01s
    cube 2709 (depth 0, 23 lits): UNSAT in 0.01s
    cube 2715 (depth 0, 24 lits): UNSAT in 0.25s
    cube 2721 (depth 0, 24 lits): UNSAT in 0.01s
    cube 2727 (depth 0, 24 lits): UNSAT in 0.03s
    cube 2733 (depth 0, 24 lits): UNSAT in 0.01s
    cube 2739 (depth 0, 24 lits): UNSAT in 0.04s
    cube 2745 (depth 0, 24 lits): UNSAT in 0.03s
    cube 2751 (depth 0, 24 lits): UNSAT in 0.08s
    cube 2757 (depth 0, 24 lits): UNSAT in 0.03s
    cube 2763 (depth 0, 24 lits): UNSAT in 2.60s
    cube 2769 (depth 0, 24 lits): UNSAT in 0.05s
    cube 2775 (depth 0, 24 lits): UNSAT in 0.06s
    cube 2781 (depth 0, 24 lits): UNSAT in 0.05s
    cube 2787 (depth 0, 24 lits): UNSAT in 2.19s
    cube 2793 (depth 0, 24 lits): UNSAT in 1.27s
    cube 2799 (depth 0, 24 lits): UNSAT in 0.05s
    cube 2805 (depth 0, 24 lits): UNSAT in 0.14s
    cube 2811 (depth 0, 24 lits): UNSAT in 6.30s
    cube 2817 (depth 0, 24 lits): UNSAT in 0.24s
    cube 2823 (depth 0, 24 lits): UNSAT in 12.30s
    cube 2829 (depth 0, 24 lits): UNSAT in 0.02s
    cube 2835 (depth 0, 24 lits): UNSAT in 0.14s
    cube 2841 (depth 0, 24 lits): UNSAT in 0.05s
    cube 2847 (depth 0, 24 lits): UNSAT in 0.08s
    cube 2853 (depth 0, 24 lits): UNSAT in 0.09s
    cube 2859 (depth 0, 24 lits): UNSAT in 2.49s
    cube 2865 (depth 0, 24 lits): UNSAT in 0.05s
    cube 2871 (depth 0, 24 lits): UNSAT in 0.04s
    cube 2877 (depth 0, 24 lits): UNSAT in 0.03s
    cube 2883 (depth 0, 24 lits): UNSAT in 0.71s
    cube 2889 (depth 0, 24 lits): UNSAT in 1.73s
    cube 2895 (depth 0, 24 lits): UNSAT in 0.05s
    cube 2901 (depth 0, 24 lits): UNSAT in 0.10s
    cube 2907 (depth 0, 24 lits): UNSAT in 1.77s
    cube 2913 (depth 0, 24 lits): UNSAT in 0.22s
    cube 2919 (depth 0, 24 lits): UNSAT in 0.23s
    cube 2925 (depth 0, 24 lits): UNSAT in 0.06s
    cube 2931 (depth 0, 24 lits): UNSAT in 1.77s
    cube 2937 (depth 0, 24 lits): UNSAT in 0.08s
    cube 2943 (depth 0, 24 lits): UNSAT in 0.85s
    cube 2949 (depth 0, 24 lits): UNSAT in 0.55s
    cube 2955 (depth 0, 24 lits): UNSAT in 158.45s
    cube 2961 (depth 0, 24 lits): UNSAT in 0.02s
    cube 2967 (depth 0, 24 lits): UNSAT in 0.21s
    cube 2973 (depth 0, 24 lits): UNSAT in 0.06s
    cube 2979 (depth 0, 24 lits): UNSAT in 0.36s
    cube 2985 (depth 0, 24 lits): UNSAT in 3.27s
    cube 2991 (depth 0, 24 lits): UNSAT in 0.12s
    cube 2997 (depth 0, 24 lits): UNSAT in 0.02s
    cube 3003 (depth 0, 24 lits): UNSAT in 0.68s
    cube 3009 (depth 0, 24 lits): UNSAT in 0.41s
    cube 3015 (depth 0, 24 lits): UNSAT in 2.57s
    cube 3021 (depth 0, 24 lits): UNSAT in 0.04s
    cube 3027 (depth 0, 24 lits): UNSAT in 1.75s
    cube 3033 (depth 0, 24 lits): UNSAT in 0.87s
    cube 3039 (depth 0, 24 lits): UNSAT in 0.24s
    cube 3045 (depth 0, 24 lits): UNSAT in 0.19s
    cube 3051 (depth 0, 24 lits): UNSAT in 28.59s
    cube 3057 (depth 0, 24 lits): UNSAT in 0.09s
    cube 3063 (depth 0, 24 lits): UNSAT in 3.84s
    cube 3069 (depth 0, 24 lits): UNSAT in 0.35s
    cube 3075 (depth 0, 24 lits): UNSAT in 158.77s
    cube 3081 (depth 0, 24 lits): UNSAT in 2628.17s
    cube 3087 (depth 0, 22 lits): UNSAT in 0.01s
    cube 3093 (depth 0, 24 lits): UNSAT in 0.01s
    cube 3099 (depth 0, 23 lits): UNSAT in 0.01s
    cube 3105 (depth 0, 24 lits): UNSAT in 0.01s
    cube 3111 (depth 0, 24 lits): UNSAT in 0.02s
    cube 3117 (depth 0, 24 lits): UNSAT in 0.02s
    cube 3123 (depth 0, 24 lits): UNSAT in 0.05s
    cube 3129 (depth 0, 24 lits): UNSAT in 0.03s
    cube 3135 (depth 0, 24 lits): UNSAT in 0.01s
    cube 3141 (depth 0, 24 lits): UNSAT in 0.02s
    cube 3147 (depth 0, 24 lits): UNSAT in 0.01s
    cube 3153 (depth 0, 24 lits): UNSAT in 0.05s
    cube 3159 (depth 0, 23 lits): UNSAT in 0.01s
    cube 3165 (depth 0, 24 lits): UNSAT in 0.09s
    cube 3171 (depth 0, 24 lits): UNSAT in 0.24s
    cube 3177 (depth 0, 24 lits): UNSAT in 0.18s
    cube 3183 (depth 0, 24 lits): UNSAT in 0.47s
    cube 3189 (depth 0, 24 lits): UNSAT in 32.19s
    cube 3195 (depth 0, 22 lits): UNSAT in 0.01s
    cube 3201 (depth 0, 24 lits): UNSAT in 0.04s
    cube 3207 (depth 0, 24 lits): UNSAT in 0.01s
    cube 3213 (depth 0, 24 lits): UNSAT in 0.01s
    cube 3219 (depth 0, 24 lits): UNSAT in 0.04s
    cube 3225 (depth 0, 24 lits): UNSAT in 0.04s
    cube 3231 (depth 0, 24 lits): UNSAT in 0.04s
    cube 3237 (depth 0, 24 lits): UNSAT in 0.05s
    cube 3243 (depth 0, 24 lits): UNSAT in 3.63s
    cube 3249 (depth 0, 24 lits): UNSAT in 0.02s
    cube 3255 (depth 0, 24 lits): UNSAT in 0.06s
    cube 3261 (depth 0, 24 lits): UNSAT in 0.03s
    cube 3267 (depth 0, 24 lits): UNSAT in 0.74s
    cube 3273 (depth 0, 24 lits): UNSAT in 3.03s
    cube 3279 (depth 0, 24 lits): UNSAT in 0.24s
    cube 3285 (depth 0, 24 lits): UNSAT in 0.41s
    cube 3291 (depth 0, 24 lits): UNSAT in 27.92s
    cube 3297 (depth 0, 24 lits): UNSAT in 2.94s
    cube 3303 (depth 0, 24 lits): UNSAT in 16.33s
    cube 3309 (depth 0, 22 lits): UNSAT in 0.01s
    cube 3315 (depth 0, 24 lits): UNSAT in 0.03s
    cube 3321 (depth 0, 24 lits): UNSAT in 0.02s
    cube 3327 (depth 0, 24 lits): UNSAT in 0.03s
    cube 3333 (depth 0, 24 lits): UNSAT in 0.01s
    cube 3339 (depth 0, 24 lits): UNSAT in 0.07s
    cube 3345 (depth 0, 24 lits): UNSAT in 0.10s
    cube 3351 (depth 0, 24 lits): UNSAT in 0.16s
    cube 3357 (depth 0, 24 lits): UNSAT in 0.07s
    cube 3363 (depth 0, 24 lits): UNSAT in 3.51s
    cube 3369 (depth 0, 24 lits): UNSAT in 0.02s
    cube 3375 (depth 0, 24 lits): UNSAT in 0.08s
    cube 3381 (depth 0, 24 lits): UNSAT in 0.02s
    cube 3387 (depth 0, 24 lits): UNSAT in 0.21s
    cube 3393 (depth 0, 24 lits): UNSAT in 0.26s
    cube 3399 (depth 0, 24 lits): UNSAT in 0.01s
    cube 3405 (depth 0, 24 lits): UNSAT in 0.05s
    cube 3411 (depth 0, 24 lits): UNSAT in 0.59s
    cube 3417 (depth 0, 24 lits): UNSAT in 0.16s
    cube 3423 (depth 0, 24 lits): UNSAT in 0.44s
    cube 3429 (depth 0, 23 lits): UNSAT in 0.01s
    cube 3435 (depth 0, 24 lits): UNSAT in 0.08s
    cube 3441 (depth 0, 24 lits): UNSAT in 0.05s
    cube 3447 (depth 0, 24 lits): UNSAT in 0.11s
    cube 3453 (depth 0, 24 lits): UNSAT in 0.07s
    cube 3459 (depth 0, 24 lits): UNSAT in 9.77s
    cube 3465 (depth 0, 24 lits): UNSAT in 0.79s
    cube 3471 (depth 0, 24 lits): UNSAT in 0.65s
    cube 3477 (depth 0, 24 lits): UNSAT in 0.17s
    cube 3483 (depth 0, 24 lits): UNSAT in 12.58s
    cube 3489 (depth 0, 24 lits): UNSAT in 3.55s
    cube 3495 (depth 0, 24 lits): UNSAT in 0.41s
    cube 3501 (depth 0, 24 lits): UNSAT in 0.03s
    cube 3507 (depth 0, 24 lits): UNSAT in 13.86s
    cube 3513 (depth 0, 24 lits): UNSAT in 0.20s
    cube 3519 (depth 0, 24 lits): UNSAT in 1.28s
    cube 3525 (depth 0, 24 lits): UNSAT in 0.08s
    cube 3531 (depth 0, 24 lits): UNSAT in 7.09s
    cube 3537 (depth 0, 24 lits): UNSAT in 3.29s
    cube 3543 (depth 0, 24 lits): UNSAT in 2.26s
    cube 3549 (depth 0, 24 lits): UNSAT in 59.75s
    cube 3555 (depth 0, 24 lits): TIMEOUT in 10000.09s
    cube 3555 TIMEOUT -> re-split into 64 sub-cubes (depth 1)
    cube 3555.0 (depth 1, 30 lits): UNSAT in 0.03s
    cube 3555.1 (depth 1, 30 lits): UNSAT in 0.10s
    cube 3555.2 (depth 1, 30 lits): UNSAT in 0.39s
    cube 3555.3 (depth 1, 30 lits): UNSAT in 1.12s
    cube 3555.4 (depth 1, 30 lits): UNSAT in 0.15s
    cube 3555.5 (depth 1, 30 lits): UNSAT in 0.81s
    cube 3555.6 (depth 1, 30 lits): UNSAT in 1.11s
    cube 3555.7 (depth 1, 30 lits): UNSAT in 3.10s
    cube 3555.8 (depth 1, 30 lits): UNSAT in 0.20s
    cube 3555.9 (depth 1, 30 lits): UNSAT in 0.48s
    cube 3555.10 (depth 1, 30 lits): UNSAT in 1.25s
    cube 3555.11 (depth 1, 30 lits): UNSAT in 3.87s
    cube 3555.12 (depth 1, 30 lits): UNSAT in 0.13s
    cube 3555.13 (depth 1, 30 lits): UNSAT in 1.24s
    cube 3555.14 (depth 1, 30 lits): UNSAT in 1.54s
    cube 3555.15 (depth 1, 30 lits): UNSAT in 66.86s
    cube 3555.16 (depth 1, 30 lits): UNSAT in 0.08s
    cube 3555.17 (depth 1, 30 lits): UNSAT in 0.76s
    cube 3555.18 (depth 1, 30 lits): UNSAT in 0.36s
    cube 3555.19 (depth 1, 30 lits): UNSAT in 2.24s
    cube 3555.20 (depth 1, 30 lits): UNSAT in 0.40s
    cube 3555.21 (depth 1, 30 lits): UNSAT in 1.99s
    cube 3555.22 (depth 1, 30 lits): UNSAT in 1.83s
    cube 3555.23 (depth 1, 30 lits): UNSAT in 27.40s
    cube 3555.24 (depth 1, 30 lits): UNSAT in 0.63s
    cube 3555.25 (depth 1, 30 lits): UNSAT in 1.24s
    cube 3555.26 (depth 1, 30 lits): UNSAT in 1.05s
    cube 3555.27 (depth 1, 30 lits): UNSAT in 23.70s
    cube 3555.28 (depth 1, 30 lits): UNSAT in 4.05s
    cube 3555.29 (depth 1, 30 lits): UNSAT in 30.48s
    cube 3555.30 (depth 1, 30 lits): UNSAT in 18.28s
    cube 3555.31 (depth 1, 30 lits): UNSAT in 3405.54s
    cube 3555.32 (depth 1, 30 lits): UNSAT in 0.03s
    cube 3555.33 (depth 1, 30 lits): UNSAT in 0.10s
    cube 3555.34 (depth 1, 30 lits): UNSAT in 0.19s
    cube 3555.35 (depth 1, 30 lits): UNSAT in 0.98s
    cube 3555.36 (depth 1, 30 lits): UNSAT in 0.09s
    cube 3555.37 (depth 1, 30 lits): UNSAT in 0.30s
    cube 3555.38 (depth 1, 30 lits): UNSAT in 0.46s
    cube 3555.39 (depth 1, 30 lits): UNSAT in 4.45s
    cube 3555.40 (depth 1, 30 lits): UNSAT in 0.07s
    cube 3555.41 (depth 1, 30 lits): UNSAT in 0.98s
    cube 3555.42 (depth 1, 30 lits): UNSAT in 2.55s
    cube 3555.43 (depth 1, 30 lits): UNSAT in 13.74s
    cube 3555.44 (depth 1, 30 lits): UNSAT in 0.19s
    cube 3555.45 (depth 1, 30 lits): UNSAT in 1.12s
    cube 3555.46 (depth 1, 30 lits): UNSAT in 4.33s
    cube 3555.47 (depth 1, 30 lits): UNSAT in 133.07s
    cube 3555.48 (depth 1, 30 lits): UNSAT in 0.14s
    cube 3555.49 (depth 1, 30 lits): UNSAT in 0.40s
    cube 3555.50 (depth 1, 30 lits): UNSAT in 0.25s
    cube 3555.51 (depth 1, 30 lits): UNSAT in 3.75s
    cube 3555.52 (depth 1, 30 lits): UNSAT in 0.96s
    cube 3555.53 (depth 1, 30 lits): UNSAT in 3.81s
    cube 3555.54 (depth 1, 30 lits): UNSAT in 2.68s
    cube 3555.55 (depth 1, 30 lits): UNSAT in 23.68s
    cube 3555.56 (depth 1, 30 lits): UNSAT in 0.45s
    cube 3555.57 (depth 1, 30 lits): UNSAT in 1.42s
    cube 3555.58 (depth 1, 30 lits): UNSAT in 0.66s
    cube 3555.59 (depth 1, 30 lits): UNSAT in 7.64s
    cube 3555.60 (depth 1, 30 lits): UNSAT in 8.47s
    cube 3555.61 (depth 1, 30 lits): UNSAT in 32.32s
    cube 3555.62 (depth 1, 30 lits): UNSAT in 10.03s
