  shard 4/6 (round-robin): 592 of 3556 cubes, per-cube cap 10000.0s, re-split depth 3
    batch [2404..3550] TIMEOUT in 900.1s -> per-cube fallback
    cube 2404 (depth 0, 24 lits): UNSAT in 0.19s
    cube 2410 (depth 0, 24 lits): UNSAT in 0.02s
    cube 2416 (depth 0, 24 lits): UNSAT in 0.19s
    cube 2422 (depth 0, 24 lits): UNSAT in 0.01s
    cube 2428 (depth 0, 24 lits): UNSAT in 0.14s
    cube 2434 (depth 0, 24 lits): UNSAT in 0.32s
    cube 2440 (depth 0, 24 lits): UNSAT in 0.10s
    cube 2446 (depth 0, 24 lits): UNSAT in 0.05s
    cube 2452 (depth 0, 24 lits): UNSAT in 9.60s
    cube 2458 (depth 0, 24 lits): UNSAT in 0.03s
    cube 2464 (depth 0, 24 lits): UNSAT in 0.07s
    cube 2470 (depth 0, 24 lits): UNSAT in 0.01s
    cube 2476 (depth 0, 24 lits): UNSAT in 0.02s
    cube 2482 (depth 0, 24 lits): UNSAT in 0.05s
    cube 2488 (depth 0, 24 lits): UNSAT in 0.03s
    cube 2494 (depth 0, 24 lits): UNSAT in 0.01s
    cube 2500 (depth 0, 24 lits): UNSAT in 0.12s
    cube 2506 (depth 0, 24 lits): UNSAT in 0.04s
    cube 2512 (depth 0, 24 lits): UNSAT in 0.65s
    cube 2518 (depth 0, 24 lits): UNSAT in 0.02s
    cube 2524 (depth 0, 24 lits): UNSAT in 0.13s
    cube 2530 (depth 0, 24 lits): UNSAT in 0.10s
    cube 2536 (depth 0, 24 lits): UNSAT in 0.07s
    cube 2542 (depth 0, 24 lits): UNSAT in 0.10s
    cube 2548 (depth 0, 24 lits): UNSAT in 2.71s
    cube 2554 (depth 0, 24 lits): UNSAT in 0.07s
    cube 2560 (depth 0, 24 lits): UNSAT in 0.74s
    cube 2566 (depth 0, 24 lits): UNSAT in 0.51s
    cube 2572 (depth 0, 24 lits): UNSAT in 12.58s
    cube 2578 (depth 0, 24 lits): UNSAT in 33.55s
    cube 2584 (depth 0, 24 lits): UNSAT in 0.02s
    cube 2590 (depth 0, 24 lits): UNSAT in 0.01s
    cube 2596 (depth 0, 24 lits): UNSAT in 0.01s
    cube 2602 (depth 0, 24 lits): UNSAT in 0.01s
    cube 2608 (depth 0, 24 lits): UNSAT in 0.04s
    cube 2614 (depth 0, 24 lits): UNSAT in 0.01s
    cube 2620 (depth 0, 24 lits): UNSAT in 0.01s
    cube 2626 (depth 0, 24 lits): UNSAT in 0.01s
    cube 2632 (depth 0, 24 lits): UNSAT in 0.05s
    cube 2638 (depth 0, 24 lits): UNSAT in 0.04s
    cube 2644 (depth 0, 23 lits): UNSAT in 0.01s
    cube 2650 (depth 0, 24 lits): UNSAT in 0.02s
    cube 2656 (depth 0, 24 lits): UNSAT in 0.02s
    cube 2662 (depth 0, 24 lits): UNSAT in 0.02s
    cube 2668 (depth 0, 24 lits): UNSAT in 0.06s
    cube 2674 (depth 0, 24 lits): UNSAT in 0.01s
    cube 2680 (depth 0, 24 lits): UNSAT in 0.03s
    cube 2686 (depth 0, 24 lits): UNSAT in 0.01s
    cube 2692 (depth 0, 24 lits): UNSAT in 0.20s
    cube 2698 (depth 0, 24 lits): UNSAT in 0.65s
    cube 2704 (depth 0, 24 lits): UNSAT in 0.01s
    cube 2710 (depth 0, 24 lits): UNSAT in 0.02s
    cube 2716 (depth 0, 24 lits): UNSAT in 0.01s
    cube 2722 (depth 0, 24 lits): UNSAT in 0.01s
    cube 2728 (depth 0, 24 lits): UNSAT in 0.02s
    cube 2734 (depth 0, 24 lits): UNSAT in 0.01s
    cube 2740 (depth 0, 24 lits): UNSAT in 0.01s
    cube 2746 (depth 0, 24 lits): UNSAT in 0.03s
    cube 2752 (depth 0, 24 lits): UNSAT in 0.02s
    cube 2758 (depth 0, 24 lits): UNSAT in 0.03s
    cube 2764 (depth 0, 24 lits): UNSAT in 0.01s
    cube 2770 (depth 0, 24 lits): UNSAT in 0.04s
    cube 2776 (depth 0, 24 lits): UNSAT in 0.02s
    cube 2782 (depth 0, 24 lits): UNSAT in 0.04s
    cube 2788 (depth 0, 24 lits): UNSAT in 0.02s
    cube 2794 (depth 0, 24 lits): UNSAT in 0.66s
    cube 2800 (depth 0, 24 lits): UNSAT in 0.01s
    cube 2806 (depth 0, 24 lits): UNSAT in 0.07s
    cube 2812 (depth 0, 24 lits): UNSAT in 0.07s
    cube 2818 (depth 0, 24 lits): UNSAT in 0.27s
    cube 2824 (depth 0, 24 lits): UNSAT in 2.17s
    cube 2830 (depth 0, 24 lits): UNSAT in 0.01s
    cube 2836 (depth 0, 24 lits): UNSAT in 0.01s
    cube 2842 (depth 0, 24 lits): UNSAT in 0.15s
    cube 2848 (depth 0, 24 lits): UNSAT in 0.04s
    cube 2854 (depth 0, 24 lits): UNSAT in 0.05s
    cube 2860 (depth 0, 24 lits): UNSAT in 0.02s
    cube 2866 (depth 0, 24 lits): UNSAT in 0.08s
    cube 2872 (depth 0, 24 lits): UNSAT in 0.07s
    cube 2878 (depth 0, 24 lits): UNSAT in 0.02s
    cube 2884 (depth 0, 24 lits): UNSAT in 0.11s
    cube 2890 (depth 0, 24 lits): UNSAT in 0.83s
    cube 2896 (depth 0, 24 lits): UNSAT in 0.03s
    cube 2902 (depth 0, 24 lits): UNSAT in 0.10s
    cube 2908 (depth 0, 24 lits): UNSAT in 0.02s
    cube 2914 (depth 0, 24 lits): UNSAT in 0.25s
    cube 2920 (depth 0, 24 lits): UNSAT in 0.28s
    cube 2926 (depth 0, 24 lits): UNSAT in 0.03s
    cube 2932 (depth 0, 24 lits): UNSAT in 0.04s
    cube 2938 (depth 0, 24 lits): UNSAT in 0.86s
    cube 2944 (depth 0, 24 lits): UNSAT in 0.11s
    cube 2950 (depth 0, 24 lits): UNSAT in 0.95s
    cube 2956 (depth 0, 24 lits): UNSAT in 0.01s
    cube 2962 (depth 0, 24 lits): UNSAT in 0.03s
    cube 2968 (depth 0, 24 lits): UNSAT in 0.04s
    cube 2974 (depth 0, 24 lits): UNSAT in 0.03s
    cube 2980 (depth 0, 24 lits): UNSAT in 0.04s
    cube 2986 (depth 0, 24 lits): UNSAT in 3.04s
    cube 2992 (depth 0, 24 lits): UNSAT in 0.02s
    cube 2998 (depth 0, 24 lits): UNSAT in 0.05s
    cube 3004 (depth 0, 24 lits): UNSAT in 0.25s
    cube 3010 (depth 0, 24 lits): UNSAT in 0.26s
    cube 3016 (depth 0, 24 lits): UNSAT in 2.57s
    cube 3022 (depth 0, 24 lits): UNSAT in 0.06s
    cube 3028 (depth 0, 24 lits): UNSAT in 0.01s
    cube 3034 (depth 0, 24 lits): UNSAT in 2.30s
    cube 3040 (depth 0, 24 lits): UNSAT in 0.09s
    cube 3046 (depth 0, 24 lits): UNSAT in 0.36s
    cube 3052 (depth 0, 24 lits): UNSAT in 0.03s
    cube 3058 (depth 0, 24 lits): UNSAT in 0.37s
    cube 3064 (depth 0, 24 lits): UNSAT in 0.26s
    cube 3070 (depth 0, 24 lits): UNSAT in 0.75s
    cube 3076 (depth 0, 24 lits): UNSAT in 1.41s
    cube 3082 (depth 0, 24 lits): TIMEOUT in 10000.10s
    cube 3082 TIMEOUT -> re-split into 64 sub-cubes (depth 1)
    cube 3082.0 (depth 1, 30 lits): UNSAT in 0.02s
    cube 3082.1 (depth 1, 30 lits): UNSAT in 0.04s
    cube 3082.2 (depth 1, 30 lits): UNSAT in 0.04s
    cube 3082.3 (depth 1, 30 lits): UNSAT in 0.09s
    cube 3082.4 (depth 1, 30 lits): UNSAT in 0.03s
    cube 3082.5 (depth 1, 30 lits): UNSAT in 0.10s
    cube 3082.6 (depth 1, 30 lits): UNSAT in 0.12s
    cube 3082.7 (depth 1, 30 lits): UNSAT in 0.67s
    cube 3082.8 (depth 1, 30 lits): UNSAT in 0.04s
    cube 3082.9 (depth 1, 30 lits): UNSAT in 0.13s
    cube 3082.10 (depth 1, 30 lits): UNSAT in 0.13s
    cube 3082.11 (depth 1, 30 lits): UNSAT in 1.13s
    cube 3082.12 (depth 1, 30 lits): UNSAT in 0.09s
    cube 3082.13 (depth 1, 30 lits): UNSAT in 0.39s
    cube 3082.14 (depth 1, 30 lits): UNSAT in 0.32s
    cube 3082.15 (depth 1, 30 lits): UNSAT in 3.03s
    cube 3082.16 (depth 1, 30 lits): UNSAT in 0.05s
    cube 3082.17 (depth 1, 30 lits): UNSAT in 0.13s
    cube 3082.18 (depth 1, 30 lits): UNSAT in 0.09s
    cube 3082.19 (depth 1, 30 lits): UNSAT in 0.40s
    cube 3082.20 (depth 1, 30 lits): UNSAT in 0.05s
    cube 3082.21 (depth 1, 30 lits): UNSAT in 0.17s
    cube 3082.22 (depth 1, 30 lits): UNSAT in 0.13s
    cube 3082.23 (depth 1, 30 lits): UNSAT in 3.22s
    cube 3082.24 (depth 1, 30 lits): UNSAT in 0.03s
    cube 3082.25 (depth 1, 30 lits): UNSAT in 0.06s
    cube 3082.26 (depth 1, 30 lits): UNSAT in 0.15s
    cube 3082.27 (depth 1, 30 lits): UNSAT in 0.96s
    cube 3082.28 (depth 1, 30 lits): UNSAT in 0.49s
    cube 3082.29 (depth 1, 30 lits): UNSAT in 1.65s
    cube 3082.30 (depth 1, 30 lits): UNSAT in 3.49s
    cube 3082.31 (depth 1, 30 lits): UNSAT in 35.18s
    cube 3082.32 (depth 1, 30 lits): UNSAT in 0.02s
    cube 3082.33 (depth 1, 30 lits): UNSAT in 0.05s
    cube 3082.34 (depth 1, 30 lits): UNSAT in 0.05s
    cube 3082.35 (depth 1, 30 lits): UNSAT in 0.25s
    cube 3082.36 (depth 1, 30 lits): UNSAT in 0.26s
    cube 3082.37 (depth 1, 30 lits): UNSAT in 0.56s
    cube 3082.38 (depth 1, 30 lits): UNSAT in 0.16s
    cube 3082.39 (depth 1, 30 lits): UNSAT in 2.98s
    cube 3082.40 (depth 1, 30 lits): UNSAT in 0.08s
    cube 3082.41 (depth 1, 30 lits): UNSAT in 0.26s
    cube 3082.42 (depth 1, 30 lits): UNSAT in 0.25s
    cube 3082.43 (depth 1, 30 lits): UNSAT in 0.58s
    cube 3082.44 (depth 1, 30 lits): UNSAT in 0.43s
    cube 3082.45 (depth 1, 30 lits): UNSAT in 0.78s
    cube 3082.46 (depth 1, 30 lits): UNSAT in 1.36s
    cube 3082.47 (depth 1, 30 lits): UNSAT in 14.81s
    cube 3082.48 (depth 1, 30 lits): UNSAT in 0.06s
    cube 3082.49 (depth 1, 30 lits): UNSAT in 0.17s
    cube 3082.50 (depth 1, 30 lits): UNSAT in 0.47s
    cube 3082.51 (depth 1, 30 lits): UNSAT in 0.46s
    cube 3082.52 (depth 1, 30 lits): UNSAT in 0.21s
    cube 3082.53 (depth 1, 30 lits): UNSAT in 1.80s
    cube 3082.54 (depth 1, 30 lits): UNSAT in 0.20s
    cube 3082.55 (depth 1, 30 lits): UNSAT in 10.30s
    cube 3082.56 (depth 1, 30 lits): UNSAT in 0.33s
    cube 3082.57 (depth 1, 30 lits): UNSAT in 3.34s
    cube 3082.58 (depth 1, 30 lits): UNSAT in 1.74s
    cube 3082.59 (depth 1, 30 lits): UNSAT in 36.77s
    cube 3082.60 (depth 1, 30 lits): UNSAT in 0.56s
    cube 3082.61 (depth 1, 30 lits): UNSAT in 14.38s
    cube 3082.62 (depth 1, 30 lits): UNSAT in 20.66s
    cube 3082.63 (depth 1, 30 lits): UNSAT in 1251.68s
    cube 3088 (depth 0, 24 lits): UNSAT in 0.01s
    cube 3094 (depth 0, 24 lits): UNSAT in 0.02s
    cube 3100 (depth 0, 23 lits): UNSAT in 0.02s
    cube 3106 (depth 0, 24 lits): UNSAT in 0.01s
    cube 3112 (depth 0, 24 lits): UNSAT in 0.01s
    cube 3118 (depth 0, 24 lits): UNSAT in 0.01s
    cube 3124 (depth 0, 24 lits): UNSAT in 0.03s
    cube 3130 (depth 0, 24 lits): UNSAT in 0.08s
    cube 3136 (depth 0, 24 lits): UNSAT in 0.01s
    cube 3142 (depth 0, 24 lits): UNSAT in 0.05s
    cube 3148 (depth 0, 24 lits): UNSAT in 0.02s
    cube 3154 (depth 0, 24 lits): UNSAT in 0.10s
    cube 3160 (depth 0, 24 lits): UNSAT in 0.01s
    cube 3166 (depth 0, 24 lits): UNSAT in 0.01s
    cube 3172 (depth 0, 24 lits): UNSAT in 0.25s
    cube 3178 (depth 0, 24 lits): UNSAT in 0.03s
    cube 3184 (depth 0, 24 lits): UNSAT in 0.38s
    cube 3190 (depth 0, 22 lits): UNSAT in 0.01s
    cube 3196 (depth 0, 23 lits): UNSAT in 0.01s
    cube 3202 (depth 0, 23 lits): UNSAT in 0.01s
    cube 3208 (depth 0, 24 lits): UNSAT in 0.02s
    cube 3214 (depth 0, 24 lits): UNSAT in 0.01s
    cube 3220 (depth 0, 24 lits): UNSAT in 0.08s
    cube 3226 (depth 0, 24 lits): UNSAT in 0.06s
    cube 3232 (depth 0, 24 lits): UNSAT in 0.06s
    cube 3238 (depth 0, 24 lits): UNSAT in 0.19s
    cube 3244 (depth 0, 24 lits): UNSAT in 2.53s
    cube 3250 (depth 0, 24 lits): UNSAT in 0.01s
    cube 3256 (depth 0, 24 lits): UNSAT in 0.01s
    cube 3262 (depth 0, 24 lits): UNSAT in 0.02s
    cube 3268 (depth 0, 24 lits): UNSAT in 0.03s
    cube 3274 (depth 0, 24 lits): UNSAT in 1.92s
    cube 3280 (depth 0, 24 lits): UNSAT in 0.07s
    cube 3286 (depth 0, 24 lits): UNSAT in 0.13s
    cube 3292 (depth 0, 24 lits): UNSAT in 0.09s
    cube 3298 (depth 0, 24 lits): UNSAT in 0.79s
    cube 3304 (depth 0, 24 lits): UNSAT in 0.61s
    cube 3310 (depth 0, 24 lits): UNSAT in 0.01s
    cube 3316 (depth 0, 24 lits): UNSAT in 0.03s
    cube 3322 (depth 0, 24 lits): UNSAT in 0.03s
    cube 3328 (depth 0, 24 lits): UNSAT in 0.21s
    cube 3334 (depth 0, 24 lits): UNSAT in 0.02s
    cube 3340 (depth 0, 24 lits): UNSAT in 0.28s
    cube 3346 (depth 0, 24 lits): UNSAT in 0.12s
    cube 3352 (depth 0, 24 lits): UNSAT in 0.22s
    cube 3358 (depth 0, 24 lits): UNSAT in 0.30s
    cube 3364 (depth 0, 24 lits): UNSAT in 35.38s
    cube 3370 (depth 0, 24 lits): UNSAT in 0.04s
    cube 3376 (depth 0, 24 lits): UNSAT in 0.09s
    cube 3382 (depth 0, 24 lits): UNSAT in 0.05s
    cube 3388 (depth 0, 24 lits): UNSAT in 0.76s
    cube 3394 (depth 0, 24 lits): UNSAT in 0.81s
    cube 3400 (depth 0, 24 lits): UNSAT in 0.07s
    cube 3406 (depth 0, 24 lits): UNSAT in 0.12s
    cube 3412 (depth 0, 24 lits): UNSAT in 3.55s
    cube 3418 (depth 0, 24 lits): UNSAT in 1.01s
    cube 3424 (depth 0, 24 lits): UNSAT in 9.34s
    cube 3430 (depth 0, 24 lits): UNSAT in 0.01s
    cube 3436 (depth 0, 24 lits): UNSAT in 0.02s
    cube 3442 (depth 0, 24 lits): UNSAT in 0.04s
    cube 3448 (depth 0, 24 lits): UNSAT in 0.08s
    cube 3454 (depth 0, 24 lits): UNSAT in 0.13s
    cube 3460 (depth 0, 24 lits): UNSAT in 0.03s
    cube 3466 (depth 0, 24 lits): UNSAT in 0.30s
    cube 3472 (depth 0, 24 lits): UNSAT in 0.19s
    cube 3478 (depth 0, 24 lits): UNSAT in 0.16s
    cube 3484 (depth 0, 24 lits): UNSAT in 0.11s
    cube 3490 (depth 0, 24 lits): UNSAT in 20.86s
    cube 3496 (depth 0, 24 lits): UNSAT in 0.11s
    cube 3502 (depth 0, 24 lits): UNSAT in 0.03s
    cube 3508 (depth 0, 24 lits): UNSAT in 0.02s
    cube 3514 (depth 0, 24 lits): UNSAT in 0.33s
    cube 3520 (depth 0, 24 lits): UNSAT in 0.48s
    cube 3526 (depth 0, 24 lits): UNSAT in 0.18s
    cube 3532 (depth 0, 24 lits): UNSAT in 0.16s
    cube 3538 (depth 0, 24 lits): UNSAT in 5.22s
    cube 3544 (depth 0, 24 lits): UNSAT in 0.47s
    cube 3550 (depth 0, 24 lits): UNSAT in 37.28s

  shard 4 verdict: UNSAT [parent cube 2780's children only] (592 UNSAT, 0 unresolved) in 12675.1s
