  shard 5/6 (round-robin): 537 of 3226 cubes, per-cube cap 600.0s, re-split depth 3
    batch [2405..3221] TIMEOUT in 900.1s -> per-cube fallback
    cube 2405 (depth 0, 24 lits): UNSAT in 0.05s
    cube 2411 (depth 0, 24 lits): UNSAT in 1.27s
    cube 2417 (depth 0, 24 lits): UNSAT in 0.02s
    cube 2423 (depth 0, 24 lits): UNSAT in 0.05s
    cube 2429 (depth 0, 24 lits): UNSAT in 0.21s
    cube 2435 (depth 0, 24 lits): UNSAT in 0.03s
    cube 2441 (depth 0, 24 lits): UNSAT in 0.16s
    cube 2447 (depth 0, 24 lits): UNSAT in 0.04s
    cube 2453 (depth 0, 24 lits): UNSAT in 0.11s
    cube 2459 (depth 0, 24 lits): UNSAT in 0.06s
    cube 2465 (depth 0, 24 lits): UNSAT in 0.03s
    cube 2471 (depth 0, 24 lits): UNSAT in 0.07s
    cube 2477 (depth 0, 24 lits): UNSAT in 0.44s
    cube 2483 (depth 0, 24 lits): UNSAT in 0.01s
    cube 2489 (depth 0, 24 lits): UNSAT in 0.02s
    cube 2495 (depth 0, 24 lits): UNSAT in 0.02s
    cube 2501 (depth 0, 24 lits): UNSAT in 0.02s
    cube 2507 (depth 0, 23 lits): UNSAT in 0.01s
    cube 2513 (depth 0, 24 lits): UNSAT in 0.03s
    cube 2519 (depth 0, 24 lits): UNSAT in 0.12s
    cube 2525 (depth 0, 24 lits): UNSAT in 0.02s
    cube 2531 (depth 0, 24 lits): UNSAT in 0.03s
    cube 2537 (depth 0, 22 lits): UNSAT in 0.01s
    cube 2543 (depth 0, 24 lits): UNSAT in 0.02s
    cube 2549 (depth 0, 24 lits): UNSAT in 0.01s
    cube 2555 (depth 0, 24 lits): UNSAT in 0.22s
    cube 2561 (depth 0, 24 lits): UNSAT in 0.27s
    cube 2567 (depth 0, 24 lits): UNSAT in 0.03s
    cube 2573 (depth 0, 24 lits): UNSAT in 0.01s
    cube 2579 (depth 0, 24 lits): UNSAT in 0.20s
    cube 2585 (depth 0, 24 lits): UNSAT in 0.05s
    cube 2591 (depth 0, 24 lits): UNSAT in 0.22s
    cube 2597 (depth 0, 24 lits): UNSAT in 0.01s
    cube 2603 (depth 0, 24 lits): UNSAT in 0.02s
    cube 2609 (depth 0, 24 lits): UNSAT in 0.09s
    cube 2615 (depth 0, 24 lits): UNSAT in 0.01s
    cube 2621 (depth 0, 24 lits): UNSAT in 0.06s
    cube 2627 (depth 0, 23 lits): UNSAT in 0.01s
    cube 2633 (depth 0, 24 lits): UNSAT in 0.08s
    cube 2639 (depth 0, 24 lits): UNSAT in 0.12s
    cube 2645 (depth 0, 24 lits): UNSAT in 0.16s
    cube 2651 (depth 0, 24 lits): UNSAT in 0.19s
    cube 2657 (depth 0, 24 lits): UNSAT in 1.75s
    cube 2663 (depth 0, 24 lits): UNSAT in 0.04s
    cube 2669 (depth 0, 24 lits): UNSAT in 0.19s
    cube 2675 (depth 0, 24 lits): UNSAT in 0.06s
    cube 2681 (depth 0, 24 lits): UNSAT in 0.50s
    cube 2687 (depth 0, 24 lits): UNSAT in 0.69s
    cube 2693 (depth 0, 24 lits): UNSAT in 0.14s
    cube 2699 (depth 0, 24 lits): UNSAT in 0.28s
    cube 2705 (depth 0, 24 lits): UNSAT in 3.34s
    cube 2711 (depth 0, 24 lits): UNSAT in 1.47s
    cube 2717 (depth 0, 24 lits): UNSAT in 7.09s
    cube 2723 (depth 0, 23 lits): UNSAT in 0.02s
    cube 2729 (depth 0, 24 lits): UNSAT in 0.01s
    cube 2735 (depth 0, 24 lits): UNSAT in 0.22s
    cube 2741 (depth 0, 24 lits): UNSAT in 0.06s
    cube 2747 (depth 0, 24 lits): UNSAT in 0.19s
    cube 2753 (depth 0, 24 lits): UNSAT in 0.01s
    cube 2759 (depth 0, 24 lits): UNSAT in 0.09s
    cube 2765 (depth 0, 24 lits): UNSAT in 0.11s
    cube 2771 (depth 0, 24 lits): UNSAT in 0.08s
    cube 2777 (depth 0, 24 lits): UNSAT in 0.11s
    cube 2783 (depth 0, 24 lits): UNSAT in 0.56s
    cube 2789 (depth 0, 24 lits): UNSAT in 0.01s
    cube 2795 (depth 0, 24 lits): UNSAT in 0.01s
    cube 2801 (depth 0, 24 lits): UNSAT in 0.03s
    cube 2807 (depth 0, 24 lits): UNSAT in 0.04s
    cube 2813 (depth 0, 24 lits): UNSAT in 1.40s
    cube 2819 (depth 0, 24 lits): UNSAT in 0.14s
    cube 2825 (depth 0, 24 lits): UNSAT in 0.11s
    cube 2831 (depth 0, 24 lits): UNSAT in 0.04s
    cube 2837 (depth 0, 24 lits): UNSAT in 8.26s
    cube 2843 (depth 0, 24 lits): UNSAT in 0.85s
    cube 2849 (depth 0, 24 lits): UNSAT in 0.01s
    cube 2855 (depth 0, 24 lits): UNSAT in 0.02s
    cube 2861 (depth 0, 24 lits): UNSAT in 0.01s
    cube 2867 (depth 0, 24 lits): UNSAT in 0.02s
    cube 2873 (depth 0, 24 lits): UNSAT in 0.10s
    cube 2879 (depth 0, 24 lits): UNSAT in 0.02s
    cube 2885 (depth 0, 24 lits): UNSAT in 0.01s
    cube 2891 (depth 0, 24 lits): UNSAT in 0.06s
    cube 2897 (depth 0, 24 lits): UNSAT in 0.03s
    cube 2903 (depth 0, 24 lits): UNSAT in 0.24s
    cube 2909 (depth 0, 24 lits): UNSAT in 0.01s
    cube 2915 (depth 0, 24 lits): UNSAT in 0.08s
    cube 2921 (depth 0, 24 lits): UNSAT in 0.05s
    cube 2927 (depth 0, 24 lits): UNSAT in 0.02s
    cube 2933 (depth 0, 24 lits): UNSAT in 0.04s
    cube 2939 (depth 0, 24 lits): UNSAT in 2.14s
    cube 2945 (depth 0, 24 lits): UNSAT in 0.05s
    cube 2951 (depth 0, 24 lits): UNSAT in 0.29s
    cube 2957 (depth 0, 24 lits): UNSAT in 0.12s
    cube 2963 (depth 0, 24 lits): UNSAT in 1.33s
    cube 2969 (depth 0, 24 lits): UNSAT in 1.23s
    cube 2975 (depth 0, 24 lits): UNSAT in 0.03s
    cube 2981 (depth 0, 24 lits): UNSAT in 0.03s
    cube 2987 (depth 0, 24 lits): UNSAT in 0.02s
    cube 2993 (depth 0, 24 lits): UNSAT in 0.80s
    cube 2999 (depth 0, 24 lits): UNSAT in 0.29s
    cube 3005 (depth 0, 24 lits): UNSAT in 0.51s
    cube 3011 (depth 0, 24 lits): UNSAT in 0.07s
    cube 3017 (depth 0, 24 lits): UNSAT in 1.07s
    cube 3023 (depth 0, 24 lits): UNSAT in 0.08s
    cube 3029 (depth 0, 24 lits): UNSAT in 3.97s
    cube 3035 (depth 0, 24 lits): UNSAT in 0.04s
    cube 3041 (depth 0, 24 lits): UNSAT in 0.25s
    cube 3047 (depth 0, 24 lits): UNSAT in 0.23s
    cube 3053 (depth 0, 24 lits): UNSAT in 0.23s
    cube 3059 (depth 0, 24 lits): UNSAT in 0.14s
    cube 3065 (depth 0, 24 lits): UNSAT in 10.87s
    cube 3071 (depth 0, 24 lits): UNSAT in 0.27s
    cube 3077 (depth 0, 24 lits): UNSAT in 0.42s
    cube 3083 (depth 0, 24 lits): UNSAT in 0.36s
    cube 3089 (depth 0, 24 lits): UNSAT in 7.54s
    cube 3095 (depth 0, 24 lits): UNSAT in 11.35s
    cube 3101 (depth 0, 24 lits): UNSAT in 0.24s
    cube 3107 (depth 0, 24 lits): UNSAT in 0.07s
    cube 3113 (depth 0, 24 lits): UNSAT in 5.10s
    cube 3119 (depth 0, 24 lits): UNSAT in 0.31s
    cube 3125 (depth 0, 24 lits): UNSAT in 2.69s
    cube 3131 (depth 0, 24 lits): UNSAT in 0.20s
    cube 3137 (depth 0, 24 lits): UNSAT in 0.55s
    cube 3143 (depth 0, 24 lits): UNSAT in 0.72s
    cube 3149 (depth 0, 24 lits): UNSAT in 1.20s
    cube 3155 (depth 0, 24 lits): UNSAT in 0.93s
    cube 3161 (depth 0, 24 lits): UNSAT in 34.66s
    cube 3167 (depth 0, 24 lits): UNSAT in 0.28s
    cube 3173 (depth 0, 24 lits): UNSAT in 2.31s
    cube 3179 (depth 0, 24 lits): UNSAT in 0.39s
    cube 3185 (depth 0, 24 lits): UNSAT in 57.07s
    cube 3191 (depth 0, 24 lits): UNSAT in 18.46s
    cube 3197 (depth 0, 24 lits): UNSAT in 4.56s
    cube 3203 (depth 0, 24 lits): UNSAT in 2.21s
    cube 3209 (depth 0, 24 lits): TIMEOUT in 600.10s
    cube 3209 TIMEOUT -> re-split into 64 sub-cubes (depth 1)
    cube 3209.0 (depth 1, 30 lits): UNSAT in 0.01s
    cube 3209.1 (depth 1, 30 lits): UNSAT in 0.03s
    cube 3209.2 (depth 1, 30 lits): UNSAT in 0.01s
    cube 3209.3 (depth 1, 30 lits): UNSAT in 0.01s
    cube 3209.4 (depth 1, 30 lits): UNSAT in 0.02s
    cube 3209.5 (depth 1, 30 lits): UNSAT in 0.04s
    cube 3209.6 (depth 1, 30 lits): UNSAT in 0.05s
    cube 3209.7 (depth 1, 30 lits): UNSAT in 0.07s
    cube 3209.8 (depth 1, 30 lits): UNSAT in 0.02s
    cube 3209.9 (depth 1, 30 lits): UNSAT in 0.04s
    cube 3209.10 (depth 1, 30 lits): UNSAT in 0.08s
    cube 3209.11 (depth 1, 30 lits): UNSAT in 0.45s
    cube 3209.12 (depth 1, 30 lits): UNSAT in 0.02s
    cube 3209.13 (depth 1, 30 lits): UNSAT in 0.33s
    cube 3209.14 (depth 1, 30 lits): UNSAT in 0.10s
    cube 3209.15 (depth 1, 30 lits): UNSAT in 0.69s
    cube 3209.16 (depth 1, 30 lits): UNSAT in 0.04s
    cube 3209.17 (depth 1, 30 lits): UNSAT in 0.10s
    cube 3209.18 (depth 1, 30 lits): UNSAT in 0.06s
    cube 3209.19 (depth 1, 30 lits): UNSAT in 0.21s
    cube 3209.20 (depth 1, 30 lits): UNSAT in 0.05s
    cube 3209.21 (depth 1, 30 lits): UNSAT in 0.10s
    cube 3209.22 (depth 1, 30 lits): UNSAT in 0.18s
    cube 3209.23 (depth 1, 30 lits): UNSAT in 0.50s
    cube 3209.24 (depth 1, 30 lits): UNSAT in 0.16s
    cube 3209.25 (depth 1, 30 lits): UNSAT in 0.12s
    cube 3209.26 (depth 1, 30 lits): UNSAT in 0.51s
    cube 3209.27 (depth 1, 30 lits): UNSAT in 1.72s
    cube 3209.28 (depth 1, 30 lits): UNSAT in 0.15s
    cube 3209.29 (depth 1, 30 lits): UNSAT in 2.15s
    cube 3209.30 (depth 1, 30 lits): UNSAT in 3.67s
    cube 3209.31 (depth 1, 30 lits): UNSAT in 6.55s
    cube 3209.32 (depth 1, 30 lits): UNSAT in 0.03s
    cube 3209.33 (depth 1, 30 lits): UNSAT in 0.10s
    cube 3209.34 (depth 1, 30 lits): UNSAT in 0.08s
    cube 3209.35 (depth 1, 30 lits): UNSAT in 0.65s
    cube 3209.36 (depth 1, 30 lits): UNSAT in 0.05s
    cube 3209.37 (depth 1, 30 lits): UNSAT in 0.22s
    cube 3209.38 (depth 1, 30 lits): UNSAT in 0.41s
    cube 3209.39 (depth 1, 30 lits): UNSAT in 2.99s
    cube 3209.40 (depth 1, 30 lits): UNSAT in 0.06s
    cube 3209.41 (depth 1, 30 lits): UNSAT in 0.31s
    cube 3209.42 (depth 1, 30 lits): UNSAT in 1.32s
    cube 3209.43 (depth 1, 30 lits): UNSAT in 1.36s
    cube 3209.44 (depth 1, 30 lits): UNSAT in 0.04s
    cube 3209.45 (depth 1, 30 lits): UNSAT in 0.63s
    cube 3209.46 (depth 1, 30 lits): UNSAT in 2.31s
    cube 3209.47 (depth 1, 30 lits): UNSAT in 16.35s
    cube 3209.48 (depth 1, 30 lits): UNSAT in 0.09s
    cube 3209.49 (depth 1, 30 lits): UNSAT in 0.58s
    cube 3209.50 (depth 1, 30 lits): UNSAT in 0.20s
    cube 3209.51 (depth 1, 30 lits): UNSAT in 1.46s
    cube 3209.52 (depth 1, 30 lits): UNSAT in 0.46s
    cube 3209.53 (depth 1, 30 lits): UNSAT in 4.11s
    cube 3209.54 (depth 1, 30 lits): UNSAT in 0.92s
    cube 3209.55 (depth 1, 30 lits): UNSAT in 14.81s
    cube 3209.56 (depth 1, 30 lits): UNSAT in 1.00s
    cube 3209.57 (depth 1, 30 lits): UNSAT in 2.07s
    cube 3209.58 (depth 1, 30 lits): UNSAT in 0.75s
    cube 3209.59 (depth 1, 30 lits): UNSAT in 12.26s
    cube 3209.60 (depth 1, 30 lits): UNSAT in 0.40s
    cube 3209.61 (depth 1, 30 lits): UNSAT in 2.03s
    cube 3209.62 (depth 1, 30 lits): UNSAT in 1.04s
    cube 3209.63 (depth 1, 30 lits): UNSAT in 13.95s
    cube 3215 (depth 0, 24 lits): UNSAT in 77.69s
    cube 3221 (depth 0, 24 lits): UNSAT in 305.07s

  shard 5 verdict: UNSAT [parent cube 2015's children only] (537 UNSAT, 0 unresolved) in 2271.4s
