  shard 3/6 (round-robin): 538 of 3226 cubes, per-cube cap 600.0s, re-split depth 3
    batch [2403..3225] TIMEOUT in 900.1s -> per-cube fallback
    cube 2403 (depth 0, 24 lits): UNSAT in 0.05s
    cube 2409 (depth 0, 24 lits): UNSAT in 0.05s
    cube 2415 (depth 0, 24 lits): UNSAT in 1.76s
    cube 2421 (depth 0, 24 lits): UNSAT in 0.06s
    cube 2427 (depth 0, 24 lits): UNSAT in 0.03s
    cube 2433 (depth 0, 24 lits): UNSAT in 0.05s
    cube 2439 (depth 0, 24 lits): UNSAT in 0.03s
    cube 2445 (depth 0, 24 lits): UNSAT in 0.30s
    cube 2451 (depth 0, 24 lits): UNSAT in 0.01s
    cube 2457 (depth 0, 24 lits): UNSAT in 0.07s
    cube 2463 (depth 0, 24 lits): UNSAT in 0.02s
    cube 2469 (depth 0, 24 lits): UNSAT in 0.19s
    cube 2475 (depth 0, 24 lits): UNSAT in 0.33s
    cube 2481 (depth 0, 24 lits): UNSAT in 0.01s
    cube 2487 (depth 0, 24 lits): UNSAT in 0.01s
    cube 2493 (depth 0, 24 lits): UNSAT in 0.02s
    cube 2499 (depth 0, 24 lits): UNSAT in 0.01s
    cube 2505 (depth 0, 24 lits): UNSAT in 0.03s
    cube 2511 (depth 0, 24 lits): UNSAT in 0.01s
    cube 2517 (depth 0, 24 lits): UNSAT in 0.16s
    cube 2523 (depth 0, 24 lits): UNSAT in 0.02s
    cube 2529 (depth 0, 24 lits): UNSAT in 0.02s
    cube 2535 (depth 0, 24 lits): UNSAT in 0.18s
    cube 2541 (depth 0, 24 lits): UNSAT in 0.01s
    cube 2547 (depth 0, 24 lits): UNSAT in 0.21s
    cube 2553 (depth 0, 24 lits): UNSAT in 0.03s
    cube 2559 (depth 0, 24 lits): UNSAT in 0.21s
    cube 2565 (depth 0, 24 lits): UNSAT in 0.03s
    cube 2571 (depth 0, 24 lits): UNSAT in 0.27s
    cube 2577 (depth 0, 24 lits): UNSAT in 0.16s
    cube 2583 (depth 0, 24 lits): UNSAT in 0.06s
    cube 2589 (depth 0, 24 lits): UNSAT in 0.14s
    cube 2595 (depth 0, 24 lits): UNSAT in 0.64s
    cube 2601 (depth 0, 24 lits): UNSAT in 0.02s
    cube 2607 (depth 0, 24 lits): UNSAT in 0.02s
    cube 2613 (depth 0, 24 lits): UNSAT in 0.03s
    cube 2619 (depth 0, 24 lits): UNSAT in 0.02s
    cube 2625 (depth 0, 24 lits): UNSAT in 0.29s
    cube 2631 (depth 0, 24 lits): UNSAT in 0.01s
    cube 2637 (depth 0, 24 lits): UNSAT in 0.10s
    cube 2643 (depth 0, 24 lits): UNSAT in 0.02s
    cube 2649 (depth 0, 24 lits): UNSAT in 0.35s
    cube 2655 (depth 0, 24 lits): UNSAT in 0.25s
    cube 2661 (depth 0, 24 lits): UNSAT in 0.02s
    cube 2667 (depth 0, 24 lits): UNSAT in 0.02s
    cube 2673 (depth 0, 24 lits): UNSAT in 0.33s
    cube 2679 (depth 0, 24 lits): UNSAT in 0.02s
    cube 2685 (depth 0, 24 lits): UNSAT in 2.63s
    cube 2691 (depth 0, 24 lits): UNSAT in 0.04s
    cube 2697 (depth 0, 24 lits): UNSAT in 1.28s
    cube 2703 (depth 0, 24 lits): UNSAT in 0.60s
    cube 2709 (depth 0, 24 lits): UNSAT in 1.57s
    cube 2715 (depth 0, 24 lits): UNSAT in 1.22s
    cube 2721 (depth 0, 24 lits): UNSAT in 6.60s
    cube 2727 (depth 0, 24 lits): UNSAT in 0.05s
    cube 2733 (depth 0, 24 lits): UNSAT in 0.05s
    cube 2739 (depth 0, 24 lits): UNSAT in 0.06s
    cube 2745 (depth 0, 24 lits): UNSAT in 0.06s
    cube 2751 (depth 0, 24 lits): UNSAT in 0.75s
    cube 2757 (depth 0, 24 lits): UNSAT in 0.03s
    cube 2763 (depth 0, 24 lits): UNSAT in 0.10s
    cube 2769 (depth 0, 24 lits): UNSAT in 0.03s
    cube 2775 (depth 0, 24 lits): UNSAT in 0.20s
    cube 2781 (depth 0, 24 lits): UNSAT in 0.30s
    cube 2787 (depth 0, 24 lits): UNSAT in 0.01s
    cube 2793 (depth 0, 24 lits): UNSAT in 0.01s
    cube 2799 (depth 0, 24 lits): UNSAT in 0.10s
    cube 2805 (depth 0, 24 lits): UNSAT in 0.13s
    cube 2811 (depth 0, 24 lits): UNSAT in 0.45s
    cube 2817 (depth 0, 24 lits): UNSAT in 0.06s
    cube 2823 (depth 0, 24 lits): UNSAT in 0.04s
    cube 2829 (depth 0, 24 lits): UNSAT in 1.35s
    cube 2835 (depth 0, 24 lits): UNSAT in 0.41s
    cube 2841 (depth 0, 24 lits): UNSAT in 1.76s
    cube 2847 (depth 0, 24 lits): UNSAT in 0.01s
    cube 2853 (depth 0, 24 lits): UNSAT in 0.01s
    cube 2859 (depth 0, 24 lits): UNSAT in 0.04s
    cube 2865 (depth 0, 24 lits): UNSAT in 0.02s
    cube 2871 (depth 0, 24 lits): UNSAT in 0.04s
    cube 2877 (depth 0, 24 lits): UNSAT in 0.01s
    cube 2883 (depth 0, 24 lits): UNSAT in 0.06s
    cube 2889 (depth 0, 24 lits): UNSAT in 0.07s
    cube 2895 (depth 0, 24 lits): UNSAT in 0.05s
    cube 2901 (depth 0, 24 lits): UNSAT in 0.18s
    cube 2907 (depth 0, 24 lits): UNSAT in 0.92s
    cube 2913 (depth 0, 24 lits): UNSAT in 0.02s
    cube 2919 (depth 0, 24 lits): UNSAT in 0.05s
    cube 2925 (depth 0, 24 lits): UNSAT in 0.02s
    cube 2931 (depth 0, 24 lits): UNSAT in 0.07s
    cube 2937 (depth 0, 24 lits): UNSAT in 0.23s
    cube 2943 (depth 0, 24 lits): UNSAT in 0.04s
    cube 2949 (depth 0, 24 lits): UNSAT in 0.04s
    cube 2955 (depth 0, 24 lits): UNSAT in 0.71s
    cube 2961 (depth 0, 24 lits): UNSAT in 0.51s
    cube 2967 (depth 0, 24 lits): UNSAT in 2.35s
    cube 2973 (depth 0, 22 lits): UNSAT in 0.01s
    cube 2979 (depth 0, 24 lits): UNSAT in 0.01s
    cube 2985 (depth 0, 24 lits): UNSAT in 0.35s
    cube 2991 (depth 0, 24 lits): UNSAT in 0.16s
    cube 2997 (depth 0, 24 lits): UNSAT in 0.17s
    cube 3003 (depth 0, 24 lits): UNSAT in 0.05s
    cube 3009 (depth 0, 24 lits): UNSAT in 1.44s
    cube 3015 (depth 0, 24 lits): UNSAT in 0.13s
    cube 3021 (depth 0, 24 lits): UNSAT in 0.03s
    cube 3027 (depth 0, 24 lits): UNSAT in 0.20s
    cube 3033 (depth 0, 24 lits): UNSAT in 21.17s
    cube 3039 (depth 0, 24 lits): UNSAT in 0.11s
    cube 3045 (depth 0, 24 lits): UNSAT in 0.21s
    cube 3051 (depth 0, 24 lits): UNSAT in 0.16s
    cube 3057 (depth 0, 24 lits): UNSAT in 0.44s
    cube 3063 (depth 0, 24 lits): UNSAT in 2.86s
    cube 3069 (depth 0, 24 lits): UNSAT in 0.45s
    cube 3075 (depth 0, 24 lits): UNSAT in 0.12s
    cube 3081 (depth 0, 24 lits): UNSAT in 6.43s
    cube 3087 (depth 0, 24 lits): UNSAT in 0.64s
    cube 3093 (depth 0, 24 lits): UNSAT in 7.93s
    cube 3099 (depth 0, 24 lits): UNSAT in 0.08s
    cube 3105 (depth 0, 24 lits): UNSAT in 0.58s
    cube 3111 (depth 0, 24 lits): UNSAT in 0.31s
    cube 3117 (depth 0, 24 lits): UNSAT in 0.30s
    cube 3123 (depth 0, 24 lits): UNSAT in 1.44s
    cube 3129 (depth 0, 24 lits): UNSAT in 13.49s
    cube 3135 (depth 0, 24 lits): UNSAT in 0.16s
    cube 3141 (depth 0, 24 lits): UNSAT in 0.98s
    cube 3147 (depth 0, 24 lits): UNSAT in 0.45s
    cube 3153 (depth 0, 24 lits): UNSAT in 24.56s
    cube 3159 (depth 0, 24 lits): UNSAT in 29.55s
    cube 3165 (depth 0, 24 lits): UNSAT in 0.74s
    cube 3171 (depth 0, 24 lits): UNSAT in 0.58s
    cube 3177 (depth 0, 24 lits): UNSAT in 26.79s
    cube 3183 (depth 0, 24 lits): UNSAT in 0.81s
    cube 3189 (depth 0, 24 lits): UNSAT in 17.00s
    cube 3195 (depth 0, 24 lits): UNSAT in 1.74s
    cube 3201 (depth 0, 24 lits): UNSAT in 153.22s
    cube 3207 (depth 0, 24 lits): UNSAT in 26.97s
    cube 3213 (depth 0, 24 lits): UNSAT in 110.75s
    cube 3219 (depth 0, 24 lits): UNSAT in 12.29s
    cube 3225 (depth 0, 24 lits): TIMEOUT in 600.10s
    cube 3225 TIMEOUT -> re-split into 64 sub-cubes (depth 1)
    cube 3225.0 (depth 1, 30 lits): UNSAT in 0.03s
    cube 3225.1 (depth 1, 30 lits): UNSAT in 0.04s
    cube 3225.2 (depth 1, 30 lits): UNSAT in 0.04s
    cube 3225.3 (depth 1, 30 lits): UNSAT in 0.08s
    cube 3225.4 (depth 1, 30 lits): UNSAT in 0.03s
    cube 3225.5 (depth 1, 30 lits): UNSAT in 0.15s
    cube 3225.6 (depth 1, 30 lits): UNSAT in 0.16s
    cube 3225.7 (depth 1, 30 lits): UNSAT in 0.46s
    cube 3225.8 (depth 1, 30 lits): UNSAT in 0.05s
    cube 3225.9 (depth 1, 30 lits): UNSAT in 0.12s
    cube 3225.10 (depth 1, 30 lits): UNSAT in 0.14s
    cube 3225.11 (depth 1, 30 lits): UNSAT in 0.23s
    cube 3225.12 (depth 1, 30 lits): UNSAT in 0.02s
    cube 3225.13 (depth 1, 30 lits): UNSAT in 0.22s
    cube 3225.14 (depth 1, 30 lits): UNSAT in 0.61s
    cube 3225.15 (depth 1, 30 lits): UNSAT in 1.41s
    cube 3225.16 (depth 1, 30 lits): UNSAT in 0.03s
    cube 3225.17 (depth 1, 30 lits): UNSAT in 0.02s
    cube 3225.18 (depth 1, 30 lits): UNSAT in 0.06s
    cube 3225.19 (depth 1, 30 lits): UNSAT in 0.09s
    cube 3225.20 (depth 1, 30 lits): UNSAT in 0.02s
    cube 3225.21 (depth 1, 30 lits): UNSAT in 0.15s
    cube 3225.22 (depth 1, 30 lits): UNSAT in 0.12s
    cube 3225.23 (depth 1, 30 lits): UNSAT in 1.08s
    cube 3225.24 (depth 1, 30 lits): UNSAT in 0.06s
    cube 3225.25 (depth 1, 30 lits): UNSAT in 0.11s
    cube 3225.26 (depth 1, 30 lits): UNSAT in 0.04s
    cube 3225.27 (depth 1, 30 lits): UNSAT in 0.78s
    cube 3225.28 (depth 1, 30 lits): UNSAT in 0.42s
    cube 3225.29 (depth 1, 30 lits): UNSAT in 2.28s
    cube 3225.30 (depth 1, 30 lits): UNSAT in 3.14s
    cube 3225.31 (depth 1, 30 lits): UNSAT in 17.00s
    cube 3225.32 (depth 1, 30 lits): UNSAT in 0.02s
    cube 3225.33 (depth 1, 30 lits): UNSAT in 0.04s
    cube 3225.34 (depth 1, 30 lits): UNSAT in 0.04s
    cube 3225.35 (depth 1, 30 lits): UNSAT in 0.19s
    cube 3225.36 (depth 1, 30 lits): UNSAT in 0.19s
    cube 3225.37 (depth 1, 30 lits): UNSAT in 0.50s
    cube 3225.38 (depth 1, 30 lits): UNSAT in 0.52s
    cube 3225.39 (depth 1, 30 lits): UNSAT in 1.55s
    cube 3225.40 (depth 1, 30 lits): UNSAT in 0.20s
    cube 3225.41 (depth 1, 30 lits): UNSAT in 0.24s
    cube 3225.42 (depth 1, 30 lits): UNSAT in 0.28s
    cube 3225.43 (depth 1, 30 lits): UNSAT in 0.41s
    cube 3225.44 (depth 1, 30 lits): UNSAT in 0.28s
    cube 3225.45 (depth 1, 30 lits): UNSAT in 4.10s
    cube 3225.46 (depth 1, 30 lits): UNSAT in 3.11s
    cube 3225.47 (depth 1, 30 lits): UNSAT in 18.11s
    cube 3225.48 (depth 1, 30 lits): UNSAT in 0.28s
    cube 3225.49 (depth 1, 30 lits): UNSAT in 1.07s
    cube 3225.50 (depth 1, 30 lits): UNSAT in 0.37s
    cube 3225.51 (depth 1, 30 lits): UNSAT in 4.59s
    cube 3225.52 (depth 1, 30 lits): UNSAT in 0.63s
    cube 3225.53 (depth 1, 30 lits): UNSAT in 4.12s
    cube 3225.54 (depth 1, 30 lits): UNSAT in 1.39s
    cube 3225.55 (depth 1, 30 lits): UNSAT in 48.55s
    cube 3225.56 (depth 1, 30 lits): UNSAT in 1.08s
    cube 3225.57 (depth 1, 30 lits): UNSAT in 3.61s
    cube 3225.58 (depth 1, 30 lits): UNSAT in 3.06s
    cube 3225.59 (depth 1, 30 lits): UNSAT in 34.89s
    cube 3225.60 (depth 1, 30 lits): UNSAT in 0.82s
    cube 3225.61 (depth 1, 30 lits): UNSAT in 3.35s
    cube 3225.62 (depth 1, 30 lits): UNSAT in 3.68s
    cube 3225.63 (depth 1, 30 lits): UNSAT in 14.63s

  shard 3 verdict: UNSAT [parent cube 2015's children only] (538 UNSAT, 0 unresolved) in 2311.3s
