  shard 1/6 (round-robin): 649 of 3892 cubes, per-cube cap 600.0s, re-split depth 3
    batch [2401..3595] TIMEOUT in 900.0s -> per-cube fallback
    cube 2401 (depth 0, 24 lits): UNSAT in 0.03s
    cube 2407 (depth 0, 24 lits): UNSAT in 0.01s
    cube 2413 (depth 0, 24 lits): UNSAT in 0.02s
    cube 2419 (depth 0, 23 lits): UNSAT in 0.01s
    cube 2425 (depth 0, 24 lits): UNSAT in 0.03s
    cube 2431 (depth 0, 24 lits): UNSAT in 0.01s
    cube 2437 (depth 0, 24 lits): UNSAT in 0.21s
    cube 2443 (depth 0, 24 lits): UNSAT in 0.01s
    cube 2449 (depth 0, 24 lits): UNSAT in 0.01s
    cube 2455 (depth 0, 24 lits): UNSAT in 0.01s
    cube 2461 (depth 0, 24 lits): UNSAT in 0.03s
    cube 2467 (depth 0, 24 lits): UNSAT in 0.01s
    cube 2473 (depth 0, 24 lits): UNSAT in 0.08s
    cube 2479 (depth 0, 24 lits): UNSAT in 0.39s
    cube 2485 (depth 0, 24 lits): UNSAT in 0.07s
    cube 2491 (depth 0, 24 lits): UNSAT in 0.02s
    cube 2497 (depth 0, 24 lits): UNSAT in 2.83s
    cube 2503 (depth 0, 24 lits): UNSAT in 0.01s
    cube 2509 (depth 0, 24 lits): UNSAT in 0.04s
    cube 2515 (depth 0, 24 lits): UNSAT in 0.01s
    cube 2521 (depth 0, 24 lits): UNSAT in 0.04s
    cube 2527 (depth 0, 24 lits): UNSAT in 0.06s
    cube 2533 (depth 0, 24 lits): UNSAT in 0.02s
    cube 2539 (depth 0, 24 lits): UNSAT in 0.01s
    cube 2545 (depth 0, 24 lits): UNSAT in 0.12s
    cube 2551 (depth 0, 24 lits): UNSAT in 0.13s
    cube 2557 (depth 0, 24 lits): UNSAT in 0.13s
    cube 2563 (depth 0, 24 lits): UNSAT in 0.01s
    cube 2569 (depth 0, 24 lits): UNSAT in 0.03s
    cube 2575 (depth 0, 24 lits): UNSAT in 0.02s
    cube 2581 (depth 0, 24 lits): UNSAT in 0.02s
    cube 2587 (depth 0, 24 lits): UNSAT in 0.03s
    cube 2593 (depth 0, 24 lits): UNSAT in 1.62s
    cube 2599 (depth 0, 24 lits): UNSAT in 0.02s
    cube 2605 (depth 0, 24 lits): UNSAT in 0.22s
    cube 2611 (depth 0, 24 lits): UNSAT in 0.03s
    cube 2617 (depth 0, 24 lits): UNSAT in 2.65s
    cube 2623 (depth 0, 24 lits): UNSAT in 6.52s
    cube 2629 (depth 0, 23 lits): UNSAT in 0.02s
    cube 2635 (depth 0, 24 lits): UNSAT in 0.02s
    cube 2641 (depth 0, 24 lits): UNSAT in 0.06s
    cube 2647 (depth 0, 24 lits): UNSAT in 0.02s
    cube 2653 (depth 0, 24 lits): UNSAT in 0.03s
    cube 2659 (depth 0, 24 lits): UNSAT in 0.03s
    cube 2665 (depth 0, 24 lits): UNSAT in 0.01s
    cube 2671 (depth 0, 24 lits): UNSAT in 0.20s
    cube 2677 (depth 0, 24 lits): UNSAT in 0.08s
    cube 2683 (depth 0, 24 lits): UNSAT in 0.15s
    cube 2689 (depth 0, 24 lits): UNSAT in 0.02s
    cube 2695 (depth 0, 24 lits): UNSAT in 0.15s
    cube 2701 (depth 0, 24 lits): UNSAT in 0.08s
    cube 2707 (depth 0, 24 lits): UNSAT in 0.09s
    cube 2713 (depth 0, 24 lits): UNSAT in 0.02s
    cube 2719 (depth 0, 24 lits): UNSAT in 4.35s
    cube 2725 (depth 0, 24 lits): UNSAT in 0.08s
    cube 2731 (depth 0, 24 lits): UNSAT in 0.14s
    cube 2737 (depth 0, 24 lits): UNSAT in 0.03s
    cube 2743 (depth 0, 24 lits): UNSAT in 1.36s
    cube 2749 (depth 0, 24 lits): UNSAT in 2.04s
    cube 2755 (depth 0, 24 lits): UNSAT in 0.01s
    cube 2761 (depth 0, 24 lits): UNSAT in 0.02s
    cube 2767 (depth 0, 24 lits): UNSAT in 0.11s
    cube 2773 (depth 0, 24 lits): UNSAT in 0.02s
    cube 2779 (depth 0, 24 lits): UNSAT in 3.42s
    cube 2785 (depth 0, 24 lits): UNSAT in 0.05s
    cube 2791 (depth 0, 24 lits): UNSAT in 0.37s
    cube 2797 (depth 0, 24 lits): UNSAT in 0.10s
    cube 2803 (depth 0, 24 lits): UNSAT in 1.36s
    cube 2809 (depth 0, 24 lits): UNSAT in 1.68s
    cube 2815 (depth 0, 24 lits): UNSAT in 0.12s
    cube 2821 (depth 0, 24 lits): UNSAT in 0.11s
    cube 2827 (depth 0, 24 lits): UNSAT in 2.41s
    cube 2833 (depth 0, 24 lits): UNSAT in 0.58s
    cube 2839 (depth 0, 24 lits): UNSAT in 0.62s
    cube 2845 (depth 0, 24 lits): UNSAT in 0.05s
    cube 2851 (depth 0, 24 lits): UNSAT in 7.52s
    cube 2857 (depth 0, 24 lits): UNSAT in 1.28s
    cube 2863 (depth 0, 24 lits): UNSAT in 4.60s
    cube 2869 (depth 0, 24 lits): UNSAT in 3.20s
    cube 2875 (depth 0, 24 lits): UNSAT in 24.79s
    cube 2881 (depth 0, 24 lits): UNSAT in 0.01s
    cube 2887 (depth 0, 24 lits): UNSAT in 0.01s
    cube 2893 (depth 0, 24 lits): UNSAT in 0.01s
    cube 2899 (depth 0, 24 lits): UNSAT in 0.01s
    cube 2905 (depth 0, 24 lits): UNSAT in 0.08s
    cube 2911 (depth 0, 24 lits): UNSAT in 0.01s
    cube 2917 (depth 0, 24 lits): UNSAT in 0.02s
    cube 2923 (depth 0, 24 lits): UNSAT in 0.05s
    cube 2929 (depth 0, 24 lits): UNSAT in 0.03s
    cube 2935 (depth 0, 24 lits): UNSAT in 1.13s
    cube 2941 (depth 0, 24 lits): UNSAT in 0.03s
    cube 2947 (depth 0, 24 lits): UNSAT in 0.02s
    cube 2953 (depth 0, 24 lits): UNSAT in 0.02s
    cube 2959 (depth 0, 24 lits): UNSAT in 0.12s
    cube 2965 (depth 0, 24 lits): UNSAT in 0.33s
    cube 2971 (depth 0, 24 lits): UNSAT in 0.07s
    cube 2977 (depth 0, 24 lits): UNSAT in 0.12s
    cube 2983 (depth 0, 24 lits): UNSAT in 2.31s
    cube 2989 (depth 0, 24 lits): UNSAT in 0.43s
    cube 2995 (depth 0, 24 lits): UNSAT in 2.33s
    cube 3001 (depth 0, 24 lits): UNSAT in 0.01s
    cube 3007 (depth 0, 24 lits): UNSAT in 0.24s
    cube 3013 (depth 0, 24 lits): UNSAT in 0.10s
    cube 3019 (depth 0, 24 lits): UNSAT in 0.19s
    cube 3025 (depth 0, 24 lits): UNSAT in 0.10s
    cube 3031 (depth 0, 24 lits): UNSAT in 14.86s
    cube 3037 (depth 0, 24 lits): UNSAT in 0.09s
    cube 3043 (depth 0, 24 lits): UNSAT in 0.48s
    cube 3049 (depth 0, 24 lits): UNSAT in 0.58s
    cube 3055 (depth 0, 24 lits): UNSAT in 10.82s
    cube 3061 (depth 0, 24 lits): UNSAT in 6.87s
    cube 3067 (depth 0, 24 lits): UNSAT in 0.02s
    cube 3073 (depth 0, 24 lits): UNSAT in 0.03s
    cube 3079 (depth 0, 24 lits): UNSAT in 0.30s
    cube 3085 (depth 0, 24 lits): UNSAT in 0.13s
    cube 3091 (depth 0, 24 lits): UNSAT in 0.70s
    cube 3097 (depth 0, 24 lits): UNSAT in 0.19s
    cube 3103 (depth 0, 24 lits): UNSAT in 2.22s
    cube 3109 (depth 0, 24 lits): UNSAT in 0.67s
    cube 3115 (depth 0, 24 lits): UNSAT in 6.26s
    cube 3121 (depth 0, 24 lits): UNSAT in 5.93s
    cube 3127 (depth 0, 24 lits): TIMEOUT in 600.10s
    cube 3127 TIMEOUT -> re-split into 64 sub-cubes (depth 1)
    cube 3127.0 (depth 1, 30 lits): UNSAT in 0.01s
    cube 3127.1 (depth 1, 30 lits): UNSAT in 0.04s
    cube 3127.2 (depth 1, 30 lits): UNSAT in 0.02s
    cube 3127.3 (depth 1, 30 lits): UNSAT in 0.10s
    cube 3127.4 (depth 1, 30 lits): UNSAT in 0.02s
    cube 3127.5 (depth 1, 30 lits): UNSAT in 0.16s
    cube 3127.6 (depth 1, 30 lits): UNSAT in 0.11s
    cube 3127.7 (depth 1, 30 lits): UNSAT in 1.75s
    cube 3127.8 (depth 1, 30 lits): UNSAT in 0.03s
    cube 3127.9 (depth 1, 30 lits): UNSAT in 0.14s
    cube 3127.10 (depth 1, 30 lits): UNSAT in 0.14s
    cube 3127.11 (depth 1, 30 lits): UNSAT in 0.65s
    cube 3127.12 (depth 1, 30 lits): UNSAT in 0.07s
    cube 3127.13 (depth 1, 30 lits): UNSAT in 1.56s
    cube 3127.14 (depth 1, 30 lits): UNSAT in 1.12s
    cube 3127.15 (depth 1, 30 lits): UNSAT in 3.56s
    cube 3127.16 (depth 1, 30 lits): UNSAT in 0.03s
    cube 3127.17 (depth 1, 30 lits): UNSAT in 0.10s
    cube 3127.18 (depth 1, 30 lits): UNSAT in 0.10s
    cube 3127.19 (depth 1, 30 lits): UNSAT in 0.96s
    cube 3127.20 (depth 1, 30 lits): UNSAT in 0.20s
    cube 3127.21 (depth 1, 30 lits): UNSAT in 0.34s
    cube 3127.22 (depth 1, 30 lits): UNSAT in 0.28s
    cube 3127.23 (depth 1, 30 lits): UNSAT in 5.34s
    cube 3127.24 (depth 1, 30 lits): UNSAT in 0.03s
    cube 3127.25 (depth 1, 30 lits): UNSAT in 0.15s
    cube 3127.26 (depth 1, 30 lits): UNSAT in 0.13s
    cube 3127.27 (depth 1, 30 lits): UNSAT in 1.26s
    cube 3127.28 (depth 1, 30 lits): UNSAT in 0.92s
    cube 3127.29 (depth 1, 30 lits): UNSAT in 11.35s
    cube 3127.30 (depth 1, 30 lits): UNSAT in 2.29s
    cube 3127.31 (depth 1, 30 lits): UNSAT in 71.51s
    cube 3127.32 (depth 1, 30 lits): UNSAT in 0.01s
    cube 3127.33 (depth 1, 30 lits): UNSAT in 0.03s
    cube 3127.34 (depth 1, 30 lits): UNSAT in 0.02s
    cube 3127.35 (depth 1, 30 lits): UNSAT in 0.08s
    cube 3127.36 (depth 1, 30 lits): UNSAT in 0.01s
    cube 3127.37 (depth 1, 30 lits): UNSAT in 0.08s
    cube 3127.38 (depth 1, 30 lits): UNSAT in 0.19s
    cube 3127.39 (depth 1, 30 lits): UNSAT in 1.61s
    cube 3127.40 (depth 1, 30 lits): UNSAT in 0.01s
    cube 3127.41 (depth 1, 30 lits): UNSAT in 0.09s
    cube 3127.42 (depth 1, 30 lits): UNSAT in 0.03s
    cube 3127.43 (depth 1, 30 lits): UNSAT in 0.23s
    cube 3127.44 (depth 1, 30 lits): UNSAT in 0.19s
    cube 3127.45 (depth 1, 30 lits): UNSAT in 1.67s
    cube 3127.46 (depth 1, 30 lits): UNSAT in 0.56s
    cube 3127.47 (depth 1, 30 lits): UNSAT in 14.43s
    cube 3127.48 (depth 1, 30 lits): UNSAT in 0.05s
    cube 3127.49 (depth 1, 30 lits): UNSAT in 0.11s
    cube 3127.50 (depth 1, 30 lits): UNSAT in 0.36s
    cube 3127.51 (depth 1, 30 lits): UNSAT in 2.57s
    cube 3127.52 (depth 1, 30 lits): UNSAT in 0.15s
    cube 3127.53 (depth 1, 30 lits): UNSAT in 0.46s
    cube 3127.54 (depth 1, 30 lits): UNSAT in 0.97s
    cube 3127.55 (depth 1, 30 lits): UNSAT in 11.10s
    cube 3127.56 (depth 1, 30 lits): UNSAT in 0.05s
    cube 3127.57 (depth 1, 30 lits): UNSAT in 0.18s
    cube 3127.58 (depth 1, 30 lits): UNSAT in 0.07s
    cube 3127.59 (depth 1, 30 lits): UNSAT in 2.61s
    cube 3127.60 (depth 1, 30 lits): UNSAT in 0.37s
    cube 3127.61 (depth 1, 30 lits): UNSAT in 7.35s
    cube 3127.62 (depth 1, 30 lits): UNSAT in 11.63s
    cube 3127.63 (depth 1, 30 lits): UNSAT in 36.22s
    cube 3133 (depth 0, 24 lits): UNSAT in 0.01s
    cube 3139 (depth 0, 24 lits): UNSAT in 0.03s
    cube 3145 (depth 0, 24 lits): UNSAT in 0.01s
    cube 3151 (depth 0, 24 lits): UNSAT in 0.02s
    cube 3157 (depth 0, 24 lits): UNSAT in 0.05s
    cube 3163 (depth 0, 24 lits): UNSAT in 0.01s
    cube 3169 (depth 0, 24 lits): UNSAT in 0.06s
    cube 3175 (depth 0, 24 lits): UNSAT in 0.03s
    cube 3181 (depth 0, 24 lits): UNSAT in 0.14s
    cube 3187 (depth 0, 24 lits): UNSAT in 0.66s
    cube 3193 (depth 0, 24 lits): UNSAT in 0.02s
    cube 3199 (depth 0, 24 lits): UNSAT in 0.02s
    cube 3205 (depth 0, 24 lits): UNSAT in 0.50s
    cube 3211 (depth 0, 24 lits): UNSAT in 0.12s
    cube 3217 (depth 0, 24 lits): UNSAT in 0.22s
    cube 3223 (depth 0, 23 lits): UNSAT in 0.01s
    cube 3229 (depth 0, 24 lits): UNSAT in 0.30s
    cube 3235 (depth 0, 24 lits): UNSAT in 0.82s
    cube 3241 (depth 0, 24 lits): UNSAT in 0.32s
    cube 3247 (depth 0, 24 lits): UNSAT in 1.29s
    cube 3253 (depth 0, 24 lits): UNSAT in 16.77s
    cube 3259 (depth 0, 24 lits): UNSAT in 0.13s
    cube 3265 (depth 0, 24 lits): UNSAT in 0.48s
    cube 3271 (depth 0, 24 lits): UNSAT in 0.09s
    cube 3277 (depth 0, 24 lits): UNSAT in 0.55s
    cube 3283 (depth 0, 24 lits): UNSAT in 1.00s
    cube 3289 (depth 0, 24 lits): UNSAT in 0.12s
    cube 3295 (depth 0, 24 lits): UNSAT in 0.04s
    cube 3301 (depth 0, 24 lits): UNSAT in 10.62s
    cube 3307 (depth 0, 24 lits): UNSAT in 0.77s
    cube 3313 (depth 0, 24 lits): UNSAT in 12.28s
    cube 3319 (depth 0, 24 lits): UNSAT in 0.03s
    cube 3325 (depth 0, 24 lits): UNSAT in 6.93s
    cube 3331 (depth 0, 24 lits): UNSAT in 1.96s
    cube 3337 (depth 0, 24 lits): UNSAT in 7.67s
    cube 3343 (depth 0, 24 lits): UNSAT in 3.42s
    cube 3349 (depth 0, 24 lits): UNSAT in 135.77s
    cube 3355 (depth 0, 24 lits): UNSAT in 4.82s
    cube 3361 (depth 0, 24 lits): UNSAT in 91.68s
    cube 3367 (depth 0, 24 lits): UNSAT in 5.21s
    cube 3373 (depth 0, 24 lits): UNSAT in 45.36s
    cube 3379 (depth 0, 24 lits): UNSAT in 38.26s
    cube 3385 (depth 0, 24 lits): UNSAT in 0.01s
    cube 3391 (depth 0, 24 lits): UNSAT in 0.03s
    cube 3397 (depth 0, 24 lits): UNSAT in 0.03s
    cube 3403 (depth 0, 24 lits): UNSAT in 0.07s
    cube 3409 (depth 0, 24 lits): UNSAT in 0.11s
    cube 3415 (depth 0, 24 lits): UNSAT in 0.08s
    cube 3421 (depth 0, 24 lits): UNSAT in 0.17s
    cube 3427 (depth 0, 24 lits): UNSAT in 1.70s
    cube 3433 (depth 0, 24 lits): UNSAT in 0.15s
    cube 3439 (depth 0, 24 lits): UNSAT in 1.35s
    cube 3445 (depth 0, 24 lits): UNSAT in 0.01s
    cube 3451 (depth 0, 24 lits): UNSAT in 0.13s
    cube 3457 (depth 0, 24 lits): UNSAT in 0.51s
    cube 3463 (depth 0, 24 lits): UNSAT in 0.17s
    cube 3469 (depth 0, 24 lits): UNSAT in 0.22s
    cube 3475 (depth 0, 24 lits): UNSAT in 25.94s
    cube 3481 (depth 0, 24 lits): UNSAT in 2.55s
    cube 3487 (depth 0, 24 lits): UNSAT in 1.08s
    cube 3493 (depth 0, 24 lits): UNSAT in 0.20s
    cube 3499 (depth 0, 24 lits): UNSAT in 18.48s
    cube 3505 (depth 0, 24 lits): UNSAT in 20.69s
    cube 3511 (depth 0, 24 lits): UNSAT in 0.05s
    cube 3517 (depth 0, 24 lits): UNSAT in 0.08s
    cube 3523 (depth 0, 24 lits): UNSAT in 2.11s
    cube 3529 (depth 0, 24 lits): UNSAT in 0.25s
    cube 3535 (depth 0, 24 lits): UNSAT in 3.44s
    cube 3541 (depth 0, 24 lits): UNSAT in 0.08s
    cube 3547 (depth 0, 24 lits): UNSAT in 3.34s
    cube 3553 (depth 0, 24 lits): UNSAT in 2.11s
    cube 3559 (depth 0, 24 lits): UNSAT in 0.68s
    cube 3565 (depth 0, 24 lits): UNSAT in 0.46s
    cube 3571 (depth 0, 24 lits): UNSAT in 50.28s
    cube 3577 (depth 0, 24 lits): UNSAT in 0.99s
    cube 3583 (depth 0, 24 lits): UNSAT in 2.31s
    cube 3589 (depth 0, 24 lits): UNSAT in 0.14s
    cube 3595 (depth 0, 24 lits): UNSAT in 48.58s
    batch [3601..3889] TIMEOUT in 900.0s -> per-cube fallback
    cube 3601 (depth 0, 24 lits): UNSAT in 18.45s
    cube 3607 (depth 0, 24 lits): UNSAT in 8.84s
    cube 3613 (depth 0, 24 lits): UNSAT in 2.65s
    cube 3619 (depth 0, 24 lits): UNSAT in 551.68s
    cube 3625 (depth 0, 24 lits): UNSAT in 30.01s
    cube 3631 (depth 0, 24 lits): UNSAT in 34.86s
    cube 3637 (depth 0, 24 lits): UNSAT in 0.02s
    cube 3643 (depth 0, 24 lits): UNSAT in 0.18s
    cube 3649 (depth 0, 24 lits): UNSAT in 0.37s
    cube 3655 (depth 0, 24 lits): UNSAT in 0.97s
    cube 3661 (depth 0, 24 lits): UNSAT in 0.49s
    cube 3667 (depth 0, 24 lits): UNSAT in 17.51s
    cube 3673 (depth 0, 24 lits): UNSAT in 0.43s
    cube 3679 (depth 0, 24 lits): UNSAT in 1.34s
    cube 3685 (depth 0, 24 lits): UNSAT in 0.18s
    cube 3691 (depth 0, 24 lits): UNSAT in 24.75s
    cube 3697 (depth 0, 24 lits): UNSAT in 5.74s
    cube 3703 (depth 0, 24 lits): UNSAT in 0.41s
    cube 3709 (depth 0, 24 lits): UNSAT in 0.34s
    cube 3715 (depth 0, 24 lits): UNSAT in 26.62s
    cube 3721 (depth 0, 24 lits): UNSAT in 2.05s
    cube 3727 (depth 0, 24 lits): UNSAT in 24.69s
    cube 3733 (depth 0, 24 lits): UNSAT in 0.35s
    cube 3739 (depth 0, 24 lits): UNSAT in 27.81s
    cube 3745 (depth 0, 24 lits): UNSAT in 22.30s
    cube 3751 (depth 0, 24 lits): UNSAT in 169.68s
    cube 3757 (depth 0, 24 lits): UNSAT in 79.72s
    cube 3763 (depth 0, 24 lits): TIMEOUT in 600.10s
    cube 3763 TIMEOUT -> re-split into 64 sub-cubes (depth 1)
    cube 3763.0 (depth 1, 30 lits): UNSAT in 0.05s
    cube 3763.1 (depth 1, 30 lits): UNSAT in 0.21s
    cube 3763.2 (depth 1, 30 lits): UNSAT in 0.28s
    cube 3763.3 (depth 1, 30 lits): UNSAT in 2.17s
    cube 3763.4 (depth 1, 30 lits): UNSAT in 0.03s
    cube 3763.5 (depth 1, 30 lits): UNSAT in 0.53s
    cube 3763.6 (depth 1, 30 lits): UNSAT in 0.15s
    cube 3763.7 (depth 1, 30 lits): UNSAT in 2.32s
    cube 3763.8 (depth 1, 30 lits): UNSAT in 0.24s
    cube 3763.9 (depth 1, 30 lits): UNSAT in 1.00s
    cube 3763.10 (depth 1, 30 lits): UNSAT in 1.84s
    cube 3763.11 (depth 1, 30 lits): UNSAT in 3.51s
    cube 3763.12 (depth 1, 30 lits): UNSAT in 0.11s
    cube 3763.13 (depth 1, 30 lits): UNSAT in 1.55s
    cube 3763.14 (depth 1, 30 lits): UNSAT in 0.73s
    cube 3763.15 (depth 1, 30 lits): UNSAT in 0.85s
    cube 3763.16 (depth 1, 30 lits): UNSAT in 0.02s
    cube 3763.17 (depth 1, 30 lits): UNSAT in 0.03s
    cube 3763.18 (depth 1, 30 lits): UNSAT in 0.13s
    cube 3763.19 (depth 1, 30 lits): UNSAT in 0.32s
    cube 3763.20 (depth 1, 30 lits): UNSAT in 0.25s
    cube 3763.21 (depth 1, 30 lits): UNSAT in 0.67s
    cube 3763.22 (depth 1, 30 lits): UNSAT in 0.28s
    cube 3763.23 (depth 1, 30 lits): UNSAT in 0.99s
    cube 3763.24 (depth 1, 30 lits): UNSAT in 1.51s
    cube 3763.25 (depth 1, 30 lits): UNSAT in 1.79s
    cube 3763.26 (depth 1, 30 lits): UNSAT in 0.42s
    cube 3763.27 (depth 1, 30 lits): UNSAT in 1.12s
    cube 3763.28 (depth 1, 30 lits): UNSAT in 2.04s
    cube 3763.29 (depth 1, 30 lits): UNSAT in 1.06s
    cube 3763.30 (depth 1, 30 lits): UNSAT in 4.90s
    cube 3763.31 (depth 1, 30 lits): UNSAT in 6.00s
    cube 3763.32 (depth 1, 30 lits): UNSAT in 0.02s
    cube 3763.33 (depth 1, 30 lits): UNSAT in 0.21s
    cube 3763.34 (depth 1, 30 lits): UNSAT in 0.32s
    cube 3763.35 (depth 1, 30 lits): UNSAT in 2.41s
    cube 3763.36 (depth 1, 30 lits): UNSAT in 0.04s
    cube 3763.37 (depth 1, 30 lits): UNSAT in 0.60s
    cube 3763.38 (depth 1, 30 lits): UNSAT in 0.41s
    cube 3763.39 (depth 1, 30 lits): UNSAT in 4.51s
    cube 3763.40 (depth 1, 30 lits): UNSAT in 0.46s
    cube 3763.41 (depth 1, 30 lits): UNSAT in 1.34s
    cube 3763.42 (depth 1, 30 lits): UNSAT in 0.34s
    cube 3763.43 (depth 1, 30 lits): UNSAT in 7.17s
    cube 3763.44 (depth 1, 30 lits): UNSAT in 0.49s
    cube 3763.45 (depth 1, 30 lits): UNSAT in 4.49s
    cube 3763.46 (depth 1, 30 lits): UNSAT in 15.44s
    cube 3763.47 (depth 1, 30 lits): UNSAT in 4.06s
    cube 3763.48 (depth 1, 30 lits): UNSAT in 0.05s
    cube 3763.49 (depth 1, 30 lits): UNSAT in 0.28s
    cube 3763.50 (depth 1, 30 lits): UNSAT in 1.36s
    cube 3763.51 (depth 1, 30 lits): UNSAT in 2.32s
    cube 3763.52 (depth 1, 30 lits): UNSAT in 0.15s
    cube 3763.53 (depth 1, 30 lits): UNSAT in 0.23s
    cube 3763.54 (depth 1, 30 lits): UNSAT in 0.76s
    cube 3763.55 (depth 1, 30 lits): UNSAT in 1.28s
    cube 3763.56 (depth 1, 30 lits): UNSAT in 0.13s
    cube 3763.57 (depth 1, 30 lits): UNSAT in 0.75s
    cube 3763.58 (depth 1, 30 lits): UNSAT in 0.19s
    cube 3763.59 (depth 1, 30 lits): UNSAT in 2.08s
    cube 3763.60 (depth 1, 30 lits): UNSAT in 2.15s
    cube 3763.61 (depth 1, 30 lits): UNSAT in 3.63s
    cube 3763.62 (depth 1, 30 lits): UNSAT in 17.92s
    cube 3763.63 (depth 1, 30 lits): UNSAT in 6.54s
    cube 3769 (depth 0, 24 lits): UNSAT in 0.10s
    cube 3775 (depth 0, 24 lits): UNSAT in 1.30s
    cube 3781 (depth 0, 24 lits): UNSAT in 0.09s
    cube 3787 (depth 0, 24 lits): UNSAT in 10.47s
    cube 3793 (depth 0, 24 lits): UNSAT in 11.73s
    cube 3799 (depth 0, 24 lits): UNSAT in 0.40s
    cube 3805 (depth 0, 24 lits): UNSAT in 1.57s
    cube 3811 (depth 0, 24 lits): UNSAT in 132.50s
    cube 3817 (depth 0, 24 lits): UNSAT in 15.70s
    cube 3823 (depth 0, 24 lits): TIMEOUT in 600.10s
    cube 3823 TIMEOUT -> re-split into 63 sub-cubes (depth 1)
    cube 3823.0 (depth 1, 29 lits): UNSAT in 0.01s
    cube 3823.1 (depth 1, 30 lits): UNSAT in 0.01s
    cube 3823.2 (depth 1, 30 lits): UNSAT in 0.01s
    cube 3823.3 (depth 1, 30 lits): UNSAT in 0.03s
    cube 3823.4 (depth 1, 30 lits): UNSAT in 0.02s
    cube 3823.5 (depth 1, 30 lits): UNSAT in 0.03s
    cube 3823.6 (depth 1, 30 lits): UNSAT in 0.05s
    cube 3823.7 (depth 1, 30 lits): UNSAT in 0.01s
    cube 3823.8 (depth 1, 30 lits): UNSAT in 0.03s
    cube 3823.9 (depth 1, 30 lits): UNSAT in 0.02s
    cube 3823.10 (depth 1, 30 lits): UNSAT in 0.08s
    cube 3823.11 (depth 1, 30 lits): UNSAT in 0.01s
    cube 3823.12 (depth 1, 30 lits): UNSAT in 0.05s
    cube 3823.13 (depth 1, 30 lits): UNSAT in 0.05s
    cube 3823.14 (depth 1, 30 lits): UNSAT in 0.18s
    cube 3823.15 (depth 1, 30 lits): UNSAT in 0.03s
    cube 3823.16 (depth 1, 30 lits): UNSAT in 0.09s
    cube 3823.17 (depth 1, 30 lits): UNSAT in 0.07s
    cube 3823.18 (depth 1, 30 lits): UNSAT in 0.14s
    cube 3823.19 (depth 1, 30 lits): UNSAT in 0.04s
    cube 3823.20 (depth 1, 30 lits): UNSAT in 0.14s
    cube 3823.21 (depth 1, 30 lits): UNSAT in 0.02s
    cube 3823.22 (depth 1, 30 lits): UNSAT in 0.24s
    cube 3823.23 (depth 1, 30 lits): UNSAT in 0.18s
    cube 3823.24 (depth 1, 30 lits): UNSAT in 0.18s
    cube 3823.25 (depth 1, 30 lits): UNSAT in 0.40s
    cube 3823.26 (depth 1, 30 lits): UNSAT in 1.15s
    cube 3823.27 (depth 1, 30 lits): UNSAT in 0.29s
    cube 3823.28 (depth 1, 30 lits): UNSAT in 0.52s
    cube 3823.29 (depth 1, 30 lits): UNSAT in 1.62s
    cube 3823.30 (depth 1, 30 lits): UNSAT in 4.86s
    cube 3823.31 (depth 1, 30 lits): UNSAT in 0.01s
    cube 3823.32 (depth 1, 30 lits): UNSAT in 0.09s
    cube 3823.33 (depth 1, 30 lits): UNSAT in 0.40s
    cube 3823.34 (depth 1, 30 lits): UNSAT in 1.25s
    cube 3823.35 (depth 1, 30 lits): UNSAT in 0.11s
    cube 3823.36 (depth 1, 30 lits): UNSAT in 0.31s
    cube 3823.37 (depth 1, 30 lits): UNSAT in 0.22s
    cube 3823.38 (depth 1, 30 lits): UNSAT in 3.38s
    cube 3823.39 (depth 1, 30 lits): UNSAT in 0.09s
    cube 3823.40 (depth 1, 30 lits): UNSAT in 0.95s
    cube 3823.41 (depth 1, 30 lits): UNSAT in 0.31s
    cube 3823.42 (depth 1, 30 lits): UNSAT in 0.97s
    cube 3823.43 (depth 1, 30 lits): UNSAT in 1.20s
    cube 3823.44 (depth 1, 30 lits): UNSAT in 8.04s
    cube 3823.45 (depth 1, 30 lits): UNSAT in 6.32s
    cube 3823.46 (depth 1, 30 lits): UNSAT in 68.41s
    cube 3823.47 (depth 1, 30 lits): UNSAT in 0.09s
    cube 3823.48 (depth 1, 30 lits): UNSAT in 0.22s
    cube 3823.49 (depth 1, 30 lits): UNSAT in 0.19s
    cube 3823.50 (depth 1, 30 lits): UNSAT in 0.93s
    cube 3823.51 (depth 1, 30 lits): UNSAT in 0.23s
    cube 3823.52 (depth 1, 30 lits): UNSAT in 0.80s
    cube 3823.53 (depth 1, 30 lits): UNSAT in 0.76s
    cube 3823.54 (depth 1, 30 lits): UNSAT in 7.31s
    cube 3823.55 (depth 1, 30 lits): UNSAT in 0.19s
    cube 3823.56 (depth 1, 30 lits): UNSAT in 1.83s
    cube 3823.57 (depth 1, 30 lits): UNSAT in 2.57s
    cube 3823.58 (depth 1, 30 lits): UNSAT in 10.41s
    cube 3823.59 (depth 1, 30 lits): UNSAT in 0.30s
    cube 3823.60 (depth 1, 30 lits): UNSAT in 1.31s
    cube 3823.61 (depth 1, 30 lits): UNSAT in 0.90s
    cube 3823.62 (depth 1, 30 lits): UNSAT in 11.43s
    cube 3829 (depth 0, 24 lits): UNSAT in 0.11s
    cube 3835 (depth 0, 24 lits): UNSAT in 2.59s
    cube 3841 (depth 0, 24 lits): UNSAT in 58.08s
    cube 3847 (depth 0, 24 lits): UNSAT in 2.87s
    cube 3853 (depth 0, 24 lits): UNSAT in 131.48s
    cube 3859 (depth 0, 24 lits): TIMEOUT in 600.10s
    cube 3859 TIMEOUT -> re-split into 64 sub-cubes (depth 1)
    cube 3859.0 (depth 1, 30 lits): UNSAT in 0.01s
    cube 3859.1 (depth 1, 30 lits): UNSAT in 0.05s
    cube 3859.2 (depth 1, 30 lits): UNSAT in 0.06s
    cube 3859.3 (depth 1, 30 lits): UNSAT in 0.28s
    cube 3859.4 (depth 1, 30 lits): UNSAT in 0.36s
    cube 3859.5 (depth 1, 30 lits): UNSAT in 0.10s
    cube 3859.6 (depth 1, 30 lits): UNSAT in 0.18s
    cube 3859.7 (depth 1, 30 lits): UNSAT in 0.48s
    cube 3859.8 (depth 1, 30 lits): UNSAT in 0.09s
    cube 3859.9 (depth 1, 30 lits): UNSAT in 0.53s
    cube 3859.10 (depth 1, 30 lits): UNSAT in 0.11s
    cube 3859.11 (depth 1, 30 lits): UNSAT in 0.53s
    cube 3859.12 (depth 1, 30 lits): UNSAT in 0.33s
    cube 3859.13 (depth 1, 30 lits): UNSAT in 3.97s
    cube 3859.14 (depth 1, 30 lits): UNSAT in 0.70s
    cube 3859.15 (depth 1, 30 lits): UNSAT in 3.69s
    cube 3859.16 (depth 1, 30 lits): UNSAT in 0.04s
    cube 3859.17 (depth 1, 30 lits): UNSAT in 0.23s
    cube 3859.18 (depth 1, 30 lits): UNSAT in 0.02s
    cube 3859.19 (depth 1, 30 lits): UNSAT in 0.09s
    cube 3859.20 (depth 1, 30 lits): UNSAT in 0.08s
    cube 3859.21 (depth 1, 30 lits): UNSAT in 0.12s
    cube 3859.22 (depth 1, 30 lits): UNSAT in 1.16s
    cube 3859.23 (depth 1, 30 lits): UNSAT in 0.65s
    cube 3859.24 (depth 1, 30 lits): UNSAT in 1.06s
    cube 3859.25 (depth 1, 30 lits): UNSAT in 0.99s
    cube 3859.26 (depth 1, 30 lits): UNSAT in 0.41s
    cube 3859.27 (depth 1, 30 lits): UNSAT in 1.39s
    cube 3859.28 (depth 1, 30 lits): UNSAT in 2.29s
    cube 3859.29 (depth 1, 30 lits): UNSAT in 3.38s
    cube 3859.30 (depth 1, 30 lits): UNSAT in 1.12s
    cube 3859.31 (depth 1, 30 lits): UNSAT in 1.10s
    cube 3859.32 (depth 1, 30 lits): UNSAT in 0.06s
    cube 3859.33 (depth 1, 30 lits): UNSAT in 0.06s
    cube 3859.34 (depth 1, 30 lits): UNSAT in 0.08s
    cube 3859.35 (depth 1, 30 lits): UNSAT in 0.25s
    cube 3859.36 (depth 1, 30 lits): UNSAT in 0.29s
    cube 3859.37 (depth 1, 30 lits): UNSAT in 1.01s
    cube 3859.38 (depth 1, 30 lits): UNSAT in 1.76s
    cube 3859.39 (depth 1, 30 lits): UNSAT in 2.85s
    cube 3859.40 (depth 1, 30 lits): UNSAT in 0.23s
    cube 3859.41 (depth 1, 30 lits): UNSAT in 4.17s
    cube 3859.42 (depth 1, 30 lits): UNSAT in 1.47s
    cube 3859.43 (depth 1, 30 lits): UNSAT in 1.77s
    cube 3859.44 (depth 1, 30 lits): UNSAT in 1.49s
    cube 3859.45 (depth 1, 30 lits): UNSAT in 1.07s
    cube 3859.46 (depth 1, 30 lits): UNSAT in 0.58s
    cube 3859.47 (depth 1, 30 lits): UNSAT in 2.14s
    cube 3859.48 (depth 1, 30 lits): UNSAT in 1.58s
    cube 3859.49 (depth 1, 30 lits): UNSAT in 7.47s
    cube 3859.50 (depth 1, 30 lits): UNSAT in 6.33s
    cube 3859.51 (depth 1, 30 lits): UNSAT in 34.80s
    cube 3859.52 (depth 1, 30 lits): UNSAT in 0.24s
    cube 3859.53 (depth 1, 30 lits): UNSAT in 7.55s
    cube 3859.54 (depth 1, 30 lits): UNSAT in 9.30s
    cube 3859.55 (depth 1, 30 lits): UNSAT in 31.42s
    cube 3859.56 (depth 1, 30 lits): UNSAT in 0.34s
    cube 3859.57 (depth 1, 30 lits): UNSAT in 3.18s
    cube 3859.58 (depth 1, 30 lits): UNSAT in 11.50s
    cube 3859.59 (depth 1, 30 lits): UNSAT in 14.29s
    cube 3859.60 (depth 1, 30 lits): UNSAT in 0.36s
    cube 3859.61 (depth 1, 30 lits): UNSAT in 2.96s
    cube 3859.62 (depth 1, 30 lits): UNSAT in 1.70s
    cube 3859.63 (depth 1, 30 lits): UNSAT in 14.73s
    cube 3865 (depth 0, 24 lits): UNSAT in 6.23s
    cube 3871 (depth 0, 24 lits): UNSAT in 56.06s
    cube 3877 (depth 0, 24 lits): UNSAT in 1.34s
    cube 3883 (depth 0, 24 lits): UNSAT in 373.19s
    cube 3889 (depth 0, 24 lits): UNSAT in 593.85s

  shard 1 verdict: UNSAT [parent cube 4059's children only] (649 UNSAT, 0 unresolved) in 8482.6s
