  shard 5/6 (round-robin): 648 of 3892 cubes, per-cube cap 600.0s, re-split depth 3
    batch [2405..3599] TIMEOUT in 900.0s -> per-cube fallback
    cube 2405 (depth 0, 24 lits): UNSAT in 0.02s
    cube 2411 (depth 0, 24 lits): UNSAT in 0.02s
    cube 2417 (depth 0, 24 lits): UNSAT in 0.02s
    cube 2423 (depth 0, 24 lits): UNSAT in 0.01s
    cube 2429 (depth 0, 24 lits): UNSAT in 0.03s
    cube 2435 (depth 0, 24 lits): UNSAT in 0.04s
    cube 2441 (depth 0, 24 lits): UNSAT in 0.02s
    cube 2447 (depth 0, 24 lits): UNSAT in 0.02s
    cube 2453 (depth 0, 23 lits): UNSAT in 0.01s
    cube 2459 (depth 0, 24 lits): UNSAT in 0.02s
    cube 2465 (depth 0, 24 lits): UNSAT in 0.01s
    cube 2471 (depth 0, 24 lits): UNSAT in 0.07s
    cube 2477 (depth 0, 24 lits): UNSAT in 0.09s
    cube 2483 (depth 0, 24 lits): UNSAT in 0.02s
    cube 2489 (depth 0, 24 lits): UNSAT in 0.10s
    cube 2495 (depth 0, 24 lits): UNSAT in 0.19s
    cube 2501 (depth 0, 24 lits): UNSAT in 0.02s
    cube 2507 (depth 0, 24 lits): UNSAT in 0.01s
    cube 2513 (depth 0, 24 lits): UNSAT in 0.07s
    cube 2519 (depth 0, 24 lits): UNSAT in 0.05s
    cube 2525 (depth 0, 24 lits): UNSAT in 0.04s
    cube 2531 (depth 0, 24 lits): UNSAT in 0.02s
    cube 2537 (depth 0, 24 lits): UNSAT in 0.05s
    cube 2543 (depth 0, 24 lits): UNSAT in 0.05s
    cube 2549 (depth 0, 24 lits): UNSAT in 0.08s
    cube 2555 (depth 0, 24 lits): UNSAT in 0.09s
    cube 2561 (depth 0, 24 lits): UNSAT in 1.82s
    cube 2567 (depth 0, 24 lits): UNSAT in 0.01s
    cube 2573 (depth 0, 24 lits): UNSAT in 0.03s
    cube 2579 (depth 0, 24 lits): UNSAT in 0.03s
    cube 2585 (depth 0, 24 lits): UNSAT in 0.24s
    cube 2591 (depth 0, 24 lits): UNSAT in 0.06s
    cube 2597 (depth 0, 24 lits): UNSAT in 0.03s
    cube 2603 (depth 0, 24 lits): UNSAT in 0.03s
    cube 2609 (depth 0, 24 lits): UNSAT in 3.13s
    cube 2615 (depth 0, 24 lits): UNSAT in 0.43s
    cube 2621 (depth 0, 24 lits): UNSAT in 0.73s
    cube 2627 (depth 0, 24 lits): UNSAT in 0.01s
    cube 2633 (depth 0, 24 lits): UNSAT in 0.05s
    cube 2639 (depth 0, 24 lits): UNSAT in 0.03s
    cube 2645 (depth 0, 24 lits): UNSAT in 0.08s
    cube 2651 (depth 0, 24 lits): UNSAT in 0.05s
    cube 2657 (depth 0, 24 lits): UNSAT in 0.01s
    cube 2663 (depth 0, 24 lits): UNSAT in 0.05s
    cube 2669 (depth 0, 24 lits): UNSAT in 0.13s
    cube 2675 (depth 0, 24 lits): UNSAT in 0.03s
    cube 2681 (depth 0, 24 lits): UNSAT in 0.02s
    cube 2687 (depth 0, 24 lits): UNSAT in 1.88s
    cube 2693 (depth 0, 24 lits): UNSAT in 0.06s
    cube 2699 (depth 0, 24 lits): UNSAT in 0.10s
    cube 2705 (depth 0, 24 lits): UNSAT in 0.01s
    cube 2711 (depth 0, 24 lits): UNSAT in 0.49s
    cube 2717 (depth 0, 24 lits): UNSAT in 0.52s
    cube 2723 (depth 0, 24 lits): UNSAT in 0.11s
    cube 2729 (depth 0, 24 lits): UNSAT in 0.03s
    cube 2735 (depth 0, 24 lits): UNSAT in 3.91s
    cube 2741 (depth 0, 24 lits): UNSAT in 0.09s
    cube 2747 (depth 0, 24 lits): UNSAT in 2.74s
    cube 2753 (depth 0, 22 lits): UNSAT in 0.01s
    cube 2759 (depth 0, 24 lits): UNSAT in 0.03s
    cube 2765 (depth 0, 24 lits): UNSAT in 0.02s
    cube 2771 (depth 0, 24 lits): UNSAT in 0.19s
    cube 2777 (depth 0, 24 lits): UNSAT in 0.20s
    cube 2783 (depth 0, 24 lits): UNSAT in 0.07s
    cube 2789 (depth 0, 24 lits): UNSAT in 0.05s
    cube 2795 (depth 0, 24 lits): UNSAT in 0.46s
    cube 2801 (depth 0, 24 lits): UNSAT in 0.59s
    cube 2807 (depth 0, 24 lits): UNSAT in 1.50s
    cube 2813 (depth 0, 24 lits): UNSAT in 0.07s
    cube 2819 (depth 0, 24 lits): UNSAT in 0.15s
    cube 2825 (depth 0, 24 lits): UNSAT in 0.11s
    cube 2831 (depth 0, 24 lits): UNSAT in 0.76s
    cube 2837 (depth 0, 24 lits): UNSAT in 0.18s
    cube 2843 (depth 0, 24 lits): UNSAT in 21.19s
    cube 2849 (depth 0, 24 lits): UNSAT in 0.49s
    cube 2855 (depth 0, 24 lits): UNSAT in 4.03s
    cube 2861 (depth 0, 24 lits): UNSAT in 0.25s
    cube 2867 (depth 0, 24 lits): UNSAT in 21.40s
    cube 2873 (depth 0, 24 lits): UNSAT in 15.69s
    cube 2879 (depth 0, 24 lits): UNSAT in 0.02s
    cube 2885 (depth 0, 24 lits): UNSAT in 0.01s
    cube 2891 (depth 0, 24 lits): UNSAT in 0.01s
    cube 2897 (depth 0, 24 lits): UNSAT in 0.03s
    cube 2903 (depth 0, 24 lits): UNSAT in 0.02s
    cube 2909 (depth 0, 24 lits): UNSAT in 0.01s
    cube 2915 (depth 0, 24 lits): UNSAT in 0.01s
    cube 2921 (depth 0, 24 lits): UNSAT in 0.01s
    cube 2927 (depth 0, 24 lits): UNSAT in 0.08s
    cube 2933 (depth 0, 24 lits): UNSAT in 0.09s
    cube 2939 (depth 0, 24 lits): UNSAT in 0.01s
    cube 2945 (depth 0, 24 lits): UNSAT in 0.02s
    cube 2951 (depth 0, 24 lits): UNSAT in 0.27s
    cube 2957 (depth 0, 24 lits): UNSAT in 0.04s
    cube 2963 (depth 0, 24 lits): UNSAT in 0.16s
    cube 2969 (depth 0, 24 lits): UNSAT in 0.04s
    cube 2975 (depth 0, 24 lits): UNSAT in 0.22s
    cube 2981 (depth 0, 24 lits): UNSAT in 0.65s
    cube 2987 (depth 0, 24 lits): UNSAT in 0.97s
    cube 2993 (depth 0, 24 lits): UNSAT in 0.36s
    cube 2999 (depth 0, 24 lits): UNSAT in 44.48s
    cube 3005 (depth 0, 24 lits): UNSAT in 0.15s
    cube 3011 (depth 0, 24 lits): UNSAT in 0.23s
    cube 3017 (depth 0, 24 lits): UNSAT in 0.02s
    cube 3023 (depth 0, 24 lits): UNSAT in 0.31s
    cube 3029 (depth 0, 24 lits): UNSAT in 1.62s
    cube 3035 (depth 0, 24 lits): UNSAT in 0.14s
    cube 3041 (depth 0, 24 lits): UNSAT in 0.16s
    cube 3047 (depth 0, 24 lits): UNSAT in 1.87s
    cube 3053 (depth 0, 24 lits): UNSAT in 0.66s
    cube 3059 (depth 0, 24 lits): UNSAT in 4.43s
    cube 3065 (depth 0, 24 lits): UNSAT in 0.01s
    cube 3071 (depth 0, 24 lits): UNSAT in 0.08s
    cube 3077 (depth 0, 24 lits): UNSAT in 0.04s
    cube 3083 (depth 0, 24 lits): UNSAT in 0.22s
    cube 3089 (depth 0, 24 lits): UNSAT in 0.06s
    cube 3095 (depth 0, 24 lits): UNSAT in 9.16s
    cube 3101 (depth 0, 24 lits): UNSAT in 0.32s
    cube 3107 (depth 0, 24 lits): UNSAT in 0.34s
    cube 3113 (depth 0, 24 lits): UNSAT in 0.57s
    cube 3119 (depth 0, 24 lits): UNSAT in 33.26s
    cube 3125 (depth 0, 24 lits): UNSAT in 47.52s
    cube 3131 (depth 0, 24 lits): UNSAT in 0.01s
    cube 3137 (depth 0, 24 lits): UNSAT in 0.02s
    cube 3143 (depth 0, 24 lits): UNSAT in 0.01s
    cube 3149 (depth 0, 24 lits): UNSAT in 0.03s
    cube 3155 (depth 0, 24 lits): UNSAT in 0.04s
    cube 3161 (depth 0, 24 lits): UNSAT in 0.09s
    cube 3167 (depth 0, 24 lits): UNSAT in 0.02s
    cube 3173 (depth 0, 24 lits): UNSAT in 0.11s
    cube 3179 (depth 0, 24 lits): UNSAT in 0.02s
    cube 3185 (depth 0, 24 lits): UNSAT in 0.32s
    cube 3191 (depth 0, 24 lits): UNSAT in 0.01s
    cube 3197 (depth 0, 24 lits): UNSAT in 0.01s
    cube 3203 (depth 0, 24 lits): UNSAT in 0.04s
    cube 3209 (depth 0, 24 lits): UNSAT in 0.06s
    cube 3215 (depth 0, 24 lits): UNSAT in 0.06s
    cube 3221 (depth 0, 24 lits): UNSAT in 1.25s
    cube 3227 (depth 0, 24 lits): UNSAT in 0.12s
    cube 3233 (depth 0, 24 lits): UNSAT in 2.34s
    cube 3239 (depth 0, 24 lits): UNSAT in 0.19s
    cube 3245 (depth 0, 24 lits): UNSAT in 32.16s
    cube 3251 (depth 0, 24 lits): UNSAT in 19.92s
    cube 3257 (depth 0, 24 lits): UNSAT in 0.04s
    cube 3263 (depth 0, 24 lits): UNSAT in 0.06s
    cube 3269 (depth 0, 24 lits): UNSAT in 2.58s
    cube 3275 (depth 0, 24 lits): UNSAT in 0.22s
    cube 3281 (depth 0, 24 lits): UNSAT in 0.31s
    cube 3287 (depth 0, 24 lits): UNSAT in 0.03s
    cube 3293 (depth 0, 24 lits): UNSAT in 2.06s
    cube 3299 (depth 0, 24 lits): UNSAT in 1.74s
    cube 3305 (depth 0, 24 lits): UNSAT in 3.21s
    cube 3311 (depth 0, 24 lits): UNSAT in 2.89s
    cube 3317 (depth 0, 24 lits): UNSAT in 10.48s
    cube 3323 (depth 0, 24 lits): UNSAT in 0.50s
    cube 3329 (depth 0, 24 lits): UNSAT in 0.54s
    cube 3335 (depth 0, 24 lits): UNSAT in 0.88s
    cube 3341 (depth 0, 24 lits): UNSAT in 35.24s
    cube 3347 (depth 0, 24 lits): UNSAT in 142.61s
    cube 3353 (depth 0, 24 lits): UNSAT in 10.39s
    cube 3359 (depth 0, 24 lits): UNSAT in 11.62s
    cube 3365 (depth 0, 24 lits): UNSAT in 84.49s
    cube 3371 (depth 0, 24 lits): UNSAT in 6.55s
    cube 3377 (depth 0, 24 lits): UNSAT in 102.35s
    cube 3383 (depth 0, 23 lits): UNSAT in 0.01s
    cube 3389 (depth 0, 24 lits): UNSAT in 0.02s
    cube 3395 (depth 0, 24 lits): UNSAT in 0.03s
    cube 3401 (depth 0, 24 lits): UNSAT in 0.06s
    cube 3407 (depth 0, 24 lits): UNSAT in 0.23s
    cube 3413 (depth 0, 24 lits): UNSAT in 0.01s
    cube 3419 (depth 0, 24 lits): UNSAT in 0.31s
    cube 3425 (depth 0, 24 lits): UNSAT in 0.73s
    cube 3431 (depth 0, 24 lits): UNSAT in 0.77s
    cube 3437 (depth 0, 24 lits): UNSAT in 0.30s
    cube 3443 (depth 0, 24 lits): UNSAT in 22.77s
    cube 3449 (depth 0, 24 lits): UNSAT in 0.02s
    cube 3455 (depth 0, 24 lits): UNSAT in 1.99s
    cube 3461 (depth 0, 24 lits): UNSAT in 0.12s
    cube 3467 (depth 0, 24 lits): UNSAT in 0.73s
    cube 3473 (depth 0, 24 lits): UNSAT in 3.23s
    cube 3479 (depth 0, 24 lits): UNSAT in 1.38s
    cube 3485 (depth 0, 24 lits): UNSAT in 0.33s
    cube 3491 (depth 0, 24 lits): UNSAT in 136.30s
    cube 3497 (depth 0, 24 lits): UNSAT in 2.74s
    cube 3503 (depth 0, 24 lits): UNSAT in 52.20s
    cube 3509 (depth 0, 24 lits): UNSAT in 0.01s
    cube 3515 (depth 0, 24 lits): UNSAT in 0.84s
    cube 3521 (depth 0, 24 lits): UNSAT in 0.40s
    cube 3527 (depth 0, 24 lits): UNSAT in 0.14s
    cube 3533 (depth 0, 24 lits): UNSAT in 0.71s
    cube 3539 (depth 0, 24 lits): UNSAT in 11.81s
    cube 3545 (depth 0, 24 lits): UNSAT in 0.20s
    cube 3551 (depth 0, 24 lits): UNSAT in 2.42s
    cube 3557 (depth 0, 24 lits): UNSAT in 0.55s
    cube 3563 (depth 0, 24 lits): UNSAT in 27.06s
    cube 3569 (depth 0, 24 lits): UNSAT in 11.43s
    cube 3575 (depth 0, 24 lits): UNSAT in 0.09s
    cube 3581 (depth 0, 24 lits): UNSAT in 0.46s
    cube 3587 (depth 0, 24 lits): UNSAT in 6.14s
    cube 3593 (depth 0, 24 lits): UNSAT in 4.92s
    cube 3599 (depth 0, 24 lits): UNSAT in 38.09s
    batch [3605..3887] TIMEOUT in 900.0s -> per-cube fallback
    cube 3605 (depth 0, 24 lits): UNSAT in 2.32s
    cube 3611 (depth 0, 24 lits): UNSAT in 279.60s
    cube 3617 (depth 0, 24 lits): UNSAT in 44.94s
    cube 3623 (depth 0, 24 lits): UNSAT in 97.89s
    cube 3629 (depth 0, 24 lits): UNSAT in 27.36s
    cube 3635 (depth 0, 24 lits): TIMEOUT in 600.10s
    cube 3635 TIMEOUT -> re-split into 64 sub-cubes (depth 1)
    cube 3635.0 (depth 1, 30 lits): UNSAT in 0.02s
    cube 3635.1 (depth 1, 30 lits): UNSAT in 0.07s
    cube 3635.2 (depth 1, 30 lits): UNSAT in 0.08s
    cube 3635.3 (depth 1, 30 lits): UNSAT in 0.27s
    cube 3635.4 (depth 1, 30 lits): UNSAT in 0.30s
    cube 3635.5 (depth 1, 30 lits): UNSAT in 1.00s
    cube 3635.6 (depth 1, 30 lits): UNSAT in 0.33s
    cube 3635.7 (depth 1, 30 lits): UNSAT in 2.04s
    cube 3635.8 (depth 1, 30 lits): UNSAT in 0.06s
    cube 3635.9 (depth 1, 30 lits): UNSAT in 0.09s
    cube 3635.10 (depth 1, 30 lits): UNSAT in 0.08s
    cube 3635.11 (depth 1, 30 lits): UNSAT in 0.17s
    cube 3635.12 (depth 1, 30 lits): UNSAT in 0.96s
    cube 3635.13 (depth 1, 30 lits): UNSAT in 2.78s
    cube 3635.14 (depth 1, 30 lits): UNSAT in 1.54s
    cube 3635.15 (depth 1, 30 lits): UNSAT in 2.70s
    cube 3635.16 (depth 1, 30 lits): UNSAT in 0.08s
    cube 3635.17 (depth 1, 30 lits): UNSAT in 0.25s
    cube 3635.18 (depth 1, 30 lits): UNSAT in 0.31s
    cube 3635.19 (depth 1, 30 lits): UNSAT in 0.80s
    cube 3635.20 (depth 1, 30 lits): UNSAT in 0.18s
    cube 3635.21 (depth 1, 30 lits): UNSAT in 0.25s
    cube 3635.22 (depth 1, 30 lits): UNSAT in 1.31s
    cube 3635.23 (depth 1, 30 lits): UNSAT in 3.34s
    cube 3635.24 (depth 1, 30 lits): UNSAT in 0.26s
    cube 3635.25 (depth 1, 30 lits): UNSAT in 1.34s
    cube 3635.26 (depth 1, 30 lits): UNSAT in 1.70s
    cube 3635.27 (depth 1, 30 lits): UNSAT in 6.63s
    cube 3635.28 (depth 1, 30 lits): UNSAT in 0.92s
    cube 3635.29 (depth 1, 30 lits): UNSAT in 4.52s
    cube 3635.30 (depth 1, 30 lits): UNSAT in 4.34s
    cube 3635.31 (depth 1, 30 lits): UNSAT in 5.73s
    cube 3635.32 (depth 1, 30 lits): UNSAT in 0.03s
    cube 3635.33 (depth 1, 30 lits): UNSAT in 0.04s
    cube 3635.34 (depth 1, 30 lits): UNSAT in 0.03s
    cube 3635.35 (depth 1, 30 lits): UNSAT in 0.11s
    cube 3635.36 (depth 1, 30 lits): UNSAT in 0.04s
    cube 3635.37 (depth 1, 30 lits): UNSAT in 0.05s
    cube 3635.38 (depth 1, 30 lits): UNSAT in 0.13s
    cube 3635.39 (depth 1, 30 lits): UNSAT in 0.57s
    cube 3635.40 (depth 1, 30 lits): UNSAT in 0.08s
    cube 3635.41 (depth 1, 30 lits): UNSAT in 0.29s
    cube 3635.42 (depth 1, 30 lits): UNSAT in 0.52s
    cube 3635.43 (depth 1, 30 lits): UNSAT in 3.75s
    cube 3635.44 (depth 1, 30 lits): UNSAT in 1.48s
    cube 3635.45 (depth 1, 30 lits): UNSAT in 4.75s
    cube 3635.46 (depth 1, 30 lits): UNSAT in 2.05s
    cube 3635.47 (depth 1, 30 lits): UNSAT in 3.31s
    cube 3635.48 (depth 1, 30 lits): UNSAT in 0.07s
    cube 3635.49 (depth 1, 30 lits): UNSAT in 0.38s
    cube 3635.50 (depth 1, 30 lits): UNSAT in 0.31s
    cube 3635.51 (depth 1, 30 lits): UNSAT in 0.54s
    cube 3635.52 (depth 1, 30 lits): UNSAT in 0.21s
    cube 3635.53 (depth 1, 30 lits): UNSAT in 2.11s
    cube 3635.54 (depth 1, 30 lits): UNSAT in 5.97s
    cube 3635.55 (depth 1, 30 lits): UNSAT in 1.69s
    cube 3635.56 (depth 1, 30 lits): UNSAT in 0.13s
    cube 3635.57 (depth 1, 30 lits): UNSAT in 0.21s
    cube 3635.58 (depth 1, 30 lits): UNSAT in 0.34s
    cube 3635.59 (depth 1, 30 lits): UNSAT in 2.60s
    cube 3635.60 (depth 1, 30 lits): UNSAT in 0.51s
    cube 3635.61 (depth 1, 30 lits): UNSAT in 7.16s
    cube 3635.62 (depth 1, 30 lits): UNSAT in 1.36s
    cube 3635.63 (depth 1, 30 lits): UNSAT in 3.03s
    cube 3641 (depth 0, 24 lits): UNSAT in 0.07s
    cube 3647 (depth 0, 24 lits): UNSAT in 0.48s
    cube 3653 (depth 0, 24 lits): UNSAT in 0.18s
    cube 3659 (depth 0, 24 lits): UNSAT in 4.46s
    cube 3665 (depth 0, 24 lits): UNSAT in 1.95s
    cube 3671 (depth 0, 24 lits): UNSAT in 0.23s
    cube 3677 (depth 0, 24 lits): UNSAT in 0.32s
    cube 3683 (depth 0, 24 lits): UNSAT in 11.71s
    cube 3689 (depth 0, 24 lits): UNSAT in 4.05s
    cube 3695 (depth 0, 24 lits): UNSAT in 65.64s
    cube 3701 (depth 0, 24 lits): UNSAT in 0.04s
    cube 3707 (depth 0, 24 lits): UNSAT in 4.09s
    cube 3713 (depth 0, 24 lits): UNSAT in 2.68s
    cube 3719 (depth 0, 24 lits): UNSAT in 5.61s
    cube 3725 (depth 0, 24 lits): UNSAT in 1.97s
    cube 3731 (depth 0, 24 lits): UNSAT in 63.70s
    cube 3737 (depth 0, 24 lits): UNSAT in 5.21s
    cube 3743 (depth 0, 24 lits): UNSAT in 275.15s
    cube 3749 (depth 0, 24 lits): UNSAT in 2.55s
    cube 3755 (depth 0, 24 lits): TIMEOUT in 600.10s
    cube 3755 TIMEOUT -> re-split into 64 sub-cubes (depth 1)
    cube 3755.0 (depth 1, 30 lits): UNSAT in 0.02s
    cube 3755.1 (depth 1, 30 lits): UNSAT in 0.04s
    cube 3755.2 (depth 1, 30 lits): UNSAT in 0.14s
    cube 3755.3 (depth 1, 30 lits): UNSAT in 0.27s
    cube 3755.4 (depth 1, 30 lits): UNSAT in 0.08s
    cube 3755.5 (depth 1, 30 lits): UNSAT in 0.21s
    cube 3755.6 (depth 1, 30 lits): UNSAT in 0.40s
    cube 3755.7 (depth 1, 30 lits): UNSAT in 1.79s
    cube 3755.8 (depth 1, 30 lits): UNSAT in 0.06s
    cube 3755.9 (depth 1, 30 lits): UNSAT in 0.20s
    cube 3755.10 (depth 1, 30 lits): UNSAT in 0.22s
    cube 3755.11 (depth 1, 30 lits): UNSAT in 3.99s
    cube 3755.12 (depth 1, 30 lits): UNSAT in 0.21s
    cube 3755.13 (depth 1, 30 lits): UNSAT in 0.27s
    cube 3755.14 (depth 1, 30 lits): UNSAT in 0.40s
    cube 3755.15 (depth 1, 30 lits): UNSAT in 2.49s
    cube 3755.16 (depth 1, 30 lits): UNSAT in 0.02s
    cube 3755.17 (depth 1, 30 lits): UNSAT in 0.03s
    cube 3755.18 (depth 1, 30 lits): UNSAT in 0.07s
    cube 3755.19 (depth 1, 30 lits): UNSAT in 0.09s
    cube 3755.20 (depth 1, 30 lits): UNSAT in 0.16s
    cube 3755.21 (depth 1, 30 lits): UNSAT in 1.22s
    cube 3755.22 (depth 1, 30 lits): UNSAT in 0.49s
    cube 3755.23 (depth 1, 30 lits): UNSAT in 1.87s
    cube 3755.24 (depth 1, 30 lits): UNSAT in 0.17s
    cube 3755.25 (depth 1, 30 lits): UNSAT in 0.80s
    cube 3755.26 (depth 1, 30 lits): UNSAT in 0.56s
    cube 3755.27 (depth 1, 30 lits): UNSAT in 4.02s
    cube 3755.28 (depth 1, 30 lits): UNSAT in 0.25s
    cube 3755.29 (depth 1, 30 lits): UNSAT in 5.70s
    cube 3755.30 (depth 1, 30 lits): UNSAT in 8.96s
    cube 3755.31 (depth 1, 30 lits): UNSAT in 53.42s
    cube 3755.32 (depth 1, 30 lits): UNSAT in 0.07s
    cube 3755.33 (depth 1, 30 lits): UNSAT in 0.57s
    cube 3755.34 (depth 1, 30 lits): UNSAT in 0.28s
    cube 3755.35 (depth 1, 30 lits): UNSAT in 1.79s
    cube 3755.36 (depth 1, 30 lits): UNSAT in 0.23s
    cube 3755.37 (depth 1, 30 lits): UNSAT in 1.58s
    cube 3755.38 (depth 1, 30 lits): UNSAT in 0.74s
    cube 3755.39 (depth 1, 30 lits): UNSAT in 4.06s
    cube 3755.40 (depth 1, 30 lits): UNSAT in 0.06s
    cube 3755.41 (depth 1, 30 lits): UNSAT in 0.27s
    cube 3755.42 (depth 1, 30 lits): UNSAT in 0.38s
    cube 3755.43 (depth 1, 30 lits): UNSAT in 1.92s
    cube 3755.44 (depth 1, 30 lits): UNSAT in 1.30s
    cube 3755.45 (depth 1, 30 lits): UNSAT in 4.17s
    cube 3755.46 (depth 1, 30 lits): UNSAT in 2.79s
    cube 3755.47 (depth 1, 30 lits): UNSAT in 18.33s
    cube 3755.48 (depth 1, 30 lits): UNSAT in 0.06s
    cube 3755.49 (depth 1, 30 lits): UNSAT in 0.24s
    cube 3755.50 (depth 1, 30 lits): UNSAT in 0.70s
    cube 3755.51 (depth 1, 30 lits): UNSAT in 1.61s
    cube 3755.52 (depth 1, 30 lits): UNSAT in 0.32s
    cube 3755.53 (depth 1, 30 lits): UNSAT in 1.44s
    cube 3755.54 (depth 1, 30 lits): UNSAT in 2.12s
    cube 3755.55 (depth 1, 30 lits): UNSAT in 23.50s
    cube 3755.56 (depth 1, 30 lits): UNSAT in 0.04s
    cube 3755.57 (depth 1, 30 lits): UNSAT in 0.32s
    cube 3755.58 (depth 1, 30 lits): UNSAT in 0.20s
    cube 3755.59 (depth 1, 30 lits): UNSAT in 1.93s
    cube 3755.60 (depth 1, 30 lits): UNSAT in 1.63s
    cube 3755.61 (depth 1, 30 lits): UNSAT in 2.33s
    cube 3755.62 (depth 1, 30 lits): UNSAT in 4.81s
    cube 3755.63 (depth 1, 30 lits): UNSAT in 14.57s
    cube 3761 (depth 0, 24 lits): UNSAT in 20.74s
    cube 3767 (depth 0, 24 lits): UNSAT in 0.31s
    cube 3773 (depth 0, 24 lits): UNSAT in 0.46s
    cube 3779 (depth 0, 24 lits): UNSAT in 10.26s
    cube 3785 (depth 0, 24 lits): UNSAT in 3.26s
    cube 3791 (depth 0, 24 lits): UNSAT in 68.20s
    cube 3797 (depth 0, 24 lits): UNSAT in 0.16s
    cube 3803 (depth 0, 24 lits): UNSAT in 8.55s
    cube 3809 (depth 0, 24 lits): UNSAT in 13.58s
    cube 3815 (depth 0, 24 lits): UNSAT in 15.66s
    cube 3821 (depth 0, 24 lits): UNSAT in 86.24s
    cube 3827 (depth 0, 24 lits): TIMEOUT in 600.07s
    cube 3827 TIMEOUT -> re-split into 64 sub-cubes (depth 1)
    cube 3827.0 (depth 1, 30 lits): UNSAT in 0.04s
    cube 3827.1 (depth 1, 30 lits): UNSAT in 0.16s
    cube 3827.2 (depth 1, 30 lits): UNSAT in 0.17s
    cube 3827.3 (depth 1, 30 lits): UNSAT in 0.85s
    cube 3827.4 (depth 1, 30 lits): UNSAT in 0.19s
    cube 3827.5 (depth 1, 30 lits): UNSAT in 1.79s
    cube 3827.6 (depth 1, 30 lits): UNSAT in 0.69s
    cube 3827.7 (depth 1, 30 lits): UNSAT in 1.06s
    cube 3827.8 (depth 1, 30 lits): UNSAT in 0.02s
    cube 3827.9 (depth 1, 30 lits): UNSAT in 0.25s
    cube 3827.10 (depth 1, 30 lits): UNSAT in 0.12s
    cube 3827.11 (depth 1, 30 lits): UNSAT in 0.25s
    cube 3827.12 (depth 1, 30 lits): UNSAT in 0.03s
    cube 3827.13 (depth 1, 30 lits): UNSAT in 0.18s
    cube 3827.14 (depth 1, 30 lits): UNSAT in 0.39s
    cube 3827.15 (depth 1, 30 lits): UNSAT in 1.24s
    cube 3827.16 (depth 1, 30 lits): UNSAT in 0.06s
    cube 3827.17 (depth 1, 30 lits): UNSAT in 0.44s
    cube 3827.18 (depth 1, 30 lits): UNSAT in 0.07s
    cube 3827.19 (depth 1, 30 lits): UNSAT in 0.64s
    cube 3827.20 (depth 1, 30 lits): UNSAT in 0.05s
    cube 3827.21 (depth 1, 30 lits): UNSAT in 0.06s
    cube 3827.22 (depth 1, 30 lits): UNSAT in 0.43s
    cube 3827.23 (depth 1, 30 lits): UNSAT in 0.27s
    cube 3827.24 (depth 1, 30 lits): UNSAT in 2.03s
    cube 3827.25 (depth 1, 30 lits): UNSAT in 0.44s
    cube 3827.26 (depth 1, 30 lits): UNSAT in 0.15s
    cube 3827.27 (depth 1, 30 lits): UNSAT in 3.15s
    cube 3827.28 (depth 1, 30 lits): UNSAT in 0.52s
    cube 3827.29 (depth 1, 30 lits): UNSAT in 2.88s
    cube 3827.30 (depth 1, 30 lits): UNSAT in 1.79s
    cube 3827.31 (depth 1, 30 lits): UNSAT in 5.73s
    cube 3827.32 (depth 1, 30 lits): UNSAT in 0.39s
    cube 3827.33 (depth 1, 30 lits): UNSAT in 0.56s
    cube 3827.34 (depth 1, 30 lits): UNSAT in 0.21s
    cube 3827.35 (depth 1, 30 lits): UNSAT in 3.98s
    cube 3827.36 (depth 1, 30 lits): UNSAT in 0.10s
    cube 3827.37 (depth 1, 30 lits): UNSAT in 2.00s
    cube 3827.38 (depth 1, 30 lits): UNSAT in 1.32s
    cube 3827.39 (depth 1, 30 lits): UNSAT in 8.22s
    cube 3827.40 (depth 1, 30 lits): UNSAT in 0.16s
    cube 3827.41 (depth 1, 30 lits): UNSAT in 1.06s
    cube 3827.42 (depth 1, 30 lits): UNSAT in 2.80s
    cube 3827.43 (depth 1, 30 lits): UNSAT in 23.29s
    cube 3827.44 (depth 1, 30 lits): UNSAT in 1.07s
    cube 3827.45 (depth 1, 30 lits): UNSAT in 5.78s
    cube 3827.46 (depth 1, 30 lits): UNSAT in 3.58s
    cube 3827.47 (depth 1, 30 lits): UNSAT in 4.44s
    cube 3827.48 (depth 1, 30 lits): UNSAT in 0.42s
    cube 3827.49 (depth 1, 30 lits): UNSAT in 1.11s
    cube 3827.50 (depth 1, 30 lits): UNSAT in 2.17s
    cube 3827.51 (depth 1, 30 lits): UNSAT in 4.49s
    cube 3827.52 (depth 1, 30 lits): UNSAT in 0.93s
    cube 3827.53 (depth 1, 30 lits): UNSAT in 2.62s
    cube 3827.54 (depth 1, 30 lits): UNSAT in 1.61s
    cube 3827.55 (depth 1, 30 lits): UNSAT in 10.32s
    cube 3827.56 (depth 1, 30 lits): UNSAT in 1.00s
    cube 3827.57 (depth 1, 30 lits): UNSAT in 2.82s
    cube 3827.58 (depth 1, 30 lits): UNSAT in 2.59s
    cube 3827.59 (depth 1, 30 lits): UNSAT in 6.31s
    cube 3827.60 (depth 1, 30 lits): UNSAT in 0.22s
    cube 3827.61 (depth 1, 30 lits): UNSAT in 1.90s
    cube 3827.62 (depth 1, 30 lits): UNSAT in 11.12s
    cube 3827.63 (depth 1, 30 lits): UNSAT in 4.03s
    cube 3833 (depth 0, 24 lits): UNSAT in 0.93s
    cube 3839 (depth 0, 24 lits): UNSAT in 62.36s
    cube 3845 (depth 0, 24 lits): UNSAT in 0.62s
    cube 3851 (depth 0, 24 lits): UNSAT in 300.00s
    cube 3857 (depth 0, 24 lits): UNSAT in 526.22s
    cube 3863 (depth 0, 24 lits): UNSAT in 0.61s
    cube 3869 (depth 0, 24 lits): UNSAT in 4.32s
    cube 3875 (depth 0, 24 lits): TIMEOUT in 600.09s
    cube 3875 TIMEOUT -> re-split into 64 sub-cubes (depth 1)
    cube 3875.0 (depth 1, 30 lits): UNSAT in 0.01s
    cube 3875.1 (depth 1, 30 lits): UNSAT in 0.02s
    cube 3875.2 (depth 1, 30 lits): UNSAT in 0.03s
    cube 3875.3 (depth 1, 30 lits): UNSAT in 0.05s
    cube 3875.4 (depth 1, 30 lits): UNSAT in 0.03s
    cube 3875.5 (depth 1, 30 lits): UNSAT in 0.04s
    cube 3875.6 (depth 1, 30 lits): UNSAT in 0.05s
    cube 3875.7 (depth 1, 30 lits): UNSAT in 0.27s
    cube 3875.8 (depth 1, 30 lits): UNSAT in 0.01s
    cube 3875.9 (depth 1, 30 lits): UNSAT in 0.03s
    cube 3875.10 (depth 1, 30 lits): UNSAT in 0.03s
    cube 3875.11 (depth 1, 30 lits): UNSAT in 0.11s
    cube 3875.12 (depth 1, 30 lits): UNSAT in 0.07s
    cube 3875.13 (depth 1, 30 lits): UNSAT in 0.12s
    cube 3875.14 (depth 1, 30 lits): UNSAT in 0.32s
    cube 3875.15 (depth 1, 30 lits): UNSAT in 2.37s
    cube 3875.16 (depth 1, 30 lits): UNSAT in 0.02s
    cube 3875.17 (depth 1, 30 lits): UNSAT in 0.04s
    cube 3875.18 (depth 1, 30 lits): UNSAT in 0.02s
    cube 3875.19 (depth 1, 30 lits): UNSAT in 0.11s
    cube 3875.20 (depth 1, 30 lits): UNSAT in 0.03s
    cube 3875.21 (depth 1, 30 lits): UNSAT in 0.16s
    cube 3875.22 (depth 1, 30 lits): UNSAT in 0.18s
    cube 3875.23 (depth 1, 30 lits): UNSAT in 1.78s
    cube 3875.24 (depth 1, 30 lits): UNSAT in 0.01s
    cube 3875.25 (depth 1, 30 lits): UNSAT in 0.07s
    cube 3875.26 (depth 1, 30 lits): UNSAT in 0.06s
    cube 3875.27 (depth 1, 30 lits): UNSAT in 0.26s
    cube 3875.28 (depth 1, 30 lits): UNSAT in 0.13s
    cube 3875.29 (depth 1, 30 lits): UNSAT in 1.32s
    cube 3875.30 (depth 1, 30 lits): UNSAT in 1.76s
    cube 3875.31 (depth 1, 30 lits): UNSAT in 6.24s
    cube 3875.32 (depth 1, 30 lits): UNSAT in 0.03s
    cube 3875.33 (depth 1, 30 lits): UNSAT in 0.07s
    cube 3875.34 (depth 1, 30 lits): UNSAT in 0.04s
    cube 3875.35 (depth 1, 30 lits): UNSAT in 0.16s
    cube 3875.36 (depth 1, 30 lits): UNSAT in 0.02s
    cube 3875.37 (depth 1, 30 lits): UNSAT in 0.10s
    cube 3875.38 (depth 1, 30 lits): UNSAT in 0.18s
    cube 3875.39 (depth 1, 30 lits): UNSAT in 1.43s
    cube 3875.40 (depth 1, 30 lits): UNSAT in 0.04s
    cube 3875.41 (depth 1, 30 lits): UNSAT in 0.10s
    cube 3875.42 (depth 1, 30 lits): UNSAT in 0.15s
    cube 3875.43 (depth 1, 30 lits): UNSAT in 0.62s
    cube 3875.44 (depth 1, 30 lits): UNSAT in 0.14s
    cube 3875.45 (depth 1, 30 lits): UNSAT in 0.67s
    cube 3875.46 (depth 1, 30 lits): UNSAT in 2.26s
    cube 3875.47 (depth 1, 30 lits): UNSAT in 22.51s
    cube 3875.48 (depth 1, 30 lits): UNSAT in 0.10s
    cube 3875.49 (depth 1, 30 lits): UNSAT in 0.39s
    cube 3875.50 (depth 1, 30 lits): UNSAT in 0.14s
    cube 3875.51 (depth 1, 30 lits): UNSAT in 3.66s
    cube 3875.52 (depth 1, 30 lits): UNSAT in 0.23s
    cube 3875.53 (depth 1, 30 lits): UNSAT in 1.28s
    cube 3875.54 (depth 1, 30 lits): UNSAT in 1.45s
    cube 3875.55 (depth 1, 30 lits): UNSAT in 47.58s
    cube 3875.56 (depth 1, 30 lits): UNSAT in 0.15s
    cube 3875.57 (depth 1, 30 lits): UNSAT in 4.42s
    cube 3875.58 (depth 1, 30 lits): UNSAT in 4.20s
    cube 3875.59 (depth 1, 30 lits): UNSAT in 22.34s
    cube 3875.60 (depth 1, 30 lits): UNSAT in 0.18s
    cube 3875.61 (depth 1, 30 lits): UNSAT in 3.59s
    cube 3875.62 (depth 1, 30 lits): UNSAT in 2.85s
    cube 3875.63 (depth 1, 30 lits): UNSAT in 43.94s
    cube 3881 (depth 0, 24 lits): UNSAT in 20.83s
    cube 3887 (depth 0, 24 lits): UNSAT in 489.62s

  shard 5 verdict: UNSAT [parent cube 4059's children only] (648 UNSAT, 0 unresolved) in 8772.3s
