  shard 2/6 (round-robin): 649 of 3892 cubes, per-cube cap 600.0s, re-split depth 3
    batch [1202..2396] TIMEOUT in 900.1s -> per-cube fallback
    cube 1202 (depth 0, 24 lits): UNSAT in 0.02s
    cube 1208 (depth 0, 24 lits): UNSAT in 0.23s
    cube 1214 (depth 0, 24 lits): UNSAT in 0.05s
    cube 1220 (depth 0, 24 lits): UNSAT in 0.10s
    cube 1226 (depth 0, 24 lits): UNSAT in 0.02s
    cube 1232 (depth 0, 24 lits): UNSAT in 0.11s
    cube 1238 (depth 0, 24 lits): UNSAT in 0.09s
    cube 1244 (depth 0, 24 lits): UNSAT in 0.30s
    cube 1250 (depth 0, 24 lits): UNSAT in 0.38s
    cube 1256 (depth 0, 24 lits): UNSAT in 40.25s
    cube 1262 (depth 0, 24 lits): UNSAT in 0.02s
    cube 1268 (depth 0, 24 lits): UNSAT in 0.02s
    cube 1274 (depth 0, 24 lits): UNSAT in 0.02s
    cube 1280 (depth 0, 24 lits): UNSAT in 0.31s
    cube 1286 (depth 0, 24 lits): UNSAT in 0.38s
    cube 1292 (depth 0, 24 lits): UNSAT in 0.03s
    cube 1298 (depth 0, 24 lits): UNSAT in 0.03s
    cube 1304 (depth 0, 24 lits): UNSAT in 1.02s
    cube 1310 (depth 0, 24 lits): UNSAT in 0.17s
    cube 1316 (depth 0, 24 lits): UNSAT in 1.21s
    cube 1322 (depth 0, 24 lits): UNSAT in 0.03s
    cube 1328 (depth 0, 24 lits): UNSAT in 0.26s
    cube 1334 (depth 0, 24 lits): UNSAT in 0.29s
    cube 1340 (depth 0, 24 lits): UNSAT in 0.22s
    cube 1346 (depth 0, 24 lits): UNSAT in 0.37s
    cube 1352 (depth 0, 24 lits): UNSAT in 3.86s
    cube 1358 (depth 0, 24 lits): UNSAT in 0.48s
    cube 1364 (depth 0, 24 lits): UNSAT in 1.31s
    cube 1370 (depth 0, 24 lits): UNSAT in 0.87s
    cube 1376 (depth 0, 24 lits): UNSAT in 32.69s
    cube 1382 (depth 0, 24 lits): UNSAT in 68.60s
    cube 1388 (depth 0, 24 lits): UNSAT in 0.03s
    cube 1394 (depth 0, 24 lits): UNSAT in 0.01s
    cube 1400 (depth 0, 24 lits): UNSAT in 0.07s
    cube 1406 (depth 0, 24 lits): UNSAT in 0.03s
    cube 1412 (depth 0, 24 lits): UNSAT in 0.09s
    cube 1418 (depth 0, 24 lits): UNSAT in 0.02s
    cube 1424 (depth 0, 24 lits): UNSAT in 0.06s
    cube 1430 (depth 0, 24 lits): UNSAT in 0.05s
    cube 1436 (depth 0, 24 lits): UNSAT in 0.05s
    cube 1442 (depth 0, 24 lits): UNSAT in 0.12s
    cube 1448 (depth 0, 24 lits): UNSAT in 1.66s
    cube 1454 (depth 0, 24 lits): UNSAT in 0.02s
    cube 1460 (depth 0, 24 lits): UNSAT in 0.12s
    cube 1466 (depth 0, 24 lits): UNSAT in 0.02s
    cube 1472 (depth 0, 24 lits): UNSAT in 0.41s
    cube 1478 (depth 0, 24 lits): UNSAT in 0.04s
    cube 1484 (depth 0, 24 lits): UNSAT in 0.05s
    cube 1490 (depth 0, 24 lits): UNSAT in 0.03s
    cube 1496 (depth 0, 24 lits): UNSAT in 0.49s
    cube 1502 (depth 0, 24 lits): UNSAT in 0.10s
    cube 1508 (depth 0, 24 lits): UNSAT in 0.56s
    cube 1514 (depth 0, 24 lits): UNSAT in 0.02s
    cube 1520 (depth 0, 24 lits): UNSAT in 0.11s
    cube 1526 (depth 0, 24 lits): UNSAT in 0.04s
    cube 1532 (depth 0, 24 lits): UNSAT in 0.04s
    cube 1538 (depth 0, 24 lits): UNSAT in 0.02s
    cube 1544 (depth 0, 24 lits): UNSAT in 1.27s
    cube 1550 (depth 0, 24 lits): UNSAT in 0.03s
    cube 1556 (depth 0, 24 lits): UNSAT in 0.11s
    cube 1562 (depth 0, 24 lits): UNSAT in 0.06s
    cube 1568 (depth 0, 24 lits): UNSAT in 0.85s
    cube 1574 (depth 0, 24 lits): UNSAT in 1.35s
    cube 1580 (depth 0, 24 lits): UNSAT in 0.08s
    cube 1586 (depth 0, 24 lits): UNSAT in 0.04s
    cube 1592 (depth 0, 24 lits): UNSAT in 1.44s
    cube 1598 (depth 0, 24 lits): UNSAT in 0.26s
    cube 1604 (depth 0, 24 lits): UNSAT in 1.75s
    cube 1610 (depth 0, 24 lits): UNSAT in 0.02s
    cube 1616 (depth 0, 24 lits): UNSAT in 1.58s
    cube 1622 (depth 0, 24 lits): UNSAT in 1.66s
    cube 1628 (depth 0, 24 lits): UNSAT in 2.12s
    cube 1634 (depth 0, 24 lits): UNSAT in 4.20s
    cube 1640 (depth 0, 24 lits): UNSAT in 393.76s
    cube 1646 (depth 0, 24 lits): UNSAT in 0.02s
    cube 1652 (depth 0, 24 lits): UNSAT in 0.03s
    cube 1658 (depth 0, 24 lits): UNSAT in 0.04s
    cube 1664 (depth 0, 24 lits): UNSAT in 0.62s
    cube 1670 (depth 0, 24 lits): UNSAT in 0.52s
    cube 1676 (depth 0, 24 lits): UNSAT in 0.03s
    cube 1682 (depth 0, 24 lits): UNSAT in 0.02s
    cube 1688 (depth 0, 24 lits): UNSAT in 0.12s
    cube 1694 (depth 0, 24 lits): UNSAT in 0.21s
    cube 1700 (depth 0, 24 lits): UNSAT in 0.93s
    cube 1706 (depth 0, 24 lits): UNSAT in 0.02s
    cube 1712 (depth 0, 24 lits): UNSAT in 0.28s
    cube 1718 (depth 0, 24 lits): UNSAT in 0.29s
    cube 1724 (depth 0, 24 lits): UNSAT in 0.21s
    cube 1730 (depth 0, 24 lits): UNSAT in 0.41s
    cube 1736 (depth 0, 24 lits): UNSAT in 3.43s
    cube 1742 (depth 0, 24 lits): UNSAT in 0.90s
    cube 1748 (depth 0, 24 lits): UNSAT in 1.99s
    cube 1754 (depth 0, 24 lits): UNSAT in 0.29s
    cube 1760 (depth 0, 24 lits): UNSAT in 20.48s
    cube 1766 (depth 0, 24 lits): UNSAT in 20.97s
    cube 1772 (depth 0, 24 lits): UNSAT in 0.06s
    cube 1778 (depth 0, 24 lits): UNSAT in 0.05s
    cube 1784 (depth 0, 24 lits): UNSAT in 8.63s
    cube 1790 (depth 0, 24 lits): UNSAT in 0.41s
    cube 1796 (depth 0, 24 lits): UNSAT in 1.60s
    cube 1802 (depth 0, 24 lits): UNSAT in 0.03s
    cube 1808 (depth 0, 24 lits): UNSAT in 2.20s
    cube 1814 (depth 0, 24 lits): UNSAT in 2.31s
    cube 1820 (depth 0, 24 lits): UNSAT in 3.46s
    cube 1826 (depth 0, 24 lits): UNSAT in 8.28s
    cube 1832 (depth 0, 24 lits): UNSAT in 13.99s
    cube 1838 (depth 0, 24 lits): UNSAT in 0.42s
    cube 1844 (depth 0, 24 lits): UNSAT in 3.20s
    cube 1850 (depth 0, 24 lits): UNSAT in 0.31s
    cube 1856 (depth 0, 24 lits): UNSAT in 18.32s
    cube 1862 (depth 0, 24 lits): UNSAT in 50.58s
    cube 1868 (depth 0, 24 lits): UNSAT in 0.83s
    cube 1874 (depth 0, 24 lits): UNSAT in 3.16s
    cube 1880 (depth 0, 24 lits): UNSAT in 24.50s
    cube 1886 (depth 0, 24 lits): UNSAT in 12.53s
    cube 1892 (depth 0, 24 lits): TIMEOUT in 600.10s
    cube 1892 TIMEOUT -> re-split into 64 sub-cubes (depth 1)
    cube 1892.0 (depth 1, 30 lits): UNSAT in 0.02s
    cube 1892.1 (depth 1, 30 lits): UNSAT in 0.07s
    cube 1892.2 (depth 1, 30 lits): UNSAT in 0.03s
    cube 1892.3 (depth 1, 30 lits): UNSAT in 0.04s
    cube 1892.4 (depth 1, 30 lits): UNSAT in 0.05s
    cube 1892.5 (depth 1, 30 lits): UNSAT in 0.11s
    cube 1892.6 (depth 1, 30 lits): UNSAT in 0.04s
    cube 1892.7 (depth 1, 30 lits): UNSAT in 0.36s
    cube 1892.8 (depth 1, 30 lits): UNSAT in 0.02s
    cube 1892.9 (depth 1, 30 lits): UNSAT in 0.06s
    cube 1892.10 (depth 1, 30 lits): UNSAT in 0.03s
    cube 1892.11 (depth 1, 30 lits): UNSAT in 0.39s
    cube 1892.12 (depth 1, 30 lits): UNSAT in 0.12s
    cube 1892.13 (depth 1, 30 lits): UNSAT in 1.96s
    cube 1892.14 (depth 1, 30 lits): UNSAT in 0.92s
    cube 1892.15 (depth 1, 30 lits): UNSAT in 4.67s
    cube 1892.16 (depth 1, 30 lits): UNSAT in 0.08s
    cube 1892.17 (depth 1, 30 lits): UNSAT in 0.04s
    cube 1892.18 (depth 1, 30 lits): UNSAT in 0.06s
    cube 1892.19 (depth 1, 30 lits): UNSAT in 0.21s
    cube 1892.20 (depth 1, 30 lits): UNSAT in 0.11s
    cube 1892.21 (depth 1, 30 lits): UNSAT in 0.23s
    cube 1892.22 (depth 1, 30 lits): UNSAT in 0.34s
    cube 1892.23 (depth 1, 30 lits): UNSAT in 1.43s
    cube 1892.24 (depth 1, 30 lits): UNSAT in 0.16s
    cube 1892.25 (depth 1, 30 lits): UNSAT in 0.26s
    cube 1892.26 (depth 1, 30 lits): UNSAT in 0.15s
    cube 1892.27 (depth 1, 30 lits): UNSAT in 0.79s
    cube 1892.28 (depth 1, 30 lits): UNSAT in 0.27s
    cube 1892.29 (depth 1, 30 lits): UNSAT in 0.67s
    cube 1892.30 (depth 1, 30 lits): UNSAT in 1.89s
    cube 1892.31 (depth 1, 30 lits): UNSAT in 11.49s
    cube 1892.32 (depth 1, 30 lits): UNSAT in 0.05s
    cube 1892.33 (depth 1, 30 lits): UNSAT in 0.18s
    cube 1892.34 (depth 1, 30 lits): UNSAT in 0.51s
    cube 1892.35 (depth 1, 30 lits): UNSAT in 1.18s
    cube 1892.36 (depth 1, 30 lits): UNSAT in 0.22s
    cube 1892.37 (depth 1, 30 lits): UNSAT in 0.17s
    cube 1892.38 (depth 1, 30 lits): UNSAT in 0.30s
    cube 1892.39 (depth 1, 30 lits): UNSAT in 5.92s
    cube 1892.40 (depth 1, 30 lits): UNSAT in 0.03s
    cube 1892.41 (depth 1, 30 lits): UNSAT in 0.08s
    cube 1892.42 (depth 1, 30 lits): UNSAT in 0.08s
    cube 1892.43 (depth 1, 30 lits): UNSAT in 0.91s
    cube 1892.44 (depth 1, 30 lits): UNSAT in 0.18s
    cube 1892.45 (depth 1, 30 lits): UNSAT in 1.15s
    cube 1892.46 (depth 1, 30 lits): UNSAT in 2.36s
    cube 1892.47 (depth 1, 30 lits): UNSAT in 13.84s
    cube 1892.48 (depth 1, 30 lits): UNSAT in 0.06s
    cube 1892.49 (depth 1, 30 lits): UNSAT in 1.02s
    cube 1892.50 (depth 1, 30 lits): UNSAT in 0.30s
    cube 1892.51 (depth 1, 30 lits): UNSAT in 4.27s
    cube 1892.52 (depth 1, 30 lits): UNSAT in 0.71s
    cube 1892.53 (depth 1, 30 lits): UNSAT in 5.12s
    cube 1892.54 (depth 1, 30 lits): UNSAT in 5.51s
    cube 1892.55 (depth 1, 30 lits): UNSAT in 23.79s
    cube 1892.56 (depth 1, 30 lits): UNSAT in 0.06s
    cube 1892.57 (depth 1, 30 lits): UNSAT in 0.32s
    cube 1892.58 (depth 1, 30 lits): UNSAT in 0.10s
    cube 1892.59 (depth 1, 30 lits): UNSAT in 0.91s
    cube 1892.60 (depth 1, 30 lits): UNSAT in 0.41s
    cube 1892.61 (depth 1, 30 lits): UNSAT in 1.78s
    cube 1892.62 (depth 1, 30 lits): UNSAT in 1.18s
    cube 1892.63 (depth 1, 30 lits): UNSAT in 7.68s
    cube 1898 (depth 0, 23 lits): UNSAT in 0.01s
    cube 1904 (depth 0, 24 lits): UNSAT in 0.01s
    cube 1910 (depth 0, 24 lits): UNSAT in 0.01s
    cube 1916 (depth 0, 23 lits): UNSAT in 0.02s
    cube 1922 (depth 0, 24 lits): UNSAT in 0.01s
    cube 1928 (depth 0, 24 lits): UNSAT in 0.01s
    cube 1934 (depth 0, 24 lits): UNSAT in 0.02s
    cube 1940 (depth 0, 24 lits): UNSAT in 0.04s
    cube 1946 (depth 0, 24 lits): UNSAT in 0.08s
    cube 1952 (depth 0, 24 lits): UNSAT in 0.03s
    cube 1958 (depth 0, 24 lits): UNSAT in 0.02s
    cube 1964 (depth 0, 22 lits): UNSAT in 0.01s
    cube 1970 (depth 0, 24 lits): UNSAT in 0.02s
    cube 1976 (depth 0, 24 lits): UNSAT in 0.01s
    cube 1982 (depth 0, 24 lits): UNSAT in 0.02s
    cube 1988 (depth 0, 24 lits): UNSAT in 0.04s
    cube 1994 (depth 0, 24 lits): UNSAT in 0.06s
    cube 2000 (depth 0, 24 lits): UNSAT in 0.03s
    cube 2006 (depth 0, 24 lits): UNSAT in 0.69s
    cube 2012 (depth 0, 24 lits): UNSAT in 0.02s
    cube 2018 (depth 0, 24 lits): UNSAT in 0.02s
    cube 2024 (depth 0, 23 lits): UNSAT in 0.01s
    cube 2030 (depth 0, 24 lits): UNSAT in 0.03s
    cube 2036 (depth 0, 24 lits): UNSAT in 0.04s
    cube 2042 (depth 0, 24 lits): UNSAT in 0.01s
    cube 2048 (depth 0, 24 lits): UNSAT in 0.01s
    cube 2054 (depth 0, 23 lits): UNSAT in 0.01s
    cube 2060 (depth 0, 24 lits): UNSAT in 0.02s
    cube 2066 (depth 0, 24 lits): UNSAT in 0.07s
    cube 2072 (depth 0, 24 lits): UNSAT in 0.03s
    cube 2078 (depth 0, 24 lits): UNSAT in 0.02s
    cube 2084 (depth 0, 24 lits): UNSAT in 0.01s
    cube 2090 (depth 0, 24 lits): UNSAT in 0.04s
    cube 2096 (depth 0, 24 lits): UNSAT in 0.04s
    cube 2102 (depth 0, 24 lits): UNSAT in 0.02s
    cube 2108 (depth 0, 24 lits): UNSAT in 0.02s
    cube 2114 (depth 0, 24 lits): UNSAT in 1.17s
    cube 2120 (depth 0, 24 lits): UNSAT in 0.25s
    cube 2126 (depth 0, 24 lits): UNSAT in 0.72s
    cube 2132 (depth 0, 23 lits): UNSAT in 0.01s
    cube 2138 (depth 0, 24 lits): UNSAT in 0.04s
    cube 2144 (depth 0, 24 lits): UNSAT in 0.02s
    cube 2150 (depth 0, 24 lits): UNSAT in 0.02s
    cube 2156 (depth 0, 24 lits): UNSAT in 0.06s
    cube 2162 (depth 0, 24 lits): UNSAT in 0.47s
    cube 2168 (depth 0, 24 lits): UNSAT in 0.04s
    cube 2174 (depth 0, 24 lits): UNSAT in 0.02s
    cube 2180 (depth 0, 24 lits): UNSAT in 0.04s
    cube 2186 (depth 0, 24 lits): UNSAT in 0.03s
    cube 2192 (depth 0, 24 lits): UNSAT in 0.76s
    cube 2198 (depth 0, 24 lits): UNSAT in 0.01s
    cube 2204 (depth 0, 24 lits): UNSAT in 0.03s
    cube 2210 (depth 0, 24 lits): UNSAT in 0.01s
    cube 2216 (depth 0, 24 lits): UNSAT in 0.17s
    cube 2222 (depth 0, 24 lits): UNSAT in 0.51s
    cube 2228 (depth 0, 24 lits): UNSAT in 0.03s
    cube 2234 (depth 0, 24 lits): UNSAT in 0.02s
    cube 2240 (depth 0, 24 lits): UNSAT in 0.25s
    cube 2246 (depth 0, 24 lits): UNSAT in 0.07s
    cube 2252 (depth 0, 24 lits): UNSAT in 0.93s
    cube 2258 (depth 0, 23 lits): UNSAT in 0.01s
    cube 2264 (depth 0, 24 lits): UNSAT in 0.01s
    cube 2270 (depth 0, 24 lits): UNSAT in 0.01s
    cube 2276 (depth 0, 24 lits): UNSAT in 0.02s
    cube 2282 (depth 0, 24 lits): UNSAT in 0.05s
    cube 2288 (depth 0, 24 lits): UNSAT in 0.01s
    cube 2294 (depth 0, 24 lits): UNSAT in 0.03s
    cube 2300 (depth 0, 24 lits): UNSAT in 0.02s
    cube 2306 (depth 0, 24 lits): UNSAT in 0.07s
    cube 2312 (depth 0, 24 lits): UNSAT in 0.18s
    cube 2318 (depth 0, 23 lits): UNSAT in 0.01s
    cube 2324 (depth 0, 24 lits): UNSAT in 0.81s
    cube 2330 (depth 0, 24 lits): UNSAT in 0.61s
    cube 2336 (depth 0, 24 lits): UNSAT in 1.03s
    cube 2342 (depth 0, 24 lits): UNSAT in 0.20s
    cube 2348 (depth 0, 24 lits): UNSAT in 38.14s
    cube 2354 (depth 0, 24 lits): UNSAT in 0.15s
    cube 2360 (depth 0, 24 lits): UNSAT in 1.50s
    cube 2366 (depth 0, 24 lits): UNSAT in 0.25s
    cube 2372 (depth 0, 24 lits): UNSAT in 62.21s
    cube 2378 (depth 0, 24 lits): UNSAT in 22.81s
    cube 2384 (depth 0, 23 lits): UNSAT in 0.01s
    cube 2390 (depth 0, 24 lits): UNSAT in 0.01s
    cube 2396 (depth 0, 24 lits): UNSAT in 0.01s

  shard 2 verdict: UNSAT [parent cube 4059's children only] (649 UNSAT, 0 unresolved) in 3626.1s
