  shard 0/6 (round-robin): 649 of 3892 cubes, per-cube cap 600.0s, re-split depth 3
    batch [1200..2394] TIMEOUT in 900.0s -> per-cube fallback
    cube 1200 (depth 0, 24 lits): UNSAT in 0.12s
    cube 1206 (depth 0, 24 lits): UNSAT in 0.04s
    cube 1212 (depth 0, 24 lits): UNSAT in 0.05s
    cube 1218 (depth 0, 24 lits): UNSAT in 0.02s
    cube 1224 (depth 0, 24 lits): UNSAT in 1.04s
    cube 1230 (depth 0, 24 lits): UNSAT in 0.05s
    cube 1236 (depth 0, 24 lits): UNSAT in 0.15s
    cube 1242 (depth 0, 24 lits): UNSAT in 0.07s
    cube 1248 (depth 0, 24 lits): UNSAT in 2.26s
    cube 1254 (depth 0, 24 lits): UNSAT in 6.21s
    cube 1260 (depth 0, 24 lits): UNSAT in 0.01s
    cube 1266 (depth 0, 24 lits): UNSAT in 0.01s
    cube 1272 (depth 0, 24 lits): UNSAT in 0.37s
    cube 1278 (depth 0, 24 lits): UNSAT in 0.22s
    cube 1284 (depth 0, 24 lits): UNSAT in 0.15s
    cube 1290 (depth 0, 24 lits): UNSAT in 0.04s
    cube 1296 (depth 0, 24 lits): UNSAT in 0.20s
    cube 1302 (depth 0, 24 lits): UNSAT in 0.19s
    cube 1308 (depth 0, 24 lits): UNSAT in 0.53s
    cube 1314 (depth 0, 24 lits): UNSAT in 0.36s
    cube 1320 (depth 0, 24 lits): UNSAT in 2.88s
    cube 1326 (depth 0, 24 lits): UNSAT in 0.03s
    cube 1332 (depth 0, 24 lits): UNSAT in 0.04s
    cube 1338 (depth 0, 24 lits): UNSAT in 0.09s
    cube 1344 (depth 0, 24 lits): UNSAT in 1.02s
    cube 1350 (depth 0, 24 lits): UNSAT in 3.83s
    cube 1356 (depth 0, 24 lits): UNSAT in 0.53s
    cube 1362 (depth 0, 24 lits): UNSAT in 0.59s
    cube 1368 (depth 0, 24 lits): UNSAT in 10.56s
    cube 1374 (depth 0, 24 lits): UNSAT in 10.22s
    cube 1380 (depth 0, 24 lits): UNSAT in 51.51s
    cube 1386 (depth 0, 24 lits): UNSAT in 0.02s
    cube 1392 (depth 0, 24 lits): UNSAT in 0.04s
    cube 1398 (depth 0, 24 lits): UNSAT in 0.02s
    cube 1404 (depth 0, 24 lits): UNSAT in 0.03s
    cube 1410 (depth 0, 24 lits): UNSAT in 0.04s
    cube 1416 (depth 0, 24 lits): UNSAT in 0.14s
    cube 1422 (depth 0, 24 lits): UNSAT in 0.05s
    cube 1428 (depth 0, 24 lits): UNSAT in 0.20s
    cube 1434 (depth 0, 24 lits): UNSAT in 0.03s
    cube 1440 (depth 0, 24 lits): UNSAT in 0.12s
    cube 1446 (depth 0, 24 lits): UNSAT in 0.40s
    cube 1452 (depth 0, 24 lits): UNSAT in 0.03s
    cube 1458 (depth 0, 24 lits): UNSAT in 0.04s
    cube 1464 (depth 0, 24 lits): UNSAT in 0.34s
    cube 1470 (depth 0, 24 lits): UNSAT in 0.03s
    cube 1476 (depth 0, 24 lits): UNSAT in 0.19s
    cube 1482 (depth 0, 24 lits): UNSAT in 0.04s
    cube 1488 (depth 0, 24 lits): UNSAT in 0.14s
    cube 1494 (depth 0, 24 lits): UNSAT in 0.10s
    cube 1500 (depth 0, 24 lits): UNSAT in 0.09s
    cube 1506 (depth 0, 24 lits): UNSAT in 0.19s
    cube 1512 (depth 0, 24 lits): UNSAT in 9.07s
    cube 1518 (depth 0, 24 lits): UNSAT in 0.06s
    cube 1524 (depth 0, 24 lits): UNSAT in 0.05s
    cube 1530 (depth 0, 24 lits): UNSAT in 0.01s
    cube 1536 (depth 0, 24 lits): UNSAT in 0.51s
    cube 1542 (depth 0, 24 lits): UNSAT in 0.07s
    cube 1548 (depth 0, 24 lits): UNSAT in 0.04s
    cube 1554 (depth 0, 24 lits): UNSAT in 0.04s
    cube 1560 (depth 0, 24 lits): UNSAT in 0.60s
    cube 1566 (depth 0, 24 lits): UNSAT in 0.08s
    cube 1572 (depth 0, 24 lits): UNSAT in 2.08s
    cube 1578 (depth 0, 24 lits): UNSAT in 0.03s
    cube 1584 (depth 0, 24 lits): UNSAT in 0.52s
    cube 1590 (depth 0, 24 lits): UNSAT in 0.16s
    cube 1596 (depth 0, 24 lits): UNSAT in 0.42s
    cube 1602 (depth 0, 24 lits): UNSAT in 0.26s
    cube 1608 (depth 0, 24 lits): UNSAT in 8.75s
    cube 1614 (depth 0, 24 lits): UNSAT in 0.17s
    cube 1620 (depth 0, 24 lits): UNSAT in 0.54s
    cube 1626 (depth 0, 24 lits): UNSAT in 0.24s
    cube 1632 (depth 0, 24 lits): UNSAT in 24.03s
    cube 1638 (depth 0, 24 lits): UNSAT in 89.95s
    cube 1644 (depth 0, 24 lits): UNSAT in 0.01s
    cube 1650 (depth 0, 24 lits): UNSAT in 0.02s
    cube 1656 (depth 0, 24 lits): UNSAT in 0.28s
    cube 1662 (depth 0, 24 lits): UNSAT in 0.04s
    cube 1668 (depth 0, 24 lits): UNSAT in 0.11s
    cube 1674 (depth 0, 24 lits): UNSAT in 0.02s
    cube 1680 (depth 0, 24 lits): UNSAT in 0.13s
    cube 1686 (depth 0, 24 lits): UNSAT in 0.05s
    cube 1692 (depth 0, 24 lits): UNSAT in 0.08s
    cube 1698 (depth 0, 24 lits): UNSAT in 0.41s
    cube 1704 (depth 0, 24 lits): UNSAT in 8.61s
    cube 1710 (depth 0, 24 lits): UNSAT in 0.12s
    cube 1716 (depth 0, 24 lits): UNSAT in 0.27s
    cube 1722 (depth 0, 24 lits): UNSAT in 0.13s
    cube 1728 (depth 0, 24 lits): UNSAT in 2.70s
    cube 1734 (depth 0, 24 lits): UNSAT in 3.89s
    cube 1740 (depth 0, 24 lits): UNSAT in 0.38s
    cube 1746 (depth 0, 24 lits): UNSAT in 0.54s
    cube 1752 (depth 0, 24 lits): UNSAT in 15.66s
    cube 1758 (depth 0, 24 lits): UNSAT in 2.81s
    cube 1764 (depth 0, 24 lits): UNSAT in 27.58s
    cube 1770 (depth 0, 24 lits): UNSAT in 0.03s
    cube 1776 (depth 0, 24 lits): UNSAT in 1.52s
    cube 1782 (depth 0, 24 lits): UNSAT in 0.60s
    cube 1788 (depth 0, 24 lits): UNSAT in 0.86s
    cube 1794 (depth 0, 24 lits): UNSAT in 0.62s
    cube 1800 (depth 0, 24 lits): UNSAT in 35.01s
    cube 1806 (depth 0, 24 lits): UNSAT in 1.16s
    cube 1812 (depth 0, 24 lits): UNSAT in 13.96s
    cube 1818 (depth 0, 24 lits): UNSAT in 1.03s
    cube 1824 (depth 0, 24 lits): UNSAT in 46.95s
    cube 1830 (depth 0, 24 lits): UNSAT in 7.24s
    cube 1836 (depth 0, 24 lits): UNSAT in 0.38s
    cube 1842 (depth 0, 24 lits): UNSAT in 0.39s
    cube 1848 (depth 0, 24 lits): UNSAT in 32.53s
    cube 1854 (depth 0, 24 lits): UNSAT in 3.09s
    cube 1860 (depth 0, 24 lits): UNSAT in 19.03s
    cube 1866 (depth 0, 24 lits): UNSAT in 0.43s
    cube 1872 (depth 0, 24 lits): UNSAT in 38.20s
    cube 1878 (depth 0, 24 lits): UNSAT in 41.21s
    cube 1884 (depth 0, 24 lits): UNSAT in 21.54s
    cube 1890 (depth 0, 24 lits): UNSAT in 123.52s
    cube 1896 (depth 0, 24 lits): UNSAT in 349.12s
    cube 1902 (depth 0, 24 lits): UNSAT in 0.01s
    cube 1908 (depth 0, 24 lits): UNSAT in 0.04s
    cube 1914 (depth 0, 24 lits): UNSAT in 0.01s
    cube 1920 (depth 0, 24 lits): UNSAT in 0.05s
    cube 1926 (depth 0, 24 lits): UNSAT in 0.01s
    cube 1932 (depth 0, 24 lits): UNSAT in 0.01s
    cube 1938 (depth 0, 24 lits): UNSAT in 0.02s
    cube 1944 (depth 0, 24 lits): UNSAT in 0.05s
    cube 1950 (depth 0, 24 lits): UNSAT in 0.01s
    cube 1956 (depth 0, 24 lits): UNSAT in 0.01s
    cube 1962 (depth 0, 24 lits): UNSAT in 0.03s
    cube 1968 (depth 0, 24 lits): UNSAT in 0.04s
    cube 1974 (depth 0, 24 lits): UNSAT in 0.03s
    cube 1980 (depth 0, 24 lits): UNSAT in 0.02s
    cube 1986 (depth 0, 24 lits): UNSAT in 0.02s
    cube 1992 (depth 0, 24 lits): UNSAT in 0.02s
    cube 1998 (depth 0, 24 lits): UNSAT in 0.09s
    cube 2004 (depth 0, 24 lits): UNSAT in 0.16s
    cube 2010 (depth 0, 24 lits): UNSAT in 0.01s
    cube 2016 (depth 0, 24 lits): UNSAT in 0.02s
    cube 2022 (depth 0, 24 lits): UNSAT in 0.04s
    cube 2028 (depth 0, 24 lits): UNSAT in 0.03s
    cube 2034 (depth 0, 24 lits): UNSAT in 0.01s
    cube 2040 (depth 0, 24 lits): UNSAT in 0.01s
    cube 2046 (depth 0, 24 lits): UNSAT in 0.01s
    cube 2052 (depth 0, 24 lits): UNSAT in 0.02s
    cube 2058 (depth 0, 24 lits): UNSAT in 0.05s
    cube 2064 (depth 0, 24 lits): UNSAT in 0.12s
    cube 2070 (depth 0, 24 lits): UNSAT in 0.01s
    cube 2076 (depth 0, 24 lits): UNSAT in 0.01s
    cube 2082 (depth 0, 24 lits): UNSAT in 0.13s
    cube 2088 (depth 0, 24 lits): UNSAT in 0.01s
    cube 2094 (depth 0, 24 lits): UNSAT in 0.09s
    cube 2100 (depth 0, 24 lits): UNSAT in 0.02s
    cube 2106 (depth 0, 24 lits): UNSAT in 0.02s
    cube 2112 (depth 0, 24 lits): UNSAT in 0.09s
    cube 2118 (depth 0, 24 lits): UNSAT in 0.13s
    cube 2124 (depth 0, 24 lits): UNSAT in 0.31s
    cube 2130 (depth 0, 24 lits): UNSAT in 18.14s
    cube 2136 (depth 0, 24 lits): UNSAT in 0.02s
    cube 2142 (depth 0, 24 lits): UNSAT in 0.02s
    cube 2148 (depth 0, 24 lits): UNSAT in 0.02s
    cube 2154 (depth 0, 24 lits): UNSAT in 0.13s
    cube 2160 (depth 0, 24 lits): UNSAT in 0.02s
    cube 2166 (depth 0, 24 lits): UNSAT in 0.02s
    cube 2172 (depth 0, 24 lits): UNSAT in 0.04s
    cube 2178 (depth 0, 24 lits): UNSAT in 0.01s
    cube 2184 (depth 0, 24 lits): UNSAT in 0.03s
    cube 2190 (depth 0, 24 lits): UNSAT in 0.27s
    cube 2196 (depth 0, 24 lits): UNSAT in 0.02s
    cube 2202 (depth 0, 24 lits): UNSAT in 0.03s
    cube 2208 (depth 0, 24 lits): UNSAT in 0.02s
    cube 2214 (depth 0, 24 lits): UNSAT in 0.06s
    cube 2220 (depth 0, 24 lits): UNSAT in 0.10s
    cube 2226 (depth 0, 24 lits): UNSAT in 0.02s
    cube 2232 (depth 0, 24 lits): UNSAT in 0.06s
    cube 2238 (depth 0, 24 lits): UNSAT in 0.06s
    cube 2244 (depth 0, 24 lits): UNSAT in 0.03s
    cube 2250 (depth 0, 24 lits): UNSAT in 0.14s
    cube 2256 (depth 0, 24 lits): UNSAT in 7.33s
    cube 2262 (depth 0, 23 lits): UNSAT in 0.02s
    cube 2268 (depth 0, 24 lits): UNSAT in 0.01s
    cube 2274 (depth 0, 24 lits): UNSAT in 0.01s
    cube 2280 (depth 0, 24 lits): UNSAT in 0.03s
    cube 2286 (depth 0, 24 lits): UNSAT in 0.01s
    cube 2292 (depth 0, 24 lits): UNSAT in 0.01s
    cube 2298 (depth 0, 24 lits): UNSAT in 0.02s
    cube 2304 (depth 0, 24 lits): UNSAT in 0.05s
    cube 2310 (depth 0, 24 lits): UNSAT in 0.03s
    cube 2316 (depth 0, 24 lits): UNSAT in 1.23s
    cube 2322 (depth 0, 24 lits): UNSAT in 0.07s
    cube 2328 (depth 0, 24 lits): UNSAT in 0.61s
    cube 2334 (depth 0, 24 lits): UNSAT in 0.32s
    cube 2340 (depth 0, 24 lits): UNSAT in 9.00s
    cube 2346 (depth 0, 24 lits): UNSAT in 0.61s
    cube 2352 (depth 0, 24 lits): UNSAT in 0.40s
    cube 2358 (depth 0, 24 lits): UNSAT in 0.20s
    cube 2364 (depth 0, 24 lits): UNSAT in 21.99s
    cube 2370 (depth 0, 24 lits): UNSAT in 1.52s
    cube 2376 (depth 0, 24 lits): UNSAT in 21.69s
    cube 2382 (depth 0, 24 lits): UNSAT in 0.01s
    cube 2388 (depth 0, 24 lits): UNSAT in 0.01s
    cube 2394 (depth 0, 23 lits): UNSAT in 0.01s
    batch [3600..3888] TIMEOUT in 900.0s -> per-cube fallback
    cube 3600 (depth 0, 24 lits): UNSAT in 1.75s
    cube 3606 (depth 0, 24 lits): UNSAT in 2.81s
    cube 3612 (depth 0, 24 lits): UNSAT in 0.82s
    cube 3618 (depth 0, 24 lits): TIMEOUT in 600.02s
    cube 3618 TIMEOUT -> re-split into 64 sub-cubes (depth 1)
    cube 3618.0 (depth 1, 30 lits): UNSAT in 0.01s
    cube 3618.1 (depth 1, 30 lits): UNSAT in 0.03s
    cube 3618.2 (depth 1, 30 lits): UNSAT in 0.02s
    cube 3618.3 (depth 1, 30 lits): UNSAT in 0.03s
    cube 3618.4 (depth 1, 30 lits): UNSAT in 0.01s
    cube 3618.5 (depth 1, 30 lits): UNSAT in 0.02s
    cube 3618.6 (depth 1, 30 lits): UNSAT in 0.02s
    cube 3618.7 (depth 1, 30 lits): UNSAT in 0.09s
    cube 3618.8 (depth 1, 30 lits): UNSAT in 0.05s
    cube 3618.9 (depth 1, 30 lits): UNSAT in 0.11s
    cube 3618.10 (depth 1, 30 lits): UNSAT in 0.04s
    cube 3618.11 (depth 1, 30 lits): UNSAT in 0.10s
    cube 3618.12 (depth 1, 30 lits): UNSAT in 0.05s
    cube 3618.13 (depth 1, 30 lits): UNSAT in 0.29s
    cube 3618.14 (depth 1, 30 lits): UNSAT in 0.32s
    cube 3618.15 (depth 1, 30 lits): UNSAT in 0.74s
    cube 3618.16 (depth 1, 30 lits): UNSAT in 0.01s
    cube 3618.17 (depth 1, 30 lits): UNSAT in 0.02s
    cube 3618.18 (depth 1, 30 lits): UNSAT in 0.02s
    cube 3618.19 (depth 1, 30 lits): UNSAT in 0.05s
    cube 3618.20 (depth 1, 30 lits): UNSAT in 0.27s
    cube 3618.21 (depth 1, 30 lits): UNSAT in 0.26s
    cube 3618.22 (depth 1, 30 lits): UNSAT in 0.26s
    cube 3618.23 (depth 1, 30 lits): UNSAT in 0.82s
    cube 3618.24 (depth 1, 30 lits): UNSAT in 0.03s
    cube 3618.25 (depth 1, 30 lits): UNSAT in 0.14s
    cube 3618.26 (depth 1, 30 lits): UNSAT in 0.14s
    cube 3618.27 (depth 1, 30 lits): UNSAT in 0.47s
    cube 3618.28 (depth 1, 30 lits): UNSAT in 0.11s
    cube 3618.29 (depth 1, 30 lits): UNSAT in 0.62s
    cube 3618.30 (depth 1, 30 lits): UNSAT in 1.58s
    cube 3618.31 (depth 1, 30 lits): UNSAT in 10.95s
    cube 3618.32 (depth 1, 30 lits): UNSAT in 0.01s
    cube 3618.33 (depth 1, 30 lits): UNSAT in 0.01s
    cube 3618.34 (depth 1, 30 lits): UNSAT in 0.01s
    cube 3618.35 (depth 1, 30 lits): UNSAT in 0.05s
    cube 3618.36 (depth 1, 30 lits): UNSAT in 0.02s
    cube 3618.37 (depth 1, 30 lits): UNSAT in 0.02s
    cube 3618.38 (depth 1, 30 lits): UNSAT in 0.05s
    cube 3618.39 (depth 1, 30 lits): UNSAT in 0.04s
    cube 3618.40 (depth 1, 30 lits): UNSAT in 0.06s
    cube 3618.41 (depth 1, 30 lits): UNSAT in 0.07s
    cube 3618.42 (depth 1, 30 lits): UNSAT in 0.08s
    cube 3618.43 (depth 1, 30 lits): UNSAT in 0.30s
    cube 3618.44 (depth 1, 30 lits): UNSAT in 0.05s
    cube 3618.45 (depth 1, 30 lits): UNSAT in 0.23s
    cube 3618.46 (depth 1, 30 lits): UNSAT in 0.80s
    cube 3618.47 (depth 1, 30 lits): UNSAT in 3.17s
    cube 3618.48 (depth 1, 30 lits): UNSAT in 0.06s
    cube 3618.49 (depth 1, 30 lits): UNSAT in 0.15s
    cube 3618.50 (depth 1, 30 lits): UNSAT in 0.17s
    cube 3618.51 (depth 1, 30 lits): UNSAT in 0.84s
    cube 3618.52 (depth 1, 30 lits): UNSAT in 0.24s
    cube 3618.53 (depth 1, 30 lits): UNSAT in 0.75s
    cube 3618.54 (depth 1, 30 lits): UNSAT in 0.26s
    cube 3618.55 (depth 1, 30 lits): UNSAT in 4.58s
    cube 3618.56 (depth 1, 30 lits): UNSAT in 0.17s
    cube 3618.57 (depth 1, 30 lits): UNSAT in 0.81s
    cube 3618.58 (depth 1, 30 lits): UNSAT in 0.49s
    cube 3618.59 (depth 1, 30 lits): UNSAT in 14.95s
    cube 3618.60 (depth 1, 30 lits): UNSAT in 0.12s
    cube 3618.61 (depth 1, 30 lits): UNSAT in 2.48s
    cube 3618.62 (depth 1, 30 lits): UNSAT in 7.48s
    cube 3618.63 (depth 1, 30 lits): UNSAT in 59.55s
    cube 3624 (depth 0, 24 lits): UNSAT in 7.34s
    cube 3630 (depth 0, 24 lits): UNSAT in 5.07s
    cube 3636 (depth 0, 24 lits): UNSAT in 0.02s
    cube 3642 (depth 0, 24 lits): UNSAT in 0.11s
    cube 3648 (depth 0, 24 lits): UNSAT in 0.14s
    cube 3654 (depth 0, 24 lits): UNSAT in 0.12s
    cube 3660 (depth 0, 24 lits): UNSAT in 0.26s
    cube 3666 (depth 0, 24 lits): UNSAT in 4.12s
    cube 3672 (depth 0, 24 lits): UNSAT in 0.14s
    cube 3678 (depth 0, 24 lits): UNSAT in 0.76s
    cube 3684 (depth 0, 24 lits): UNSAT in 0.06s
    cube 3690 (depth 0, 24 lits): UNSAT in 1.28s
    cube 3696 (depth 0, 24 lits): UNSAT in 1.28s
    cube 3702 (depth 0, 24 lits): UNSAT in 0.04s
    cube 3708 (depth 0, 24 lits): UNSAT in 0.07s
    cube 3714 (depth 0, 24 lits): UNSAT in 5.72s
    cube 3720 (depth 0, 24 lits): UNSAT in 0.26s
    cube 3726 (depth 0, 24 lits): UNSAT in 3.62s
    cube 3732 (depth 0, 24 lits): UNSAT in 0.06s
    cube 3738 (depth 0, 24 lits): UNSAT in 5.79s
    cube 3744 (depth 0, 24 lits): UNSAT in 4.36s
    cube 3750 (depth 0, 24 lits): UNSAT in 2.81s
    cube 3756 (depth 0, 24 lits): UNSAT in 12.14s
    cube 3762 (depth 0, 24 lits): UNSAT in 193.98s
    cube 3768 (depth 0, 24 lits): UNSAT in 0.18s
    cube 3774 (depth 0, 24 lits): UNSAT in 0.39s
    cube 3780 (depth 0, 24 lits): UNSAT in 0.05s
    cube 3786 (depth 0, 24 lits): UNSAT in 0.86s
    cube 3792 (depth 0, 24 lits): UNSAT in 5.46s
    cube 3798 (depth 0, 24 lits): UNSAT in 0.24s
    cube 3804 (depth 0, 24 lits): UNSAT in 0.47s
    cube 3810 (depth 0, 24 lits): UNSAT in 14.55s
    cube 3816 (depth 0, 24 lits): UNSAT in 0.92s
    cube 3822 (depth 0, 24 lits): UNSAT in 16.50s
    cube 3828 (depth 0, 24 lits): UNSAT in 0.10s
    cube 3834 (depth 0, 24 lits): UNSAT in 1.34s
    cube 3840 (depth 0, 24 lits): UNSAT in 5.98s
    cube 3846 (depth 0, 24 lits): UNSAT in 0.45s
    cube 3852 (depth 0, 24 lits): UNSAT in 13.76s
    cube 3858 (depth 0, 24 lits): UNSAT in 228.65s
    cube 3864 (depth 0, 24 lits): UNSAT in 1.05s
    cube 3870 (depth 0, 24 lits): UNSAT in 2.72s
    cube 3876 (depth 0, 24 lits): UNSAT in 0.57s
    cube 3882 (depth 0, 24 lits): UNSAT in 13.14s
    cube 3888 (depth 0, 24 lits): UNSAT in 8.82s

  shard 0 verdict: UNSAT [parent cube 4059's children only] (649 UNSAT, 0 unresolved) in 5019.3s
