  shard 9/16 (round-robin): 251 of 4022 cubes, per-cube cap 60.0s, re-split depth 3
    batch [3209..4009] TIMEOUT in 900.1s -> per-cube fallback
    cube 3209 (depth 0, 12 lits): UNSAT in 3.73s
    cube 3225 (depth 0, 12 lits): UNSAT in 2.59s
    cube 3241 (depth 0, 12 lits): UNSAT in 31.40s
    cube 3257 (depth 0, 12 lits): UNSAT in 0.07s
    cube 3273 (depth 0, 12 lits): UNSAT in 0.65s
    cube 3289 (depth 0, 12 lits): UNSAT in 0.30s
    cube 3305 (depth 0, 12 lits): UNSAT in 3.20s
    cube 3321 (depth 0, 12 lits): UNSAT in 0.11s
    cube 3337 (depth 0, 12 lits): UNSAT in 0.79s
    cube 3353 (depth 0, 12 lits): UNSAT in 1.23s
    cube 3369 (depth 0, 12 lits): UNSAT in 3.21s
    cube 3385 (depth 0, 12 lits): UNSAT in 0.15s
    cube 3401 (depth 0, 12 lits): UNSAT in 2.65s
    cube 3417 (depth 0, 12 lits): UNSAT in 8.16s
    cube 3433 (depth 0, 12 lits): UNSAT in 17.18s
    cube 3449 (depth 0, 12 lits): UNSAT in 1.48s
    cube 3465 (depth 0, 12 lits): UNSAT in 19.90s
    cube 3481 (depth 0, 12 lits): UNSAT in 3.42s
    cube 3497 (depth 0, 12 lits): TIMEOUT in 60.06s
    cube 3497 TIMEOUT -> re-split into 64 sub-cubes (depth 1)
    cube 3497.0 (depth 1, 18 lits): UNSAT in 0.01s
    cube 3497.1 (depth 1, 18 lits): UNSAT in 0.03s
    cube 3497.2 (depth 1, 18 lits): UNSAT in 0.04s
    cube 3497.3 (depth 1, 18 lits): UNSAT in 0.04s
    cube 3497.4 (depth 1, 18 lits): UNSAT in 0.01s
    cube 3497.5 (depth 1, 18 lits): UNSAT in 0.06s
    cube 3497.6 (depth 1, 18 lits): UNSAT in 0.04s
    cube 3497.7 (depth 1, 18 lits): UNSAT in 0.19s
    cube 3497.8 (depth 1, 18 lits): UNSAT in 0.05s
    cube 3497.9 (depth 1, 18 lits): UNSAT in 0.04s
    cube 3497.10 (depth 1, 18 lits): UNSAT in 0.13s
    cube 3497.11 (depth 1, 18 lits): UNSAT in 0.36s
    cube 3497.12 (depth 1, 18 lits): UNSAT in 0.15s
    cube 3497.13 (depth 1, 18 lits): UNSAT in 1.04s
    cube 3497.14 (depth 1, 18 lits): UNSAT in 0.47s
    cube 3497.15 (depth 1, 18 lits): UNSAT in 2.59s
    cube 3497.16 (depth 1, 18 lits): UNSAT in 0.02s
    cube 3497.17 (depth 1, 18 lits): UNSAT in 0.03s
    cube 3497.18 (depth 1, 18 lits): UNSAT in 0.02s
    cube 3497.19 (depth 1, 18 lits): UNSAT in 0.11s
    cube 3497.20 (depth 1, 18 lits): UNSAT in 0.06s
    cube 3497.21 (depth 1, 18 lits): UNSAT in 0.11s
    cube 3497.22 (depth 1, 18 lits): UNSAT in 0.12s
    cube 3497.23 (depth 1, 18 lits): UNSAT in 0.52s
    cube 3497.24 (depth 1, 18 lits): UNSAT in 0.08s
    cube 3497.25 (depth 1, 18 lits): UNSAT in 0.41s
    cube 3497.26 (depth 1, 18 lits): UNSAT in 0.34s
    cube 3497.27 (depth 1, 18 lits): UNSAT in 0.78s
    cube 3497.28 (depth 1, 18 lits): UNSAT in 0.10s
    cube 3497.29 (depth 1, 18 lits): UNSAT in 0.66s
    cube 3497.30 (depth 1, 18 lits): UNSAT in 2.33s
    cube 3497.31 (depth 1, 18 lits): UNSAT in 3.03s
    cube 3497.32 (depth 1, 18 lits): UNSAT in 0.02s
    cube 3497.33 (depth 1, 18 lits): UNSAT in 0.02s
    cube 3497.34 (depth 1, 18 lits): UNSAT in 0.11s
    cube 3497.35 (depth 1, 18 lits): UNSAT in 0.23s
    cube 3497.36 (depth 1, 18 lits): UNSAT in 0.10s
    cube 3497.37 (depth 1, 18 lits): UNSAT in 0.96s
    cube 3497.38 (depth 1, 18 lits): UNSAT in 0.72s
    cube 3497.39 (depth 1, 18 lits): UNSAT in 3.57s
    cube 3497.40 (depth 1, 18 lits): UNSAT in 0.05s
    cube 3497.41 (depth 1, 18 lits): UNSAT in 0.08s
    cube 3497.42 (depth 1, 18 lits): UNSAT in 0.19s
    cube 3497.43 (depth 1, 18 lits): UNSAT in 0.49s
    cube 3497.44 (depth 1, 18 lits): UNSAT in 0.17s
    cube 3497.45 (depth 1, 18 lits): UNSAT in 0.76s
    cube 3497.46 (depth 1, 18 lits): UNSAT in 3.26s
    cube 3497.47 (depth 1, 18 lits): UNSAT in 3.10s
    cube 3497.48 (depth 1, 18 lits): UNSAT in 0.04s
    cube 3497.49 (depth 1, 18 lits): UNSAT in 0.16s
    cube 3497.50 (depth 1, 18 lits): UNSAT in 0.28s
    cube 3497.51 (depth 1, 18 lits): UNSAT in 0.62s
    cube 3497.52 (depth 1, 18 lits): UNSAT in 0.08s
    cube 3497.53 (depth 1, 18 lits): UNSAT in 0.30s
    cube 3497.54 (depth 1, 18 lits): UNSAT in 0.90s
    cube 3497.55 (depth 1, 18 lits): UNSAT in 2.97s
    cube 3497.56 (depth 1, 18 lits): UNSAT in 0.18s
    cube 3497.57 (depth 1, 18 lits): UNSAT in 0.40s
    cube 3497.58 (depth 1, 18 lits): UNSAT in 0.81s
    cube 3497.59 (depth 1, 18 lits): UNSAT in 0.72s
    cube 3497.60 (depth 1, 18 lits): UNSAT in 0.25s
    cube 3497.61 (depth 1, 18 lits): UNSAT in 0.61s
    cube 3497.62 (depth 1, 18 lits): UNSAT in 0.52s
    cube 3497.63 (depth 1, 18 lits): UNSAT in 0.79s
    cube 3513 (depth 0, 12 lits): UNSAT in 0.04s
    cube 3529 (depth 0, 12 lits): UNSAT in 0.21s
    cube 3545 (depth 0, 12 lits): UNSAT in 0.38s
    cube 3561 (depth 0, 12 lits): UNSAT in 3.39s
    cube 3577 (depth 0, 12 lits): UNSAT in 0.34s
    cube 3593 (depth 0, 12 lits): UNSAT in 0.52s
    cube 3609 (depth 0, 12 lits): UNSAT in 2.93s
    cube 3625 (depth 0, 12 lits): UNSAT in 43.01s
    cube 3641 (depth 0, 12 lits): UNSAT in 0.10s
    cube 3657 (depth 0, 12 lits): UNSAT in 3.34s
    cube 3673 (depth 0, 12 lits): UNSAT in 0.90s
    cube 3689 (depth 0, 12 lits): UNSAT in 36.98s
    cube 3705 (depth 0, 12 lits): UNSAT in 1.28s
    cube 3721 (depth 0, 12 lits): TIMEOUT in 60.06s
    cube 3721 TIMEOUT -> re-split into 64 sub-cubes (depth 1)
    cube 3721.0 (depth 1, 18 lits): UNSAT in 0.01s
    cube 3721.1 (depth 1, 18 lits): UNSAT in 0.02s
    cube 3721.2 (depth 1, 18 lits): UNSAT in 0.01s
    cube 3721.3 (depth 1, 18 lits): UNSAT in 0.04s
    cube 3721.4 (depth 1, 18 lits): UNSAT in 0.01s
    cube 3721.5 (depth 1, 18 lits): UNSAT in 0.02s
    cube 3721.6 (depth 1, 18 lits): UNSAT in 0.01s
    cube 3721.7 (depth 1, 18 lits): UNSAT in 0.06s
    cube 3721.8 (depth 1, 18 lits): UNSAT in 0.01s
    cube 3721.9 (depth 1, 18 lits): UNSAT in 0.03s
    cube 3721.10 (depth 1, 18 lits): UNSAT in 0.02s
    cube 3721.11 (depth 1, 18 lits): UNSAT in 0.04s
    cube 3721.12 (depth 1, 18 lits): UNSAT in 0.06s
    cube 3721.13 (depth 1, 18 lits): UNSAT in 0.06s
    cube 3721.14 (depth 1, 18 lits): UNSAT in 0.06s
    cube 3721.15 (depth 1, 18 lits): UNSAT in 0.17s
    cube 3721.16 (depth 1, 18 lits): UNSAT in 0.02s
    cube 3721.17 (depth 1, 18 lits): UNSAT in 0.01s
    cube 3721.18 (depth 1, 18 lits): UNSAT in 0.02s
    cube 3721.19 (depth 1, 18 lits): UNSAT in 0.03s
    cube 3721.20 (depth 1, 18 lits): UNSAT in 0.01s
    cube 3721.21 (depth 1, 18 lits): UNSAT in 0.05s
    cube 3721.22 (depth 1, 18 lits): UNSAT in 0.05s
    cube 3721.23 (depth 1, 18 lits): UNSAT in 0.13s
    cube 3721.24 (depth 1, 18 lits): UNSAT in 0.03s
    cube 3721.25 (depth 1, 18 lits): UNSAT in 0.08s
    cube 3721.26 (depth 1, 18 lits): UNSAT in 0.05s
    cube 3721.27 (depth 1, 18 lits): UNSAT in 0.19s
    cube 3721.28 (depth 1, 18 lits): UNSAT in 0.12s
    cube 3721.29 (depth 1, 18 lits): UNSAT in 0.31s
    cube 3721.30 (depth 1, 18 lits): UNSAT in 0.27s
    cube 3721.31 (depth 1, 18 lits): UNSAT in 0.19s
    cube 3721.32 (depth 1, 18 lits): UNSAT in 0.03s
    cube 3721.33 (depth 1, 18 lits): UNSAT in 0.07s
    cube 3721.34 (depth 1, 18 lits): UNSAT in 0.08s
    cube 3721.35 (depth 1, 18 lits): UNSAT in 0.19s
    cube 3721.36 (depth 1, 18 lits): UNSAT in 0.03s
    cube 3721.37 (depth 1, 18 lits): UNSAT in 0.11s
    cube 3721.38 (depth 1, 18 lits): UNSAT in 0.03s
    cube 3721.39 (depth 1, 18 lits): UNSAT in 0.41s
    cube 3721.40 (depth 1, 18 lits): UNSAT in 0.04s
    cube 3721.41 (depth 1, 18 lits): UNSAT in 0.11s
    cube 3721.42 (depth 1, 18 lits): UNSAT in 0.12s
    cube 3721.43 (depth 1, 18 lits): UNSAT in 0.40s
    cube 3721.44 (depth 1, 18 lits): UNSAT in 0.45s
    cube 3721.45 (depth 1, 18 lits): UNSAT in 0.54s
    cube 3721.46 (depth 1, 18 lits): UNSAT in 0.34s
    cube 3721.47 (depth 1, 18 lits): UNSAT in 2.39s
    cube 3721.48 (depth 1, 18 lits): UNSAT in 0.05s
    cube 3721.49 (depth 1, 18 lits): UNSAT in 0.13s
    cube 3721.50 (depth 1, 18 lits): UNSAT in 0.04s
    cube 3721.51 (depth 1, 18 lits): UNSAT in 0.42s
    cube 3721.52 (depth 1, 18 lits): UNSAT in 0.20s
    cube 3721.53 (depth 1, 18 lits): UNSAT in 0.84s
    cube 3721.54 (depth 1, 18 lits): UNSAT in 1.05s
    cube 3721.55 (depth 1, 18 lits): UNSAT in 2.40s
    cube 3721.56 (depth 1, 18 lits): UNSAT in 0.10s
    cube 3721.57 (depth 1, 18 lits): UNSAT in 0.59s
    cube 3721.58 (depth 1, 18 lits): UNSAT in 0.87s
    cube 3721.59 (depth 1, 18 lits): UNSAT in 2.71s
    cube 3721.60 (depth 1, 18 lits): UNSAT in 0.66s
    cube 3721.61 (depth 1, 18 lits): UNSAT in 2.76s
    cube 3721.62 (depth 1, 18 lits): UNSAT in 1.71s
    cube 3721.63 (depth 1, 18 lits): UNSAT in 9.47s
    cube 3737 (depth 0, 12 lits): UNSAT in 40.33s
    cube 3753 (depth 0, 12 lits): TIMEOUT in 60.06s
    cube 3753 TIMEOUT -> re-split into 64 sub-cubes (depth 1)
    cube 3753.0 (depth 1, 18 lits): UNSAT in 0.01s
    cube 3753.1 (depth 1, 18 lits): UNSAT in 0.05s
    cube 3753.2 (depth 1, 18 lits): UNSAT in 0.01s
    cube 3753.3 (depth 1, 18 lits): UNSAT in 0.05s
    cube 3753.4 (depth 1, 18 lits): UNSAT in 0.07s
    cube 3753.5 (depth 1, 18 lits): UNSAT in 0.17s
    cube 3753.6 (depth 1, 18 lits): UNSAT in 0.13s
    cube 3753.7 (depth 1, 18 lits): UNSAT in 0.73s
    cube 3753.8 (depth 1, 18 lits): UNSAT in 0.03s
    cube 3753.9 (depth 1, 18 lits): UNSAT in 0.13s
    cube 3753.10 (depth 1, 18 lits): UNSAT in 0.20s
    cube 3753.11 (depth 1, 18 lits): UNSAT in 1.70s
    cube 3753.12 (depth 1, 18 lits): UNSAT in 0.40s
    cube 3753.13 (depth 1, 18 lits): UNSAT in 1.55s
    cube 3753.14 (depth 1, 18 lits): UNSAT in 1.16s
    cube 3753.15 (depth 1, 18 lits): UNSAT in 10.24s
    cube 3753.16 (depth 1, 18 lits): UNSAT in 0.02s
    cube 3753.17 (depth 1, 18 lits): UNSAT in 0.07s
    cube 3753.18 (depth 1, 18 lits): UNSAT in 0.02s
    cube 3753.19 (depth 1, 18 lits): UNSAT in 0.14s
    cube 3753.20 (depth 1, 18 lits): UNSAT in 0.08s
    cube 3753.21 (depth 1, 18 lits): UNSAT in 0.49s
    cube 3753.22 (depth 1, 18 lits): UNSAT in 0.56s
    cube 3753.23 (depth 1, 18 lits): UNSAT in 3.55s
    cube 3753.24 (depth 1, 18 lits): UNSAT in 0.32s
    cube 3753.25 (depth 1, 18 lits): UNSAT in 1.92s
    cube 3753.26 (depth 1, 18 lits): UNSAT in 3.50s
    cube 3753.27 (depth 1, 18 lits): UNSAT in 11.74s
    cube 3753.28 (depth 1, 18 lits): UNSAT in 0.37s
    cube 3753.29 (depth 1, 18 lits): UNSAT in 10.20s
    cube 3753.30 (depth 1, 18 lits): UNSAT in 9.51s
    cube 3753.31 (depth 1, 18 lits): TIMEOUT in 60.06s
    cube 3753.31 TIMEOUT -> re-split into 64 sub-cubes (depth 2)
    cube 3753.31.0 (depth 2, 24 lits): UNSAT in 0.01s
    cube 3753.31.1 (depth 2, 24 lits): UNSAT in 0.01s
    cube 3753.31.2 (depth 2, 24 lits): UNSAT in 0.01s
    cube 3753.31.3 (depth 2, 24 lits): UNSAT in 0.03s
    cube 3753.31.4 (depth 2, 24 lits): UNSAT in 0.03s
    cube 3753.31.5 (depth 2, 24 lits): UNSAT in 0.05s
    cube 3753.31.6 (depth 2, 24 lits): UNSAT in 0.05s
    cube 3753.31.7 (depth 2, 24 lits): UNSAT in 0.16s
    cube 3753.31.8 (depth 2, 24 lits): UNSAT in 0.01s
    cube 3753.31.9 (depth 2, 24 lits): UNSAT in 0.03s
    cube 3753.31.10 (depth 2, 24 lits): UNSAT in 0.03s
    cube 3753.31.11 (depth 2, 24 lits): UNSAT in 0.04s
    cube 3753.31.12 (depth 2, 24 lits): UNSAT in 0.04s
    cube 3753.31.13 (depth 2, 24 lits): UNSAT in 0.16s
    cube 3753.31.14 (depth 2, 24 lits): UNSAT in 0.05s
    cube 3753.31.15 (depth 2, 24 lits): UNSAT in 0.94s
    cube 3753.31.16 (depth 2, 24 lits): UNSAT in 0.01s
    cube 3753.31.17 (depth 2, 24 lits): UNSAT in 0.03s
    cube 3753.31.18 (depth 2, 24 lits): UNSAT in 0.03s
    cube 3753.31.19 (depth 2, 24 lits): UNSAT in 0.04s
    cube 3753.31.20 (depth 2, 24 lits): UNSAT in 0.14s
    cube 3753.31.21 (depth 2, 24 lits): UNSAT in 0.38s
    cube 3753.31.22 (depth 2, 24 lits): UNSAT in 0.16s
    cube 3753.31.23 (depth 2, 24 lits): UNSAT in 0.41s
    cube 3753.31.24 (depth 2, 24 lits): UNSAT in 0.03s
    cube 3753.31.25 (depth 2, 24 lits): UNSAT in 0.12s
    cube 3753.31.26 (depth 2, 24 lits): UNSAT in 0.21s
    cube 3753.31.27 (depth 2, 24 lits): UNSAT in 1.00s
    cube 3753.31.28 (depth 2, 24 lits): UNSAT in 0.25s
    cube 3753.31.29 (depth 2, 24 lits): UNSAT in 1.37s
    cube 3753.31.30 (depth 2, 24 lits): UNSAT in 1.97s
    cube 3753.31.31 (depth 2, 24 lits): UNSAT in 2.63s
    cube 3753.31.32 (depth 2, 24 lits): UNSAT in 0.01s
    cube 3753.31.33 (depth 2, 24 lits): UNSAT in 0.08s
    cube 3753.31.34 (depth 2, 24 lits): UNSAT in 0.05s
    cube 3753.31.35 (depth 2, 24 lits): UNSAT in 0.19s
    cube 3753.31.36 (depth 2, 24 lits): UNSAT in 0.05s
    cube 3753.31.37 (depth 2, 24 lits): UNSAT in 0.20s
    cube 3753.31.38 (depth 2, 24 lits): UNSAT in 0.27s
    cube 3753.31.39 (depth 2, 24 lits): UNSAT in 0.49s
    cube 3753.31.40 (depth 2, 24 lits): UNSAT in 0.05s
    cube 3753.31.41 (depth 2, 24 lits): UNSAT in 0.10s
    cube 3753.31.42 (depth 2, 24 lits): UNSAT in 0.54s
    cube 3753.31.43 (depth 2, 24 lits): UNSAT in 0.75s
    cube 3753.31.44 (depth 2, 24 lits): UNSAT in 0.43s
    cube 3753.31.45 (depth 2, 24 lits): UNSAT in 0.73s
    cube 3753.31.46 (depth 2, 24 lits): UNSAT in 1.95s
    cube 3753.31.47 (depth 2, 24 lits): UNSAT in 5.55s
    cube 3753.31.48 (depth 2, 24 lits): UNSAT in 0.02s
    cube 3753.31.49 (depth 2, 24 lits): UNSAT in 0.06s
    cube 3753.31.50 (depth 2, 24 lits): UNSAT in 0.04s
    cube 3753.31.51 (depth 2, 24 lits): UNSAT in 0.42s
    cube 3753.31.52 (depth 2, 24 lits): UNSAT in 0.07s
    cube 3753.31.53 (depth 2, 24 lits): UNSAT in 0.27s
    cube 3753.31.54 (depth 2, 24 lits): UNSAT in 0.20s
    cube 3753.31.55 (depth 2, 24 lits): UNSAT in 0.37s
    cube 3753.31.56 (depth 2, 24 lits): UNSAT in 0.05s
    cube 3753.31.57 (depth 2, 24 lits): UNSAT in 0.11s
    cube 3753.31.58 (depth 2, 24 lits): UNSAT in 0.50s
    cube 3753.31.59 (depth 2, 24 lits): UNSAT in 0.25s
    cube 3753.31.60 (depth 2, 24 lits): UNSAT in 0.24s
    cube 3753.31.61 (depth 2, 24 lits): UNSAT in 0.90s
    cube 3753.31.62 (depth 2, 24 lits): UNSAT in 1.90s
    cube 3753.31.63 (depth 2, 24 lits): UNSAT in 2.79s
    cube 3753.32 (depth 1, 18 lits): UNSAT in 0.08s
    cube 3753.33 (depth 1, 18 lits): UNSAT in 0.22s
    cube 3753.34 (depth 1, 18 lits): UNSAT in 0.40s
    cube 3753.35 (depth 1, 18 lits): UNSAT in 1.28s
    cube 3753.36 (depth 1, 18 lits): UNSAT in 0.12s
    cube 3753.37 (depth 1, 18 lits): UNSAT in 0.52s
    cube 3753.38 (depth 1, 18 lits): UNSAT in 0.59s
    cube 3753.39 (depth 1, 18 lits): UNSAT in 2.18s
    cube 3753.40 (depth 1, 18 lits): UNSAT in 0.14s
    cube 3753.41 (depth 1, 18 lits): UNSAT in 0.54s
    cube 3753.42 (depth 1, 18 lits): UNSAT in 0.62s
    cube 3753.43 (depth 1, 18 lits): UNSAT in 4.23s
    cube 3753.44 (depth 1, 18 lits): UNSAT in 0.77s
    cube 3753.45 (depth 1, 18 lits): UNSAT in 8.28s
    cube 3753.46 (depth 1, 18 lits): UNSAT in 4.07s
    cube 3753.47 (depth 1, 18 lits): UNSAT in 46.23s
    cube 3753.48 (depth 1, 18 lits): UNSAT in 0.06s
    cube 3753.49 (depth 1, 18 lits): UNSAT in 0.42s
    cube 3753.50 (depth 1, 18 lits): UNSAT in 0.20s
    cube 3753.51 (depth 1, 18 lits): UNSAT in 0.99s
    cube 3753.52 (depth 1, 18 lits): UNSAT in 0.70s
    cube 3753.53 (depth 1, 18 lits): UNSAT in 1.05s
    cube 3753.54 (depth 1, 18 lits): UNSAT in 3.21s
    cube 3753.55 (depth 1, 18 lits): UNSAT in 4.55s
    cube 3753.56 (depth 1, 18 lits): UNSAT in 0.65s
    cube 3753.57 (depth 1, 18 lits): UNSAT in 3.82s
    cube 3753.58 (depth 1, 18 lits): UNSAT in 5.00s
    cube 3753.59 (depth 1, 18 lits): UNSAT in 5.79s
    cube 3753.60 (depth 1, 18 lits): UNSAT in 3.42s
    cube 3753.61 (depth 1, 18 lits): UNSAT in 12.33s
    cube 3753.62 (depth 1, 18 lits): UNSAT in 3.15s
    cube 3753.63 (depth 1, 18 lits): UNSAT in 17.48s
    cube 3769 (depth 0, 12 lits): UNSAT in 0.34s
    cube 3785 (depth 0, 12 lits): UNSAT in 0.52s
    cube 3801 (depth 0, 12 lits): UNSAT in 1.13s
    cube 3817 (depth 0, 12 lits): UNSAT in 3.54s
    cube 3833 (depth 0, 12 lits): UNSAT in 1.28s
    cube 3849 (depth 0, 12 lits): UNSAT in 10.91s
    cube 3865 (depth 0, 12 lits): UNSAT in 13.51s
    cube 3881 (depth 0, 12 lits): TIMEOUT in 60.06s
    cube 3881 TIMEOUT -> re-split into 64 sub-cubes (depth 1)
    cube 3881.0 (depth 1, 18 lits): UNSAT in 0.01s
    cube 3881.1 (depth 1, 18 lits): UNSAT in 0.03s
    cube 3881.2 (depth 1, 18 lits): UNSAT in 0.05s
    cube 3881.3 (depth 1, 18 lits): UNSAT in 0.12s
    cube 3881.4 (depth 1, 18 lits): UNSAT in 0.04s
    cube 3881.5 (depth 1, 18 lits): UNSAT in 0.57s
    cube 3881.6 (depth 1, 18 lits): UNSAT in 0.15s
    cube 3881.7 (depth 1, 18 lits): UNSAT in 0.69s
    cube 3881.8 (depth 1, 18 lits): UNSAT in 0.02s
    cube 3881.9 (depth 1, 18 lits): UNSAT in 0.03s
    cube 3881.10 (depth 1, 18 lits): UNSAT in 0.03s
    cube 3881.11 (depth 1, 18 lits): UNSAT in 0.09s
    cube 3881.12 (depth 1, 18 lits): UNSAT in 0.03s
    cube 3881.13 (depth 1, 18 lits): UNSAT in 0.05s
    cube 3881.14 (depth 1, 18 lits): UNSAT in 0.07s
    cube 3881.15 (depth 1, 18 lits): UNSAT in 0.27s
    cube 3881.16 (depth 1, 18 lits): UNSAT in 0.01s
    cube 3881.17 (depth 1, 18 lits): UNSAT in 0.03s
    cube 3881.18 (depth 1, 18 lits): UNSAT in 0.05s
    cube 3881.19 (depth 1, 18 lits): UNSAT in 0.15s
    cube 3881.20 (depth 1, 18 lits): UNSAT in 0.17s
    cube 3881.21 (depth 1, 18 lits): UNSAT in 0.39s
    cube 3881.22 (depth 1, 18 lits): UNSAT in 0.31s
    cube 3881.23 (depth 1, 18 lits): UNSAT in 0.42s
    cube 3881.24 (depth 1, 18 lits): UNSAT in 0.10s
    cube 3881.25 (depth 1, 18 lits): UNSAT in 0.53s
    cube 3881.26 (depth 1, 18 lits): UNSAT in 0.40s
    cube 3881.27 (depth 1, 18 lits): UNSAT in 0.33s
    cube 3881.28 (depth 1, 18 lits): UNSAT in 0.58s
    cube 3881.29 (depth 1, 18 lits): UNSAT in 0.75s
    cube 3881.30 (depth 1, 18 lits): UNSAT in 2.04s
    cube 3881.31 (depth 1, 18 lits): UNSAT in 1.57s
    cube 3881.32 (depth 1, 18 lits): UNSAT in 0.03s
    cube 3881.33 (depth 1, 18 lits): UNSAT in 0.14s
    cube 3881.34 (depth 1, 18 lits): UNSAT in 0.02s
    cube 3881.35 (depth 1, 18 lits): UNSAT in 0.03s
    cube 3881.36 (depth 1, 18 lits): UNSAT in 0.07s
    cube 3881.37 (depth 1, 18 lits): UNSAT in 0.15s
    cube 3881.38 (depth 1, 18 lits): UNSAT in 0.21s
    cube 3881.39 (depth 1, 18 lits): UNSAT in 0.72s
    cube 3881.40 (depth 1, 18 lits): UNSAT in 0.02s
    cube 3881.41 (depth 1, 18 lits): UNSAT in 0.07s
    cube 3881.42 (depth 1, 18 lits): UNSAT in 0.29s
    cube 3881.43 (depth 1, 18 lits): UNSAT in 0.80s
    cube 3881.44 (depth 1, 18 lits): UNSAT in 0.38s
    cube 3881.45 (depth 1, 18 lits): UNSAT in 2.22s
    cube 3881.46 (depth 1, 18 lits): UNSAT in 4.15s
    cube 3881.47 (depth 1, 18 lits): UNSAT in 3.16s
    cube 3881.48 (depth 1, 18 lits): UNSAT in 0.24s
    cube 3881.49 (depth 1, 18 lits): UNSAT in 0.71s
    cube 3881.50 (depth 1, 18 lits): UNSAT in 0.50s
    cube 3881.51 (depth 1, 18 lits): UNSAT in 1.06s
    cube 3881.52 (depth 1, 18 lits): UNSAT in 0.48s
    cube 3881.53 (depth 1, 18 lits): UNSAT in 0.56s
    cube 3881.54 (depth 1, 18 lits): UNSAT in 1.31s
    cube 3881.55 (depth 1, 18 lits): UNSAT in 9.13s
    cube 3881.56 (depth 1, 18 lits): UNSAT in 0.27s
    cube 3881.57 (depth 1, 18 lits): UNSAT in 1.46s
    cube 3881.58 (depth 1, 18 lits): UNSAT in 1.63s
    cube 3881.59 (depth 1, 18 lits): UNSAT in 18.30s
    cube 3881.60 (depth 1, 18 lits): UNSAT in 1.27s
    cube 3881.61 (depth 1, 18 lits): UNSAT in 10.30s
    cube 3881.62 (depth 1, 18 lits): UNSAT in 4.71s
    cube 3881.63 (depth 1, 18 lits): UNSAT in 23.21s
    cube 3897 (depth 0, 12 lits): UNSAT in 2.94s
    cube 3913 (depth 0, 12 lits): UNSAT in 21.77s
    cube 3929 (depth 0, 12 lits): UNSAT in 12.56s
    cube 3945 (depth 0, 12 lits): UNSAT in 44.45s
    cube 3961 (depth 0, 12 lits): UNSAT in 58.41s
    cube 3977 (depth 0, 12 lits): TIMEOUT in 60.06s
    cube 3977 TIMEOUT -> re-split into 64 sub-cubes (depth 1)
    cube 3977.0 (depth 1, 18 lits): UNSAT in 0.01s
    cube 3977.1 (depth 1, 18 lits): UNSAT in 0.02s
    cube 3977.2 (depth 1, 18 lits): UNSAT in 0.04s
    cube 3977.3 (depth 1, 18 lits): UNSAT in 0.10s
    cube 3977.4 (depth 1, 18 lits): UNSAT in 0.01s
    cube 3977.5 (depth 1, 18 lits): UNSAT in 0.03s
    cube 3977.6 (depth 1, 18 lits): UNSAT in 0.02s
    cube 3977.7 (depth 1, 18 lits): UNSAT in 0.01s
    cube 3977.8 (depth 1, 18 lits): UNSAT in 0.02s
    cube 3977.9 (depth 1, 18 lits): UNSAT in 0.04s
    cube 3977.10 (depth 1, 18 lits): UNSAT in 0.17s
    cube 3977.11 (depth 1, 18 lits): UNSAT in 0.28s
    cube 3977.12 (depth 1, 18 lits): UNSAT in 0.12s
    cube 3977.13 (depth 1, 18 lits): UNSAT in 0.38s
    cube 3977.14 (depth 1, 18 lits): UNSAT in 0.15s
    cube 3977.15 (depth 1, 18 lits): UNSAT in 0.27s
    cube 3977.16 (depth 1, 18 lits): UNSAT in 0.06s
    cube 3977.17 (depth 1, 18 lits): UNSAT in 0.16s
    cube 3977.18 (depth 1, 18 lits): UNSAT in 0.05s
    cube 3977.19 (depth 1, 18 lits): UNSAT in 0.42s
    cube 3977.20 (depth 1, 18 lits): UNSAT in 0.31s
    cube 3977.21 (depth 1, 18 lits): UNSAT in 0.89s
    cube 3977.22 (depth 1, 18 lits): UNSAT in 0.71s
    cube 3977.23 (depth 1, 18 lits): UNSAT in 0.91s
    cube 3977.24 (depth 1, 18 lits): UNSAT in 0.04s
    cube 3977.25 (depth 1, 18 lits): UNSAT in 0.14s
    cube 3977.26 (depth 1, 18 lits): UNSAT in 0.11s
    cube 3977.27 (depth 1, 18 lits): UNSAT in 0.31s
    cube 3977.28 (depth 1, 18 lits): UNSAT in 0.46s
    cube 3977.29 (depth 1, 18 lits): UNSAT in 1.24s
    cube 3977.30 (depth 1, 18 lits): UNSAT in 2.04s
    cube 3977.31 (depth 1, 18 lits): UNSAT in 4.32s
    cube 3977.32 (depth 1, 18 lits): UNSAT in 0.05s
    cube 3977.33 (depth 1, 18 lits): UNSAT in 0.11s
    cube 3977.34 (depth 1, 18 lits): UNSAT in 0.11s
    cube 3977.35 (depth 1, 18 lits): UNSAT in 0.24s
    cube 3977.36 (depth 1, 18 lits): UNSAT in 0.08s
    cube 3977.37 (depth 1, 18 lits): UNSAT in 0.80s
    cube 3977.38 (depth 1, 18 lits): UNSAT in 0.18s
    cube 3977.39 (depth 1, 18 lits): UNSAT in 1.35s
    cube 3977.40 (depth 1, 18 lits): UNSAT in 0.13s
    cube 3977.41 (depth 1, 18 lits): UNSAT in 0.54s
    cube 3977.42 (depth 1, 18 lits): UNSAT in 0.71s
    cube 3977.43 (depth 1, 18 lits): UNSAT in 1.70s
    cube 3977.44 (depth 1, 18 lits): UNSAT in 0.13s
    cube 3977.45 (depth 1, 18 lits): UNSAT in 0.52s
    cube 3977.46 (depth 1, 18 lits): UNSAT in 1.40s
    cube 3977.47 (depth 1, 18 lits): UNSAT in 2.63s
    cube 3977.48 (depth 1, 18 lits): UNSAT in 0.07s
    cube 3977.49 (depth 1, 18 lits): UNSAT in 1.21s
    cube 3977.50 (depth 1, 18 lits): UNSAT in 3.18s
    cube 3977.51 (depth 1, 18 lits): UNSAT in 8.68s
    cube 3977.52 (depth 1, 18 lits): UNSAT in 0.61s
    cube 3977.53 (depth 1, 18 lits): UNSAT in 2.66s
    cube 3977.54 (depth 1, 18 lits): UNSAT in 1.90s
    cube 3977.55 (depth 1, 18 lits): UNSAT in 7.90s
    cube 3977.56 (depth 1, 18 lits): UNSAT in 0.63s
    cube 3977.57 (depth 1, 18 lits): UNSAT in 1.66s
    cube 3977.58 (depth 1, 18 lits): UNSAT in 0.98s
    cube 3977.59 (depth 1, 18 lits): UNSAT in 4.63s
    cube 3977.60 (depth 1, 18 lits): UNSAT in 1.32s
    cube 3977.61 (depth 1, 18 lits): UNSAT in 3.97s
    cube 3977.62 (depth 1, 18 lits): UNSAT in 2.62s
    cube 3977.63 (depth 1, 18 lits): UNSAT in 10.88s
    cube 3993 (depth 0, 12 lits): TIMEOUT in 60.04s
    cube 3993 TIMEOUT -> re-split into 64 sub-cubes (depth 1)
    cube 3993.0 (depth 1, 18 lits): UNSAT in 0.02s
    cube 3993.1 (depth 1, 18 lits): UNSAT in 0.01s
    cube 3993.2 (depth 1, 18 lits): UNSAT in 0.02s
    cube 3993.3 (depth 1, 18 lits): UNSAT in 0.03s
    cube 3993.4 (depth 1, 18 lits): UNSAT in 0.01s
    cube 3993.5 (depth 1, 18 lits): UNSAT in 0.05s
    cube 3993.6 (depth 1, 18 lits): UNSAT in 0.07s
    cube 3993.7 (depth 1, 18 lits): UNSAT in 0.24s
    cube 3993.8 (depth 1, 18 lits): UNSAT in 0.04s
    cube 3993.9 (depth 1, 18 lits): UNSAT in 0.13s
    cube 3993.10 (depth 1, 18 lits): UNSAT in 0.10s
    cube 3993.11 (depth 1, 18 lits): UNSAT in 0.57s
    cube 3993.12 (depth 1, 18 lits): UNSAT in 0.08s
    cube 3993.13 (depth 1, 18 lits): UNSAT in 0.38s
    cube 3993.14 (depth 1, 18 lits): UNSAT in 0.39s
    cube 3993.15 (depth 1, 18 lits): UNSAT in 1.45s
    cube 3993.16 (depth 1, 18 lits): UNSAT in 0.03s
    cube 3993.17 (depth 1, 18 lits): UNSAT in 0.08s
    cube 3993.18 (depth 1, 18 lits): UNSAT in 0.06s
    cube 3993.19 (depth 1, 18 lits): UNSAT in 0.13s
    cube 3993.20 (depth 1, 18 lits): UNSAT in 0.16s
    cube 3993.21 (depth 1, 18 lits): UNSAT in 0.59s
    cube 3993.22 (depth 1, 18 lits): UNSAT in 0.40s
    cube 3993.23 (depth 1, 18 lits): UNSAT in 2.05s
    cube 3993.24 (depth 1, 18 lits): UNSAT in 0.07s
    cube 3993.25 (depth 1, 18 lits): UNSAT in 0.08s
    cube 3993.26 (depth 1, 18 lits): UNSAT in 0.11s
    cube 3993.27 (depth 1, 18 lits): UNSAT in 0.93s
    cube 3993.28 (depth 1, 18 lits): UNSAT in 0.21s
    cube 3993.29 (depth 1, 18 lits): UNSAT in 1.95s
    cube 3993.30 (depth 1, 18 lits): UNSAT in 0.63s
    cube 3993.31 (depth 1, 18 lits): UNSAT in 4.68s
    cube 3993.32 (depth 1, 18 lits): UNSAT in 0.02s
    cube 3993.33 (depth 1, 18 lits): UNSAT in 0.11s
    cube 3993.34 (depth 1, 18 lits): UNSAT in 0.14s
    cube 3993.35 (depth 1, 18 lits): UNSAT in 0.79s
    cube 3993.36 (depth 1, 18 lits): UNSAT in 0.08s
    cube 3993.37 (depth 1, 18 lits): UNSAT in 0.52s
    cube 3993.38 (depth 1, 18 lits): UNSAT in 0.56s
    cube 3993.39 (depth 1, 18 lits): UNSAT in 2.89s
    cube 3993.40 (depth 1, 18 lits): UNSAT in 0.16s
    cube 3993.41 (depth 1, 18 lits): UNSAT in 0.47s
    cube 3993.42 (depth 1, 18 lits): UNSAT in 0.62s
    cube 3993.43 (depth 1, 18 lits): UNSAT in 2.35s
    cube 3993.44 (depth 1, 18 lits): UNSAT in 0.16s
    cube 3993.45 (depth 1, 18 lits): UNSAT in 1.32s
    cube 3993.46 (depth 1, 18 lits): UNSAT in 2.49s
    cube 3993.47 (depth 1, 18 lits): UNSAT in 9.78s
    cube 3993.48 (depth 1, 18 lits): UNSAT in 0.08s
    cube 3993.49 (depth 1, 18 lits): UNSAT in 0.53s
    cube 3993.50 (depth 1, 18 lits): UNSAT in 0.78s
    cube 3993.51 (depth 1, 18 lits): UNSAT in 3.96s
    cube 3993.52 (depth 1, 18 lits): UNSAT in 0.26s
    cube 3993.53 (depth 1, 18 lits): UNSAT in 2.16s
    cube 3993.54 (depth 1, 18 lits): UNSAT in 5.11s
    cube 3993.55 (depth 1, 18 lits): UNSAT in 14.78s
    cube 3993.56 (depth 1, 18 lits): UNSAT in 0.52s
    cube 3993.57 (depth 1, 18 lits): UNSAT in 5.68s
    cube 3993.58 (depth 1, 18 lits): UNSAT in 2.90s
    cube 3993.59 (depth 1, 18 lits): UNSAT in 33.59s
    cube 3993.60 (depth 1, 18 lits): UNSAT in 2.79s
    cube 3993.61 (depth 1, 18 lits): UNSAT in 15.33s
    cube 3993.62 (depth 1, 18 lits): UNSAT in 17.09s
    cube 3993.63 (depth 1, 18 lits): UNSAT in 31.99s
    cube 4009 (depth 0, 12 lits): TIMEOUT in 60.04s
    cube 4009 TIMEOUT -> re-split into 64 sub-cubes (depth 1)
    cube 4009.0 (depth 1, 18 lits): UNSAT in 0.01s
    cube 4009.1 (depth 1, 18 lits): UNSAT in 0.08s
    cube 4009.2 (depth 1, 18 lits): UNSAT in 0.09s
    cube 4009.3 (depth 1, 18 lits): UNSAT in 0.47s
    cube 4009.4 (depth 1, 18 lits): UNSAT in 0.04s
    cube 4009.5 (depth 1, 18 lits): UNSAT in 0.31s
    cube 4009.6 (depth 1, 18 lits): UNSAT in 0.21s
    cube 4009.7 (depth 1, 18 lits): UNSAT in 1.23s
    cube 4009.8 (depth 1, 18 lits): UNSAT in 0.04s
    cube 4009.9 (depth 1, 18 lits): UNSAT in 0.70s
    cube 4009.10 (depth 1, 18 lits): UNSAT in 0.22s
    cube 4009.11 (depth 1, 18 lits): UNSAT in 2.27s
    cube 4009.12 (depth 1, 18 lits): UNSAT in 0.61s
    cube 4009.13 (depth 1, 18 lits): UNSAT in 1.60s
    cube 4009.14 (depth 1, 18 lits): UNSAT in 1.30s
    cube 4009.15 (depth 1, 18 lits): UNSAT in 1.85s
    cube 4009.16 (depth 1, 18 lits): UNSAT in 0.18s
    cube 4009.17 (depth 1, 18 lits): UNSAT in 0.56s
    cube 4009.18 (depth 1, 18 lits): UNSAT in 0.53s
    cube 4009.19 (depth 1, 18 lits): UNSAT in 1.24s
    cube 4009.20 (depth 1, 18 lits): UNSAT in 0.58s
    cube 4009.21 (depth 1, 18 lits): UNSAT in 0.33s
    cube 4009.22 (depth 1, 18 lits): UNSAT in 0.33s
    cube 4009.23 (depth 1, 18 lits): UNSAT in 4.18s
    cube 4009.24 (depth 1, 18 lits): UNSAT in 0.12s
    cube 4009.25 (depth 1, 18 lits): UNSAT in 0.52s
    cube 4009.26 (depth 1, 18 lits): UNSAT in 1.08s
    cube 4009.27 (depth 1, 18 lits): UNSAT in 7.18s
    cube 4009.28 (depth 1, 18 lits): UNSAT in 3.20s
    cube 4009.29 (depth 1, 18 lits): UNSAT in 6.84s
    cube 4009.30 (depth 1, 18 lits): UNSAT in 19.65s
    cube 4009.31 (depth 1, 18 lits): TIMEOUT in 60.06s
    cube 4009.31 TIMEOUT -> re-split into 64 sub-cubes (depth 2)
    cube 4009.31.0 (depth 2, 24 lits): UNSAT in 0.01s
    cube 4009.31.1 (depth 2, 24 lits): UNSAT in 0.03s
    cube 4009.31.2 (depth 2, 24 lits): UNSAT in 0.04s
    cube 4009.31.3 (depth 2, 24 lits): UNSAT in 0.29s
    cube 4009.31.4 (depth 2, 24 lits): UNSAT in 0.04s
    cube 4009.31.5 (depth 2, 24 lits): UNSAT in 0.16s
    cube 4009.31.6 (depth 2, 24 lits): UNSAT in 0.11s
    cube 4009.31.7 (depth 2, 24 lits): UNSAT in 0.60s
    cube 4009.31.8 (depth 2, 24 lits): UNSAT in 0.04s
    cube 4009.31.9 (depth 2, 24 lits): UNSAT in 0.17s
    cube 4009.31.10 (depth 2, 24 lits): UNSAT in 0.08s
    cube 4009.31.11 (depth 2, 24 lits): UNSAT in 0.59s
    cube 4009.31.12 (depth 2, 24 lits): UNSAT in 0.13s
    cube 4009.31.13 (depth 2, 24 lits): UNSAT in 0.26s
    cube 4009.31.14 (depth 2, 24 lits): UNSAT in 0.32s
    cube 4009.31.15 (depth 2, 24 lits): UNSAT in 0.51s
    cube 4009.31.16 (depth 2, 24 lits): UNSAT in 0.03s
    cube 4009.31.17 (depth 2, 24 lits): UNSAT in 0.04s
    cube 4009.31.18 (depth 2, 24 lits): UNSAT in 0.06s
    cube 4009.31.19 (depth 2, 24 lits): UNSAT in 0.09s
    cube 4009.31.20 (depth 2, 24 lits): UNSAT in 0.14s
    cube 4009.31.21 (depth 2, 24 lits): UNSAT in 0.21s
    cube 4009.31.22 (depth 2, 24 lits): UNSAT in 0.22s
    cube 4009.31.23 (depth 2, 24 lits): UNSAT in 0.17s
    cube 4009.31.24 (depth 2, 24 lits): UNSAT in 0.05s
    cube 4009.31.25 (depth 2, 24 lits): UNSAT in 0.47s
    cube 4009.31.26 (depth 2, 24 lits): UNSAT in 0.33s
    cube 4009.31.27 (depth 2, 24 lits): UNSAT in 2.96s
    cube 4009.31.28 (depth 2, 24 lits): UNSAT in 1.12s
    cube 4009.31.29 (depth 2, 24 lits): UNSAT in 0.93s
    cube 4009.31.30 (depth 2, 24 lits): UNSAT in 0.68s
    cube 4009.31.31 (depth 2, 24 lits): UNSAT in 1.88s
    cube 4009.31.32 (depth 2, 24 lits): UNSAT in 0.05s
    cube 4009.31.33 (depth 2, 24 lits): UNSAT in 0.40s
    cube 4009.31.34 (depth 2, 24 lits): UNSAT in 0.28s
    cube 4009.31.35 (depth 2, 24 lits): UNSAT in 0.92s
    cube 4009.31.36 (depth 2, 24 lits): UNSAT in 0.31s
    cube 4009.31.37 (depth 2, 24 lits): UNSAT in 1.25s
    cube 4009.31.38 (depth 2, 24 lits): UNSAT in 0.69s
    cube 4009.31.39 (depth 2, 24 lits): UNSAT in 1.35s
    cube 4009.31.40 (depth 2, 24 lits): UNSAT in 0.06s
    cube 4009.31.41 (depth 2, 24 lits): UNSAT in 0.13s
    cube 4009.31.42 (depth 2, 24 lits): UNSAT in 0.27s
    cube 4009.31.43 (depth 2, 24 lits): UNSAT in 0.54s
    cube 4009.31.44 (depth 2, 24 lits): UNSAT in 0.37s
    cube 4009.31.45 (depth 2, 24 lits): UNSAT in 3.21s
    cube 4009.31.46 (depth 2, 24 lits): UNSAT in 4.14s
    cube 4009.31.47 (depth 2, 24 lits): UNSAT in 2.58s
    cube 4009.31.48 (depth 2, 24 lits): UNSAT in 0.03s
    cube 4009.31.49 (depth 2, 24 lits): UNSAT in 0.07s
    cube 4009.31.50 (depth 2, 24 lits): UNSAT in 0.12s
    cube 4009.31.51 (depth 2, 24 lits): UNSAT in 0.47s
    cube 4009.31.52 (depth 2, 24 lits): UNSAT in 0.05s
    cube 4009.31.53 (depth 2, 24 lits): UNSAT in 0.17s
    cube 4009.31.54 (depth 2, 24 lits): UNSAT in 0.47s
    cube 4009.31.55 (depth 2, 24 lits): UNSAT in 2.70s
    cube 4009.31.56 (depth 2, 24 lits): UNSAT in 0.03s
    cube 4009.31.57 (depth 2, 24 lits): UNSAT in 0.05s
    cube 4009.31.58 (depth 2, 24 lits): UNSAT in 0.37s
    cube 4009.31.59 (depth 2, 24 lits): UNSAT in 0.17s
    cube 4009.31.60 (depth 2, 24 lits): UNSAT in 0.65s
    cube 4009.31.61 (depth 2, 24 lits): UNSAT in 1.13s
    cube 4009.31.62 (depth 2, 24 lits): UNSAT in 0.86s
    cube 4009.31.63 (depth 2, 24 lits): UNSAT in 5.42s
    cube 4009.32 (depth 1, 18 lits): UNSAT in 0.05s
    cube 4009.33 (depth 1, 18 lits): UNSAT in 0.12s
    cube 4009.34 (depth 1, 18 lits): UNSAT in 0.65s
    cube 4009.35 (depth 1, 18 lits): UNSAT in 1.55s
    cube 4009.36 (depth 1, 18 lits): UNSAT in 0.52s
    cube 4009.37 (depth 1, 18 lits): UNSAT in 7.26s
    cube 4009.38 (depth 1, 18 lits): UNSAT in 0.59s
    cube 4009.39 (depth 1, 18 lits): UNSAT in 4.37s
    cube 4009.40 (depth 1, 18 lits): UNSAT in 0.36s
    cube 4009.41 (depth 1, 18 lits): UNSAT in 0.98s
    cube 4009.42 (depth 1, 18 lits): UNSAT in 1.59s
    cube 4009.43 (depth 1, 18 lits): UNSAT in 6.93s
    cube 4009.44 (depth 1, 18 lits): UNSAT in 1.92s
    cube 4009.45 (depth 1, 18 lits): UNSAT in 8.25s
    cube 4009.46 (depth 1, 18 lits): UNSAT in 4.78s
    cube 4009.47 (depth 1, 18 lits): UNSAT in 14.76s
    cube 4009.48 (depth 1, 18 lits): UNSAT in 0.30s
    cube 4009.49 (depth 1, 18 lits): UNSAT in 1.45s
    cube 4009.50 (depth 1, 18 lits): UNSAT in 1.71s
    cube 4009.51 (depth 1, 18 lits): UNSAT in 2.46s
    cube 4009.52 (depth 1, 18 lits): UNSAT in 2.84s
    cube 4009.53 (depth 1, 18 lits): UNSAT in 4.64s
    cube 4009.54 (depth 1, 18 lits): UNSAT in 8.57s
    cube 4009.55 (depth 1, 18 lits): UNSAT in 29.28s
    cube 4009.56 (depth 1, 18 lits): UNSAT in 0.88s
    cube 4009.57 (depth 1, 18 lits): UNSAT in 3.45s
    cube 4009.58 (depth 1, 18 lits): UNSAT in 3.47s
    cube 4009.59 (depth 1, 18 lits): UNSAT in 11.09s
    cube 4009.60 (depth 1, 18 lits): UNSAT in 6.39s
    cube 4009.61 (depth 1, 18 lits): UNSAT in 7.29s
    cube 4009.62 (depth 1, 18 lits): UNSAT in 34.35s
    cube 4009.63 (depth 1, 18 lits): UNSAT in 46.85s

  shard 9 verdict: UNSAT (251 UNSAT, 0 unresolved) in 3282.8s
