  shard 6/16 (round-robin): 251 of 4022 cubes, per-cube cap 60.0s, re-split depth 3
    batch [6..3190] TIMEOUT in 900.0s -> per-cube fallback
    cube 6 (depth 0, 12 lits): UNSAT in 0.01s
    cube 22 (depth 0, 12 lits): UNSAT in 0.01s
    cube 38 (depth 0, 12 lits): UNSAT in 0.08s
    cube 54 (depth 0, 12 lits): UNSAT in 0.01s
    cube 70 (depth 0, 12 lits): UNSAT in 0.01s
    cube 86 (depth 0, 12 lits): UNSAT in 0.03s
    cube 102 (depth 0, 12 lits): UNSAT in 0.02s
    cube 118 (depth 0, 12 lits): UNSAT in 0.09s
    cube 134 (depth 0, 12 lits): UNSAT in 0.02s
    cube 150 (depth 0, 12 lits): UNSAT in 0.55s
    cube 166 (depth 0, 12 lits): UNSAT in 0.60s
    cube 182 (depth 0, 12 lits): UNSAT in 3.10s
    cube 198 (depth 0, 12 lits): UNSAT in 3.71s
    cube 214 (depth 0, 12 lits): UNSAT in 5.89s
    cube 230 (depth 0, 12 lits): UNSAT in 0.02s
    cube 246 (depth 0, 12 lits): UNSAT in 0.01s
    cube 262 (depth 0, 12 lits): UNSAT in 0.04s
    cube 278 (depth 0, 12 lits): UNSAT in 0.02s
    cube 294 (depth 0, 12 lits): UNSAT in 0.08s
    cube 310 (depth 0, 12 lits): UNSAT in 0.04s
    cube 326 (depth 0, 12 lits): UNSAT in 0.21s
    cube 342 (depth 0, 12 lits): UNSAT in 0.01s
    cube 358 (depth 0, 12 lits): UNSAT in 0.04s
    cube 374 (depth 0, 12 lits): UNSAT in 0.03s
    cube 390 (depth 0, 12 lits): UNSAT in 0.15s
    cube 406 (depth 0, 12 lits): UNSAT in 0.02s
    cube 422 (depth 0, 12 lits): UNSAT in 0.04s
    cube 438 (depth 0, 12 lits): UNSAT in 0.14s
    cube 454 (depth 0, 12 lits): UNSAT in 0.30s
    cube 470 (depth 0, 12 lits): UNSAT in 0.01s
    cube 486 (depth 0, 12 lits): UNSAT in 0.01s
    cube 502 (depth 0, 12 lits): UNSAT in 0.02s
    cube 518 (depth 0, 12 lits): UNSAT in 0.02s
    cube 534 (depth 0, 12 lits): UNSAT in 0.02s
    cube 550 (depth 0, 12 lits): UNSAT in 0.02s
    cube 566 (depth 0, 12 lits): UNSAT in 0.04s
    cube 582 (depth 0, 12 lits): UNSAT in 0.43s
    cube 598 (depth 0, 12 lits): UNSAT in 0.06s
    cube 614 (depth 0, 12 lits): UNSAT in 0.08s
    cube 630 (depth 0, 12 lits): UNSAT in 0.15s
    cube 646 (depth 0, 12 lits): UNSAT in 0.02s
    cube 662 (depth 0, 12 lits): UNSAT in 0.06s
    cube 678 (depth 0, 12 lits): UNSAT in 0.08s
    cube 694 (depth 0, 12 lits): UNSAT in 0.36s
    cube 710 (depth 0, 12 lits): UNSAT in 1.75s
    cube 726 (depth 0, 12 lits): UNSAT in 0.02s
    cube 742 (depth 0, 12 lits): UNSAT in 0.05s
    cube 758 (depth 0, 12 lits): UNSAT in 0.13s
    cube 774 (depth 0, 12 lits): UNSAT in 0.66s
    cube 790 (depth 0, 12 lits): UNSAT in 0.02s
    cube 806 (depth 0, 12 lits): UNSAT in 0.20s
    cube 822 (depth 0, 12 lits): UNSAT in 1.11s
    cube 838 (depth 0, 12 lits): UNSAT in 2.94s
    cube 854 (depth 0, 12 lits): UNSAT in 0.12s
    cube 870 (depth 0, 12 lits): UNSAT in 0.45s
    cube 886 (depth 0, 12 lits): UNSAT in 0.71s
    cube 902 (depth 0, 12 lits): UNSAT in 4.87s
    cube 918 (depth 0, 12 lits): UNSAT in 0.59s
    cube 934 (depth 0, 12 lits): UNSAT in 1.38s
    cube 950 (depth 0, 12 lits): UNSAT in 0.57s
    cube 966 (depth 0, 12 lits): UNSAT in 32.77s
    cube 982 (depth 0, 12 lits): UNSAT in 0.03s
    cube 998 (depth 0, 12 lits): UNSAT in 0.09s
    cube 1014 (depth 0, 12 lits): UNSAT in 0.05s
    cube 1030 (depth 0, 12 lits): UNSAT in 1.13s
    cube 1046 (depth 0, 12 lits): UNSAT in 0.12s
    cube 1062 (depth 0, 12 lits): UNSAT in 0.39s
    cube 1078 (depth 0, 12 lits): UNSAT in 0.86s
    cube 1094 (depth 0, 12 lits): UNSAT in 5.64s
    cube 1110 (depth 0, 12 lits): UNSAT in 0.50s
    cube 1126 (depth 0, 12 lits): UNSAT in 3.58s
    cube 1142 (depth 0, 12 lits): UNSAT in 3.83s
    cube 1158 (depth 0, 12 lits): UNSAT in 14.15s
    cube 1174 (depth 0, 12 lits): UNSAT in 10.38s
    cube 1190 (depth 0, 12 lits): UNSAT in 22.18s
    cube 1206 (depth 0, 12 lits): TIMEOUT in 60.06s
    cube 1206 TIMEOUT -> re-split into 63 sub-cubes (depth 1)
    cube 1206.0 (depth 1, 17 lits): UNSAT in 0.01s
    cube 1206.1 (depth 1, 18 lits): UNSAT in 0.01s
    cube 1206.2 (depth 1, 18 lits): UNSAT in 0.02s
    cube 1206.3 (depth 1, 18 lits): UNSAT in 0.02s
    cube 1206.4 (depth 1, 18 lits): UNSAT in 0.06s
    cube 1206.5 (depth 1, 18 lits): UNSAT in 0.03s
    cube 1206.6 (depth 1, 18 lits): UNSAT in 0.24s
    cube 1206.7 (depth 1, 18 lits): UNSAT in 0.02s
    cube 1206.8 (depth 1, 18 lits): UNSAT in 0.02s
    cube 1206.9 (depth 1, 18 lits): UNSAT in 0.07s
    cube 1206.10 (depth 1, 18 lits): UNSAT in 0.07s
    cube 1206.11 (depth 1, 18 lits): UNSAT in 0.07s
    cube 1206.12 (depth 1, 18 lits): UNSAT in 0.31s
    cube 1206.13 (depth 1, 18 lits): UNSAT in 0.24s
    cube 1206.14 (depth 1, 18 lits): UNSAT in 0.51s
    cube 1206.15 (depth 1, 18 lits): UNSAT in 0.01s
    cube 1206.16 (depth 1, 18 lits): UNSAT in 0.03s
    cube 1206.17 (depth 1, 18 lits): UNSAT in 0.04s
    cube 1206.18 (depth 1, 18 lits): UNSAT in 0.17s
    cube 1206.19 (depth 1, 18 lits): UNSAT in 0.06s
    cube 1206.20 (depth 1, 18 lits): UNSAT in 0.10s
    cube 1206.21 (depth 1, 18 lits): UNSAT in 0.33s
    cube 1206.22 (depth 1, 18 lits): UNSAT in 0.75s
    cube 1206.23 (depth 1, 18 lits): UNSAT in 0.03s
    cube 1206.24 (depth 1, 18 lits): UNSAT in 0.08s
    cube 1206.25 (depth 1, 18 lits): UNSAT in 0.33s
    cube 1206.26 (depth 1, 18 lits): UNSAT in 0.94s
    cube 1206.27 (depth 1, 18 lits): UNSAT in 0.11s
    cube 1206.28 (depth 1, 18 lits): UNSAT in 1.08s
    cube 1206.29 (depth 1, 18 lits): UNSAT in 1.05s
    cube 1206.30 (depth 1, 18 lits): UNSAT in 0.38s
    cube 1206.31 (depth 1, 18 lits): UNSAT in 0.02s
    cube 1206.32 (depth 1, 18 lits): UNSAT in 0.07s
    cube 1206.33 (depth 1, 18 lits): UNSAT in 0.03s
    cube 1206.34 (depth 1, 18 lits): UNSAT in 0.12s
    cube 1206.35 (depth 1, 18 lits): UNSAT in 0.05s
    cube 1206.36 (depth 1, 18 lits): UNSAT in 0.24s
    cube 1206.37 (depth 1, 18 lits): UNSAT in 0.26s
    cube 1206.38 (depth 1, 18 lits): UNSAT in 0.83s
    cube 1206.39 (depth 1, 18 lits): UNSAT in 0.06s
    cube 1206.40 (depth 1, 18 lits): UNSAT in 0.25s
    cube 1206.41 (depth 1, 18 lits): UNSAT in 0.31s
    cube 1206.42 (depth 1, 18 lits): UNSAT in 1.07s
    cube 1206.43 (depth 1, 18 lits): UNSAT in 0.38s
    cube 1206.44 (depth 1, 18 lits): UNSAT in 1.47s
    cube 1206.45 (depth 1, 18 lits): UNSAT in 2.76s
    cube 1206.46 (depth 1, 18 lits): UNSAT in 2.19s
    cube 1206.47 (depth 1, 18 lits): UNSAT in 0.07s
    cube 1206.48 (depth 1, 18 lits): UNSAT in 0.16s
    cube 1206.49 (depth 1, 18 lits): UNSAT in 0.04s
    cube 1206.50 (depth 1, 18 lits): UNSAT in 0.26s
    cube 1206.51 (depth 1, 18 lits): UNSAT in 0.28s
    cube 1206.52 (depth 1, 18 lits): UNSAT in 1.12s
    cube 1206.53 (depth 1, 18 lits): UNSAT in 0.54s
    cube 1206.54 (depth 1, 18 lits): UNSAT in 2.31s
    cube 1206.55 (depth 1, 18 lits): UNSAT in 0.31s
    cube 1206.56 (depth 1, 18 lits): UNSAT in 1.15s
    cube 1206.57 (depth 1, 18 lits): UNSAT in 2.57s
    cube 1206.58 (depth 1, 18 lits): UNSAT in 9.72s
    cube 1206.59 (depth 1, 18 lits): UNSAT in 0.25s
    cube 1206.60 (depth 1, 18 lits): UNSAT in 0.73s
    cube 1206.61 (depth 1, 18 lits): UNSAT in 1.12s
    cube 1206.62 (depth 1, 18 lits): UNSAT in 4.47s
    cube 1222 (depth 0, 12 lits): TIMEOUT in 60.06s
    cube 1222 TIMEOUT -> re-split into 63 sub-cubes (depth 1)
    cube 1222.0 (depth 1, 18 lits): UNSAT in 0.02s
    cube 1222.1 (depth 1, 18 lits): UNSAT in 0.03s
    cube 1222.2 (depth 1, 18 lits): UNSAT in 0.03s
    cube 1222.3 (depth 1, 18 lits): UNSAT in 0.04s
    cube 1222.4 (depth 1, 18 lits): UNSAT in 0.04s
    cube 1222.5 (depth 1, 18 lits): UNSAT in 0.09s
    cube 1222.6 (depth 1, 18 lits): UNSAT in 0.08s
    cube 1222.7 (depth 1, 18 lits): UNSAT in 0.20s
    cube 1222.8 (depth 1, 18 lits): UNSAT in 0.03s
    cube 1222.9 (depth 1, 18 lits): UNSAT in 0.07s
    cube 1222.10 (depth 1, 18 lits): UNSAT in 0.06s
    cube 1222.11 (depth 1, 18 lits): UNSAT in 0.24s
    cube 1222.12 (depth 1, 18 lits): UNSAT in 0.03s
    cube 1222.13 (depth 1, 18 lits): UNSAT in 0.23s
    cube 1222.14 (depth 1, 18 lits): UNSAT in 0.45s
    cube 1222.15 (depth 1, 18 lits): UNSAT in 0.70s
    cube 1222.16 (depth 1, 18 lits): UNSAT in 0.02s
    cube 1222.17 (depth 1, 18 lits): UNSAT in 0.02s
    cube 1222.18 (depth 1, 18 lits): UNSAT in 0.05s
    cube 1222.19 (depth 1, 18 lits): UNSAT in 0.22s
    cube 1222.20 (depth 1, 18 lits): UNSAT in 0.04s
    cube 1222.21 (depth 1, 18 lits): UNSAT in 0.13s
    cube 1222.22 (depth 1, 18 lits): UNSAT in 0.35s
    cube 1222.23 (depth 1, 18 lits): UNSAT in 0.72s
    cube 1222.24 (depth 1, 18 lits): UNSAT in 0.06s
    cube 1222.25 (depth 1, 18 lits): UNSAT in 0.20s
    cube 1222.26 (depth 1, 18 lits): UNSAT in 0.07s
    cube 1222.27 (depth 1, 18 lits): UNSAT in 0.50s
    cube 1222.28 (depth 1, 18 lits): UNSAT in 1.40s
    cube 1222.29 (depth 1, 18 lits): UNSAT in 1.55s
    cube 1222.30 (depth 1, 18 lits): UNSAT in 1.10s
    cube 1222.31 (depth 1, 18 lits): UNSAT in 0.79s
    cube 1222.32 (depth 1, 18 lits): UNSAT in 0.02s
    cube 1222.33 (depth 1, 18 lits): UNSAT in 0.02s
    cube 1222.34 (depth 1, 18 lits): UNSAT in 0.03s
    cube 1222.35 (depth 1, 18 lits): UNSAT in 0.02s
    cube 1222.36 (depth 1, 18 lits): UNSAT in 0.02s
    cube 1222.37 (depth 1, 18 lits): UNSAT in 0.07s
    cube 1222.38 (depth 1, 18 lits): UNSAT in 0.10s
    cube 1222.39 (depth 1, 18 lits): UNSAT in 0.17s
    cube 1222.40 (depth 1, 17 lits): UNSAT in 0.01s
    cube 1222.41 (depth 1, 18 lits): UNSAT in 0.06s
    cube 1222.42 (depth 1, 18 lits): UNSAT in 0.11s
    cube 1222.43 (depth 1, 18 lits): UNSAT in 0.02s
    cube 1222.44 (depth 1, 18 lits): UNSAT in 0.16s
    cube 1222.45 (depth 1, 18 lits): UNSAT in 0.29s
    cube 1222.46 (depth 1, 18 lits): UNSAT in 0.21s
    cube 1222.47 (depth 1, 18 lits): UNSAT in 0.02s
    cube 1222.48 (depth 1, 18 lits): UNSAT in 0.04s
    cube 1222.49 (depth 1, 18 lits): UNSAT in 0.02s
    cube 1222.50 (depth 1, 18 lits): UNSAT in 0.18s
    cube 1222.51 (depth 1, 18 lits): UNSAT in 0.04s
    cube 1222.52 (depth 1, 18 lits): UNSAT in 0.55s
    cube 1222.53 (depth 1, 18 lits): UNSAT in 0.23s
    cube 1222.54 (depth 1, 18 lits): UNSAT in 1.06s
    cube 1222.55 (depth 1, 18 lits): UNSAT in 0.10s
    cube 1222.56 (depth 1, 18 lits): UNSAT in 0.39s
    cube 1222.57 (depth 1, 18 lits): UNSAT in 0.20s
    cube 1222.58 (depth 1, 18 lits): UNSAT in 1.16s
    cube 1222.59 (depth 1, 18 lits): UNSAT in 1.08s
    cube 1222.60 (depth 1, 18 lits): UNSAT in 2.30s
    cube 1222.61 (depth 1, 18 lits): UNSAT in 1.01s
    cube 1222.62 (depth 1, 18 lits): UNSAT in 4.00s
    cube 1238 (depth 0, 12 lits): UNSAT in 0.13s
    cube 1254 (depth 0, 12 lits): UNSAT in 1.35s
    cube 1270 (depth 0, 12 lits): UNSAT in 0.16s
    cube 1286 (depth 0, 12 lits): UNSAT in 20.64s
    cube 1302 (depth 0, 12 lits): UNSAT in 3.60s
    cube 1318 (depth 0, 12 lits): UNSAT in 12.73s
    cube 1334 (depth 0, 12 lits): UNSAT in 23.21s
    cube 1350 (depth 0, 12 lits): UNSAT in 7.82s
    cube 1366 (depth 0, 12 lits): UNSAT in 0.61s
    cube 1382 (depth 0, 12 lits): UNSAT in 2.49s
    cube 1398 (depth 0, 12 lits): UNSAT in 57.55s
    cube 1414 (depth 0, 12 lits): UNSAT in 15.24s
    cube 1430 (depth 0, 12 lits): UNSAT in 1.43s
    cube 1446 (depth 0, 12 lits): UNSAT in 10.12s
    cube 1462 (depth 0, 12 lits): UNSAT in 3.56s
    cube 1478 (depth 0, 12 lits): UNSAT in 30.25s
    cube 1494 (depth 0, 11 lits): UNSAT in 0.01s
    cube 1510 (depth 0, 12 lits): UNSAT in 0.02s
    cube 1526 (depth 0, 12 lits): UNSAT in 0.14s
    cube 1542 (depth 0, 12 lits): UNSAT in 0.01s
    cube 1558 (depth 0, 12 lits): UNSAT in 0.15s
    cube 1574 (depth 0, 12 lits): UNSAT in 0.03s
    cube 1590 (depth 0, 12 lits): UNSAT in 0.61s
    cube 1606 (depth 0, 12 lits): UNSAT in 0.02s
    cube 1622 (depth 0, 12 lits): UNSAT in 0.22s
    cube 1638 (depth 0, 12 lits): UNSAT in 0.35s
    cube 1654 (depth 0, 12 lits): UNSAT in 0.53s
    cube 1670 (depth 0, 12 lits): UNSAT in 0.08s
    cube 1686 (depth 0, 12 lits): UNSAT in 0.23s
    cube 1702 (depth 0, 12 lits): UNSAT in 0.43s
    cube 1718 (depth 0, 12 lits): UNSAT in 1.85s
    cube 1734 (depth 0, 12 lits): UNSAT in 0.03s
    cube 1750 (depth 0, 12 lits): UNSAT in 0.05s
    cube 1766 (depth 0, 12 lits): UNSAT in 0.07s
    cube 1782 (depth 0, 12 lits): UNSAT in 1.73s
    cube 1798 (depth 0, 12 lits): UNSAT in 0.31s
    cube 1814 (depth 0, 12 lits): UNSAT in 0.27s
    cube 1830 (depth 0, 12 lits): UNSAT in 0.71s
    cube 1846 (depth 0, 12 lits): UNSAT in 8.17s
    cube 1862 (depth 0, 12 lits): UNSAT in 0.17s
    cube 1878 (depth 0, 12 lits): UNSAT in 0.22s
    cube 1894 (depth 0, 12 lits): UNSAT in 1.67s
    cube 1910 (depth 0, 12 lits): UNSAT in 5.51s
    cube 1926 (depth 0, 12 lits): UNSAT in 1.04s
    cube 1942 (depth 0, 12 lits): UNSAT in 2.90s
    cube 1958 (depth 0, 12 lits): UNSAT in 11.14s
    cube 1974 (depth 0, 12 lits): UNSAT in 30.01s
    cube 1990 (depth 0, 10 lits): UNSAT in 0.01s
    cube 2006 (depth 0, 12 lits): UNSAT in 0.02s
    cube 2022 (depth 0, 12 lits): UNSAT in 0.04s
    cube 2038 (depth 0, 12 lits): UNSAT in 0.11s
    cube 2054 (depth 0, 12 lits): UNSAT in 0.04s
    cube 2070 (depth 0, 12 lits): UNSAT in 0.08s
    cube 2086 (depth 0, 12 lits): UNSAT in 0.06s
    cube 2102 (depth 0, 12 lits): UNSAT in 3.17s
    cube 2118 (depth 0, 12 lits): UNSAT in 0.07s
    cube 2134 (depth 0, 12 lits): UNSAT in 0.11s
    cube 2150 (depth 0, 12 lits): UNSAT in 0.70s
    cube 2166 (depth 0, 12 lits): UNSAT in 1.92s
    cube 2182 (depth 0, 12 lits): UNSAT in 1.43s
    cube 2198 (depth 0, 12 lits): UNSAT in 2.21s
    cube 2214 (depth 0, 12 lits): UNSAT in 1.39s
    cube 2230 (depth 0, 12 lits): UNSAT in 2.53s
    cube 2246 (depth 0, 12 lits): UNSAT in 0.07s
    cube 2262 (depth 0, 12 lits): UNSAT in 0.37s
    cube 2278 (depth 0, 12 lits): UNSAT in 1.71s
    cube 2294 (depth 0, 12 lits): UNSAT in 52.26s
    cube 2310 (depth 0, 12 lits): UNSAT in 0.99s
    cube 2326 (depth 0, 12 lits): UNSAT in 15.91s
    cube 2342 (depth 0, 12 lits): UNSAT in 12.40s
    cube 2358 (depth 0, 12 lits): UNSAT in 1.39s
    cube 2374 (depth 0, 12 lits): UNSAT in 1.82s
    cube 2390 (depth 0, 12 lits): UNSAT in 5.66s
    cube 2406 (depth 0, 12 lits): UNSAT in 5.24s
    cube 2422 (depth 0, 12 lits): TIMEOUT in 60.06s
    cube 2422 TIMEOUT -> re-split into 64 sub-cubes (depth 1)
    cube 2422.0 (depth 1, 18 lits): UNSAT in 0.04s
    cube 2422.1 (depth 1, 18 lits): UNSAT in 0.07s
    cube 2422.2 (depth 1, 18 lits): UNSAT in 0.05s
    cube 2422.3 (depth 1, 18 lits): UNSAT in 0.26s
    cube 2422.4 (depth 1, 18 lits): UNSAT in 0.14s
    cube 2422.5 (depth 1, 18 lits): UNSAT in 0.46s
    cube 2422.6 (depth 1, 18 lits): UNSAT in 0.12s
    cube 2422.7 (depth 1, 18 lits): UNSAT in 0.88s
    cube 2422.8 (depth 1, 18 lits): UNSAT in 0.06s
    cube 2422.9 (depth 1, 18 lits): UNSAT in 0.10s
    cube 2422.10 (depth 1, 18 lits): UNSAT in 0.10s
    cube 2422.11 (depth 1, 18 lits): UNSAT in 0.32s
    cube 2422.12 (depth 1, 18 lits): UNSAT in 0.08s
    cube 2422.13 (depth 1, 18 lits): UNSAT in 0.25s
    cube 2422.14 (depth 1, 18 lits): UNSAT in 0.50s
    cube 2422.15 (depth 1, 18 lits): UNSAT in 0.37s
    cube 2422.16 (depth 1, 18 lits): UNSAT in 0.02s
    cube 2422.17 (depth 1, 18 lits): UNSAT in 0.15s
    cube 2422.18 (depth 1, 18 lits): UNSAT in 0.05s
    cube 2422.19 (depth 1, 18 lits): UNSAT in 0.61s
    cube 2422.20 (depth 1, 18 lits): UNSAT in 0.08s
    cube 2422.21 (depth 1, 18 lits): UNSAT in 0.55s
    cube 2422.22 (depth 1, 18 lits): UNSAT in 0.18s
    cube 2422.23 (depth 1, 18 lits): UNSAT in 0.58s
    cube 2422.24 (depth 1, 18 lits): UNSAT in 0.05s
    cube 2422.25 (depth 1, 18 lits): UNSAT in 0.52s
    cube 2422.26 (depth 1, 18 lits): UNSAT in 0.59s
    cube 2422.27 (depth 1, 18 lits): UNSAT in 4.79s
    cube 2422.28 (depth 1, 18 lits): UNSAT in 0.95s
    cube 2422.29 (depth 1, 18 lits): UNSAT in 3.53s
    cube 2422.30 (depth 1, 18 lits): UNSAT in 1.71s
    cube 2422.31 (depth 1, 18 lits): UNSAT in 8.41s
    cube 2422.32 (depth 1, 18 lits): UNSAT in 0.01s
    cube 2422.33 (depth 1, 18 lits): UNSAT in 0.01s
    cube 2422.34 (depth 1, 18 lits): UNSAT in 0.01s
    cube 2422.35 (depth 1, 18 lits): UNSAT in 0.01s
    cube 2422.36 (depth 1, 18 lits): UNSAT in 0.02s
    cube 2422.37 (depth 1, 18 lits): UNSAT in 0.07s
    cube 2422.38 (depth 1, 18 lits): UNSAT in 0.04s
    cube 2422.39 (depth 1, 18 lits): UNSAT in 0.05s
    cube 2422.40 (depth 1, 18 lits): UNSAT in 0.06s
    cube 2422.41 (depth 1, 18 lits): UNSAT in 0.08s
    cube 2422.42 (depth 1, 18 lits): UNSAT in 0.10s
    cube 2422.43 (depth 1, 18 lits): UNSAT in 0.49s
    cube 2422.44 (depth 1, 18 lits): UNSAT in 0.19s
    cube 2422.45 (depth 1, 18 lits): UNSAT in 0.45s
    cube 2422.46 (depth 1, 18 lits): UNSAT in 0.40s
    cube 2422.47 (depth 1, 18 lits): UNSAT in 3.34s
    cube 2422.48 (depth 1, 18 lits): UNSAT in 0.06s
    cube 2422.49 (depth 1, 18 lits): UNSAT in 0.17s
    cube 2422.50 (depth 1, 18 lits): UNSAT in 0.15s
    cube 2422.51 (depth 1, 18 lits): UNSAT in 0.81s
    cube 2422.52 (depth 1, 18 lits): UNSAT in 0.10s
    cube 2422.53 (depth 1, 18 lits): UNSAT in 0.60s
    cube 2422.54 (depth 1, 18 lits): UNSAT in 0.34s
    cube 2422.55 (depth 1, 18 lits): UNSAT in 0.32s
    cube 2422.56 (depth 1, 18 lits): UNSAT in 0.10s
    cube 2422.57 (depth 1, 18 lits): UNSAT in 1.19s
    cube 2422.58 (depth 1, 18 lits): UNSAT in 1.06s
    cube 2422.59 (depth 1, 18 lits): UNSAT in 3.04s
    cube 2422.60 (depth 1, 18 lits): UNSAT in 0.38s
    cube 2422.61 (depth 1, 18 lits): UNSAT in 1.94s
    cube 2422.62 (depth 1, 18 lits): UNSAT in 2.45s
    cube 2422.63 (depth 1, 18 lits): UNSAT in 4.90s
    cube 2438 (depth 0, 12 lits): UNSAT in 11.84s
    cube 2454 (depth 0, 12 lits): UNSAT in 39.26s
    cube 2470 (depth 0, 12 lits): UNSAT in 25.54s
    cube 2486 (depth 0, 12 lits): TIMEOUT in 60.06s
    cube 2486 TIMEOUT -> re-split into 64 sub-cubes (depth 1)
    cube 2486.0 (depth 1, 18 lits): UNSAT in 0.02s
    cube 2486.1 (depth 1, 18 lits): UNSAT in 0.08s
    cube 2486.2 (depth 1, 18 lits): UNSAT in 0.18s
    cube 2486.3 (depth 1, 18 lits): UNSAT in 0.15s
    cube 2486.4 (depth 1, 18 lits): UNSAT in 0.28s
    cube 2486.5 (depth 1, 18 lits): UNSAT in 0.31s
    cube 2486.6 (depth 1, 18 lits): UNSAT in 0.43s
    cube 2486.7 (depth 1, 18 lits): UNSAT in 2.21s
    cube 2486.8 (depth 1, 18 lits): UNSAT in 0.11s
    cube 2486.9 (depth 1, 18 lits): UNSAT in 0.25s
    cube 2486.10 (depth 1, 18 lits): UNSAT in 0.06s
    cube 2486.11 (depth 1, 18 lits): UNSAT in 0.17s
    cube 2486.12 (depth 1, 18 lits): UNSAT in 0.63s
    cube 2486.13 (depth 1, 18 lits): UNSAT in 2.04s
    cube 2486.14 (depth 1, 18 lits): UNSAT in 0.59s
    cube 2486.15 (depth 1, 18 lits): UNSAT in 4.58s
    cube 2486.16 (depth 1, 18 lits): UNSAT in 0.06s
    cube 2486.17 (depth 1, 18 lits): UNSAT in 0.82s
    cube 2486.18 (depth 1, 18 lits): UNSAT in 0.55s
    cube 2486.19 (depth 1, 18 lits): UNSAT in 1.21s
    cube 2486.20 (depth 1, 18 lits): UNSAT in 0.34s
    cube 2486.21 (depth 1, 18 lits): UNSAT in 2.17s
    cube 2486.22 (depth 1, 18 lits): UNSAT in 3.09s
    cube 2486.23 (depth 1, 18 lits): UNSAT in 6.44s
    cube 2486.24 (depth 1, 18 lits): UNSAT in 0.25s
    cube 2486.25 (depth 1, 18 lits): UNSAT in 0.62s
    cube 2486.26 (depth 1, 18 lits): UNSAT in 0.62s
    cube 2486.27 (depth 1, 18 lits): UNSAT in 3.45s
    cube 2486.28 (depth 1, 18 lits): UNSAT in 0.94s
    cube 2486.29 (depth 1, 18 lits): UNSAT in 4.38s
    cube 2486.30 (depth 1, 18 lits): UNSAT in 4.20s
    cube 2486.31 (depth 1, 18 lits): UNSAT in 18.54s
    cube 2486.32 (depth 1, 18 lits): UNSAT in 0.03s
    cube 2486.33 (depth 1, 18 lits): UNSAT in 0.11s
    cube 2486.34 (depth 1, 18 lits): UNSAT in 0.11s
    cube 2486.35 (depth 1, 18 lits): UNSAT in 0.82s
    cube 2486.36 (depth 1, 18 lits): UNSAT in 0.20s
    cube 2486.37 (depth 1, 18 lits): UNSAT in 0.44s
    cube 2486.38 (depth 1, 18 lits): UNSAT in 0.91s
    cube 2486.39 (depth 1, 18 lits): UNSAT in 1.54s
    cube 2486.40 (depth 1, 18 lits): UNSAT in 0.06s
    cube 2486.41 (depth 1, 18 lits): UNSAT in 0.16s
    cube 2486.42 (depth 1, 18 lits): UNSAT in 0.41s
    cube 2486.43 (depth 1, 18 lits): UNSAT in 2.13s
    cube 2486.44 (depth 1, 18 lits): UNSAT in 0.47s
    cube 2486.45 (depth 1, 18 lits): UNSAT in 0.66s
    cube 2486.46 (depth 1, 18 lits): UNSAT in 2.00s
    cube 2486.47 (depth 1, 18 lits): UNSAT in 5.00s
    cube 2486.48 (depth 1, 18 lits): UNSAT in 0.55s
    cube 2486.49 (depth 1, 18 lits): UNSAT in 1.73s
    cube 2486.50 (depth 1, 18 lits): UNSAT in 0.57s
    cube 2486.51 (depth 1, 18 lits): UNSAT in 4.37s
    cube 2486.52 (depth 1, 18 lits): UNSAT in 0.37s
    cube 2486.53 (depth 1, 18 lits): UNSAT in 4.17s
    cube 2486.54 (depth 1, 18 lits): UNSAT in 1.65s
    cube 2486.55 (depth 1, 18 lits): UNSAT in 6.07s
    cube 2486.56 (depth 1, 18 lits): UNSAT in 0.77s
    cube 2486.57 (depth 1, 18 lits): UNSAT in 2.73s
    cube 2486.58 (depth 1, 18 lits): UNSAT in 5.79s
    cube 2486.59 (depth 1, 18 lits): UNSAT in 7.26s
    cube 2486.60 (depth 1, 18 lits): UNSAT in 3.35s
    cube 2486.61 (depth 1, 18 lits): UNSAT in 8.89s
    cube 2486.62 (depth 1, 18 lits): UNSAT in 12.74s
    cube 2486.63 (depth 1, 18 lits): TIMEOUT in 60.06s
    cube 2486.63 TIMEOUT -> re-split into 64 sub-cubes (depth 2)
    cube 2486.63.0 (depth 2, 24 lits): UNSAT in 0.03s
    cube 2486.63.1 (depth 2, 24 lits): UNSAT in 0.05s
    cube 2486.63.2 (depth 2, 24 lits): UNSAT in 0.03s
    cube 2486.63.3 (depth 2, 24 lits): UNSAT in 0.16s
    cube 2486.63.4 (depth 2, 24 lits): UNSAT in 0.02s
    cube 2486.63.5 (depth 2, 24 lits): UNSAT in 0.07s
    cube 2486.63.6 (depth 2, 24 lits): UNSAT in 0.05s
    cube 2486.63.7 (depth 2, 24 lits): UNSAT in 0.71s
    cube 2486.63.8 (depth 2, 24 lits): UNSAT in 0.06s
    cube 2486.63.9 (depth 2, 24 lits): UNSAT in 0.36s
    cube 2486.63.10 (depth 2, 24 lits): UNSAT in 0.29s
    cube 2486.63.11 (depth 2, 24 lits): UNSAT in 0.91s
    cube 2486.63.12 (depth 2, 24 lits): UNSAT in 0.38s
    cube 2486.63.13 (depth 2, 24 lits): UNSAT in 1.10s
    cube 2486.63.14 (depth 2, 24 lits): UNSAT in 2.65s
    cube 2486.63.15 (depth 2, 24 lits): UNSAT in 2.92s
    cube 2486.63.16 (depth 2, 24 lits): UNSAT in 0.01s
    cube 2486.63.17 (depth 2, 24 lits): UNSAT in 0.02s
    cube 2486.63.18 (depth 2, 24 lits): UNSAT in 0.07s
    cube 2486.63.19 (depth 2, 24 lits): UNSAT in 0.25s
    cube 2486.63.20 (depth 2, 24 lits): UNSAT in 0.27s
    cube 2486.63.21 (depth 2, 24 lits): UNSAT in 0.22s
    cube 2486.63.22 (depth 2, 24 lits): UNSAT in 0.57s
    cube 2486.63.23 (depth 2, 24 lits): UNSAT in 1.64s
    cube 2486.63.24 (depth 2, 24 lits): UNSAT in 0.09s
    cube 2486.63.25 (depth 2, 24 lits): UNSAT in 0.41s
    cube 2486.63.26 (depth 2, 24 lits): UNSAT in 0.19s
    cube 2486.63.27 (depth 2, 24 lits): UNSAT in 1.15s
    cube 2486.63.28 (depth 2, 24 lits): UNSAT in 1.00s
    cube 2486.63.29 (depth 2, 24 lits): UNSAT in 1.96s
    cube 2486.63.30 (depth 2, 24 lits): UNSAT in 0.19s
    cube 2486.63.31 (depth 2, 24 lits): UNSAT in 1.92s
    cube 2486.63.32 (depth 2, 24 lits): UNSAT in 0.01s
    cube 2486.63.33 (depth 2, 24 lits): UNSAT in 0.04s
    cube 2486.63.34 (depth 2, 24 lits): UNSAT in 0.08s
    cube 2486.63.35 (depth 2, 24 lits): UNSAT in 0.24s
    cube 2486.63.36 (depth 2, 24 lits): UNSAT in 0.09s
    cube 2486.63.37 (depth 2, 24 lits): UNSAT in 0.21s
    cube 2486.63.38 (depth 2, 24 lits): UNSAT in 0.25s
    cube 2486.63.39 (depth 2, 24 lits): UNSAT in 1.21s
    cube 2486.63.40 (depth 2, 24 lits): UNSAT in 0.02s
    cube 2486.63.41 (depth 2, 24 lits): UNSAT in 0.20s
    cube 2486.63.42 (depth 2, 24 lits): UNSAT in 0.05s
    cube 2486.63.43 (depth 2, 24 lits): UNSAT in 0.50s
    cube 2486.63.44 (depth 2, 24 lits): UNSAT in 0.22s
    cube 2486.63.45 (depth 2, 24 lits): UNSAT in 0.74s
    cube 2486.63.46 (depth 2, 24 lits): UNSAT in 1.37s
    cube 2486.63.47 (depth 2, 24 lits): UNSAT in 1.24s
    cube 2486.63.48 (depth 2, 24 lits): UNSAT in 0.03s
    cube 2486.63.49 (depth 2, 24 lits): UNSAT in 0.22s
    cube 2486.63.50 (depth 2, 24 lits): UNSAT in 0.22s
    cube 2486.63.51 (depth 2, 24 lits): UNSAT in 0.78s
    cube 2486.63.52 (depth 2, 24 lits): UNSAT in 0.11s
    cube 2486.63.53 (depth 2, 24 lits): UNSAT in 0.95s
    cube 2486.63.54 (depth 2, 24 lits): UNSAT in 1.69s
    cube 2486.63.55 (depth 2, 24 lits): UNSAT in 5.62s
    cube 2486.63.56 (depth 2, 24 lits): UNSAT in 0.07s
    cube 2486.63.57 (depth 2, 24 lits): UNSAT in 0.41s
    cube 2486.63.58 (depth 2, 24 lits): UNSAT in 0.14s
    cube 2486.63.59 (depth 2, 24 lits): UNSAT in 0.97s
    cube 2486.63.60 (depth 2, 24 lits): UNSAT in 0.15s
    cube 2486.63.61 (depth 2, 24 lits): UNSAT in 1.34s
    cube 2486.63.62 (depth 2, 24 lits): UNSAT in 2.05s
    cube 2486.63.63 (depth 2, 24 lits): UNSAT in 4.34s
    cube 2502 (depth 0, 12 lits): UNSAT in 0.01s
    cube 2518 (depth 0, 12 lits): UNSAT in 0.01s
    cube 2534 (depth 0, 12 lits): UNSAT in 0.04s
    cube 2550 (depth 0, 12 lits): UNSAT in 0.02s
    cube 2566 (depth 0, 12 lits): UNSAT in 0.03s
    cube 2582 (depth 0, 12 lits): UNSAT in 0.02s
    cube 2598 (depth 0, 12 lits): UNSAT in 0.05s
    cube 2614 (depth 0, 12 lits): UNSAT in 0.02s
    cube 2630 (depth 0, 12 lits): UNSAT in 0.03s
    cube 2646 (depth 0, 12 lits): UNSAT in 0.02s
    cube 2662 (depth 0, 12 lits): UNSAT in 0.21s
    cube 2678 (depth 0, 12 lits): UNSAT in 0.05s
    cube 2694 (depth 0, 12 lits): UNSAT in 0.08s
    cube 2710 (depth 0, 12 lits): UNSAT in 0.05s
    cube 2726 (depth 0, 12 lits): UNSAT in 1.42s
    cube 2742 (depth 0, 12 lits): UNSAT in 0.01s
    cube 2758 (depth 0, 12 lits): UNSAT in 0.02s
    cube 2774 (depth 0, 12 lits): UNSAT in 0.03s
    cube 2790 (depth 0, 12 lits): UNSAT in 0.17s
    cube 2806 (depth 0, 12 lits): UNSAT in 0.02s
    cube 2822 (depth 0, 12 lits): UNSAT in 0.07s
    cube 2838 (depth 0, 12 lits): UNSAT in 0.32s
    cube 2854 (depth 0, 12 lits): UNSAT in 0.24s
    cube 2870 (depth 0, 12 lits): UNSAT in 0.05s
    cube 2886 (depth 0, 12 lits): UNSAT in 0.06s
    cube 2902 (depth 0, 12 lits): UNSAT in 0.12s
    cube 2918 (depth 0, 12 lits): UNSAT in 0.28s
    cube 2934 (depth 0, 12 lits): UNSAT in 0.21s
    cube 2950 (depth 0, 12 lits): UNSAT in 0.72s
    cube 2966 (depth 0, 12 lits): UNSAT in 0.63s
    cube 2982 (depth 0, 12 lits): UNSAT in 1.95s
    cube 2998 (depth 0, 12 lits): UNSAT in 0.02s
    cube 3014 (depth 0, 12 lits): UNSAT in 0.02s
    cube 3030 (depth 0, 12 lits): UNSAT in 0.01s
    cube 3046 (depth 0, 12 lits): UNSAT in 0.04s
    cube 3062 (depth 0, 12 lits): UNSAT in 0.01s
    cube 3078 (depth 0, 12 lits): UNSAT in 0.11s
    cube 3094 (depth 0, 12 lits): UNSAT in 0.02s
    cube 3110 (depth 0, 12 lits): UNSAT in 0.09s
    cube 3126 (depth 0, 12 lits): UNSAT in 0.02s
    cube 3142 (depth 0, 12 lits): UNSAT in 0.01s
    cube 3158 (depth 0, 12 lits): UNSAT in 0.03s
    cube 3174 (depth 0, 12 lits): UNSAT in 0.21s
    cube 3190 (depth 0, 12 lits): UNSAT in 0.14s

  shard 6 verdict: UNSAT (251 UNSAT, 0 unresolved) in 2231.5s
