  shard 15/16 (round-robin): 251 of 4022 cubes, per-cube cap 60.0s, re-split depth 3
    batch [15..3199] TIMEOUT in 900.0s -> per-cube fallback
    cube 15 (depth 0, 12 lits): UNSAT in 0.01s
    cube 31 (depth 0, 12 lits): UNSAT in 0.01s
    cube 47 (depth 0, 10 lits): UNSAT in 0.01s
    cube 63 (depth 0, 12 lits): UNSAT in 0.07s
    cube 79 (depth 0, 12 lits): UNSAT in 0.18s
    cube 95 (depth 0, 10 lits): UNSAT in 0.01s
    cube 111 (depth 0, 12 lits): UNSAT in 0.03s
    cube 127 (depth 0, 12 lits): UNSAT in 0.02s
    cube 143 (depth 0, 12 lits): UNSAT in 0.12s
    cube 159 (depth 0, 12 lits): UNSAT in 0.01s
    cube 175 (depth 0, 12 lits): UNSAT in 0.03s
    cube 191 (depth 0, 12 lits): UNSAT in 0.06s
    cube 207 (depth 0, 12 lits): UNSAT in 0.40s
    cube 223 (depth 0, 11 lits): UNSAT in 0.01s
    cube 239 (depth 0, 12 lits): UNSAT in 0.03s
    cube 255 (depth 0, 12 lits): UNSAT in 0.02s
    cube 271 (depth 0, 12 lits): UNSAT in 0.14s
    cube 287 (depth 0, 12 lits): UNSAT in 0.02s
    cube 303 (depth 0, 12 lits): UNSAT in 0.11s
    cube 319 (depth 0, 12 lits): UNSAT in 0.05s
    cube 335 (depth 0, 12 lits): UNSAT in 0.17s
    cube 351 (depth 0, 12 lits): UNSAT in 0.12s
    cube 367 (depth 0, 12 lits): UNSAT in 0.60s
    cube 383 (depth 0, 12 lits): UNSAT in 0.23s
    cube 399 (depth 0, 12 lits): UNSAT in 2.06s
    cube 415 (depth 0, 12 lits): UNSAT in 0.61s
    cube 431 (depth 0, 12 lits): UNSAT in 2.84s
    cube 447 (depth 0, 12 lits): UNSAT in 2.07s
    cube 463 (depth 0, 12 lits): UNSAT in 8.87s
    cube 479 (depth 0, 12 lits): UNSAT in 0.01s
    cube 495 (depth 0, 12 lits): UNSAT in 0.02s
    cube 511 (depth 0, 12 lits): UNSAT in 0.02s
    cube 527 (depth 0, 12 lits): UNSAT in 0.01s
    cube 543 (depth 0, 12 lits): UNSAT in 0.08s
    cube 559 (depth 0, 12 lits): UNSAT in 0.04s
    cube 575 (depth 0, 12 lits): UNSAT in 0.26s
    cube 591 (depth 0, 12 lits): UNSAT in 0.02s
    cube 607 (depth 0, 12 lits): UNSAT in 0.03s
    cube 623 (depth 0, 12 lits): UNSAT in 0.04s
    cube 639 (depth 0, 12 lits): UNSAT in 0.03s
    cube 655 (depth 0, 12 lits): UNSAT in 0.06s
    cube 671 (depth 0, 12 lits): UNSAT in 0.04s
    cube 687 (depth 0, 12 lits): UNSAT in 0.13s
    cube 703 (depth 0, 12 lits): UNSAT in 0.87s
    cube 719 (depth 0, 12 lits): UNSAT in 0.02s
    cube 735 (depth 0, 12 lits): UNSAT in 0.15s
    cube 751 (depth 0, 12 lits): UNSAT in 0.03s
    cube 767 (depth 0, 12 lits): UNSAT in 0.21s
    cube 783 (depth 0, 12 lits): UNSAT in 0.12s
    cube 799 (depth 0, 12 lits): UNSAT in 0.09s
    cube 815 (depth 0, 12 lits): UNSAT in 0.25s
    cube 831 (depth 0, 12 lits): UNSAT in 2.13s
    cube 847 (depth 0, 12 lits): UNSAT in 0.22s
    cube 863 (depth 0, 12 lits): UNSAT in 0.22s
    cube 879 (depth 0, 12 lits): UNSAT in 1.01s
    cube 895 (depth 0, 12 lits): UNSAT in 1.07s
    cube 911 (depth 0, 12 lits): UNSAT in 0.13s
    cube 927 (depth 0, 12 lits): UNSAT in 1.10s
    cube 943 (depth 0, 12 lits): UNSAT in 1.11s
    cube 959 (depth 0, 12 lits): UNSAT in 11.38s
    cube 975 (depth 0, 12 lits): UNSAT in 0.01s
    cube 991 (depth 0, 12 lits): UNSAT in 0.02s
    cube 1007 (depth 0, 12 lits): UNSAT in 0.04s
    cube 1023 (depth 0, 12 lits): UNSAT in 0.12s
    cube 1039 (depth 0, 12 lits): UNSAT in 0.12s
    cube 1055 (depth 0, 12 lits): UNSAT in 0.31s
    cube 1071 (depth 0, 12 lits): UNSAT in 1.37s
    cube 1087 (depth 0, 12 lits): UNSAT in 4.85s
    cube 1103 (depth 0, 12 lits): UNSAT in 0.03s
    cube 1119 (depth 0, 12 lits): UNSAT in 0.05s
    cube 1135 (depth 0, 12 lits): UNSAT in 0.17s
    cube 1151 (depth 0, 12 lits): UNSAT in 0.13s
    cube 1167 (depth 0, 12 lits): UNSAT in 0.09s
    cube 1183 (depth 0, 12 lits): UNSAT in 0.15s
    cube 1199 (depth 0, 12 lits): UNSAT in 0.17s
    cube 1215 (depth 0, 12 lits): UNSAT in 0.67s
    cube 1231 (depth 0, 12 lits): UNSAT in 0.03s
    cube 1247 (depth 0, 12 lits): UNSAT in 0.08s
    cube 1263 (depth 0, 12 lits): UNSAT in 0.01s
    cube 1279 (depth 0, 12 lits): UNSAT in 0.15s
    cube 1295 (depth 0, 12 lits): UNSAT in 0.03s
    cube 1311 (depth 0, 12 lits): UNSAT in 0.15s
    cube 1327 (depth 0, 12 lits): UNSAT in 0.03s
    cube 1343 (depth 0, 12 lits): UNSAT in 0.22s
    cube 1359 (depth 0, 12 lits): UNSAT in 0.04s
    cube 1375 (depth 0, 12 lits): UNSAT in 0.10s
    cube 1391 (depth 0, 12 lits): UNSAT in 0.26s
    cube 1407 (depth 0, 12 lits): UNSAT in 0.28s
    cube 1423 (depth 0, 12 lits): UNSAT in 0.10s
    cube 1439 (depth 0, 12 lits): UNSAT in 0.18s
    cube 1455 (depth 0, 12 lits): UNSAT in 1.42s
    cube 1471 (depth 0, 12 lits): UNSAT in 1.16s
    cube 1487 (depth 0, 12 lits): UNSAT in 0.01s
    cube 1503 (depth 0, 12 lits): UNSAT in 0.06s
    cube 1519 (depth 0, 12 lits): UNSAT in 0.02s
    cube 1535 (depth 0, 12 lits): UNSAT in 0.28s
    cube 1551 (depth 0, 12 lits): UNSAT in 0.07s
    cube 1567 (depth 0, 12 lits): UNSAT in 0.08s
    cube 1583 (depth 0, 12 lits): UNSAT in 0.31s
    cube 1599 (depth 0, 12 lits): UNSAT in 1.50s
    cube 1615 (depth 0, 12 lits): UNSAT in 0.30s
    cube 1631 (depth 0, 12 lits): UNSAT in 1.37s
    cube 1647 (depth 0, 12 lits): UNSAT in 1.72s
    cube 1663 (depth 0, 12 lits): UNSAT in 8.69s
    cube 1679 (depth 0, 12 lits): UNSAT in 1.15s
    cube 1695 (depth 0, 12 lits): UNSAT in 1.60s
    cube 1711 (depth 0, 12 lits): UNSAT in 12.81s
    cube 1727 (depth 0, 12 lits): UNSAT in 13.65s
    cube 1743 (depth 0, 12 lits): UNSAT in 0.14s
    cube 1759 (depth 0, 12 lits): UNSAT in 0.04s
    cube 1775 (depth 0, 12 lits): UNSAT in 0.37s
    cube 1791 (depth 0, 12 lits): UNSAT in 0.71s
    cube 1807 (depth 0, 12 lits): UNSAT in 0.21s
    cube 1823 (depth 0, 12 lits): UNSAT in 0.95s
    cube 1839 (depth 0, 12 lits): UNSAT in 0.97s
    cube 1855 (depth 0, 12 lits): UNSAT in 22.95s
    cube 1871 (depth 0, 12 lits): UNSAT in 0.18s
    cube 1887 (depth 0, 12 lits): UNSAT in 0.62s
    cube 1903 (depth 0, 12 lits): UNSAT in 3.17s
    cube 1919 (depth 0, 12 lits): UNSAT in 10.90s
    cube 1935 (depth 0, 12 lits): UNSAT in 0.97s
    cube 1951 (depth 0, 12 lits): TIMEOUT in 60.06s
    cube 1951 TIMEOUT -> re-split into 62 sub-cubes (depth 1)
    cube 1951.0 (depth 1, 17 lits): UNSAT in 0.01s
    cube 1951.1 (depth 1, 17 lits): UNSAT in 0.01s
    cube 1951.2 (depth 1, 18 lits): UNSAT in 0.02s
    cube 1951.3 (depth 1, 18 lits): UNSAT in 0.02s
    cube 1951.4 (depth 1, 18 lits): UNSAT in 0.03s
    cube 1951.5 (depth 1, 18 lits): UNSAT in 0.09s
    cube 1951.6 (depth 1, 18 lits): UNSAT in 0.02s
    cube 1951.7 (depth 1, 18 lits): UNSAT in 0.04s
    cube 1951.8 (depth 1, 18 lits): UNSAT in 0.05s
    cube 1951.9 (depth 1, 18 lits): UNSAT in 0.12s
    cube 1951.10 (depth 1, 18 lits): UNSAT in 0.11s
    cube 1951.11 (depth 1, 18 lits): UNSAT in 0.22s
    cube 1951.12 (depth 1, 18 lits): UNSAT in 0.10s
    cube 1951.13 (depth 1, 18 lits): UNSAT in 0.64s
    cube 1951.14 (depth 1, 18 lits): UNSAT in 0.01s
    cube 1951.15 (depth 1, 18 lits): UNSAT in 0.02s
    cube 1951.16 (depth 1, 18 lits): UNSAT in 0.03s
    cube 1951.17 (depth 1, 18 lits): UNSAT in 0.07s
    cube 1951.18 (depth 1, 18 lits): UNSAT in 0.09s
    cube 1951.19 (depth 1, 18 lits): UNSAT in 0.23s
    cube 1951.20 (depth 1, 18 lits): UNSAT in 0.12s
    cube 1951.21 (depth 1, 18 lits): UNSAT in 0.16s
    cube 1951.22 (depth 1, 18 lits): UNSAT in 0.04s
    cube 1951.23 (depth 1, 18 lits): UNSAT in 0.22s
    cube 1951.24 (depth 1, 18 lits): UNSAT in 0.17s
    cube 1951.25 (depth 1, 18 lits): UNSAT in 0.73s
    cube 1951.26 (depth 1, 18 lits): UNSAT in 0.16s
    cube 1951.27 (depth 1, 18 lits): UNSAT in 1.00s
    cube 1951.28 (depth 1, 18 lits): UNSAT in 0.42s
    cube 1951.29 (depth 1, 18 lits): UNSAT in 2.54s
    cube 1951.30 (depth 1, 18 lits): UNSAT in 0.01s
    cube 1951.31 (depth 1, 18 lits): UNSAT in 0.02s
    cube 1951.32 (depth 1, 18 lits): UNSAT in 0.04s
    cube 1951.33 (depth 1, 18 lits): UNSAT in 0.23s
    cube 1951.34 (depth 1, 18 lits): UNSAT in 0.02s
    cube 1951.35 (depth 1, 18 lits): UNSAT in 0.10s
    cube 1951.36 (depth 1, 18 lits): UNSAT in 0.15s
    cube 1951.37 (depth 1, 18 lits): UNSAT in 0.70s
    cube 1951.38 (depth 1, 18 lits): UNSAT in 0.10s
    cube 1951.39 (depth 1, 18 lits): UNSAT in 0.33s
    cube 1951.40 (depth 1, 18 lits): UNSAT in 0.99s
    cube 1951.41 (depth 1, 18 lits): UNSAT in 3.20s
    cube 1951.42 (depth 1, 18 lits): UNSAT in 0.16s
    cube 1951.43 (depth 1, 18 lits): UNSAT in 0.63s
    cube 1951.44 (depth 1, 18 lits): UNSAT in 1.69s
    cube 1951.45 (depth 1, 18 lits): UNSAT in 4.10s
    cube 1951.46 (depth 1, 18 lits): UNSAT in 0.06s
    cube 1951.47 (depth 1, 18 lits): UNSAT in 0.28s
    cube 1951.48 (depth 1, 18 lits): UNSAT in 0.23s
    cube 1951.49 (depth 1, 18 lits): UNSAT in 0.85s
    cube 1951.50 (depth 1, 18 lits): UNSAT in 0.04s
    cube 1951.51 (depth 1, 18 lits): UNSAT in 0.12s
    cube 1951.52 (depth 1, 18 lits): UNSAT in 0.36s
    cube 1951.53 (depth 1, 18 lits): UNSAT in 3.26s
    cube 1951.54 (depth 1, 18 lits): UNSAT in 0.55s
    cube 1951.55 (depth 1, 18 lits): UNSAT in 3.75s
    cube 1951.56 (depth 1, 18 lits): UNSAT in 0.99s
    cube 1951.57 (depth 1, 18 lits): UNSAT in 4.03s
    cube 1951.58 (depth 1, 18 lits): UNSAT in 0.95s
    cube 1951.59 (depth 1, 18 lits): UNSAT in 11.24s
    cube 1951.60 (depth 1, 18 lits): UNSAT in 1.09s
    cube 1951.61 (depth 1, 18 lits): UNSAT in 10.08s
    cube 1967 (depth 0, 12 lits): TIMEOUT in 60.06s
    cube 1967 TIMEOUT -> re-split into 64 sub-cubes (depth 1)
    cube 1967.0 (depth 1, 18 lits): UNSAT in 0.01s
    cube 1967.1 (depth 1, 18 lits): UNSAT in 0.02s
    cube 1967.2 (depth 1, 18 lits): UNSAT in 0.02s
    cube 1967.3 (depth 1, 18 lits): UNSAT in 0.03s
    cube 1967.4 (depth 1, 18 lits): UNSAT in 0.01s
    cube 1967.5 (depth 1, 18 lits): UNSAT in 0.04s
    cube 1967.6 (depth 1, 18 lits): UNSAT in 0.02s
    cube 1967.7 (depth 1, 18 lits): UNSAT in 0.09s
    cube 1967.8 (depth 1, 18 lits): UNSAT in 0.03s
    cube 1967.9 (depth 1, 18 lits): UNSAT in 0.06s
    cube 1967.10 (depth 1, 18 lits): UNSAT in 0.08s
    cube 1967.11 (depth 1, 18 lits): UNSAT in 0.06s
    cube 1967.12 (depth 1, 18 lits): UNSAT in 0.02s
    cube 1967.13 (depth 1, 18 lits): UNSAT in 0.08s
    cube 1967.14 (depth 1, 18 lits): UNSAT in 0.08s
    cube 1967.15 (depth 1, 18 lits): UNSAT in 0.04s
    cube 1967.16 (depth 1, 18 lits): UNSAT in 0.01s
    cube 1967.17 (depth 1, 18 lits): UNSAT in 0.03s
    cube 1967.18 (depth 1, 18 lits): UNSAT in 0.03s
    cube 1967.19 (depth 1, 18 lits): UNSAT in 0.07s
    cube 1967.20 (depth 1, 18 lits): UNSAT in 0.02s
    cube 1967.21 (depth 1, 18 lits): UNSAT in 0.05s
    cube 1967.22 (depth 1, 18 lits): UNSAT in 0.02s
    cube 1967.23 (depth 1, 18 lits): UNSAT in 0.04s
    cube 1967.24 (depth 1, 18 lits): UNSAT in 0.02s
    cube 1967.25 (depth 1, 18 lits): UNSAT in 0.16s
    cube 1967.26 (depth 1, 18 lits): UNSAT in 0.13s
    cube 1967.27 (depth 1, 18 lits): UNSAT in 0.17s
    cube 1967.28 (depth 1, 18 lits): UNSAT in 0.08s
    cube 1967.29 (depth 1, 18 lits): UNSAT in 0.40s
    cube 1967.30 (depth 1, 18 lits): UNSAT in 0.47s
    cube 1967.31 (depth 1, 18 lits): UNSAT in 0.55s
    cube 1967.32 (depth 1, 18 lits): UNSAT in 0.01s
    cube 1967.33 (depth 1, 18 lits): UNSAT in 0.04s
    cube 1967.34 (depth 1, 18 lits): UNSAT in 0.03s
    cube 1967.35 (depth 1, 18 lits): UNSAT in 0.08s
    cube 1967.36 (depth 1, 18 lits): UNSAT in 0.04s
    cube 1967.37 (depth 1, 18 lits): UNSAT in 0.24s
    cube 1967.38 (depth 1, 18 lits): UNSAT in 0.11s
    cube 1967.39 (depth 1, 18 lits): UNSAT in 0.12s
    cube 1967.40 (depth 1, 18 lits): UNSAT in 0.06s
    cube 1967.41 (depth 1, 18 lits): UNSAT in 0.11s
    cube 1967.42 (depth 1, 18 lits): UNSAT in 0.18s
    cube 1967.43 (depth 1, 18 lits): UNSAT in 0.22s
    cube 1967.44 (depth 1, 18 lits): UNSAT in 0.14s
    cube 1967.45 (depth 1, 18 lits): UNSAT in 0.45s
    cube 1967.46 (depth 1, 18 lits): UNSAT in 0.67s
    cube 1967.47 (depth 1, 18 lits): UNSAT in 1.91s
    cube 1967.48 (depth 1, 18 lits): UNSAT in 0.04s
    cube 1967.49 (depth 1, 18 lits): UNSAT in 0.10s
    cube 1967.50 (depth 1, 18 lits): UNSAT in 0.05s
    cube 1967.51 (depth 1, 18 lits): UNSAT in 0.30s
    cube 1967.52 (depth 1, 18 lits): UNSAT in 0.23s
    cube 1967.53 (depth 1, 18 lits): UNSAT in 1.27s
    cube 1967.54 (depth 1, 18 lits): UNSAT in 0.90s
    cube 1967.55 (depth 1, 18 lits): UNSAT in 2.88s
    cube 1967.56 (depth 1, 18 lits): UNSAT in 0.25s
    cube 1967.57 (depth 1, 18 lits): UNSAT in 1.54s
    cube 1967.58 (depth 1, 18 lits): UNSAT in 0.93s
    cube 1967.59 (depth 1, 18 lits): UNSAT in 3.62s
    cube 1967.60 (depth 1, 18 lits): UNSAT in 0.17s
    cube 1967.61 (depth 1, 18 lits): UNSAT in 0.43s
    cube 1967.62 (depth 1, 18 lits): UNSAT in 1.18s
    cube 1967.63 (depth 1, 18 lits): UNSAT in 6.94s
    cube 1983 (depth 0, 12 lits): TIMEOUT in 60.06s
    cube 1983 TIMEOUT -> re-split into 64 sub-cubes (depth 1)
    cube 1983.0 (depth 1, 18 lits): UNSAT in 0.04s
    cube 1983.1 (depth 1, 18 lits): UNSAT in 0.04s
    cube 1983.2 (depth 1, 18 lits): UNSAT in 0.03s
    cube 1983.3 (depth 1, 18 lits): UNSAT in 0.12s
    cube 1983.4 (depth 1, 18 lits): UNSAT in 0.07s
    cube 1983.5 (depth 1, 18 lits): UNSAT in 0.19s
    cube 1983.6 (depth 1, 18 lits): UNSAT in 0.12s
    cube 1983.7 (depth 1, 18 lits): UNSAT in 0.22s
    cube 1983.8 (depth 1, 18 lits): UNSAT in 0.11s
    cube 1983.9 (depth 1, 18 lits): UNSAT in 0.17s
    cube 1983.10 (depth 1, 18 lits): UNSAT in 0.15s
    cube 1983.11 (depth 1, 18 lits): UNSAT in 0.20s
    cube 1983.12 (depth 1, 18 lits): UNSAT in 0.18s
    cube 1983.13 (depth 1, 18 lits): UNSAT in 0.25s
    cube 1983.14 (depth 1, 18 lits): UNSAT in 0.32s
    cube 1983.15 (depth 1, 18 lits): UNSAT in 0.40s
    cube 1983.16 (depth 1, 18 lits): UNSAT in 0.07s
    cube 1983.17 (depth 1, 18 lits): UNSAT in 0.17s
    cube 1983.18 (depth 1, 18 lits): UNSAT in 0.20s
    cube 1983.19 (depth 1, 18 lits): UNSAT in 0.14s
    cube 1983.20 (depth 1, 18 lits): UNSAT in 0.21s
    cube 1983.21 (depth 1, 18 lits): UNSAT in 0.60s
    cube 1983.22 (depth 1, 18 lits): UNSAT in 0.64s
    cube 1983.23 (depth 1, 18 lits): UNSAT in 1.53s
    cube 1983.24 (depth 1, 18 lits): UNSAT in 0.19s
    cube 1983.25 (depth 1, 18 lits): UNSAT in 0.73s
    cube 1983.26 (depth 1, 18 lits): UNSAT in 0.38s
    cube 1983.27 (depth 1, 18 lits): UNSAT in 1.78s
    cube 1983.28 (depth 1, 18 lits): UNSAT in 0.67s
    cube 1983.29 (depth 1, 18 lits): UNSAT in 2.89s
    cube 1983.30 (depth 1, 18 lits): UNSAT in 4.35s
    cube 1983.31 (depth 1, 18 lits): UNSAT in 5.19s
    cube 1983.32 (depth 1, 18 lits): UNSAT in 0.04s
    cube 1983.33 (depth 1, 18 lits): UNSAT in 0.11s
    cube 1983.34 (depth 1, 18 lits): UNSAT in 0.14s
    cube 1983.35 (depth 1, 18 lits): UNSAT in 0.38s
    cube 1983.36 (depth 1, 18 lits): UNSAT in 1.02s
    cube 1983.37 (depth 1, 18 lits): UNSAT in 1.80s
    cube 1983.38 (depth 1, 18 lits): UNSAT in 1.30s
    cube 1983.39 (depth 1, 18 lits): UNSAT in 7.04s
    cube 1983.40 (depth 1, 18 lits): UNSAT in 0.06s
    cube 1983.41 (depth 1, 18 lits): UNSAT in 0.19s
    cube 1983.42 (depth 1, 18 lits): UNSAT in 0.30s
    cube 1983.43 (depth 1, 18 lits): UNSAT in 0.27s
    cube 1983.44 (depth 1, 18 lits): UNSAT in 0.14s
    cube 1983.45 (depth 1, 18 lits): UNSAT in 0.39s
    cube 1983.46 (depth 1, 18 lits): UNSAT in 1.04s
    cube 1983.47 (depth 1, 18 lits): UNSAT in 2.27s
    cube 1983.48 (depth 1, 18 lits): UNSAT in 0.61s
    cube 1983.49 (depth 1, 18 lits): UNSAT in 1.69s
    cube 1983.50 (depth 1, 18 lits): UNSAT in 0.62s
    cube 1983.51 (depth 1, 18 lits): UNSAT in 6.77s
    cube 1983.52 (depth 1, 18 lits): UNSAT in 0.17s
    cube 1983.53 (depth 1, 18 lits): UNSAT in 2.26s
    cube 1983.54 (depth 1, 18 lits): UNSAT in 2.01s
    cube 1983.55 (depth 1, 18 lits): UNSAT in 5.63s
    cube 1983.56 (depth 1, 18 lits): UNSAT in 0.60s
    cube 1983.57 (depth 1, 18 lits): UNSAT in 1.57s
    cube 1983.58 (depth 1, 18 lits): UNSAT in 2.50s
    cube 1983.59 (depth 1, 18 lits): UNSAT in 9.05s
    cube 1983.60 (depth 1, 18 lits): UNSAT in 0.39s
    cube 1983.61 (depth 1, 18 lits): UNSAT in 1.47s
    cube 1983.62 (depth 1, 18 lits): UNSAT in 2.19s
    cube 1983.63 (depth 1, 18 lits): UNSAT in 2.99s
    cube 1999 (depth 0, 12 lits): UNSAT in 0.02s
    cube 2015 (depth 0, 12 lits): UNSAT in 0.01s
    cube 2031 (depth 0, 12 lits): UNSAT in 0.02s
    cube 2047 (depth 0, 12 lits): UNSAT in 0.02s
    cube 2063 (depth 0, 12 lits): UNSAT in 0.02s
    cube 2079 (depth 0, 12 lits): UNSAT in 0.04s
    cube 2095 (depth 0, 12 lits): UNSAT in 0.09s
    cube 2111 (depth 0, 12 lits): UNSAT in 0.02s
    cube 2127 (depth 0, 12 lits): UNSAT in 0.14s
    cube 2143 (depth 0, 12 lits): UNSAT in 0.09s
    cube 2159 (depth 0, 12 lits): UNSAT in 0.58s
    cube 2175 (depth 0, 12 lits): UNSAT in 0.33s
    cube 2191 (depth 0, 12 lits): UNSAT in 0.42s
    cube 2207 (depth 0, 12 lits): UNSAT in 0.36s
    cube 2223 (depth 0, 12 lits): UNSAT in 2.47s
    cube 2239 (depth 0, 12 lits): UNSAT in 0.01s
    cube 2255 (depth 0, 12 lits): UNSAT in 0.02s
    cube 2271 (depth 0, 12 lits): UNSAT in 0.13s
    cube 2287 (depth 0, 12 lits): UNSAT in 0.17s
    cube 2303 (depth 0, 12 lits): UNSAT in 0.05s
    cube 2319 (depth 0, 12 lits): UNSAT in 0.03s
    cube 2335 (depth 0, 12 lits): UNSAT in 0.15s
    cube 2351 (depth 0, 12 lits): UNSAT in 0.40s
    cube 2367 (depth 0, 12 lits): UNSAT in 0.05s
    cube 2383 (depth 0, 12 lits): UNSAT in 0.06s
    cube 2399 (depth 0, 12 lits): UNSAT in 0.10s
    cube 2415 (depth 0, 12 lits): UNSAT in 0.56s
    cube 2431 (depth 0, 12 lits): UNSAT in 0.12s
    cube 2447 (depth 0, 12 lits): UNSAT in 0.59s
    cube 2463 (depth 0, 12 lits): UNSAT in 0.27s
    cube 2479 (depth 0, 12 lits): UNSAT in 1.36s
    cube 2495 (depth 0, 11 lits): UNSAT in 0.01s
    cube 2511 (depth 0, 12 lits): UNSAT in 0.03s
    cube 2527 (depth 0, 12 lits): UNSAT in 0.02s
    cube 2543 (depth 0, 12 lits): UNSAT in 0.32s
    cube 2559 (depth 0, 12 lits): UNSAT in 0.24s
    cube 2575 (depth 0, 12 lits): UNSAT in 0.97s
    cube 2591 (depth 0, 12 lits): UNSAT in 0.35s
    cube 2607 (depth 0, 12 lits): UNSAT in 1.01s
    cube 2623 (depth 0, 12 lits): UNSAT in 0.13s
    cube 2639 (depth 0, 12 lits): UNSAT in 0.45s
    cube 2655 (depth 0, 12 lits): UNSAT in 0.47s
    cube 2671 (depth 0, 12 lits): UNSAT in 4.91s
    cube 2687 (depth 0, 12 lits): UNSAT in 0.60s
    cube 2703 (depth 0, 12 lits): UNSAT in 4.36s
    cube 2719 (depth 0, 12 lits): UNSAT in 2.45s
    cube 2735 (depth 0, 12 lits): UNSAT in 6.70s
    cube 2751 (depth 0, 12 lits): UNSAT in 0.10s
    cube 2767 (depth 0, 12 lits): UNSAT in 0.90s
    cube 2783 (depth 0, 12 lits): UNSAT in 0.37s
    cube 2799 (depth 0, 12 lits): UNSAT in 4.15s
    cube 2815 (depth 0, 12 lits): UNSAT in 0.29s
    cube 2831 (depth 0, 12 lits): UNSAT in 7.14s
    cube 2847 (depth 0, 12 lits): UNSAT in 10.30s
    cube 2863 (depth 0, 12 lits): TIMEOUT in 60.06s
    cube 2863 TIMEOUT -> re-split into 64 sub-cubes (depth 1)
    cube 2863.0 (depth 1, 18 lits): UNSAT in 0.01s
    cube 2863.1 (depth 1, 18 lits): UNSAT in 0.02s
    cube 2863.2 (depth 1, 18 lits): UNSAT in 0.01s
    cube 2863.3 (depth 1, 18 lits): UNSAT in 0.03s
    cube 2863.4 (depth 1, 18 lits): UNSAT in 0.02s
    cube 2863.5 (depth 1, 18 lits): UNSAT in 0.02s
    cube 2863.6 (depth 1, 18 lits): UNSAT in 0.03s
    cube 2863.7 (depth 1, 18 lits): UNSAT in 0.10s
    cube 2863.8 (depth 1, 18 lits): UNSAT in 0.01s
    cube 2863.9 (depth 1, 18 lits): UNSAT in 0.02s
    cube 2863.10 (depth 1, 18 lits): UNSAT in 0.03s
    cube 2863.11 (depth 1, 18 lits): UNSAT in 0.05s
    cube 2863.12 (depth 1, 18 lits): UNSAT in 0.04s
    cube 2863.13 (depth 1, 18 lits): UNSAT in 0.13s
    cube 2863.14 (depth 1, 18 lits): UNSAT in 0.20s
    cube 2863.15 (depth 1, 18 lits): UNSAT in 0.50s
    cube 2863.16 (depth 1, 18 lits): UNSAT in 0.03s
    cube 2863.17 (depth 1, 18 lits): UNSAT in 0.11s
    cube 2863.18 (depth 1, 18 lits): UNSAT in 0.07s
    cube 2863.19 (depth 1, 18 lits): UNSAT in 0.25s
    cube 2863.20 (depth 1, 18 lits): UNSAT in 0.11s
    cube 2863.21 (depth 1, 18 lits): UNSAT in 0.48s
    cube 2863.22 (depth 1, 18 lits): UNSAT in 1.05s
    cube 2863.23 (depth 1, 18 lits): UNSAT in 0.58s
    cube 2863.24 (depth 1, 18 lits): UNSAT in 0.04s
    cube 2863.25 (depth 1, 18 lits): UNSAT in 0.12s
    cube 2863.26 (depth 1, 18 lits): UNSAT in 0.11s
    cube 2863.27 (depth 1, 18 lits): UNSAT in 0.18s
    cube 2863.28 (depth 1, 18 lits): UNSAT in 0.28s
    cube 2863.29 (depth 1, 18 lits): UNSAT in 0.79s
    cube 2863.30 (depth 1, 18 lits): UNSAT in 0.23s
    cube 2863.31 (depth 1, 18 lits): UNSAT in 0.70s
    cube 2863.32 (depth 1, 18 lits): UNSAT in 0.02s
    cube 2863.33 (depth 1, 18 lits): UNSAT in 0.03s
    cube 2863.34 (depth 1, 18 lits): UNSAT in 0.03s
    cube 2863.35 (depth 1, 18 lits): UNSAT in 0.09s
    cube 2863.36 (depth 1, 18 lits): UNSAT in 0.03s
    cube 2863.37 (depth 1, 18 lits): UNSAT in 0.08s
    cube 2863.38 (depth 1, 18 lits): UNSAT in 0.17s
    cube 2863.39 (depth 1, 18 lits): UNSAT in 0.44s
    cube 2863.40 (depth 1, 18 lits): UNSAT in 0.03s
    cube 2863.41 (depth 1, 18 lits): UNSAT in 0.16s
    cube 2863.42 (depth 1, 18 lits): UNSAT in 0.37s
    cube 2863.43 (depth 1, 18 lits): UNSAT in 1.46s
    cube 2863.44 (depth 1, 18 lits): UNSAT in 0.30s
    cube 2863.45 (depth 1, 18 lits): UNSAT in 1.44s
    cube 2863.46 (depth 1, 18 lits): UNSAT in 1.10s
    cube 2863.47 (depth 1, 18 lits): UNSAT in 6.52s
    cube 2863.48 (depth 1, 18 lits): UNSAT in 0.06s
    cube 2863.49 (depth 1, 18 lits): UNSAT in 0.11s
    cube 2863.50 (depth 1, 18 lits): UNSAT in 0.28s
    cube 2863.51 (depth 1, 18 lits): UNSAT in 0.37s
    cube 2863.52 (depth 1, 18 lits): UNSAT in 0.10s
    cube 2863.53 (depth 1, 18 lits): UNSAT in 0.77s
    cube 2863.54 (depth 1, 18 lits): UNSAT in 0.93s
    cube 2863.55 (depth 1, 18 lits): UNSAT in 4.66s
    cube 2863.56 (depth 1, 18 lits): UNSAT in 0.16s
    cube 2863.57 (depth 1, 18 lits): UNSAT in 1.35s
    cube 2863.58 (depth 1, 18 lits): UNSAT in 1.73s
    cube 2863.59 (depth 1, 18 lits): UNSAT in 5.52s
    cube 2863.60 (depth 1, 18 lits): UNSAT in 0.37s
    cube 2863.61 (depth 1, 18 lits): UNSAT in 1.48s
    cube 2863.62 (depth 1, 18 lits): UNSAT in 0.54s
    cube 2863.63 (depth 1, 18 lits): UNSAT in 6.11s
    cube 2879 (depth 0, 12 lits): UNSAT in 0.28s
    cube 2895 (depth 0, 12 lits): UNSAT in 2.62s
    cube 2911 (depth 0, 12 lits): UNSAT in 1.35s
    cube 2927 (depth 0, 12 lits): UNSAT in 50.12s
    cube 2943 (depth 0, 12 lits): UNSAT in 1.51s
    cube 2959 (depth 0, 12 lits): UNSAT in 11.78s
    cube 2975 (depth 0, 12 lits): UNSAT in 34.16s
    cube 2991 (depth 0, 12 lits): TIMEOUT in 60.06s
    cube 2991 TIMEOUT -> re-split into 64 sub-cubes (depth 1)
    cube 2991.0 (depth 1, 18 lits): UNSAT in 0.01s
    cube 2991.1 (depth 1, 18 lits): UNSAT in 0.02s
    cube 2991.2 (depth 1, 18 lits): UNSAT in 0.02s
    cube 2991.3 (depth 1, 18 lits): UNSAT in 0.04s
    cube 2991.4 (depth 1, 18 lits): UNSAT in 0.04s
    cube 2991.5 (depth 1, 18 lits): UNSAT in 0.07s
    cube 2991.6 (depth 1, 18 lits): UNSAT in 0.06s
    cube 2991.7 (depth 1, 18 lits): UNSAT in 0.14s
    cube 2991.8 (depth 1, 18 lits): UNSAT in 0.03s
    cube 2991.9 (depth 1, 18 lits): UNSAT in 0.16s
    cube 2991.10 (depth 1, 18 lits): UNSAT in 0.12s
    cube 2991.11 (depth 1, 18 lits): UNSAT in 0.33s
    cube 2991.12 (depth 1, 18 lits): UNSAT in 0.05s
    cube 2991.13 (depth 1, 18 lits): UNSAT in 0.10s
    cube 2991.14 (depth 1, 18 lits): UNSAT in 0.63s
    cube 2991.15 (depth 1, 18 lits): UNSAT in 1.84s
    cube 2991.16 (depth 1, 18 lits): UNSAT in 0.02s
    cube 2991.17 (depth 1, 18 lits): UNSAT in 0.11s
    cube 2991.18 (depth 1, 18 lits): UNSAT in 0.17s
    cube 2991.19 (depth 1, 18 lits): UNSAT in 0.40s
    cube 2991.20 (depth 1, 18 lits): UNSAT in 0.05s
    cube 2991.21 (depth 1, 18 lits): UNSAT in 0.52s
    cube 2991.22 (depth 1, 18 lits): UNSAT in 0.37s
    cube 2991.23 (depth 1, 18 lits): UNSAT in 1.57s
    cube 2991.24 (depth 1, 18 lits): UNSAT in 0.05s
    cube 2991.25 (depth 1, 18 lits): UNSAT in 0.07s
    cube 2991.26 (depth 1, 18 lits): UNSAT in 0.10s
    cube 2991.27 (depth 1, 18 lits): UNSAT in 0.52s
    cube 2991.28 (depth 1, 18 lits): UNSAT in 0.11s
    cube 2991.29 (depth 1, 18 lits): UNSAT in 0.75s
    cube 2991.30 (depth 1, 18 lits): UNSAT in 4.05s
    cube 2991.31 (depth 1, 18 lits): UNSAT in 4.74s
    cube 2991.32 (depth 1, 18 lits): UNSAT in 0.16s
    cube 2991.33 (depth 1, 18 lits): UNSAT in 0.14s
    cube 2991.34 (depth 1, 18 lits): UNSAT in 0.13s
    cube 2991.35 (depth 1, 18 lits): UNSAT in 0.63s
    cube 2991.36 (depth 1, 18 lits): UNSAT in 0.44s
    cube 2991.37 (depth 1, 18 lits): UNSAT in 2.32s
    cube 2991.38 (depth 1, 18 lits): UNSAT in 3.42s
    cube 2991.39 (depth 1, 18 lits): UNSAT in 11.98s
    cube 2991.40 (depth 1, 18 lits): UNSAT in 0.09s
    cube 2991.41 (depth 1, 18 lits): UNSAT in 0.49s
    cube 2991.42 (depth 1, 18 lits): UNSAT in 0.16s
    cube 2991.43 (depth 1, 18 lits): UNSAT in 2.10s
    cube 2991.44 (depth 1, 18 lits): UNSAT in 2.81s
    cube 2991.45 (depth 1, 18 lits): UNSAT in 9.02s
    cube 2991.46 (depth 1, 18 lits): UNSAT in 4.66s
    cube 2991.47 (depth 1, 18 lits): UNSAT in 49.70s
    cube 2991.48 (depth 1, 18 lits): UNSAT in 0.30s
    cube 2991.49 (depth 1, 18 lits): UNSAT in 1.50s
    cube 2991.50 (depth 1, 18 lits): UNSAT in 1.27s
    cube 2991.51 (depth 1, 18 lits): UNSAT in 5.13s
    cube 2991.52 (depth 1, 18 lits): UNSAT in 0.16s
    cube 2991.53 (depth 1, 18 lits): UNSAT in 0.45s
    cube 2991.54 (depth 1, 18 lits): UNSAT in 1.86s
    cube 2991.55 (depth 1, 18 lits): UNSAT in 4.54s
    cube 2991.56 (depth 1, 18 lits): UNSAT in 0.29s
    cube 2991.57 (depth 1, 18 lits): UNSAT in 1.27s
    cube 2991.58 (depth 1, 18 lits): UNSAT in 0.94s
    cube 2991.59 (depth 1, 18 lits): UNSAT in 1.80s
    cube 2991.60 (depth 1, 18 lits): UNSAT in 3.38s
    cube 2991.61 (depth 1, 18 lits): UNSAT in 4.77s
    cube 2991.62 (depth 1, 18 lits): UNSAT in 5.27s
    cube 2991.63 (depth 1, 18 lits): UNSAT in 3.74s
    cube 3007 (depth 0, 12 lits): UNSAT in 0.06s
    cube 3023 (depth 0, 12 lits): UNSAT in 0.10s
    cube 3039 (depth 0, 12 lits): UNSAT in 0.04s
    cube 3055 (depth 0, 12 lits): UNSAT in 0.15s
    cube 3071 (depth 0, 12 lits): UNSAT in 0.16s
    cube 3087 (depth 0, 12 lits): UNSAT in 0.53s
    cube 3103 (depth 0, 12 lits): UNSAT in 0.67s
    cube 3119 (depth 0, 12 lits): UNSAT in 1.36s
    cube 3135 (depth 0, 12 lits): UNSAT in 0.04s
    cube 3151 (depth 0, 12 lits): UNSAT in 0.11s
    cube 3167 (depth 0, 12 lits): UNSAT in 0.57s
    cube 3183 (depth 0, 12 lits): UNSAT in 3.23s
    cube 3199 (depth 0, 12 lits): UNSAT in 0.52s
    batch [3215..4015] TIMEOUT in 900.0s -> per-cube fallback
    cube 3215 (depth 0, 12 lits): UNSAT in 6.80s
    cube 3231 (depth 0, 12 lits): UNSAT in 2.04s
    cube 3247 (depth 0, 12 lits): UNSAT in 56.37s
    cube 3263 (depth 0, 12 lits): UNSAT in 0.08s
    cube 3279 (depth 0, 12 lits): UNSAT in 0.50s
    cube 3295 (depth 0, 12 lits): UNSAT in 0.51s
    cube 3311 (depth 0, 12 lits): UNSAT in 7.24s
    cube 3327 (depth 0, 12 lits): UNSAT in 0.37s
    cube 3343 (depth 0, 12 lits): UNSAT in 0.92s
    cube 3359 (depth 0, 12 lits): UNSAT in 1.73s
    cube 3375 (depth 0, 12 lits): UNSAT in 2.59s
    cube 3391 (depth 0, 12 lits): UNSAT in 0.18s
    cube 3407 (depth 0, 12 lits): UNSAT in 2.80s
    cube 3423 (depth 0, 12 lits): UNSAT in 2.56s
    cube 3439 (depth 0, 12 lits): UNSAT in 4.94s
    cube 3455 (depth 0, 12 lits): UNSAT in 0.32s
    cube 3471 (depth 0, 12 lits): UNSAT in 12.57s
    cube 3487 (depth 0, 12 lits): UNSAT in 13.18s
    cube 3503 (depth 0, 12 lits): TIMEOUT in 60.05s
    cube 3503 TIMEOUT -> re-split into 64 sub-cubes (depth 1)
    cube 3503.0 (depth 1, 18 lits): UNSAT in 0.03s
    cube 3503.1 (depth 1, 18 lits): UNSAT in 0.07s
    cube 3503.2 (depth 1, 18 lits): UNSAT in 0.08s
    cube 3503.3 (depth 1, 18 lits): UNSAT in 0.25s
    cube 3503.4 (depth 1, 18 lits): UNSAT in 0.07s
    cube 3503.5 (depth 1, 18 lits): UNSAT in 0.23s
    cube 3503.6 (depth 1, 18 lits): UNSAT in 0.09s
    cube 3503.7 (depth 1, 18 lits): UNSAT in 0.66s
    cube 3503.8 (depth 1, 18 lits): UNSAT in 0.04s
    cube 3503.9 (depth 1, 18 lits): UNSAT in 0.07s
    cube 3503.10 (depth 1, 18 lits): UNSAT in 0.10s
    cube 3503.11 (depth 1, 18 lits): UNSAT in 0.59s
    cube 3503.12 (depth 1, 18 lits): UNSAT in 0.09s
    cube 3503.13 (depth 1, 18 lits): UNSAT in 0.34s
    cube 3503.14 (depth 1, 18 lits): UNSAT in 0.29s
    cube 3503.15 (depth 1, 18 lits): UNSAT in 2.80s
    cube 3503.16 (depth 1, 18 lits): UNSAT in 0.04s
    cube 3503.17 (depth 1, 18 lits): UNSAT in 0.08s
    cube 3503.18 (depth 1, 18 lits): UNSAT in 0.11s
    cube 3503.19 (depth 1, 18 lits): UNSAT in 0.47s
    cube 3503.20 (depth 1, 18 lits): UNSAT in 0.10s
    cube 3503.21 (depth 1, 18 lits): UNSAT in 0.28s
    cube 3503.22 (depth 1, 18 lits): UNSAT in 0.44s
    cube 3503.23 (depth 1, 18 lits): UNSAT in 4.25s
    cube 3503.24 (depth 1, 18 lits): UNSAT in 0.11s
    cube 3503.25 (depth 1, 18 lits): UNSAT in 0.36s
    cube 3503.26 (depth 1, 18 lits): UNSAT in 0.25s
    cube 3503.27 (depth 1, 18 lits): UNSAT in 0.36s
    cube 3503.28 (depth 1, 18 lits): UNSAT in 0.61s
    cube 3503.29 (depth 1, 18 lits): UNSAT in 2.31s
    cube 3503.30 (depth 1, 18 lits): UNSAT in 1.74s
    cube 3503.31 (depth 1, 18 lits): UNSAT in 4.78s
    cube 3503.32 (depth 1, 18 lits): UNSAT in 0.02s
    cube 3503.33 (depth 1, 18 lits): UNSAT in 0.04s
    cube 3503.34 (depth 1, 18 lits): UNSAT in 0.03s
    cube 3503.35 (depth 1, 18 lits): UNSAT in 0.06s
    cube 3503.36 (depth 1, 18 lits): UNSAT in 0.08s
    cube 3503.37 (depth 1, 18 lits): UNSAT in 0.14s
    cube 3503.38 (depth 1, 18 lits): UNSAT in 0.08s
    cube 3503.39 (depth 1, 18 lits): UNSAT in 0.42s
    cube 3503.40 (depth 1, 18 lits): UNSAT in 0.07s
    cube 3503.41 (depth 1, 18 lits): UNSAT in 0.09s
    cube 3503.42 (depth 1, 18 lits): UNSAT in 0.18s
    cube 3503.43 (depth 1, 18 lits): UNSAT in 0.15s
    cube 3503.44 (depth 1, 18 lits): UNSAT in 0.44s
    cube 3503.45 (depth 1, 18 lits): UNSAT in 0.73s
    cube 3503.46 (depth 1, 18 lits): UNSAT in 0.63s
    cube 3503.47 (depth 1, 18 lits): UNSAT in 0.97s
    cube 3503.48 (depth 1, 18 lits): UNSAT in 0.10s
    cube 3503.49 (depth 1, 18 lits): UNSAT in 0.37s
    cube 3503.50 (depth 1, 18 lits): UNSAT in 0.25s
    cube 3503.51 (depth 1, 18 lits): UNSAT in 1.22s
    cube 3503.52 (depth 1, 18 lits): UNSAT in 0.54s
    cube 3503.53 (depth 1, 18 lits): UNSAT in 0.99s
    cube 3503.54 (depth 1, 18 lits): UNSAT in 1.27s
    cube 3503.55 (depth 1, 18 lits): UNSAT in 3.65s
    cube 3503.56 (depth 1, 18 lits): UNSAT in 0.52s
    cube 3503.57 (depth 1, 18 lits): UNSAT in 1.79s
    cube 3503.58 (depth 1, 18 lits): UNSAT in 2.15s
    cube 3503.59 (depth 1, 18 lits): UNSAT in 7.09s
    cube 3503.60 (depth 1, 18 lits): UNSAT in 0.57s
    cube 3503.61 (depth 1, 18 lits): UNSAT in 2.56s
    cube 3503.62 (depth 1, 18 lits): UNSAT in 1.62s
    cube 3503.63 (depth 1, 18 lits): UNSAT in 3.35s
    cube 3519 (depth 0, 12 lits): UNSAT in 0.07s
    cube 3535 (depth 0, 12 lits): UNSAT in 0.39s
    cube 3551 (depth 0, 12 lits): UNSAT in 0.30s
    cube 3567 (depth 0, 12 lits): UNSAT in 3.80s
    cube 3583 (depth 0, 12 lits): UNSAT in 0.12s
    cube 3599 (depth 0, 12 lits): UNSAT in 0.84s
    cube 3615 (depth 0, 12 lits): UNSAT in 2.74s
    cube 3631 (depth 0, 12 lits): UNSAT in 51.24s
    cube 3647 (depth 0, 12 lits): UNSAT in 0.21s
    cube 3663 (depth 0, 12 lits): UNSAT in 2.93s
    cube 3679 (depth 0, 12 lits): UNSAT in 1.41s
    cube 3695 (depth 0, 12 lits): TIMEOUT in 60.06s
    cube 3695 TIMEOUT -> re-split into 63 sub-cubes (depth 1)
    cube 3695.0 (depth 1, 18 lits): UNSAT in 0.01s
    cube 3695.1 (depth 1, 18 lits): UNSAT in 0.02s
    cube 3695.2 (depth 1, 18 lits): UNSAT in 0.03s
    cube 3695.3 (depth 1, 18 lits): UNSAT in 0.05s
    cube 3695.4 (depth 1, 17 lits): UNSAT in 0.01s
    cube 3695.5 (depth 1, 18 lits): UNSAT in 0.06s
    cube 3695.6 (depth 1, 18 lits): UNSAT in 0.10s
    cube 3695.7 (depth 1, 18 lits): UNSAT in 0.03s
    cube 3695.8 (depth 1, 18 lits): UNSAT in 0.06s
    cube 3695.9 (depth 1, 18 lits): UNSAT in 0.05s
    cube 3695.10 (depth 1, 18 lits): UNSAT in 0.13s
    cube 3695.11 (depth 1, 18 lits): UNSAT in 0.08s
    cube 3695.12 (depth 1, 18 lits): UNSAT in 0.11s
    cube 3695.13 (depth 1, 18 lits): UNSAT in 0.13s
    cube 3695.14 (depth 1, 18 lits): UNSAT in 0.36s
    cube 3695.15 (depth 1, 18 lits): UNSAT in 0.01s
    cube 3695.16 (depth 1, 18 lits): UNSAT in 0.02s
    cube 3695.17 (depth 1, 18 lits): UNSAT in 0.07s
    cube 3695.18 (depth 1, 18 lits): UNSAT in 0.08s
    cube 3695.19 (depth 1, 18 lits): UNSAT in 0.02s
    cube 3695.20 (depth 1, 18 lits): UNSAT in 0.06s
    cube 3695.21 (depth 1, 18 lits): UNSAT in 0.07s
    cube 3695.22 (depth 1, 18 lits): UNSAT in 0.32s
    cube 3695.23 (depth 1, 18 lits): UNSAT in 0.04s
    cube 3695.24 (depth 1, 18 lits): UNSAT in 0.43s
    cube 3695.25 (depth 1, 18 lits): UNSAT in 0.13s
    cube 3695.26 (depth 1, 18 lits): UNSAT in 0.76s
    cube 3695.27 (depth 1, 18 lits): UNSAT in 0.14s
    cube 3695.28 (depth 1, 18 lits): UNSAT in 0.65s
    cube 3695.29 (depth 1, 18 lits): UNSAT in 0.75s
    cube 3695.30 (depth 1, 18 lits): UNSAT in 3.93s
    cube 3695.31 (depth 1, 18 lits): UNSAT in 0.01s
    cube 3695.32 (depth 1, 18 lits): UNSAT in 0.03s
    cube 3695.33 (depth 1, 18 lits): UNSAT in 0.02s
    cube 3695.34 (depth 1, 18 lits): UNSAT in 0.05s
    cube 3695.35 (depth 1, 18 lits): UNSAT in 0.03s
    cube 3695.36 (depth 1, 18 lits): UNSAT in 0.07s
    cube 3695.37 (depth 1, 18 lits): UNSAT in 0.12s
    cube 3695.38 (depth 1, 18 lits): UNSAT in 0.51s
    cube 3695.39 (depth 1, 18 lits): UNSAT in 0.07s
    cube 3695.40 (depth 1, 18 lits): UNSAT in 0.13s
    cube 3695.41 (depth 1, 18 lits): UNSAT in 0.09s
    cube 3695.42 (depth 1, 18 lits): UNSAT in 0.25s
    cube 3695.43 (depth 1, 18 lits): UNSAT in 0.28s
    cube 3695.44 (depth 1, 18 lits): UNSAT in 0.48s
    cube 3695.45 (depth 1, 18 lits): UNSAT in 0.99s
    cube 3695.46 (depth 1, 18 lits): UNSAT in 0.83s
    cube 3695.47 (depth 1, 18 lits): UNSAT in 0.06s
    cube 3695.48 (depth 1, 18 lits): UNSAT in 0.11s
    cube 3695.49 (depth 1, 18 lits): UNSAT in 0.08s
    cube 3695.50 (depth 1, 18 lits): UNSAT in 0.32s
    cube 3695.51 (depth 1, 18 lits): UNSAT in 0.06s
    cube 3695.52 (depth 1, 18 lits): UNSAT in 0.17s
    cube 3695.53 (depth 1, 18 lits): UNSAT in 0.49s
    cube 3695.54 (depth 1, 18 lits): UNSAT in 2.16s
    cube 3695.55 (depth 1, 18 lits): UNSAT in 0.04s
    cube 3695.56 (depth 1, 18 lits): UNSAT in 0.47s
    cube 3695.57 (depth 1, 18 lits): UNSAT in 0.42s
    cube 3695.58 (depth 1, 18 lits): UNSAT in 0.67s
    cube 3695.59 (depth 1, 18 lits): UNSAT in 0.35s
    cube 3695.60 (depth 1, 18 lits): UNSAT in 1.76s
    cube 3695.61 (depth 1, 18 lits): UNSAT in 2.71s
    cube 3695.62 (depth 1, 18 lits): UNSAT in 2.85s
    cube 3711 (depth 0, 12 lits): UNSAT in 2.14s
    cube 3727 (depth 0, 12 lits): TIMEOUT in 60.06s
    cube 3727 TIMEOUT -> re-split into 63 sub-cubes (depth 1)
    cube 3727.0 (depth 1, 17 lits): UNSAT in 0.01s
    cube 3727.1 (depth 1, 18 lits): UNSAT in 0.01s
    cube 3727.2 (depth 1, 18 lits): UNSAT in 0.02s
    cube 3727.3 (depth 1, 18 lits): UNSAT in 0.01s
    cube 3727.4 (depth 1, 18 lits): UNSAT in 0.04s
    cube 3727.5 (depth 1, 18 lits): UNSAT in 0.01s
    cube 3727.6 (depth 1, 18 lits): UNSAT in 0.06s
    cube 3727.7 (depth 1, 18 lits): UNSAT in 0.02s
    cube 3727.8 (depth 1, 18 lits): UNSAT in 0.03s
    cube 3727.9 (depth 1, 18 lits): UNSAT in 0.02s
    cube 3727.10 (depth 1, 18 lits): UNSAT in 0.06s
    cube 3727.11 (depth 1, 18 lits): UNSAT in 0.02s
    cube 3727.12 (depth 1, 18 lits): UNSAT in 0.06s
    cube 3727.13 (depth 1, 18 lits): UNSAT in 0.02s
    cube 3727.14 (depth 1, 18 lits): UNSAT in 0.56s
    cube 3727.15 (depth 1, 18 lits): UNSAT in 0.02s
    cube 3727.16 (depth 1, 18 lits): UNSAT in 0.01s
    cube 3727.17 (depth 1, 18 lits): UNSAT in 0.02s
    cube 3727.18 (depth 1, 18 lits): UNSAT in 0.07s
    cube 3727.19 (depth 1, 18 lits): UNSAT in 0.02s
    cube 3727.20 (depth 1, 18 lits): UNSAT in 0.11s
    cube 3727.21 (depth 1, 18 lits): UNSAT in 0.13s
    cube 3727.22 (depth 1, 18 lits): UNSAT in 0.22s
    cube 3727.23 (depth 1, 18 lits): UNSAT in 0.02s
    cube 3727.24 (depth 1, 18 lits): UNSAT in 0.08s
    cube 3727.25 (depth 1, 18 lits): UNSAT in 0.11s
    cube 3727.26 (depth 1, 18 lits): UNSAT in 0.49s
    cube 3727.27 (depth 1, 18 lits): UNSAT in 0.28s
    cube 3727.28 (depth 1, 18 lits): UNSAT in 0.81s
    cube 3727.29 (depth 1, 18 lits): UNSAT in 0.68s
    cube 3727.30 (depth 1, 18 lits): UNSAT in 0.35s
    cube 3727.31 (depth 1, 18 lits): UNSAT in 0.01s
    cube 3727.32 (depth 1, 18 lits): UNSAT in 0.03s
    cube 3727.33 (depth 1, 18 lits): UNSAT in 0.03s
    cube 3727.34 (depth 1, 18 lits): UNSAT in 0.17s
    cube 3727.35 (depth 1, 18 lits): UNSAT in 0.08s
    cube 3727.36 (depth 1, 18 lits): UNSAT in 0.18s
    cube 3727.37 (depth 1, 18 lits): UNSAT in 0.19s
    cube 3727.38 (depth 1, 18 lits): UNSAT in 1.16s
    cube 3727.39 (depth 1, 18 lits): UNSAT in 0.04s
    cube 3727.40 (depth 1, 18 lits): UNSAT in 0.25s
    cube 3727.41 (depth 1, 18 lits): UNSAT in 0.18s
    cube 3727.42 (depth 1, 18 lits): UNSAT in 1.61s
    cube 3727.43 (depth 1, 18 lits): UNSAT in 0.26s
    cube 3727.44 (depth 1, 18 lits): UNSAT in 1.43s
    cube 3727.45 (depth 1, 18 lits): UNSAT in 3.53s
    cube 3727.46 (depth 1, 18 lits): UNSAT in 7.92s
    cube 3727.47 (depth 1, 18 lits): UNSAT in 0.04s
    cube 3727.48 (depth 1, 18 lits): UNSAT in 0.10s
    cube 3727.49 (depth 1, 18 lits): UNSAT in 0.11s
    cube 3727.50 (depth 1, 18 lits): UNSAT in 0.20s
    cube 3727.51 (depth 1, 18 lits): UNSAT in 0.10s
    cube 3727.52 (depth 1, 18 lits): UNSAT in 0.52s
    cube 3727.53 (depth 1, 18 lits): UNSAT in 0.93s
    cube 3727.54 (depth 1, 18 lits): UNSAT in 2.61s
    cube 3727.55 (depth 1, 18 lits): UNSAT in 0.12s
    cube 3727.56 (depth 1, 18 lits): UNSAT in 0.38s
    cube 3727.57 (depth 1, 18 lits): UNSAT in 1.33s
    cube 3727.58 (depth 1, 18 lits): UNSAT in 2.56s
    cube 3727.59 (depth 1, 18 lits): UNSAT in 0.61s
    cube 3727.60 (depth 1, 18 lits): UNSAT in 4.23s
    cube 3727.61 (depth 1, 18 lits): UNSAT in 2.33s
    cube 3727.62 (depth 1, 18 lits): UNSAT in 3.24s
    cube 3743 (depth 0, 12 lits): UNSAT in 27.67s
    cube 3759 (depth 0, 12 lits): TIMEOUT in 60.06s
    cube 3759 TIMEOUT -> re-split into 63 sub-cubes (depth 1)
    cube 3759.0 (depth 1, 17 lits): UNSAT in 0.01s
    cube 3759.1 (depth 1, 18 lits): UNSAT in 0.01s
    cube 3759.2 (depth 1, 18 lits): UNSAT in 0.03s
    cube 3759.3 (depth 1, 18 lits): UNSAT in 0.01s
    cube 3759.4 (depth 1, 18 lits): UNSAT in 0.02s
    cube 3759.5 (depth 1, 18 lits): UNSAT in 0.02s
    cube 3759.6 (depth 1, 18 lits): UNSAT in 0.05s
    cube 3759.7 (depth 1, 18 lits): UNSAT in 0.02s
    cube 3759.8 (depth 1, 18 lits): UNSAT in 0.08s
    cube 3759.9 (depth 1, 18 lits): UNSAT in 0.08s
    cube 3759.10 (depth 1, 18 lits): UNSAT in 0.25s
    cube 3759.11 (depth 1, 18 lits): UNSAT in 0.11s
    cube 3759.12 (depth 1, 18 lits): UNSAT in 0.33s
    cube 3759.13 (depth 1, 18 lits): UNSAT in 0.33s
    cube 3759.14 (depth 1, 18 lits): UNSAT in 0.31s
    cube 3759.15 (depth 1, 18 lits): UNSAT in 0.05s
    cube 3759.16 (depth 1, 18 lits): UNSAT in 0.11s
    cube 3759.17 (depth 1, 18 lits): UNSAT in 0.05s
    cube 3759.18 (depth 1, 18 lits): UNSAT in 0.28s
    cube 3759.19 (depth 1, 18 lits): UNSAT in 0.03s
    cube 3759.20 (depth 1, 18 lits): UNSAT in 0.08s
    cube 3759.21 (depth 1, 18 lits): UNSAT in 0.11s
    cube 3759.22 (depth 1, 18 lits): UNSAT in 0.64s
    cube 3759.23 (depth 1, 18 lits): UNSAT in 0.12s
    cube 3759.24 (depth 1, 18 lits): UNSAT in 0.36s
    cube 3759.25 (depth 1, 18 lits): UNSAT in 0.46s
    cube 3759.26 (depth 1, 18 lits): UNSAT in 1.18s
    cube 3759.27 (depth 1, 18 lits): UNSAT in 0.80s
    cube 3759.28 (depth 1, 18 lits): UNSAT in 1.08s
    cube 3759.29 (depth 1, 18 lits): UNSAT in 1.81s
    cube 3759.30 (depth 1, 18 lits): UNSAT in 3.29s
    cube 3759.31 (depth 1, 18 lits): UNSAT in 0.02s
    cube 3759.32 (depth 1, 18 lits): UNSAT in 0.03s
    cube 3759.33 (depth 1, 18 lits): UNSAT in 0.08s
    cube 3759.34 (depth 1, 18 lits): UNSAT in 0.07s
    cube 3759.35 (depth 1, 18 lits): UNSAT in 0.07s
    cube 3759.36 (depth 1, 18 lits): UNSAT in 0.19s
    cube 3759.37 (depth 1, 18 lits): UNSAT in 0.16s
    cube 3759.38 (depth 1, 18 lits): UNSAT in 0.44s
    cube 3759.39 (depth 1, 18 lits): UNSAT in 0.03s
    cube 3759.40 (depth 1, 18 lits): UNSAT in 0.11s
    cube 3759.41 (depth 1, 18 lits): UNSAT in 0.25s
    cube 3759.42 (depth 1, 18 lits): UNSAT in 0.58s
    cube 3759.43 (depth 1, 18 lits): UNSAT in 0.15s
    cube 3759.44 (depth 1, 18 lits): UNSAT in 0.43s
    cube 3759.45 (depth 1, 18 lits): UNSAT in 2.99s
    cube 3759.46 (depth 1, 18 lits): UNSAT in 1.90s
    cube 3759.47 (depth 1, 18 lits): UNSAT in 0.23s
    cube 3759.48 (depth 1, 18 lits): UNSAT in 0.28s
    cube 3759.49 (depth 1, 18 lits): UNSAT in 0.44s
    cube 3759.50 (depth 1, 18 lits): UNSAT in 0.49s
    cube 3759.51 (depth 1, 18 lits): UNSAT in 0.34s
    cube 3759.52 (depth 1, 18 lits): UNSAT in 0.52s
    cube 3759.53 (depth 1, 18 lits): UNSAT in 1.36s
    cube 3759.54 (depth 1, 18 lits): UNSAT in 4.09s
    cube 3759.55 (depth 1, 18 lits): UNSAT in 0.55s
    cube 3759.56 (depth 1, 18 lits): UNSAT in 1.62s
    cube 3759.57 (depth 1, 18 lits): UNSAT in 0.70s
    cube 3759.58 (depth 1, 18 lits): UNSAT in 1.52s
    cube 3759.59 (depth 1, 18 lits): UNSAT in 1.20s
    cube 3759.60 (depth 1, 18 lits): UNSAT in 6.59s
    cube 3759.61 (depth 1, 18 lits): UNSAT in 1.23s
    cube 3759.62 (depth 1, 18 lits): UNSAT in 12.40s
    cube 3775 (depth 0, 12 lits): UNSAT in 0.41s
    cube 3791 (depth 0, 12 lits): UNSAT in 0.53s
    cube 3807 (depth 0, 12 lits): UNSAT in 1.19s
    cube 3823 (depth 0, 12 lits): UNSAT in 6.25s
    cube 3839 (depth 0, 12 lits): UNSAT in 2.24s
    cube 3855 (depth 0, 12 lits): UNSAT in 5.57s
    cube 3871 (depth 0, 12 lits): UNSAT in 9.81s
    cube 3887 (depth 0, 12 lits): TIMEOUT in 60.06s
    cube 3887 TIMEOUT -> re-split into 64 sub-cubes (depth 1)
    cube 3887.0 (depth 1, 18 lits): UNSAT in 0.01s
    cube 3887.1 (depth 1, 18 lits): UNSAT in 0.02s
    cube 3887.2 (depth 1, 18 lits): UNSAT in 0.03s
    cube 3887.3 (depth 1, 18 lits): UNSAT in 0.11s
    cube 3887.4 (depth 1, 18 lits): UNSAT in 0.02s
    cube 3887.5 (depth 1, 18 lits): UNSAT in 0.05s
    cube 3887.6 (depth 1, 18 lits): UNSAT in 0.06s
    cube 3887.7 (depth 1, 18 lits): UNSAT in 0.28s
    cube 3887.8 (depth 1, 18 lits): UNSAT in 0.02s
    cube 3887.9 (depth 1, 18 lits): UNSAT in 0.06s
    cube 3887.10 (depth 1, 18 lits): UNSAT in 0.17s
    cube 3887.11 (depth 1, 18 lits): UNSAT in 0.29s
    cube 3887.12 (depth 1, 18 lits): UNSAT in 0.20s
    cube 3887.13 (depth 1, 18 lits): UNSAT in 0.28s
    cube 3887.14 (depth 1, 18 lits): UNSAT in 0.54s
    cube 3887.15 (depth 1, 18 lits): UNSAT in 1.82s
    cube 3887.16 (depth 1, 18 lits): UNSAT in 0.02s
    cube 3887.17 (depth 1, 18 lits): UNSAT in 0.04s
    cube 3887.18 (depth 1, 18 lits): UNSAT in 0.04s
    cube 3887.19 (depth 1, 18 lits): UNSAT in 0.04s
    cube 3887.20 (depth 1, 18 lits): UNSAT in 0.05s
    cube 3887.21 (depth 1, 18 lits): UNSAT in 0.08s
    cube 3887.22 (depth 1, 18 lits): UNSAT in 0.26s
    cube 3887.23 (depth 1, 18 lits): UNSAT in 0.58s
    cube 3887.24 (depth 1, 18 lits): UNSAT in 0.03s
    cube 3887.25 (depth 1, 18 lits): UNSAT in 0.04s
    cube 3887.26 (depth 1, 18 lits): UNSAT in 0.12s
    cube 3887.27 (depth 1, 18 lits): UNSAT in 0.12s
    cube 3887.28 (depth 1, 18 lits): UNSAT in 0.17s
    cube 3887.29 (depth 1, 18 lits): UNSAT in 0.23s
    cube 3887.30 (depth 1, 18 lits): UNSAT in 0.40s
    cube 3887.31 (depth 1, 18 lits): UNSAT in 2.13s
    cube 3887.32 (depth 1, 18 lits): UNSAT in 0.03s
    cube 3887.33 (depth 1, 18 lits): UNSAT in 0.19s
    cube 3887.34 (depth 1, 18 lits): UNSAT in 0.06s
    cube 3887.35 (depth 1, 18 lits): UNSAT in 0.21s
    cube 3887.36 (depth 1, 18 lits): UNSAT in 0.04s
    cube 3887.37 (depth 1, 18 lits): UNSAT in 0.21s
    cube 3887.38 (depth 1, 18 lits): UNSAT in 0.37s
    cube 3887.39 (depth 1, 18 lits): UNSAT in 1.62s
    cube 3887.40 (depth 1, 18 lits): UNSAT in 0.13s
    cube 3887.41 (depth 1, 18 lits): UNSAT in 0.28s
    cube 3887.42 (depth 1, 18 lits): UNSAT in 0.04s
    cube 3887.43 (depth 1, 18 lits): UNSAT in 0.16s
    cube 3887.44 (depth 1, 18 lits): UNSAT in 0.07s
    cube 3887.45 (depth 1, 18 lits): UNSAT in 0.25s
    cube 3887.46 (depth 1, 18 lits): UNSAT in 0.34s
    cube 3887.47 (depth 1, 18 lits): UNSAT in 1.56s
    cube 3887.48 (depth 1, 18 lits): UNSAT in 0.08s
    cube 3887.49 (depth 1, 18 lits): UNSAT in 0.45s
    cube 3887.50 (depth 1, 18 lits): UNSAT in 0.28s
    cube 3887.51 (depth 1, 18 lits): UNSAT in 0.56s
    cube 3887.52 (depth 1, 18 lits): UNSAT in 1.02s
    cube 3887.53 (depth 1, 18 lits): UNSAT in 5.57s
    cube 3887.54 (depth 1, 18 lits): UNSAT in 0.42s
    cube 3887.55 (depth 1, 18 lits): UNSAT in 1.63s
    cube 3887.56 (depth 1, 18 lits): UNSAT in 0.47s
    cube 3887.57 (depth 1, 18 lits): UNSAT in 0.76s
    cube 3887.58 (depth 1, 18 lits): UNSAT in 0.76s
    cube 3887.59 (depth 1, 18 lits): UNSAT in 7.40s
    cube 3887.60 (depth 1, 18 lits): UNSAT in 0.36s
    cube 3887.61 (depth 1, 18 lits): UNSAT in 1.53s
    cube 3887.62 (depth 1, 18 lits): UNSAT in 2.95s
    cube 3887.63 (depth 1, 18 lits): UNSAT in 3.14s
    cube 3903 (depth 0, 12 lits): UNSAT in 2.80s
    cube 3919 (depth 0, 12 lits): UNSAT in 6.25s
    cube 3935 (depth 0, 12 lits): UNSAT in 10.93s
    cube 3951 (depth 0, 12 lits): UNSAT in 53.64s
    cube 3967 (depth 0, 12 lits): UNSAT in 11.59s
    cube 3983 (depth 0, 12 lits): TIMEOUT in 60.04s
    cube 3983 TIMEOUT -> re-split into 64 sub-cubes (depth 1)
    cube 3983.0 (depth 1, 18 lits): UNSAT in 0.01s
    cube 3983.1 (depth 1, 18 lits): UNSAT in 0.02s
    cube 3983.2 (depth 1, 18 lits): UNSAT in 0.04s
    cube 3983.3 (depth 1, 18 lits): UNSAT in 0.05s
    cube 3983.4 (depth 1, 18 lits): UNSAT in 0.02s
    cube 3983.5 (depth 1, 18 lits): UNSAT in 0.09s
    cube 3983.6 (depth 1, 18 lits): UNSAT in 0.20s
    cube 3983.7 (depth 1, 18 lits): UNSAT in 0.13s
    cube 3983.8 (depth 1, 18 lits): UNSAT in 0.08s
    cube 3983.9 (depth 1, 18 lits): UNSAT in 0.13s
    cube 3983.10 (depth 1, 18 lits): UNSAT in 0.10s
    cube 3983.11 (depth 1, 18 lits): UNSAT in 0.44s
    cube 3983.12 (depth 1, 18 lits): UNSAT in 0.28s
    cube 3983.13 (depth 1, 18 lits): UNSAT in 0.21s
    cube 3983.14 (depth 1, 18 lits): UNSAT in 0.60s
    cube 3983.15 (depth 1, 18 lits): UNSAT in 2.29s
    cube 3983.16 (depth 1, 18 lits): UNSAT in 0.04s
    cube 3983.17 (depth 1, 18 lits): UNSAT in 0.10s
    cube 3983.18 (depth 1, 18 lits): UNSAT in 0.01s
    cube 3983.19 (depth 1, 18 lits): UNSAT in 0.15s
    cube 3983.20 (depth 1, 18 lits): UNSAT in 0.11s
    cube 3983.21 (depth 1, 18 lits): UNSAT in 0.42s
    cube 3983.22 (depth 1, 18 lits): UNSAT in 0.13s
    cube 3983.23 (depth 1, 18 lits): UNSAT in 1.11s
    cube 3983.24 (depth 1, 18 lits): UNSAT in 0.07s
    cube 3983.25 (depth 1, 18 lits): UNSAT in 0.12s
    cube 3983.26 (depth 1, 18 lits): UNSAT in 0.30s
    cube 3983.27 (depth 1, 18 lits): UNSAT in 0.26s
    cube 3983.28 (depth 1, 18 lits): UNSAT in 0.08s
    cube 3983.29 (depth 1, 18 lits): UNSAT in 1.06s
    cube 3983.30 (depth 1, 18 lits): UNSAT in 2.78s
    cube 3983.31 (depth 1, 18 lits): UNSAT in 1.45s
    cube 3983.32 (depth 1, 18 lits): UNSAT in 0.09s
    cube 3983.33 (depth 1, 18 lits): UNSAT in 0.08s
    cube 3983.34 (depth 1, 18 lits): UNSAT in 0.08s
    cube 3983.35 (depth 1, 18 lits): UNSAT in 0.94s
    cube 3983.36 (depth 1, 18 lits): UNSAT in 0.11s
    cube 3983.37 (depth 1, 18 lits): UNSAT in 0.20s
    cube 3983.38 (depth 1, 18 lits): UNSAT in 0.36s
    cube 3983.39 (depth 1, 18 lits): UNSAT in 1.65s
    cube 3983.40 (depth 1, 18 lits): UNSAT in 0.13s
    cube 3983.41 (depth 1, 18 lits): UNSAT in 0.50s
    cube 3983.42 (depth 1, 18 lits): UNSAT in 0.35s
    cube 3983.43 (depth 1, 18 lits): UNSAT in 0.92s
    cube 3983.44 (depth 1, 18 lits): UNSAT in 0.30s
    cube 3983.45 (depth 1, 18 lits): UNSAT in 0.66s
    cube 3983.46 (depth 1, 18 lits): UNSAT in 0.44s
    cube 3983.47 (depth 1, 18 lits): UNSAT in 0.96s
    cube 3983.48 (depth 1, 18 lits): UNSAT in 0.29s
    cube 3983.49 (depth 1, 18 lits): UNSAT in 0.65s
    cube 3983.50 (depth 1, 18 lits): UNSAT in 0.24s
    cube 3983.51 (depth 1, 18 lits): UNSAT in 1.15s
    cube 3983.52 (depth 1, 18 lits): UNSAT in 4.16s
    cube 3983.53 (depth 1, 18 lits): UNSAT in 4.76s
    cube 3983.54 (depth 1, 18 lits): UNSAT in 1.36s
    cube 3983.55 (depth 1, 18 lits): UNSAT in 2.86s
    cube 3983.56 (depth 1, 18 lits): UNSAT in 0.15s
    cube 3983.57 (depth 1, 18 lits): UNSAT in 0.58s
    cube 3983.58 (depth 1, 18 lits): UNSAT in 0.35s
    cube 3983.59 (depth 1, 18 lits): UNSAT in 2.09s
    cube 3983.60 (depth 1, 18 lits): UNSAT in 1.02s
    cube 3983.61 (depth 1, 18 lits): UNSAT in 1.89s
    cube 3983.62 (depth 1, 18 lits): UNSAT in 5.19s
    cube 3983.63 (depth 1, 18 lits): UNSAT in 12.16s
    cube 3999 (depth 0, 12 lits): TIMEOUT in 60.06s
    cube 3999 TIMEOUT -> re-split into 64 sub-cubes (depth 1)
    cube 3999.0 (depth 1, 18 lits): UNSAT in 0.02s
    cube 3999.1 (depth 1, 18 lits): UNSAT in 0.03s
    cube 3999.2 (depth 1, 18 lits): UNSAT in 0.04s
    cube 3999.3 (depth 1, 18 lits): UNSAT in 0.13s
    cube 3999.4 (depth 1, 18 lits): UNSAT in 0.05s
    cube 3999.5 (depth 1, 18 lits): UNSAT in 0.06s
    cube 3999.6 (depth 1, 18 lits): UNSAT in 0.06s
    cube 3999.7 (depth 1, 18 lits): UNSAT in 0.16s
    cube 3999.8 (depth 1, 18 lits): UNSAT in 0.04s
    cube 3999.9 (depth 1, 18 lits): UNSAT in 0.11s
    cube 3999.10 (depth 1, 18 lits): UNSAT in 0.14s
    cube 3999.11 (depth 1, 18 lits): UNSAT in 0.27s
    cube 3999.12 (depth 1, 18 lits): UNSAT in 0.04s
    cube 3999.13 (depth 1, 18 lits): UNSAT in 0.17s
    cube 3999.14 (depth 1, 18 lits): UNSAT in 0.26s
    cube 3999.15 (depth 1, 18 lits): UNSAT in 0.24s
    cube 3999.16 (depth 1, 18 lits): UNSAT in 0.02s
    cube 3999.17 (depth 1, 18 lits): UNSAT in 0.05s
    cube 3999.18 (depth 1, 18 lits): UNSAT in 0.09s
    cube 3999.19 (depth 1, 18 lits): UNSAT in 0.09s
    cube 3999.20 (depth 1, 18 lits): UNSAT in 0.03s
    cube 3999.21 (depth 1, 18 lits): UNSAT in 0.04s
    cube 3999.22 (depth 1, 18 lits): UNSAT in 0.06s
    cube 3999.23 (depth 1, 18 lits): UNSAT in 0.16s
    cube 3999.24 (depth 1, 18 lits): UNSAT in 0.05s
    cube 3999.25 (depth 1, 18 lits): UNSAT in 0.09s
    cube 3999.26 (depth 1, 18 lits): UNSAT in 0.04s
    cube 3999.27 (depth 1, 18 lits): UNSAT in 0.13s
    cube 3999.28 (depth 1, 18 lits): UNSAT in 0.11s
    cube 3999.29 (depth 1, 18 lits): UNSAT in 0.27s
    cube 3999.30 (depth 1, 18 lits): UNSAT in 0.19s
    cube 3999.31 (depth 1, 18 lits): UNSAT in 1.73s
    cube 3999.32 (depth 1, 18 lits): UNSAT in 0.02s
    cube 3999.33 (depth 1, 18 lits): UNSAT in 0.07s
    cube 3999.34 (depth 1, 18 lits): UNSAT in 0.03s
    cube 3999.35 (depth 1, 18 lits): UNSAT in 0.09s
    cube 3999.36 (depth 1, 18 lits): UNSAT in 0.13s
    cube 3999.37 (depth 1, 18 lits): UNSAT in 0.10s
    cube 3999.38 (depth 1, 18 lits): UNSAT in 0.10s
    cube 3999.39 (depth 1, 18 lits): UNSAT in 0.19s
    cube 3999.40 (depth 1, 18 lits): UNSAT in 0.05s
    cube 3999.41 (depth 1, 18 lits): UNSAT in 0.11s
    cube 3999.42 (depth 1, 18 lits): UNSAT in 0.29s
    cube 3999.43 (depth 1, 18 lits): UNSAT in 0.11s
    cube 3999.44 (depth 1, 18 lits): UNSAT in 0.12s
    cube 3999.45 (depth 1, 18 lits): UNSAT in 0.53s
    cube 3999.46 (depth 1, 18 lits): UNSAT in 0.60s
    cube 3999.47 (depth 1, 18 lits): UNSAT in 1.50s
    cube 3999.48 (depth 1, 18 lits): UNSAT in 0.21s
    cube 3999.49 (depth 1, 18 lits): UNSAT in 0.40s
    cube 3999.50 (depth 1, 18 lits): UNSAT in 0.09s
    cube 3999.51 (depth 1, 18 lits): UNSAT in 0.57s
    cube 3999.52 (depth 1, 18 lits): UNSAT in 0.26s
    cube 3999.53 (depth 1, 18 lits): UNSAT in 1.28s
    cube 3999.54 (depth 1, 18 lits): UNSAT in 2.80s
    cube 3999.55 (depth 1, 18 lits): UNSAT in 4.78s
    cube 3999.56 (depth 1, 18 lits): UNSAT in 0.81s
    cube 3999.57 (depth 1, 18 lits): UNSAT in 0.69s
    cube 3999.58 (depth 1, 18 lits): UNSAT in 2.52s
    cube 3999.59 (depth 1, 18 lits): UNSAT in 6.81s
    cube 3999.60 (depth 1, 18 lits): UNSAT in 1.30s
    cube 3999.61 (depth 1, 18 lits): UNSAT in 11.71s
    cube 3999.62 (depth 1, 18 lits): UNSAT in 32.26s
    cube 3999.63 (depth 1, 18 lits): UNSAT in 22.38s
    cube 4015 (depth 0, 12 lits): TIMEOUT in 60.06s
    cube 4015 TIMEOUT -> re-split into 64 sub-cubes (depth 1)
    cube 4015.0 (depth 1, 18 lits): UNSAT in 0.04s
    cube 4015.1 (depth 1, 18 lits): UNSAT in 0.06s
    cube 4015.2 (depth 1, 18 lits): UNSAT in 0.12s
    cube 4015.3 (depth 1, 18 lits): UNSAT in 0.28s
    cube 4015.4 (depth 1, 18 lits): UNSAT in 0.05s
    cube 4015.5 (depth 1, 18 lits): UNSAT in 0.16s
    cube 4015.6 (depth 1, 18 lits): UNSAT in 0.45s
    cube 4015.7 (depth 1, 18 lits): UNSAT in 2.04s
    cube 4015.8 (depth 1, 18 lits): UNSAT in 0.03s
    cube 4015.9 (depth 1, 18 lits): UNSAT in 0.24s
    cube 4015.10 (depth 1, 18 lits): UNSAT in 0.47s
    cube 4015.11 (depth 1, 18 lits): UNSAT in 1.54s
    cube 4015.12 (depth 1, 18 lits): UNSAT in 0.28s
    cube 4015.13 (depth 1, 18 lits): UNSAT in 1.68s
    cube 4015.14 (depth 1, 18 lits): UNSAT in 0.90s
    cube 4015.15 (depth 1, 18 lits): UNSAT in 4.77s
    cube 4015.16 (depth 1, 18 lits): UNSAT in 0.32s
    cube 4015.17 (depth 1, 18 lits): UNSAT in 0.65s
    cube 4015.18 (depth 1, 18 lits): UNSAT in 0.69s
    cube 4015.19 (depth 1, 18 lits): UNSAT in 3.20s
    cube 4015.20 (depth 1, 18 lits): UNSAT in 0.54s
    cube 4015.21 (depth 1, 18 lits): UNSAT in 3.81s
    cube 4015.22 (depth 1, 18 lits): UNSAT in 1.71s
    cube 4015.23 (depth 1, 18 lits): UNSAT in 9.55s
    cube 4015.24 (depth 1, 18 lits): UNSAT in 0.64s
    cube 4015.25 (depth 1, 18 lits): UNSAT in 4.06s
    cube 4015.26 (depth 1, 18 lits): UNSAT in 2.04s
    cube 4015.27 (depth 1, 18 lits): UNSAT in 14.82s
    cube 4015.28 (depth 1, 18 lits): UNSAT in 1.89s
    cube 4015.29 (depth 1, 18 lits): UNSAT in 8.24s
    cube 4015.30 (depth 1, 18 lits): UNSAT in 11.46s
    cube 4015.31 (depth 1, 18 lits): TIMEOUT in 60.06s
    cube 4015.31 TIMEOUT -> re-split into 64 sub-cubes (depth 2)
    cube 4015.31.0 (depth 2, 24 lits): UNSAT in 0.02s
    cube 4015.31.1 (depth 2, 24 lits): UNSAT in 0.01s
    cube 4015.31.2 (depth 2, 24 lits): UNSAT in 0.04s
    cube 4015.31.3 (depth 2, 24 lits): UNSAT in 0.07s
    cube 4015.31.4 (depth 2, 24 lits): UNSAT in 0.01s
    cube 4015.31.5 (depth 2, 24 lits): UNSAT in 0.09s
    cube 4015.31.6 (depth 2, 24 lits): UNSAT in 0.07s
    cube 4015.31.7 (depth 2, 24 lits): UNSAT in 0.32s
    cube 4015.31.8 (depth 2, 24 lits): UNSAT in 0.02s
    cube 4015.31.9 (depth 2, 24 lits): UNSAT in 0.01s
    cube 4015.31.10 (depth 2, 24 lits): UNSAT in 0.03s
    cube 4015.31.11 (depth 2, 24 lits): UNSAT in 0.07s
    cube 4015.31.12 (depth 2, 24 lits): UNSAT in 0.03s
    cube 4015.31.13 (depth 2, 24 lits): UNSAT in 0.22s
    cube 4015.31.14 (depth 2, 24 lits): UNSAT in 0.14s
    cube 4015.31.15 (depth 2, 24 lits): UNSAT in 0.44s
    cube 4015.31.16 (depth 2, 24 lits): UNSAT in 0.02s
    cube 4015.31.17 (depth 2, 24 lits): UNSAT in 0.03s
    cube 4015.31.18 (depth 2, 24 lits): UNSAT in 0.07s
    cube 4015.31.19 (depth 2, 24 lits): UNSAT in 0.14s
    cube 4015.31.20 (depth 2, 24 lits): UNSAT in 0.05s
    cube 4015.31.21 (depth 2, 24 lits): UNSAT in 0.24s
    cube 4015.31.22 (depth 2, 24 lits): UNSAT in 0.15s
    cube 4015.31.23 (depth 2, 24 lits): UNSAT in 0.69s
    cube 4015.31.24 (depth 2, 24 lits): UNSAT in 0.15s
    cube 4015.31.25 (depth 2, 24 lits): UNSAT in 0.38s
    cube 4015.31.26 (depth 2, 24 lits): UNSAT in 0.79s
    cube 4015.31.27 (depth 2, 24 lits): UNSAT in 1.49s
    cube 4015.31.28 (depth 2, 24 lits): UNSAT in 0.20s
    cube 4015.31.29 (depth 2, 24 lits): UNSAT in 0.35s
    cube 4015.31.30 (depth 2, 24 lits): UNSAT in 0.32s
    cube 4015.31.31 (depth 2, 24 lits): UNSAT in 2.93s
    cube 4015.31.32 (depth 2, 24 lits): UNSAT in 0.09s
    cube 4015.31.33 (depth 2, 24 lits): UNSAT in 0.11s
    cube 4015.31.34 (depth 2, 24 lits): UNSAT in 0.06s
    cube 4015.31.35 (depth 2, 24 lits): UNSAT in 0.73s
    cube 4015.31.36 (depth 2, 24 lits): UNSAT in 0.10s
    cube 4015.31.37 (depth 2, 24 lits): UNSAT in 0.28s
    cube 4015.31.38 (depth 2, 24 lits): UNSAT in 0.25s
    cube 4015.31.39 (depth 2, 24 lits): UNSAT in 0.73s
    cube 4015.31.40 (depth 2, 24 lits): UNSAT in 0.28s
    cube 4015.31.41 (depth 2, 24 lits): UNSAT in 0.46s
    cube 4015.31.42 (depth 2, 24 lits): UNSAT in 0.82s
    cube 4015.31.43 (depth 2, 24 lits): UNSAT in 1.02s
    cube 4015.31.44 (depth 2, 24 lits): UNSAT in 1.53s
    cube 4015.31.45 (depth 2, 24 lits): UNSAT in 5.72s
    cube 4015.31.46 (depth 2, 24 lits): UNSAT in 1.69s
    cube 4015.31.47 (depth 2, 24 lits): UNSAT in 6.43s
    cube 4015.31.48 (depth 2, 24 lits): UNSAT in 0.18s
    cube 4015.31.49 (depth 2, 24 lits): UNSAT in 0.34s
    cube 4015.31.50 (depth 2, 24 lits): UNSAT in 0.37s
    cube 4015.31.51 (depth 2, 24 lits): UNSAT in 1.79s
    cube 4015.31.52 (depth 2, 24 lits): UNSAT in 0.22s
    cube 4015.31.53 (depth 2, 24 lits): UNSAT in 0.78s
    cube 4015.31.54 (depth 2, 24 lits): UNSAT in 0.96s
    cube 4015.31.55 (depth 2, 24 lits): UNSAT in 3.00s
    cube 4015.31.56 (depth 2, 24 lits): UNSAT in 0.13s
    cube 4015.31.57 (depth 2, 24 lits): UNSAT in 0.12s
    cube 4015.31.58 (depth 2, 24 lits): UNSAT in 0.22s
    cube 4015.31.59 (depth 2, 24 lits): UNSAT in 0.35s
    cube 4015.31.60 (depth 2, 24 lits): UNSAT in 0.17s
    cube 4015.31.61 (depth 2, 24 lits): UNSAT in 0.89s
    cube 4015.31.62 (depth 2, 24 lits): UNSAT in 0.82s
    cube 4015.31.63 (depth 2, 24 lits): UNSAT in 4.24s
    cube 4015.32 (depth 1, 18 lits): UNSAT in 0.08s
    cube 4015.33 (depth 1, 18 lits): UNSAT in 0.41s
    cube 4015.34 (depth 1, 18 lits): UNSAT in 0.67s
    cube 4015.35 (depth 1, 18 lits): UNSAT in 0.96s
    cube 4015.36 (depth 1, 18 lits): UNSAT in 1.08s
    cube 4015.37 (depth 1, 18 lits): UNSAT in 2.45s
    cube 4015.38 (depth 1, 18 lits): UNSAT in 0.82s
    cube 4015.39 (depth 1, 18 lits): UNSAT in 7.56s
    cube 4015.40 (depth 1, 18 lits): UNSAT in 0.52s
    cube 4015.41 (depth 1, 18 lits): UNSAT in 0.89s
    cube 4015.42 (depth 1, 18 lits): UNSAT in 0.79s
    cube 4015.43 (depth 1, 18 lits): UNSAT in 1.33s
    cube 4015.44 (depth 1, 18 lits): UNSAT in 1.65s
    cube 4015.45 (depth 1, 18 lits): UNSAT in 19.81s
    cube 4015.46 (depth 1, 18 lits): UNSAT in 5.53s
    cube 4015.47 (depth 1, 18 lits): UNSAT in 41.56s
    cube 4015.48 (depth 1, 18 lits): UNSAT in 0.16s
    cube 4015.49 (depth 1, 18 lits): UNSAT in 0.30s
    cube 4015.50 (depth 1, 18 lits): UNSAT in 0.43s
    cube 4015.51 (depth 1, 18 lits): UNSAT in 5.97s
    cube 4015.52 (depth 1, 18 lits): UNSAT in 0.18s
    cube 4015.53 (depth 1, 18 lits): UNSAT in 0.94s
    cube 4015.54 (depth 1, 18 lits): UNSAT in 1.41s
    cube 4015.55 (depth 1, 18 lits): UNSAT in 10.73s
    cube 4015.56 (depth 1, 18 lits): UNSAT in 1.95s
    cube 4015.57 (depth 1, 18 lits): UNSAT in 11.22s
    cube 4015.58 (depth 1, 18 lits): UNSAT in 2.74s
    cube 4015.59 (depth 1, 18 lits): UNSAT in 33.20s
    cube 4015.60 (depth 1, 18 lits): UNSAT in 3.85s
    cube 4015.61 (depth 1, 18 lits): TIMEOUT in 60.06s
    cube 4015.61 TIMEOUT -> re-split into 61 sub-cubes (depth 2)
    cube 4015.61.0 (depth 2, 22 lits): UNSAT in 0.01s
    cube 4015.61.1 (depth 2, 24 lits): UNSAT in 0.01s
    cube 4015.61.2 (depth 2, 24 lits): UNSAT in 0.02s
    cube 4015.61.3 (depth 2, 24 lits): UNSAT in 0.03s
    cube 4015.61.4 (depth 2, 24 lits): UNSAT in 0.03s
    cube 4015.61.5 (depth 2, 24 lits): UNSAT in 0.01s
    cube 4015.61.6 (depth 2, 24 lits): UNSAT in 0.01s
    cube 4015.61.7 (depth 2, 24 lits): UNSAT in 0.02s
    cube 4015.61.8 (depth 2, 24 lits): UNSAT in 0.02s
    cube 4015.61.9 (depth 2, 24 lits): UNSAT in 0.02s
    cube 4015.61.10 (depth 2, 24 lits): UNSAT in 0.04s
    cube 4015.61.11 (depth 2, 24 lits): UNSAT in 0.10s
    cube 4015.61.12 (depth 2, 24 lits): UNSAT in 0.06s
    cube 4015.61.13 (depth 2, 24 lits): UNSAT in 0.02s
    cube 4015.61.14 (depth 2, 24 lits): UNSAT in 0.08s
    cube 4015.61.15 (depth 2, 24 lits): UNSAT in 0.03s
    cube 4015.61.16 (depth 2, 24 lits): UNSAT in 0.06s
    cube 4015.61.17 (depth 2, 24 lits): UNSAT in 0.03s
    cube 4015.61.18 (depth 2, 24 lits): UNSAT in 0.10s
    cube 4015.61.19 (depth 2, 24 lits): UNSAT in 0.21s
    cube 4015.61.20 (depth 2, 24 lits): UNSAT in 0.28s
    cube 4015.61.21 (depth 2, 24 lits): UNSAT in 0.07s
    cube 4015.61.22 (depth 2, 24 lits): UNSAT in 0.07s
    cube 4015.61.23 (depth 2, 24 lits): UNSAT in 0.31s
    cube 4015.61.24 (depth 2, 24 lits): UNSAT in 0.69s
    cube 4015.61.25 (depth 2, 24 lits): UNSAT in 0.08s
    cube 4015.61.26 (depth 2, 24 lits): UNSAT in 0.42s
    cube 4015.61.27 (depth 2, 24 lits): UNSAT in 0.37s
    cube 4015.61.28 (depth 2, 24 lits): UNSAT in 1.91s
    cube 4015.61.29 (depth 2, 24 lits): UNSAT in 0.04s
    cube 4015.61.30 (depth 2, 24 lits): UNSAT in 0.07s
    cube 4015.61.31 (depth 2, 24 lits): UNSAT in 0.02s
    cube 4015.61.32 (depth 2, 24 lits): UNSAT in 0.04s
    cube 4015.61.33 (depth 2, 24 lits): UNSAT in 0.02s
    cube 4015.61.34 (depth 2, 24 lits): UNSAT in 0.11s
    cube 4015.61.35 (depth 2, 24 lits): UNSAT in 0.13s
    cube 4015.61.36 (depth 2, 24 lits): UNSAT in 0.33s
    cube 4015.61.37 (depth 2, 24 lits): UNSAT in 0.09s
    cube 4015.61.38 (depth 2, 24 lits): UNSAT in 0.10s
    cube 4015.61.39 (depth 2, 24 lits): UNSAT in 0.10s
    cube 4015.61.40 (depth 2, 24 lits): UNSAT in 0.04s
    cube 4015.61.41 (depth 2, 24 lits): UNSAT in 0.07s
    cube 4015.61.42 (depth 2, 24 lits): UNSAT in 0.20s
    cube 4015.61.43 (depth 2, 24 lits): UNSAT in 0.23s
    cube 4015.61.44 (depth 2, 24 lits): UNSAT in 1.69s
    cube 4015.61.45 (depth 2, 24 lits): UNSAT in 0.03s
    cube 4015.61.46 (depth 2, 24 lits): UNSAT in 0.26s
    cube 4015.61.47 (depth 2, 24 lits): UNSAT in 0.40s
    cube 4015.61.48 (depth 2, 24 lits): UNSAT in 0.25s
    cube 4015.61.49 (depth 2, 24 lits): UNSAT in 0.12s
    cube 4015.61.50 (depth 2, 24 lits): UNSAT in 0.21s
    cube 4015.61.51 (depth 2, 24 lits): UNSAT in 0.16s
    cube 4015.61.52 (depth 2, 24 lits): UNSAT in 1.14s
    cube 4015.61.53 (depth 2, 24 lits): UNSAT in 0.32s
    cube 4015.61.54 (depth 2, 24 lits): UNSAT in 0.95s
    cube 4015.61.55 (depth 2, 24 lits): UNSAT in 0.24s
    cube 4015.61.56 (depth 2, 24 lits): UNSAT in 3.54s
    cube 4015.61.57 (depth 2, 24 lits): UNSAT in 2.16s
    cube 4015.61.58 (depth 2, 24 lits): UNSAT in 7.71s
    cube 4015.61.59 (depth 2, 24 lits): UNSAT in 2.30s
    cube 4015.61.60 (depth 2, 24 lits): UNSAT in 4.94s
    cube 4015.62 (depth 1, 18 lits): TIMEOUT in 60.06s
    cube 4015.62 TIMEOUT -> re-split into 64 sub-cubes (depth 2)
    cube 4015.62.0 (depth 2, 24 lits): UNSAT in 0.01s
    cube 4015.62.1 (depth 2, 24 lits): UNSAT in 0.03s
    cube 4015.62.2 (depth 2, 24 lits): UNSAT in 0.02s
    cube 4015.62.3 (depth 2, 24 lits): UNSAT in 0.01s
    cube 4015.62.4 (depth 2, 24 lits): UNSAT in 0.02s
    cube 4015.62.5 (depth 2, 24 lits): UNSAT in 0.05s
    cube 4015.62.6 (depth 2, 24 lits): UNSAT in 0.03s
    cube 4015.62.7 (depth 2, 24 lits): UNSAT in 0.19s
    cube 4015.62.8 (depth 2, 24 lits): UNSAT in 0.02s
    cube 4015.62.9 (depth 2, 24 lits): UNSAT in 0.03s
    cube 4015.62.10 (depth 2, 24 lits): UNSAT in 0.03s
    cube 4015.62.11 (depth 2, 24 lits): UNSAT in 0.07s
    cube 4015.62.12 (depth 2, 24 lits): UNSAT in 0.05s
    cube 4015.62.13 (depth 2, 24 lits): UNSAT in 0.08s
    cube 4015.62.14 (depth 2, 24 lits): UNSAT in 0.09s
    cube 4015.62.15 (depth 2, 24 lits): UNSAT in 0.16s
    cube 4015.62.16 (depth 2, 24 lits): UNSAT in 0.02s
    cube 4015.62.17 (depth 2, 24 lits): UNSAT in 0.02s
    cube 4015.62.18 (depth 2, 24 lits): UNSAT in 0.07s
    cube 4015.62.19 (depth 2, 24 lits): UNSAT in 0.07s
    cube 4015.62.20 (depth 2, 24 lits): UNSAT in 0.04s
    cube 4015.62.21 (depth 2, 24 lits): UNSAT in 0.16s
    cube 4015.62.22 (depth 2, 24 lits): UNSAT in 0.05s
    cube 4015.62.23 (depth 2, 24 lits): UNSAT in 0.03s
    cube 4015.62.24 (depth 2, 24 lits): UNSAT in 0.04s
    cube 4015.62.25 (depth 2, 24 lits): UNSAT in 0.03s
    cube 4015.62.26 (depth 2, 24 lits): UNSAT in 0.05s
    cube 4015.62.27 (depth 2, 24 lits): UNSAT in 0.17s
    cube 4015.62.28 (depth 2, 24 lits): UNSAT in 0.28s
    cube 4015.62.29 (depth 2, 24 lits): UNSAT in 0.23s
    cube 4015.62.30 (depth 2, 24 lits): UNSAT in 0.28s
    cube 4015.62.31 (depth 2, 24 lits): UNSAT in 0.52s
    cube 4015.62.32 (depth 2, 24 lits): UNSAT in 0.03s
    cube 4015.62.33 (depth 2, 24 lits): UNSAT in 0.04s
    cube 4015.62.34 (depth 2, 24 lits): UNSAT in 0.07s
    cube 4015.62.35 (depth 2, 24 lits): UNSAT in 0.04s
    cube 4015.62.36 (depth 2, 24 lits): UNSAT in 0.07s
    cube 4015.62.37 (depth 2, 24 lits): UNSAT in 0.19s
    cube 4015.62.38 (depth 2, 24 lits): UNSAT in 0.50s
    cube 4015.62.39 (depth 2, 24 lits): UNSAT in 0.31s
    cube 4015.62.40 (depth 2, 24 lits): UNSAT in 0.01s
    cube 4015.62.41 (depth 2, 24 lits): UNSAT in 0.14s
    cube 4015.62.42 (depth 2, 24 lits): UNSAT in 0.20s
    cube 4015.62.43 (depth 2, 24 lits): UNSAT in 0.30s
    cube 4015.62.44 (depth 2, 24 lits): UNSAT in 0.05s
    cube 4015.62.45 (depth 2, 24 lits): UNSAT in 0.15s
    cube 4015.62.46 (depth 2, 24 lits): UNSAT in 0.54s
    cube 4015.62.47 (depth 2, 24 lits): UNSAT in 0.81s
    cube 4015.62.48 (depth 2, 24 lits): UNSAT in 0.06s
    cube 4015.62.49 (depth 2, 24 lits): UNSAT in 0.37s
    cube 4015.62.50 (depth 2, 24 lits): UNSAT in 0.24s
    cube 4015.62.51 (depth 2, 24 lits): UNSAT in 0.71s
    cube 4015.62.52 (depth 2, 24 lits): UNSAT in 0.18s
    cube 4015.62.53 (depth 2, 24 lits): UNSAT in 0.28s
    cube 4015.62.54 (depth 2, 24 lits): UNSAT in 1.76s
    cube 4015.62.55 (depth 2, 24 lits): UNSAT in 3.02s
    cube 4015.62.56 (depth 2, 24 lits): UNSAT in 0.22s
    cube 4015.62.57 (depth 2, 24 lits): UNSAT in 0.56s
    cube 4015.62.58 (depth 2, 24 lits): UNSAT in 0.48s
    cube 4015.62.59 (depth 2, 24 lits): UNSAT in 3.02s
    cube 4015.62.60 (depth 2, 24 lits): UNSAT in 1.13s
    cube 4015.62.61 (depth 2, 24 lits): UNSAT in 1.30s
    cube 4015.62.62 (depth 2, 24 lits): UNSAT in 3.32s
    cube 4015.62.63 (depth 2, 24 lits): UNSAT in 3.80s
    cube 4015.63 (depth 1, 18 lits): TIMEOUT in 60.06s
    cube 4015.63 TIMEOUT -> re-split into 64 sub-cubes (depth 2)
    cube 4015.63.0 (depth 2, 24 lits): UNSAT in 0.01s
    cube 4015.63.1 (depth 2, 24 lits): UNSAT in 0.02s
    cube 4015.63.2 (depth 2, 24 lits): UNSAT in 0.02s
    cube 4015.63.3 (depth 2, 24 lits): UNSAT in 0.08s
    cube 4015.63.4 (depth 2, 24 lits): UNSAT in 0.03s
    cube 4015.63.5 (depth 2, 24 lits): UNSAT in 0.10s
    cube 4015.63.6 (depth 2, 24 lits): UNSAT in 0.14s
    cube 4015.63.7 (depth 2, 24 lits): UNSAT in 0.25s
    cube 4015.63.8 (depth 2, 24 lits): UNSAT in 0.02s
    cube 4015.63.9 (depth 2, 24 lits): UNSAT in 0.05s
    cube 4015.63.10 (depth 2, 24 lits): UNSAT in 0.02s
    cube 4015.63.11 (depth 2, 24 lits): UNSAT in 0.27s
    cube 4015.63.12 (depth 2, 24 lits): UNSAT in 0.13s
    cube 4015.63.13 (depth 2, 24 lits): UNSAT in 0.26s
    cube 4015.63.14 (depth 2, 24 lits): UNSAT in 0.42s
    cube 4015.63.15 (depth 2, 24 lits): UNSAT in 0.67s
    cube 4015.63.16 (depth 2, 24 lits): UNSAT in 0.01s
    cube 4015.63.17 (depth 2, 24 lits): UNSAT in 0.02s
    cube 4015.63.18 (depth 2, 24 lits): UNSAT in 0.04s
    cube 4015.63.19 (depth 2, 24 lits): UNSAT in 0.05s
    cube 4015.63.20 (depth 2, 24 lits): UNSAT in 0.01s
    cube 4015.63.21 (depth 2, 24 lits): UNSAT in 0.02s
    cube 4015.63.22 (depth 2, 24 lits): UNSAT in 0.03s
    cube 4015.63.23 (depth 2, 24 lits): UNSAT in 0.26s
    cube 4015.63.24 (depth 2, 24 lits): UNSAT in 0.08s
    cube 4015.63.25 (depth 2, 24 lits): UNSAT in 0.20s
    cube 4015.63.26 (depth 2, 24 lits): UNSAT in 0.10s
    cube 4015.63.27 (depth 2, 24 lits): UNSAT in 0.59s
    cube 4015.63.28 (depth 2, 24 lits): UNSAT in 0.12s
    cube 4015.63.29 (depth 2, 24 lits): UNSAT in 0.49s
    cube 4015.63.30 (depth 2, 24 lits): UNSAT in 0.71s
    cube 4015.63.31 (depth 2, 24 lits): UNSAT in 4.38s
    cube 4015.63.32 (depth 2, 24 lits): UNSAT in 0.07s
    cube 4015.63.33 (depth 2, 24 lits): UNSAT in 0.24s
    cube 4015.63.34 (depth 2, 24 lits): UNSAT in 0.17s
    cube 4015.63.35 (depth 2, 24 lits): UNSAT in 0.65s
    cube 4015.63.36 (depth 2, 24 lits): UNSAT in 0.07s
    cube 4015.63.37 (depth 2, 24 lits): UNSAT in 0.17s
    cube 4015.63.38 (depth 2, 24 lits): UNSAT in 0.69s
    cube 4015.63.39 (depth 2, 24 lits): UNSAT in 2.06s
    cube 4015.63.40 (depth 2, 24 lits): UNSAT in 0.06s
    cube 4015.63.41 (depth 2, 24 lits): UNSAT in 0.13s
    cube 4015.63.42 (depth 2, 24 lits): UNSAT in 0.06s
    cube 4015.63.43 (depth 2, 24 lits): UNSAT in 0.11s
    cube 4015.63.44 (depth 2, 24 lits): UNSAT in 0.45s
    cube 4015.63.45 (depth 2, 24 lits): UNSAT in 0.65s
    cube 4015.63.46 (depth 2, 24 lits): UNSAT in 0.71s
    cube 4015.63.47 (depth 2, 24 lits): UNSAT in 2.52s
    cube 4015.63.48 (depth 2, 24 lits): UNSAT in 0.22s
    cube 4015.63.49 (depth 2, 24 lits): UNSAT in 0.74s
    cube 4015.63.50 (depth 2, 24 lits): UNSAT in 1.09s
    cube 4015.63.51 (depth 2, 24 lits): UNSAT in 1.99s
    cube 4015.63.52 (depth 2, 24 lits): UNSAT in 0.26s
    cube 4015.63.53 (depth 2, 24 lits): UNSAT in 1.23s
    cube 4015.63.54 (depth 2, 24 lits): UNSAT in 0.82s
    cube 4015.63.55 (depth 2, 24 lits): UNSAT in 4.25s
    cube 4015.63.56 (depth 2, 24 lits): UNSAT in 0.14s
    cube 4015.63.57 (depth 2, 24 lits): UNSAT in 0.86s
    cube 4015.63.58 (depth 2, 24 lits): UNSAT in 1.12s
    cube 4015.63.59 (depth 2, 24 lits): UNSAT in 6.04s
    cube 4015.63.60 (depth 2, 24 lits): UNSAT in 1.02s
    cube 4015.63.61 (depth 2, 24 lits): UNSAT in 3.74s
    cube 4015.63.62 (depth 2, 24 lits): UNSAT in 3.50s
    cube 4015.63.63 (depth 2, 24 lits): UNSAT in 8.16s

  shard 15 verdict: UNSAT (251 UNSAT, 0 unresolved) in 4577.5s
