  shard 7/16 (round-robin): 251 of 4022 cubes, per-cube cap 60.0s, re-split depth 3
    batch [3207..4007] TIMEOUT in 900.1s -> per-cube fallback
    cube 3207 (depth 0, 12 lits): UNSAT in 2.62s
    cube 3223 (depth 0, 12 lits): UNSAT in 0.40s
    cube 3239 (depth 0, 12 lits): UNSAT in 10.88s
    cube 3255 (depth 0, 12 lits): UNSAT in 0.07s
    cube 3271 (depth 0, 12 lits): UNSAT in 0.07s
    cube 3287 (depth 0, 12 lits): UNSAT in 0.13s
    cube 3303 (depth 0, 12 lits): UNSAT in 0.18s
    cube 3319 (depth 0, 12 lits): UNSAT in 0.02s
    cube 3335 (depth 0, 12 lits): UNSAT in 0.04s
    cube 3351 (depth 0, 12 lits): UNSAT in 0.17s
    cube 3367 (depth 0, 12 lits): UNSAT in 1.34s
    cube 3383 (depth 0, 12 lits): UNSAT in 0.05s
    cube 3399 (depth 0, 12 lits): UNSAT in 0.26s
    cube 3415 (depth 0, 12 lits): UNSAT in 0.56s
    cube 3431 (depth 0, 12 lits): UNSAT in 2.08s
    cube 3447 (depth 0, 12 lits): UNSAT in 0.51s
    cube 3463 (depth 0, 12 lits): UNSAT in 2.58s
    cube 3479 (depth 0, 12 lits): UNSAT in 0.84s
    cube 3495 (depth 0, 12 lits): UNSAT in 17.78s
    cube 3511 (depth 0, 12 lits): UNSAT in 0.05s
    cube 3527 (depth 0, 12 lits): UNSAT in 0.06s
    cube 3543 (depth 0, 12 lits): UNSAT in 0.12s
    cube 3559 (depth 0, 12 lits): UNSAT in 0.33s
    cube 3575 (depth 0, 12 lits): UNSAT in 0.14s
    cube 3591 (depth 0, 12 lits): UNSAT in 0.17s
    cube 3607 (depth 0, 12 lits): UNSAT in 0.68s
    cube 3623 (depth 0, 12 lits): UNSAT in 2.98s
    cube 3639 (depth 0, 12 lits): UNSAT in 0.06s
    cube 3655 (depth 0, 12 lits): UNSAT in 1.61s
    cube 3671 (depth 0, 12 lits): UNSAT in 0.16s
    cube 3687 (depth 0, 12 lits): UNSAT in 4.57s
    cube 3703 (depth 0, 12 lits): UNSAT in 0.19s
    cube 3719 (depth 0, 12 lits): UNSAT in 4.59s
    cube 3735 (depth 0, 12 lits): UNSAT in 3.12s
    cube 3751 (depth 0, 12 lits): UNSAT in 51.18s
    cube 3767 (depth 0, 12 lits): UNSAT in 0.25s
    cube 3783 (depth 0, 12 lits): UNSAT in 0.76s
    cube 3799 (depth 0, 12 lits): UNSAT in 0.14s
    cube 3815 (depth 0, 12 lits): UNSAT in 0.91s
    cube 3831 (depth 0, 12 lits): UNSAT in 0.65s
    cube 3847 (depth 0, 12 lits): UNSAT in 3.49s
    cube 3863 (depth 0, 12 lits): UNSAT in 3.93s
    cube 3879 (depth 0, 12 lits): UNSAT in 41.47s
    cube 3895 (depth 0, 12 lits): UNSAT in 0.66s
    cube 3911 (depth 0, 12 lits): UNSAT in 1.28s
    cube 3927 (depth 0, 12 lits): UNSAT in 7.90s
    cube 3943 (depth 0, 12 lits): UNSAT in 25.51s
    cube 3959 (depth 0, 12 lits): UNSAT in 5.38s
    cube 3975 (depth 0, 12 lits): UNSAT in 6.16s
    cube 3991 (depth 0, 12 lits): TIMEOUT in 60.06s
    cube 3991 TIMEOUT -> re-split into 63 sub-cubes (depth 1)
    cube 3991.0 (depth 1, 18 lits): UNSAT in 0.01s
    cube 3991.1 (depth 1, 18 lits): UNSAT in 0.01s
    cube 3991.2 (depth 1, 18 lits): UNSAT in 0.01s
    cube 3991.3 (depth 1, 18 lits): UNSAT in 0.02s
    cube 3991.4 (depth 1, 18 lits): UNSAT in 0.02s
    cube 3991.5 (depth 1, 18 lits): UNSAT in 0.02s
    cube 3991.6 (depth 1, 18 lits): UNSAT in 0.02s
    cube 3991.7 (depth 1, 18 lits): UNSAT in 0.03s
    cube 3991.8 (depth 1, 18 lits): UNSAT in 0.01s
    cube 3991.9 (depth 1, 18 lits): UNSAT in 0.04s
    cube 3991.10 (depth 1, 18 lits): UNSAT in 0.06s
    cube 3991.11 (depth 1, 18 lits): UNSAT in 0.05s
    cube 3991.12 (depth 1, 18 lits): UNSAT in 0.04s
    cube 3991.13 (depth 1, 18 lits): UNSAT in 0.05s
    cube 3991.14 (depth 1, 18 lits): UNSAT in 0.15s
    cube 3991.15 (depth 1, 18 lits): UNSAT in 0.12s
    cube 3991.16 (depth 1, 18 lits): UNSAT in 0.01s
    cube 3991.17 (depth 1, 18 lits): UNSAT in 0.04s
    cube 3991.18 (depth 1, 18 lits): UNSAT in 0.03s
    cube 3991.19 (depth 1, 18 lits): UNSAT in 0.11s
    cube 3991.20 (depth 1, 17 lits): UNSAT in 0.01s
    cube 3991.21 (depth 1, 18 lits): UNSAT in 0.12s
    cube 3991.22 (depth 1, 18 lits): UNSAT in 0.29s
    cube 3991.23 (depth 1, 18 lits): UNSAT in 0.02s
    cube 3991.24 (depth 1, 18 lits): UNSAT in 0.06s
    cube 3991.25 (depth 1, 18 lits): UNSAT in 0.16s
    cube 3991.26 (depth 1, 18 lits): UNSAT in 0.24s
    cube 3991.27 (depth 1, 18 lits): UNSAT in 0.05s
    cube 3991.28 (depth 1, 18 lits): UNSAT in 0.24s
    cube 3991.29 (depth 1, 18 lits): UNSAT in 0.52s
    cube 3991.30 (depth 1, 18 lits): UNSAT in 2.54s
    cube 3991.31 (depth 1, 18 lits): UNSAT in 0.01s
    cube 3991.32 (depth 1, 18 lits): UNSAT in 0.01s
    cube 3991.33 (depth 1, 18 lits): UNSAT in 0.08s
    cube 3991.34 (depth 1, 18 lits): UNSAT in 0.16s
    cube 3991.35 (depth 1, 18 lits): UNSAT in 0.11s
    cube 3991.36 (depth 1, 18 lits): UNSAT in 0.37s
    cube 3991.37 (depth 1, 18 lits): UNSAT in 0.10s
    cube 3991.38 (depth 1, 18 lits): UNSAT in 0.45s
    cube 3991.39 (depth 1, 18 lits): UNSAT in 0.05s
    cube 3991.40 (depth 1, 18 lits): UNSAT in 0.52s
    cube 3991.41 (depth 1, 18 lits): UNSAT in 0.25s
    cube 3991.42 (depth 1, 18 lits): UNSAT in 0.31s
    cube 3991.43 (depth 1, 18 lits): UNSAT in 0.33s
    cube 3991.44 (depth 1, 18 lits): UNSAT in 0.70s
    cube 3991.45 (depth 1, 18 lits): UNSAT in 0.36s
    cube 3991.46 (depth 1, 18 lits): UNSAT in 1.27s
    cube 3991.47 (depth 1, 18 lits): UNSAT in 0.05s
    cube 3991.48 (depth 1, 18 lits): UNSAT in 0.27s
    cube 3991.49 (depth 1, 18 lits): UNSAT in 0.25s
    cube 3991.50 (depth 1, 18 lits): UNSAT in 1.07s
    cube 3991.51 (depth 1, 18 lits): UNSAT in 0.18s
    cube 3991.52 (depth 1, 18 lits): UNSAT in 1.17s
    cube 3991.53 (depth 1, 18 lits): UNSAT in 0.38s
    cube 3991.54 (depth 1, 18 lits): UNSAT in 3.44s
    cube 3991.55 (depth 1, 18 lits): UNSAT in 0.06s
    cube 3991.56 (depth 1, 18 lits): UNSAT in 0.25s
    cube 3991.57 (depth 1, 18 lits): UNSAT in 0.16s
    cube 3991.58 (depth 1, 18 lits): UNSAT in 0.50s
    cube 3991.59 (depth 1, 18 lits): UNSAT in 0.21s
    cube 3991.60 (depth 1, 18 lits): UNSAT in 0.87s
    cube 3991.61 (depth 1, 18 lits): UNSAT in 3.03s
    cube 3991.62 (depth 1, 18 lits): UNSAT in 11.87s
    cube 4007 (depth 0, 12 lits): TIMEOUT in 60.04s
    cube 4007 TIMEOUT -> re-split into 64 sub-cubes (depth 1)
    cube 4007.0 (depth 1, 18 lits): UNSAT in 0.01s
    cube 4007.1 (depth 1, 18 lits): UNSAT in 0.02s
    cube 4007.2 (depth 1, 18 lits): UNSAT in 0.04s
    cube 4007.3 (depth 1, 18 lits): UNSAT in 0.05s
    cube 4007.4 (depth 1, 18 lits): UNSAT in 0.02s
    cube 4007.5 (depth 1, 18 lits): UNSAT in 0.06s
    cube 4007.6 (depth 1, 18 lits): UNSAT in 0.07s
    cube 4007.7 (depth 1, 18 lits): UNSAT in 0.38s
    cube 4007.8 (depth 1, 18 lits): UNSAT in 0.02s
    cube 4007.9 (depth 1, 18 lits): UNSAT in 0.19s
    cube 4007.10 (depth 1, 18 lits): UNSAT in 0.13s
    cube 4007.11 (depth 1, 18 lits): UNSAT in 1.44s
    cube 4007.12 (depth 1, 18 lits): UNSAT in 0.27s
    cube 4007.13 (depth 1, 18 lits): UNSAT in 0.52s
    cube 4007.14 (depth 1, 18 lits): UNSAT in 0.42s
    cube 4007.15 (depth 1, 18 lits): UNSAT in 2.65s
    cube 4007.16 (depth 1, 18 lits): UNSAT in 0.03s
    cube 4007.17 (depth 1, 18 lits): UNSAT in 0.23s
    cube 4007.18 (depth 1, 18 lits): UNSAT in 0.17s
    cube 4007.19 (depth 1, 18 lits): UNSAT in 0.62s
    cube 4007.20 (depth 1, 18 lits): UNSAT in 0.05s
    cube 4007.21 (depth 1, 18 lits): UNSAT in 0.34s
    cube 4007.22 (depth 1, 18 lits): UNSAT in 1.06s
    cube 4007.23 (depth 1, 18 lits): UNSAT in 2.57s
    cube 4007.24 (depth 1, 18 lits): UNSAT in 0.19s
    cube 4007.25 (depth 1, 18 lits): UNSAT in 0.67s
    cube 4007.26 (depth 1, 18 lits): UNSAT in 0.62s
    cube 4007.27 (depth 1, 18 lits): UNSAT in 5.58s
    cube 4007.28 (depth 1, 18 lits): UNSAT in 0.39s
    cube 4007.29 (depth 1, 18 lits): UNSAT in 5.95s
    cube 4007.30 (depth 1, 18 lits): UNSAT in 2.63s
    cube 4007.31 (depth 1, 18 lits): UNSAT in 13.80s
    cube 4007.32 (depth 1, 18 lits): UNSAT in 0.13s
    cube 4007.33 (depth 1, 18 lits): UNSAT in 0.13s
    cube 4007.34 (depth 1, 18 lits): UNSAT in 0.16s
    cube 4007.35 (depth 1, 18 lits): UNSAT in 0.40s
    cube 4007.36 (depth 1, 18 lits): UNSAT in 0.10s
    cube 4007.37 (depth 1, 18 lits): UNSAT in 0.47s
    cube 4007.38 (depth 1, 18 lits): UNSAT in 1.42s
    cube 4007.39 (depth 1, 18 lits): UNSAT in 1.33s
    cube 4007.40 (depth 1, 18 lits): UNSAT in 0.16s
    cube 4007.41 (depth 1, 18 lits): UNSAT in 0.28s
    cube 4007.42 (depth 1, 18 lits): UNSAT in 1.88s
    cube 4007.43 (depth 1, 18 lits): UNSAT in 2.61s
    cube 4007.44 (depth 1, 18 lits): UNSAT in 0.31s
    cube 4007.45 (depth 1, 18 lits): UNSAT in 1.51s
    cube 4007.46 (depth 1, 18 lits): UNSAT in 1.47s
    cube 4007.47 (depth 1, 18 lits): UNSAT in 8.29s
    cube 4007.48 (depth 1, 18 lits): UNSAT in 0.07s
    cube 4007.49 (depth 1, 18 lits): UNSAT in 0.74s
    cube 4007.50 (depth 1, 18 lits): UNSAT in 0.41s
    cube 4007.51 (depth 1, 18 lits): UNSAT in 1.58s
    cube 4007.52 (depth 1, 18 lits): UNSAT in 0.26s
    cube 4007.53 (depth 1, 18 lits): UNSAT in 2.94s
    cube 4007.54 (depth 1, 18 lits): UNSAT in 3.17s
    cube 4007.55 (depth 1, 18 lits): UNSAT in 3.88s
    cube 4007.56 (depth 1, 18 lits): UNSAT in 0.40s
    cube 4007.57 (depth 1, 18 lits): UNSAT in 1.05s
    cube 4007.58 (depth 1, 18 lits): UNSAT in 1.91s
    cube 4007.59 (depth 1, 18 lits): UNSAT in 9.92s
    cube 4007.60 (depth 1, 18 lits): UNSAT in 2.94s
    cube 4007.61 (depth 1, 18 lits): UNSAT in 14.53s
    cube 4007.62 (depth 1, 18 lits): UNSAT in 44.26s
    cube 4007.63 (depth 1, 18 lits): TIMEOUT in 60.06s
    cube 4007.63 TIMEOUT -> re-split into 64 sub-cubes (depth 2)
    cube 4007.63.0 (depth 2, 24 lits): UNSAT in 0.01s
    cube 4007.63.1 (depth 2, 24 lits): UNSAT in 0.01s
    cube 4007.63.2 (depth 2, 24 lits): UNSAT in 0.01s
    cube 4007.63.3 (depth 2, 24 lits): UNSAT in 0.02s
    cube 4007.63.4 (depth 2, 24 lits): UNSAT in 0.04s
    cube 4007.63.5 (depth 2, 24 lits): UNSAT in 0.06s
    cube 4007.63.6 (depth 2, 24 lits): UNSAT in 0.06s
    cube 4007.63.7 (depth 2, 24 lits): UNSAT in 0.04s
    cube 4007.63.8 (depth 2, 24 lits): UNSAT in 0.15s
    cube 4007.63.9 (depth 2, 24 lits): UNSAT in 0.07s
    cube 4007.63.10 (depth 2, 24 lits): UNSAT in 0.08s
    cube 4007.63.11 (depth 2, 24 lits): UNSAT in 0.11s
    cube 4007.63.12 (depth 2, 24 lits): UNSAT in 0.21s
    cube 4007.63.13 (depth 2, 24 lits): UNSAT in 0.45s
    cube 4007.63.14 (depth 2, 24 lits): UNSAT in 0.09s
    cube 4007.63.15 (depth 2, 24 lits): UNSAT in 0.30s
    cube 4007.63.16 (depth 2, 24 lits): UNSAT in 0.03s
    cube 4007.63.17 (depth 2, 24 lits): UNSAT in 0.06s
    cube 4007.63.18 (depth 2, 24 lits): UNSAT in 0.07s
    cube 4007.63.19 (depth 2, 24 lits): UNSAT in 0.07s
    cube 4007.63.20 (depth 2, 24 lits): UNSAT in 0.11s
    cube 4007.63.21 (depth 2, 24 lits): UNSAT in 0.34s
    cube 4007.63.22 (depth 2, 24 lits): UNSAT in 0.46s
    cube 4007.63.23 (depth 2, 24 lits): UNSAT in 0.52s
    cube 4007.63.24 (depth 2, 24 lits): UNSAT in 0.07s
    cube 4007.63.25 (depth 2, 24 lits): UNSAT in 0.13s
    cube 4007.63.26 (depth 2, 24 lits): UNSAT in 0.43s
    cube 4007.63.27 (depth 2, 24 lits): UNSAT in 1.16s
    cube 4007.63.28 (depth 2, 24 lits): UNSAT in 0.50s
    cube 4007.63.29 (depth 2, 24 lits): UNSAT in 1.38s
    cube 4007.63.30 (depth 2, 24 lits): UNSAT in 0.66s
    cube 4007.63.31 (depth 2, 24 lits): UNSAT in 2.08s
    cube 4007.63.32 (depth 2, 24 lits): UNSAT in 0.04s
    cube 4007.63.33 (depth 2, 24 lits): UNSAT in 0.08s
    cube 4007.63.34 (depth 2, 24 lits): UNSAT in 0.03s
    cube 4007.63.35 (depth 2, 24 lits): UNSAT in 0.44s
    cube 4007.63.36 (depth 2, 24 lits): UNSAT in 0.07s
    cube 4007.63.37 (depth 2, 24 lits): UNSAT in 0.70s
    cube 4007.63.38 (depth 2, 24 lits): UNSAT in 0.71s
    cube 4007.63.39 (depth 2, 24 lits): UNSAT in 0.72s
    cube 4007.63.40 (depth 2, 24 lits): UNSAT in 0.05s
    cube 4007.63.41 (depth 2, 24 lits): UNSAT in 0.18s
    cube 4007.63.42 (depth 2, 24 lits): UNSAT in 0.38s
    cube 4007.63.43 (depth 2, 24 lits): UNSAT in 1.41s
    cube 4007.63.44 (depth 2, 24 lits): UNSAT in 0.37s
    cube 4007.63.45 (depth 2, 24 lits): UNSAT in 0.96s
    cube 4007.63.46 (depth 2, 24 lits): UNSAT in 1.78s
    cube 4007.63.47 (depth 2, 24 lits): UNSAT in 5.26s
    cube 4007.63.48 (depth 2, 24 lits): UNSAT in 0.36s
    cube 4007.63.49 (depth 2, 24 lits): UNSAT in 0.98s
    cube 4007.63.50 (depth 2, 24 lits): UNSAT in 0.84s
    cube 4007.63.51 (depth 2, 24 lits): UNSAT in 1.30s
    cube 4007.63.52 (depth 2, 24 lits): UNSAT in 0.47s
    cube 4007.63.53 (depth 2, 24 lits): UNSAT in 1.89s
    cube 4007.63.54 (depth 2, 24 lits): UNSAT in 3.49s
    cube 4007.63.55 (depth 2, 24 lits): UNSAT in 12.68s
    cube 4007.63.56 (depth 2, 24 lits): UNSAT in 0.08s
    cube 4007.63.57 (depth 2, 24 lits): UNSAT in 0.19s
    cube 4007.63.58 (depth 2, 24 lits): UNSAT in 0.43s
    cube 4007.63.59 (depth 2, 24 lits): UNSAT in 1.11s
    cube 4007.63.60 (depth 2, 24 lits): UNSAT in 0.55s
    cube 4007.63.61 (depth 2, 24 lits): UNSAT in 1.43s
    cube 4007.63.62 (depth 2, 24 lits): UNSAT in 0.92s
    cube 4007.63.63 (depth 2, 24 lits): UNSAT in 4.04s

  shard 7 verdict: UNSAT (251 UNSAT, 0 unresolved) in 1902.6s
