  shard 11/16 (round-robin): 251 of 4022 cubes, per-cube cap 60.0s, re-split depth 3
    batch [11..3195] TIMEOUT in 900.1s -> per-cube fallback
    cube 11 (depth 0, 12 lits): UNSAT in 0.01s
    cube 27 (depth 0, 12 lits): UNSAT in 0.01s
    cube 43 (depth 0, 11 lits): UNSAT in 0.01s
    cube 59 (depth 0, 12 lits): UNSAT in 0.01s
    cube 75 (depth 0, 12 lits): UNSAT in 0.02s
    cube 91 (depth 0, 12 lits): UNSAT in 0.06s
    cube 107 (depth 0, 12 lits): UNSAT in 0.01s
    cube 123 (depth 0, 12 lits): UNSAT in 0.01s
    cube 139 (depth 0, 12 lits): UNSAT in 0.02s
    cube 155 (depth 0, 12 lits): UNSAT in 0.02s
    cube 171 (depth 0, 12 lits): UNSAT in 0.02s
    cube 187 (depth 0, 12 lits): UNSAT in 0.02s
    cube 203 (depth 0, 12 lits): UNSAT in 0.03s
    cube 219 (depth 0, 12 lits): UNSAT in 0.01s
    cube 235 (depth 0, 12 lits): UNSAT in 0.01s
    cube 251 (depth 0, 12 lits): UNSAT in 0.01s
    cube 267 (depth 0, 12 lits): UNSAT in 0.02s
    cube 283 (depth 0, 12 lits): UNSAT in 0.01s
    cube 299 (depth 0, 12 lits): UNSAT in 0.02s
    cube 315 (depth 0, 12 lits): UNSAT in 0.03s
    cube 331 (depth 0, 12 lits): UNSAT in 0.11s
    cube 347 (depth 0, 12 lits): UNSAT in 0.01s
    cube 363 (depth 0, 12 lits): UNSAT in 0.18s
    cube 379 (depth 0, 12 lits): UNSAT in 0.05s
    cube 395 (depth 0, 12 lits): UNSAT in 0.45s
    cube 411 (depth 0, 12 lits): UNSAT in 0.10s
    cube 427 (depth 0, 12 lits): UNSAT in 0.08s
    cube 443 (depth 0, 12 lits): UNSAT in 0.06s
    cube 459 (depth 0, 12 lits): UNSAT in 3.15s
    cube 475 (depth 0, 12 lits): UNSAT in 0.02s
    cube 491 (depth 0, 12 lits): UNSAT in 0.10s
    cube 507 (depth 0, 12 lits): UNSAT in 0.12s
    cube 523 (depth 0, 12 lits): UNSAT in 0.19s
    cube 539 (depth 0, 12 lits): UNSAT in 0.03s
    cube 555 (depth 0, 12 lits): UNSAT in 0.02s
    cube 571 (depth 0, 12 lits): UNSAT in 0.05s
    cube 587 (depth 0, 12 lits): UNSAT in 0.01s
    cube 603 (depth 0, 12 lits): UNSAT in 0.01s
    cube 619 (depth 0, 12 lits): UNSAT in 0.03s
    cube 635 (depth 0, 12 lits): UNSAT in 0.03s
    cube 651 (depth 0, 12 lits): UNSAT in 0.02s
    cube 667 (depth 0, 12 lits): UNSAT in 0.12s
    cube 683 (depth 0, 12 lits): UNSAT in 0.08s
    cube 699 (depth 0, 12 lits): UNSAT in 0.06s
    cube 715 (depth 0, 12 lits): UNSAT in 0.01s
    cube 731 (depth 0, 12 lits): UNSAT in 0.04s
    cube 747 (depth 0, 12 lits): UNSAT in 0.02s
    cube 763 (depth 0, 12 lits): UNSAT in 0.05s
    cube 779 (depth 0, 12 lits): UNSAT in 0.06s
    cube 795 (depth 0, 12 lits): UNSAT in 0.05s
    cube 811 (depth 0, 12 lits): UNSAT in 0.07s
    cube 827 (depth 0, 12 lits): UNSAT in 0.25s
    cube 843 (depth 0, 12 lits): UNSAT in 0.03s
    cube 859 (depth 0, 12 lits): UNSAT in 0.03s
    cube 875 (depth 0, 12 lits): UNSAT in 0.11s
    cube 891 (depth 0, 12 lits): UNSAT in 0.19s
    cube 907 (depth 0, 12 lits): UNSAT in 0.03s
    cube 923 (depth 0, 12 lits): UNSAT in 0.49s
    cube 939 (depth 0, 12 lits): UNSAT in 0.25s
    cube 955 (depth 0, 12 lits): UNSAT in 3.68s
    cube 971 (depth 0, 12 lits): UNSAT in 0.01s
    cube 987 (depth 0, 12 lits): UNSAT in 0.01s
    cube 1003 (depth 0, 12 lits): UNSAT in 0.03s
    cube 1019 (depth 0, 12 lits): UNSAT in 0.01s
    cube 1035 (depth 0, 12 lits): UNSAT in 0.02s
    cube 1051 (depth 0, 12 lits): UNSAT in 0.09s
    cube 1067 (depth 0, 12 lits): UNSAT in 0.08s
    cube 1083 (depth 0, 12 lits): UNSAT in 0.71s
    cube 1099 (depth 0, 12 lits): UNSAT in 0.01s
    cube 1115 (depth 0, 12 lits): UNSAT in 0.02s
    cube 1131 (depth 0, 12 lits): UNSAT in 0.08s
    cube 1147 (depth 0, 12 lits): UNSAT in 0.21s
    cube 1163 (depth 0, 12 lits): UNSAT in 0.02s
    cube 1179 (depth 0, 12 lits): UNSAT in 0.10s
    cube 1195 (depth 0, 12 lits): UNSAT in 0.04s
    cube 1211 (depth 0, 12 lits): UNSAT in 0.74s
    cube 1227 (depth 0, 12 lits): UNSAT in 0.01s
    cube 1243 (depth 0, 12 lits): UNSAT in 0.02s
    cube 1259 (depth 0, 12 lits): UNSAT in 0.02s
    cube 1275 (depth 0, 12 lits): UNSAT in 0.10s
    cube 1291 (depth 0, 12 lits): UNSAT in 0.03s
    cube 1307 (depth 0, 12 lits): UNSAT in 0.25s
    cube 1323 (depth 0, 12 lits): UNSAT in 0.15s
    cube 1339 (depth 0, 12 lits): UNSAT in 1.51s
    cube 1355 (depth 0, 12 lits): UNSAT in 0.03s
    cube 1371 (depth 0, 12 lits): UNSAT in 0.02s
    cube 1387 (depth 0, 12 lits): UNSAT in 0.07s
    cube 1403 (depth 0, 12 lits): UNSAT in 0.21s
    cube 1419 (depth 0, 12 lits): UNSAT in 0.03s
    cube 1435 (depth 0, 12 lits): UNSAT in 0.39s
    cube 1451 (depth 0, 12 lits): UNSAT in 0.21s
    cube 1467 (depth 0, 12 lits): UNSAT in 3.79s
    cube 1483 (depth 0, 12 lits): UNSAT in 0.02s
    cube 1499 (depth 0, 12 lits): UNSAT in 0.04s
    cube 1515 (depth 0, 12 lits): UNSAT in 0.08s
    cube 1531 (depth 0, 12 lits): UNSAT in 0.09s
    cube 1547 (depth 0, 12 lits): UNSAT in 0.09s
    cube 1563 (depth 0, 12 lits): UNSAT in 0.05s
    cube 1579 (depth 0, 12 lits): UNSAT in 0.44s
    cube 1595 (depth 0, 12 lits): UNSAT in 0.97s
    cube 1611 (depth 0, 12 lits): UNSAT in 0.15s
    cube 1627 (depth 0, 12 lits): UNSAT in 0.39s
    cube 1643 (depth 0, 12 lits): UNSAT in 0.98s
    cube 1659 (depth 0, 12 lits): UNSAT in 8.25s
    cube 1675 (depth 0, 12 lits): UNSAT in 0.81s
    cube 1691 (depth 0, 12 lits): UNSAT in 1.14s
    cube 1707 (depth 0, 12 lits): UNSAT in 3.20s
    cube 1723 (depth 0, 12 lits): UNSAT in 28.00s
    cube 1739 (depth 0, 12 lits): UNSAT in 0.07s
    cube 1755 (depth 0, 12 lits): UNSAT in 0.38s
    cube 1771 (depth 0, 12 lits): UNSAT in 0.40s
    cube 1787 (depth 0, 12 lits): UNSAT in 3.59s
    cube 1803 (depth 0, 12 lits): UNSAT in 1.11s
    cube 1819 (depth 0, 12 lits): UNSAT in 0.91s
    cube 1835 (depth 0, 12 lits): UNSAT in 0.53s
    cube 1851 (depth 0, 12 lits): UNSAT in 11.50s
    cube 1867 (depth 0, 12 lits): UNSAT in 0.26s
    cube 1883 (depth 0, 12 lits): UNSAT in 2.71s
    cube 1899 (depth 0, 12 lits): UNSAT in 5.35s
    cube 1915 (depth 0, 12 lits): UNSAT in 2.35s
    cube 1931 (depth 0, 12 lits): UNSAT in 2.99s
    cube 1947 (depth 0, 12 lits): UNSAT in 11.63s
    cube 1963 (depth 0, 12 lits): TIMEOUT in 60.04s
    cube 1963 TIMEOUT -> re-split into 64 sub-cubes (depth 1)
    cube 1963.0 (depth 1, 18 lits): UNSAT in 0.01s
    cube 1963.1 (depth 1, 18 lits): UNSAT in 0.01s
    cube 1963.2 (depth 1, 18 lits): UNSAT in 0.01s
    cube 1963.3 (depth 1, 18 lits): UNSAT in 0.04s
    cube 1963.4 (depth 1, 18 lits): UNSAT in 0.01s
    cube 1963.5 (depth 1, 18 lits): UNSAT in 0.03s
    cube 1963.6 (depth 1, 18 lits): UNSAT in 0.04s
    cube 1963.7 (depth 1, 18 lits): UNSAT in 0.06s
    cube 1963.8 (depth 1, 18 lits): UNSAT in 0.02s
    cube 1963.9 (depth 1, 18 lits): UNSAT in 0.04s
    cube 1963.10 (depth 1, 18 lits): UNSAT in 0.05s
    cube 1963.11 (depth 1, 18 lits): UNSAT in 0.07s
    cube 1963.12 (depth 1, 18 lits): UNSAT in 0.04s
    cube 1963.13 (depth 1, 18 lits): UNSAT in 0.10s
    cube 1963.14 (depth 1, 18 lits): UNSAT in 0.16s
    cube 1963.15 (depth 1, 18 lits): UNSAT in 0.25s
    cube 1963.16 (depth 1, 18 lits): UNSAT in 0.02s
    cube 1963.17 (depth 1, 18 lits): UNSAT in 0.02s
    cube 1963.18 (depth 1, 18 lits): UNSAT in 0.04s
    cube 1963.19 (depth 1, 18 lits): UNSAT in 0.13s
    cube 1963.20 (depth 1, 18 lits): UNSAT in 0.02s
    cube 1963.21 (depth 1, 18 lits): UNSAT in 0.12s
    cube 1963.22 (depth 1, 18 lits): UNSAT in 0.06s
    cube 1963.23 (depth 1, 18 lits): UNSAT in 0.14s
    cube 1963.24 (depth 1, 18 lits): UNSAT in 0.06s
    cube 1963.25 (depth 1, 18 lits): UNSAT in 0.19s
    cube 1963.26 (depth 1, 18 lits): UNSAT in 0.17s
    cube 1963.27 (depth 1, 18 lits): UNSAT in 1.22s
    cube 1963.28 (depth 1, 18 lits): UNSAT in 0.13s
    cube 1963.29 (depth 1, 18 lits): UNSAT in 0.09s
    cube 1963.30 (depth 1, 18 lits): UNSAT in 0.29s
    cube 1963.31 (depth 1, 18 lits): UNSAT in 0.45s
    cube 1963.32 (depth 1, 18 lits): UNSAT in 0.02s
    cube 1963.33 (depth 1, 18 lits): UNSAT in 0.04s
    cube 1963.34 (depth 1, 18 lits): UNSAT in 0.02s
    cube 1963.35 (depth 1, 18 lits): UNSAT in 0.10s
    cube 1963.36 (depth 1, 18 lits): UNSAT in 0.03s
    cube 1963.37 (depth 1, 18 lits): UNSAT in 0.10s
    cube 1963.38 (depth 1, 18 lits): UNSAT in 0.08s
    cube 1963.39 (depth 1, 18 lits): UNSAT in 0.08s
    cube 1963.40 (depth 1, 18 lits): UNSAT in 0.02s
    cube 1963.41 (depth 1, 18 lits): UNSAT in 0.10s
    cube 1963.42 (depth 1, 18 lits): UNSAT in 0.09s
    cube 1963.43 (depth 1, 18 lits): UNSAT in 0.35s
    cube 1963.44 (depth 1, 18 lits): UNSAT in 0.12s
    cube 1963.45 (depth 1, 18 lits): UNSAT in 0.21s
    cube 1963.46 (depth 1, 18 lits): UNSAT in 0.07s
    cube 1963.47 (depth 1, 18 lits): UNSAT in 0.69s
    cube 1963.48 (depth 1, 18 lits): UNSAT in 0.03s
    cube 1963.49 (depth 1, 18 lits): UNSAT in 0.02s
    cube 1963.50 (depth 1, 18 lits): UNSAT in 0.04s
    cube 1963.51 (depth 1, 18 lits): UNSAT in 0.20s
    cube 1963.52 (depth 1, 18 lits): UNSAT in 0.09s
    cube 1963.53 (depth 1, 18 lits): UNSAT in 0.14s
    cube 1963.54 (depth 1, 18 lits): UNSAT in 0.14s
    cube 1963.55 (depth 1, 18 lits): UNSAT in 1.02s
    cube 1963.56 (depth 1, 18 lits): UNSAT in 0.08s
    cube 1963.57 (depth 1, 18 lits): UNSAT in 0.20s
    cube 1963.58 (depth 1, 18 lits): UNSAT in 0.44s
    cube 1963.59 (depth 1, 18 lits): UNSAT in 1.11s
    cube 1963.60 (depth 1, 18 lits): UNSAT in 0.84s
    cube 1963.61 (depth 1, 18 lits): UNSAT in 3.69s
    cube 1963.62 (depth 1, 18 lits): UNSAT in 3.14s
    cube 1963.63 (depth 1, 18 lits): UNSAT in 7.19s
    cube 1979 (depth 0, 12 lits): TIMEOUT in 60.06s
    cube 1979 TIMEOUT -> re-split into 64 sub-cubes (depth 1)
    cube 1979.0 (depth 1, 18 lits): UNSAT in 0.10s
    cube 1979.1 (depth 1, 18 lits): UNSAT in 0.20s
    cube 1979.2 (depth 1, 18 lits): UNSAT in 0.29s
    cube 1979.3 (depth 1, 18 lits): UNSAT in 0.72s
    cube 1979.4 (depth 1, 18 lits): UNSAT in 0.08s
    cube 1979.5 (depth 1, 18 lits): UNSAT in 0.57s
    cube 1979.6 (depth 1, 18 lits): UNSAT in 0.63s
    cube 1979.7 (depth 1, 18 lits): UNSAT in 0.89s
    cube 1979.8 (depth 1, 18 lits): UNSAT in 0.11s
    cube 1979.9 (depth 1, 18 lits): UNSAT in 0.24s
    cube 1979.10 (depth 1, 18 lits): UNSAT in 0.26s
    cube 1979.11 (depth 1, 18 lits): UNSAT in 0.77s
    cube 1979.12 (depth 1, 18 lits): UNSAT in 0.47s
    cube 1979.13 (depth 1, 18 lits): UNSAT in 0.54s
    cube 1979.14 (depth 1, 18 lits): UNSAT in 0.88s
    cube 1979.15 (depth 1, 18 lits): UNSAT in 2.90s
    cube 1979.16 (depth 1, 18 lits): UNSAT in 0.04s
    cube 1979.17 (depth 1, 18 lits): UNSAT in 0.08s
    cube 1979.18 (depth 1, 18 lits): UNSAT in 0.05s
    cube 1979.19 (depth 1, 18 lits): UNSAT in 0.33s
    cube 1979.20 (depth 1, 18 lits): UNSAT in 0.11s
    cube 1979.21 (depth 1, 18 lits): UNSAT in 0.37s
    cube 1979.22 (depth 1, 18 lits): UNSAT in 1.43s
    cube 1979.23 (depth 1, 18 lits): UNSAT in 3.02s
    cube 1979.24 (depth 1, 18 lits): UNSAT in 0.21s
    cube 1979.25 (depth 1, 18 lits): UNSAT in 1.58s
    cube 1979.26 (depth 1, 18 lits): UNSAT in 1.23s
    cube 1979.27 (depth 1, 18 lits): UNSAT in 6.19s
    cube 1979.28 (depth 1, 18 lits): UNSAT in 1.13s
    cube 1979.29 (depth 1, 18 lits): UNSAT in 6.60s
    cube 1979.30 (depth 1, 18 lits): UNSAT in 4.46s
    cube 1979.31 (depth 1, 18 lits): UNSAT in 16.10s
    cube 1979.32 (depth 1, 18 lits): UNSAT in 0.03s
    cube 1979.33 (depth 1, 18 lits): UNSAT in 0.12s
    cube 1979.34 (depth 1, 18 lits): UNSAT in 0.45s
    cube 1979.35 (depth 1, 18 lits): UNSAT in 1.07s
    cube 1979.36 (depth 1, 18 lits): UNSAT in 0.14s
    cube 1979.37 (depth 1, 18 lits): UNSAT in 0.70s
    cube 1979.38 (depth 1, 18 lits): UNSAT in 1.22s
    cube 1979.39 (depth 1, 18 lits): UNSAT in 4.11s
    cube 1979.40 (depth 1, 18 lits): UNSAT in 0.15s
    cube 1979.41 (depth 1, 18 lits): UNSAT in 0.72s
    cube 1979.42 (depth 1, 18 lits): UNSAT in 0.47s
    cube 1979.43 (depth 1, 18 lits): UNSAT in 3.69s
    cube 1979.44 (depth 1, 18 lits): UNSAT in 3.77s
    cube 1979.45 (depth 1, 18 lits): UNSAT in 10.19s
    cube 1979.46 (depth 1, 18 lits): UNSAT in 6.64s
    cube 1979.47 (depth 1, 18 lits): UNSAT in 15.57s
    cube 1979.48 (depth 1, 18 lits): UNSAT in 0.12s
    cube 1979.49 (depth 1, 18 lits): UNSAT in 0.99s
    cube 1979.50 (depth 1, 18 lits): UNSAT in 1.56s
    cube 1979.51 (depth 1, 18 lits): UNSAT in 5.10s
    cube 1979.52 (depth 1, 18 lits): UNSAT in 0.50s
    cube 1979.53 (depth 1, 18 lits): UNSAT in 5.00s
    cube 1979.54 (depth 1, 18 lits): UNSAT in 1.96s
    cube 1979.55 (depth 1, 18 lits): UNSAT in 18.08s
    cube 1979.56 (depth 1, 18 lits): UNSAT in 4.75s
    cube 1979.57 (depth 1, 18 lits): UNSAT in 7.64s
    cube 1979.58 (depth 1, 18 lits): UNSAT in 1.69s
    cube 1979.59 (depth 1, 18 lits): UNSAT in 8.73s
    cube 1979.60 (depth 1, 18 lits): UNSAT in 2.61s
    cube 1979.61 (depth 1, 18 lits): UNSAT in 9.89s
    cube 1979.62 (depth 1, 18 lits): UNSAT in 1.86s
    cube 1979.63 (depth 1, 18 lits): UNSAT in 5.50s
    cube 1995 (depth 0, 12 lits): UNSAT in 0.02s
    cube 2011 (depth 0, 12 lits): UNSAT in 0.05s
    cube 2027 (depth 0, 12 lits): UNSAT in 0.01s
    cube 2043 (depth 0, 11 lits): UNSAT in 0.01s
    cube 2059 (depth 0, 12 lits): UNSAT in 0.01s
    cube 2075 (depth 0, 12 lits): UNSAT in 0.02s
    cube 2091 (depth 0, 12 lits): UNSAT in 0.03s
    cube 2107 (depth 0, 12 lits): UNSAT in 0.01s
    cube 2123 (depth 0, 12 lits): UNSAT in 0.03s
    cube 2139 (depth 0, 12 lits): UNSAT in 0.06s
    cube 2155 (depth 0, 12 lits): UNSAT in 0.16s
    cube 2171 (depth 0, 12 lits): UNSAT in 0.05s
    cube 2187 (depth 0, 12 lits): UNSAT in 0.07s
    cube 2203 (depth 0, 12 lits): UNSAT in 0.04s
    cube 2219 (depth 0, 12 lits): UNSAT in 0.20s
    cube 2235 (depth 0, 12 lits): UNSAT in 0.01s
    cube 2251 (depth 0, 12 lits): UNSAT in 0.01s
    cube 2267 (depth 0, 12 lits): UNSAT in 0.02s
    cube 2283 (depth 0, 12 lits): UNSAT in 0.12s
    cube 2299 (depth 0, 12 lits): UNSAT in 0.02s
    cube 2315 (depth 0, 12 lits): UNSAT in 0.09s
    cube 2331 (depth 0, 12 lits): UNSAT in 0.03s
    cube 2347 (depth 0, 12 lits): UNSAT in 1.30s
    cube 2363 (depth 0, 12 lits): UNSAT in 0.04s
    cube 2379 (depth 0, 12 lits): UNSAT in 0.06s
    cube 2395 (depth 0, 12 lits): UNSAT in 0.09s
    cube 2411 (depth 0, 12 lits): UNSAT in 0.79s
    cube 2427 (depth 0, 12 lits): UNSAT in 0.03s
    cube 2443 (depth 0, 12 lits): UNSAT in 0.31s
    cube 2459 (depth 0, 12 lits): UNSAT in 0.48s
    cube 2475 (depth 0, 12 lits): UNSAT in 1.36s
    cube 2491 (depth 0, 12 lits): UNSAT in 0.02s
    cube 2507 (depth 0, 12 lits): UNSAT in 0.06s
    cube 2523 (depth 0, 12 lits): UNSAT in 0.06s
    cube 2539 (depth 0, 12 lits): UNSAT in 0.24s
    cube 2555 (depth 0, 12 lits): UNSAT in 0.19s
    cube 2571 (depth 0, 12 lits): UNSAT in 0.11s
    cube 2587 (depth 0, 12 lits): UNSAT in 0.15s
    cube 2603 (depth 0, 12 lits): UNSAT in 0.55s
    cube 2619 (depth 0, 12 lits): UNSAT in 0.03s
    cube 2635 (depth 0, 12 lits): UNSAT in 0.05s
    cube 2651 (depth 0, 12 lits): UNSAT in 0.73s
    cube 2667 (depth 0, 12 lits): UNSAT in 0.46s
    cube 2683 (depth 0, 12 lits): UNSAT in 0.05s
    cube 2699 (depth 0, 12 lits): UNSAT in 1.33s
    cube 2715 (depth 0, 12 lits): UNSAT in 0.55s
    cube 2731 (depth 0, 12 lits): TIMEOUT in 60.06s
    cube 2731 TIMEOUT -> re-split into 63 sub-cubes (depth 1)
    cube 2731.0 (depth 1, 17 lits): UNSAT in 0.01s
    cube 2731.1 (depth 1, 18 lits): UNSAT in 0.01s
    cube 2731.2 (depth 1, 18 lits): UNSAT in 0.02s
    cube 2731.3 (depth 1, 18 lits): UNSAT in 0.01s
    cube 2731.4 (depth 1, 18 lits): UNSAT in 0.03s
    cube 2731.5 (depth 1, 18 lits): UNSAT in 0.05s
    cube 2731.6 (depth 1, 18 lits): UNSAT in 0.07s
    cube 2731.7 (depth 1, 18 lits): UNSAT in 0.01s
    cube 2731.8 (depth 1, 18 lits): UNSAT in 0.02s
    cube 2731.9 (depth 1, 18 lits): UNSAT in 0.01s
    cube 2731.10 (depth 1, 18 lits): UNSAT in 0.03s
    cube 2731.11 (depth 1, 18 lits): UNSAT in 0.01s
    cube 2731.12 (depth 1, 18 lits): UNSAT in 0.02s
    cube 2731.13 (depth 1, 18 lits): UNSAT in 0.03s
    cube 2731.14 (depth 1, 18 lits): UNSAT in 0.02s
    cube 2731.15 (depth 1, 18 lits): UNSAT in 0.01s
    cube 2731.16 (depth 1, 18 lits): UNSAT in 0.02s
    cube 2731.17 (depth 1, 18 lits): UNSAT in 0.03s
    cube 2731.18 (depth 1, 18 lits): UNSAT in 0.07s
    cube 2731.19 (depth 1, 18 lits): UNSAT in 0.02s
    cube 2731.20 (depth 1, 18 lits): UNSAT in 0.03s
    cube 2731.21 (depth 1, 18 lits): UNSAT in 0.06s
    cube 2731.22 (depth 1, 18 lits): UNSAT in 0.14s
    cube 2731.23 (depth 1, 18 lits): UNSAT in 0.07s
    cube 2731.24 (depth 1, 18 lits): UNSAT in 0.09s
    cube 2731.25 (depth 1, 18 lits): UNSAT in 0.06s
    cube 2731.26 (depth 1, 18 lits): UNSAT in 0.15s
    cube 2731.27 (depth 1, 18 lits): UNSAT in 0.13s
    cube 2731.28 (depth 1, 18 lits): UNSAT in 0.40s
    cube 2731.29 (depth 1, 18 lits): UNSAT in 0.49s
    cube 2731.30 (depth 1, 18 lits): UNSAT in 0.49s
    cube 2731.31 (depth 1, 18 lits): UNSAT in 0.02s
    cube 2731.32 (depth 1, 18 lits): UNSAT in 0.04s
    cube 2731.33 (depth 1, 18 lits): UNSAT in 0.03s
    cube 2731.34 (depth 1, 18 lits): UNSAT in 0.10s
    cube 2731.35 (depth 1, 18 lits): UNSAT in 0.03s
    cube 2731.36 (depth 1, 18 lits): UNSAT in 0.07s
    cube 2731.37 (depth 1, 18 lits): UNSAT in 0.04s
    cube 2731.38 (depth 1, 18 lits): UNSAT in 0.27s
    cube 2731.39 (depth 1, 18 lits): UNSAT in 0.03s
    cube 2731.40 (depth 1, 18 lits): UNSAT in 0.04s
    cube 2731.41 (depth 1, 18 lits): UNSAT in 0.04s
    cube 2731.42 (depth 1, 18 lits): UNSAT in 0.18s
    cube 2731.43 (depth 1, 18 lits): UNSAT in 0.30s
    cube 2731.44 (depth 1, 18 lits): UNSAT in 0.22s
    cube 2731.45 (depth 1, 18 lits): UNSAT in 0.22s
    cube 2731.46 (depth 1, 18 lits): UNSAT in 1.40s
    cube 2731.47 (depth 1, 18 lits): UNSAT in 0.02s
    cube 2731.48 (depth 1, 18 lits): UNSAT in 0.09s
    cube 2731.49 (depth 1, 18 lits): UNSAT in 0.20s
    cube 2731.50 (depth 1, 18 lits): UNSAT in 0.42s
    cube 2731.51 (depth 1, 18 lits): UNSAT in 0.16s
    cube 2731.52 (depth 1, 18 lits): UNSAT in 0.83s
    cube 2731.53 (depth 1, 18 lits): UNSAT in 0.31s
    cube 2731.54 (depth 1, 18 lits): UNSAT in 1.44s
    cube 2731.55 (depth 1, 18 lits): UNSAT in 0.11s
    cube 2731.56 (depth 1, 18 lits): UNSAT in 0.23s
    cube 2731.57 (depth 1, 18 lits): UNSAT in 2.00s
    cube 2731.58 (depth 1, 18 lits): UNSAT in 0.67s
    cube 2731.59 (depth 1, 18 lits): UNSAT in 0.28s
    cube 2731.60 (depth 1, 18 lits): UNSAT in 0.44s
    cube 2731.61 (depth 1, 18 lits): UNSAT in 2.79s
    cube 2731.62 (depth 1, 18 lits): UNSAT in 6.76s
    cube 2747 (depth 0, 12 lits): UNSAT in 0.06s
    cube 2763 (depth 0, 12 lits): UNSAT in 0.52s
    cube 2779 (depth 0, 12 lits): UNSAT in 0.15s
    cube 2795 (depth 0, 12 lits): UNSAT in 2.38s
    cube 2811 (depth 0, 12 lits): UNSAT in 0.32s
    cube 2827 (depth 0, 12 lits): UNSAT in 2.76s
    cube 2843 (depth 0, 12 lits): UNSAT in 9.45s
    cube 2859 (depth 0, 12 lits): UNSAT in 1.93s
    cube 2875 (depth 0, 12 lits): UNSAT in 0.32s
    cube 2891 (depth 0, 12 lits): UNSAT in 1.44s
    cube 2907 (depth 0, 12 lits): UNSAT in 2.61s
    cube 2923 (depth 0, 12 lits): UNSAT in 9.03s
    cube 2939 (depth 0, 12 lits): UNSAT in 1.70s
    cube 2955 (depth 0, 12 lits): UNSAT in 10.88s
    cube 2971 (depth 0, 12 lits): UNSAT in 5.36s
    cube 2987 (depth 0, 12 lits): TIMEOUT in 60.04s
    cube 2987 TIMEOUT -> re-split into 64 sub-cubes (depth 1)
    cube 2987.0 (depth 1, 18 lits): UNSAT in 0.01s
    cube 2987.1 (depth 1, 18 lits): UNSAT in 0.01s
    cube 2987.2 (depth 1, 18 lits): UNSAT in 0.02s
    cube 2987.3 (depth 1, 18 lits): UNSAT in 0.07s
    cube 2987.4 (depth 1, 18 lits): UNSAT in 0.03s
    cube 2987.5 (depth 1, 18 lits): UNSAT in 0.02s
    cube 2987.6 (depth 1, 18 lits): UNSAT in 0.11s
    cube 2987.7 (depth 1, 18 lits): UNSAT in 0.31s
    cube 2987.8 (depth 1, 18 lits): UNSAT in 0.08s
    cube 2987.9 (depth 1, 18 lits): UNSAT in 0.10s
    cube 2987.10 (depth 1, 18 lits): UNSAT in 0.26s
    cube 2987.11 (depth 1, 18 lits): UNSAT in 0.29s
    cube 2987.12 (depth 1, 18 lits): UNSAT in 0.11s
    cube 2987.13 (depth 1, 18 lits): UNSAT in 0.43s
    cube 2987.14 (depth 1, 18 lits): UNSAT in 0.77s
    cube 2987.15 (depth 1, 18 lits): UNSAT in 2.60s
    cube 2987.16 (depth 1, 18 lits): UNSAT in 0.01s
    cube 2987.17 (depth 1, 18 lits): UNSAT in 0.08s
    cube 2987.18 (depth 1, 18 lits): UNSAT in 0.14s
    cube 2987.19 (depth 1, 18 lits): UNSAT in 0.69s
    cube 2987.20 (depth 1, 18 lits): UNSAT in 0.03s
    cube 2987.21 (depth 1, 18 lits): UNSAT in 0.26s
    cube 2987.22 (depth 1, 18 lits): UNSAT in 0.31s
    cube 2987.23 (depth 1, 18 lits): UNSAT in 1.83s
    cube 2987.24 (depth 1, 18 lits): UNSAT in 0.15s
    cube 2987.25 (depth 1, 18 lits): UNSAT in 0.44s
    cube 2987.26 (depth 1, 18 lits): UNSAT in 0.69s
    cube 2987.27 (depth 1, 18 lits): UNSAT in 2.17s
    cube 2987.28 (depth 1, 18 lits): UNSAT in 0.24s
    cube 2987.29 (depth 1, 18 lits): UNSAT in 0.35s
    cube 2987.30 (depth 1, 18 lits): UNSAT in 2.47s
    cube 2987.31 (depth 1, 18 lits): UNSAT in 2.55s
    cube 2987.32 (depth 1, 18 lits): UNSAT in 0.02s
    cube 2987.33 (depth 1, 18 lits): UNSAT in 0.11s
    cube 2987.34 (depth 1, 18 lits): UNSAT in 0.13s
    cube 2987.35 (depth 1, 18 lits): UNSAT in 1.06s
    cube 2987.36 (depth 1, 18 lits): UNSAT in 0.24s
    cube 2987.37 (depth 1, 18 lits): UNSAT in 1.16s
    cube 2987.38 (depth 1, 18 lits): UNSAT in 0.87s
    cube 2987.39 (depth 1, 18 lits): UNSAT in 2.15s
    cube 2987.40 (depth 1, 18 lits): UNSAT in 0.13s
    cube 2987.41 (depth 1, 18 lits): UNSAT in 0.48s
    cube 2987.42 (depth 1, 18 lits): UNSAT in 1.08s
    cube 2987.43 (depth 1, 18 lits): UNSAT in 5.68s
    cube 2987.44 (depth 1, 18 lits): UNSAT in 0.46s
    cube 2987.45 (depth 1, 18 lits): UNSAT in 2.39s
    cube 2987.46 (depth 1, 18 lits): UNSAT in 4.11s
    cube 2987.47 (depth 1, 18 lits): UNSAT in 41.95s
    cube 2987.48 (depth 1, 18 lits): UNSAT in 0.07s
    cube 2987.49 (depth 1, 18 lits): UNSAT in 0.44s
    cube 2987.50 (depth 1, 18 lits): UNSAT in 0.24s
    cube 2987.51 (depth 1, 18 lits): UNSAT in 2.17s
    cube 2987.52 (depth 1, 18 lits): UNSAT in 0.43s
    cube 2987.53 (depth 1, 18 lits): UNSAT in 3.25s
    cube 2987.54 (depth 1, 18 lits): UNSAT in 3.36s
    cube 2987.55 (depth 1, 18 lits): UNSAT in 4.15s
    cube 2987.56 (depth 1, 18 lits): UNSAT in 0.45s
    cube 2987.57 (depth 1, 18 lits): UNSAT in 1.06s
    cube 2987.58 (depth 1, 18 lits): UNSAT in 1.23s
    cube 2987.59 (depth 1, 18 lits): UNSAT in 9.57s
    cube 2987.60 (depth 1, 18 lits): UNSAT in 2.03s
    cube 2987.61 (depth 1, 18 lits): UNSAT in 3.24s
    cube 2987.62 (depth 1, 18 lits): UNSAT in 3.82s
    cube 2987.63 (depth 1, 18 lits): UNSAT in 6.42s
    cube 3003 (depth 0, 12 lits): UNSAT in 0.04s
    cube 3019 (depth 0, 12 lits): UNSAT in 0.10s
    cube 3035 (depth 0, 12 lits): UNSAT in 0.03s
    cube 3051 (depth 0, 12 lits): UNSAT in 0.14s
    cube 3067 (depth 0, 12 lits): UNSAT in 0.09s
    cube 3083 (depth 0, 12 lits): UNSAT in 0.41s
    cube 3099 (depth 0, 12 lits): UNSAT in 0.27s
    cube 3115 (depth 0, 12 lits): UNSAT in 0.29s
    cube 3131 (depth 0, 12 lits): UNSAT in 0.08s
    cube 3147 (depth 0, 12 lits): UNSAT in 0.30s
    cube 3163 (depth 0, 12 lits): UNSAT in 0.22s
    cube 3179 (depth 0, 12 lits): UNSAT in 0.93s
    cube 3195 (depth 0, 12 lits): UNSAT in 0.51s
    batch [3211..4011] TIMEOUT in 900.0s -> per-cube fallback
    cube 3211 (depth 0, 12 lits): UNSAT in 2.99s
    cube 3227 (depth 0, 12 lits): UNSAT in 2.13s
    cube 3243 (depth 0, 12 lits): UNSAT in 35.72s
    cube 3259 (depth 0, 12 lits): UNSAT in 0.06s
    cube 3275 (depth 0, 12 lits): UNSAT in 0.28s
    cube 3291 (depth 0, 12 lits): UNSAT in 0.79s
    cube 3307 (depth 0, 12 lits): UNSAT in 0.62s
    cube 3323 (depth 0, 12 lits): UNSAT in 0.07s
    cube 3339 (depth 0, 12 lits): UNSAT in 0.35s
    cube 3355 (depth 0, 12 lits): UNSAT in 2.67s
    cube 3371 (depth 0, 12 lits): UNSAT in 9.76s
    cube 3387 (depth 0, 12 lits): UNSAT in 0.08s
    cube 3403 (depth 0, 12 lits): UNSAT in 1.84s
    cube 3419 (depth 0, 12 lits): UNSAT in 3.22s
    cube 3435 (depth 0, 12 lits): UNSAT in 22.28s
    cube 3451 (depth 0, 12 lits): UNSAT in 0.69s
    cube 3467 (depth 0, 12 lits): UNSAT in 33.83s
    cube 3483 (depth 0, 12 lits): UNSAT in 9.60s
    cube 3499 (depth 0, 12 lits): TIMEOUT in 60.03s
    cube 3499 TIMEOUT -> re-split into 64 sub-cubes (depth 1)
    cube 3499.0 (depth 1, 18 lits): UNSAT in 0.02s
    cube 3499.1 (depth 1, 18 lits): UNSAT in 0.04s
    cube 3499.2 (depth 1, 18 lits): UNSAT in 0.09s
    cube 3499.3 (depth 1, 18 lits): UNSAT in 0.23s
    cube 3499.4 (depth 1, 18 lits): UNSAT in 0.01s
    cube 3499.5 (depth 1, 18 lits): UNSAT in 0.05s
    cube 3499.6 (depth 1, 18 lits): UNSAT in 0.02s
    cube 3499.7 (depth 1, 18 lits): UNSAT in 0.31s
    cube 3499.8 (depth 1, 18 lits): UNSAT in 0.02s
    cube 3499.9 (depth 1, 18 lits): UNSAT in 0.06s
    cube 3499.10 (depth 1, 18 lits): UNSAT in 0.25s
    cube 3499.11 (depth 1, 18 lits): UNSAT in 0.77s
    cube 3499.12 (depth 1, 18 lits): UNSAT in 0.22s
    cube 3499.13 (depth 1, 18 lits): UNSAT in 0.20s
    cube 3499.14 (depth 1, 18 lits): UNSAT in 0.45s
    cube 3499.15 (depth 1, 18 lits): UNSAT in 0.22s
    cube 3499.16 (depth 1, 18 lits): UNSAT in 0.02s
    cube 3499.17 (depth 1, 18 lits): UNSAT in 0.11s
    cube 3499.18 (depth 1, 18 lits): UNSAT in 0.09s
    cube 3499.19 (depth 1, 18 lits): UNSAT in 0.11s
    cube 3499.20 (depth 1, 18 lits): UNSAT in 0.19s
    cube 3499.21 (depth 1, 18 lits): UNSAT in 0.32s
    cube 3499.22 (depth 1, 18 lits): UNSAT in 0.60s
    cube 3499.23 (depth 1, 18 lits): UNSAT in 0.32s
    cube 3499.24 (depth 1, 18 lits): UNSAT in 0.23s
    cube 3499.25 (depth 1, 18 lits): UNSAT in 0.50s
    cube 3499.26 (depth 1, 18 lits): UNSAT in 1.44s
    cube 3499.27 (depth 1, 18 lits): UNSAT in 1.65s
    cube 3499.28 (depth 1, 18 lits): UNSAT in 0.15s
    cube 3499.29 (depth 1, 18 lits): UNSAT in 0.34s
    cube 3499.30 (depth 1, 18 lits): UNSAT in 1.73s
    cube 3499.31 (depth 1, 18 lits): UNSAT in 2.17s
    cube 3499.32 (depth 1, 18 lits): UNSAT in 0.03s
    cube 3499.33 (depth 1, 18 lits): UNSAT in 0.08s
    cube 3499.34 (depth 1, 18 lits): UNSAT in 0.03s
    cube 3499.35 (depth 1, 18 lits): UNSAT in 0.46s
    cube 3499.36 (depth 1, 18 lits): UNSAT in 0.07s
    cube 3499.37 (depth 1, 18 lits): UNSAT in 0.16s
    cube 3499.38 (depth 1, 18 lits): UNSAT in 0.27s
    cube 3499.39 (depth 1, 18 lits): UNSAT in 1.15s
    cube 3499.40 (depth 1, 18 lits): UNSAT in 0.05s
    cube 3499.41 (depth 1, 18 lits): UNSAT in 0.19s
    cube 3499.42 (depth 1, 18 lits): UNSAT in 0.41s
    cube 3499.43 (depth 1, 18 lits): UNSAT in 1.03s
    cube 3499.44 (depth 1, 18 lits): UNSAT in 0.19s
    cube 3499.45 (depth 1, 18 lits): UNSAT in 1.93s
    cube 3499.46 (depth 1, 18 lits): UNSAT in 0.82s
    cube 3499.47 (depth 1, 18 lits): UNSAT in 7.65s
    cube 3499.48 (depth 1, 18 lits): UNSAT in 0.21s
    cube 3499.49 (depth 1, 18 lits): UNSAT in 0.98s
    cube 3499.50 (depth 1, 18 lits): UNSAT in 1.47s
    cube 3499.51 (depth 1, 18 lits): UNSAT in 3.29s
    cube 3499.52 (depth 1, 18 lits): UNSAT in 0.67s
    cube 3499.53 (depth 1, 18 lits): UNSAT in 3.84s
    cube 3499.54 (depth 1, 18 lits): UNSAT in 5.20s
    cube 3499.55 (depth 1, 18 lits): UNSAT in 24.32s
    cube 3499.56 (depth 1, 18 lits): UNSAT in 1.68s
    cube 3499.57 (depth 1, 18 lits): UNSAT in 1.48s
    cube 3499.58 (depth 1, 18 lits): UNSAT in 3.47s
    cube 3499.59 (depth 1, 18 lits): UNSAT in 14.44s
    cube 3499.60 (depth 1, 18 lits): UNSAT in 3.93s
    cube 3499.61 (depth 1, 18 lits): UNSAT in 9.98s
    cube 3499.62 (depth 1, 18 lits): UNSAT in 53.38s
    cube 3499.63 (depth 1, 18 lits): TIMEOUT in 60.04s
    cube 3499.63 TIMEOUT -> re-split into 64 sub-cubes (depth 2)
    cube 3499.63.0 (depth 2, 24 lits): UNSAT in 0.02s
    cube 3499.63.1 (depth 2, 24 lits): UNSAT in 0.02s
    cube 3499.63.2 (depth 2, 24 lits): UNSAT in 0.03s
    cube 3499.63.3 (depth 2, 24 lits): UNSAT in 0.04s
    cube 3499.63.4 (depth 2, 24 lits): UNSAT in 0.05s
    cube 3499.63.5 (depth 2, 24 lits): UNSAT in 0.04s
    cube 3499.63.6 (depth 2, 24 lits): UNSAT in 0.15s
    cube 3499.63.7 (depth 2, 24 lits): UNSAT in 0.51s
    cube 3499.63.8 (depth 2, 24 lits): UNSAT in 0.04s
    cube 3499.63.9 (depth 2, 24 lits): UNSAT in 0.08s
    cube 3499.63.10 (depth 2, 24 lits): UNSAT in 0.16s
    cube 3499.63.11 (depth 2, 24 lits): UNSAT in 0.61s
    cube 3499.63.12 (depth 2, 24 lits): UNSAT in 0.14s
    cube 3499.63.13 (depth 2, 24 lits): UNSAT in 0.39s
    cube 3499.63.14 (depth 2, 24 lits): UNSAT in 1.00s
    cube 3499.63.15 (depth 2, 24 lits): UNSAT in 1.51s
    cube 3499.63.16 (depth 2, 24 lits): UNSAT in 0.04s
    cube 3499.63.17 (depth 2, 24 lits): UNSAT in 0.08s
    cube 3499.63.18 (depth 2, 24 lits): UNSAT in 0.03s
    cube 3499.63.19 (depth 2, 24 lits): UNSAT in 0.09s
    cube 3499.63.20 (depth 2, 24 lits): UNSAT in 0.04s
    cube 3499.63.21 (depth 2, 24 lits): UNSAT in 0.28s
    cube 3499.63.22 (depth 2, 24 lits): UNSAT in 0.35s
    cube 3499.63.23 (depth 2, 24 lits): UNSAT in 0.91s
    cube 3499.63.24 (depth 2, 24 lits): UNSAT in 0.14s
    cube 3499.63.25 (depth 2, 24 lits): UNSAT in 0.36s
    cube 3499.63.26 (depth 2, 24 lits): UNSAT in 0.87s
    cube 3499.63.27 (depth 2, 24 lits): UNSAT in 0.13s
    cube 3499.63.28 (depth 2, 24 lits): UNSAT in 0.34s
    cube 3499.63.29 (depth 2, 24 lits): UNSAT in 0.41s
    cube 3499.63.30 (depth 2, 24 lits): UNSAT in 6.24s
    cube 3499.63.31 (depth 2, 24 lits): UNSAT in 3.22s
    cube 3499.63.32 (depth 2, 24 lits): UNSAT in 0.06s
    cube 3499.63.33 (depth 2, 24 lits): UNSAT in 0.10s
    cube 3499.63.34 (depth 2, 24 lits): UNSAT in 0.35s
    cube 3499.63.35 (depth 2, 24 lits): UNSAT in 0.98s
    cube 3499.63.36 (depth 2, 24 lits): UNSAT in 0.09s
    cube 3499.63.37 (depth 2, 24 lits): UNSAT in 0.65s
    cube 3499.63.38 (depth 2, 24 lits): UNSAT in 0.69s
    cube 3499.63.39 (depth 2, 24 lits): UNSAT in 1.01s
    cube 3499.63.40 (depth 2, 24 lits): UNSAT in 0.12s
    cube 3499.63.41 (depth 2, 24 lits): UNSAT in 0.55s
    cube 3499.63.42 (depth 2, 24 lits): UNSAT in 0.28s
    cube 3499.63.43 (depth 2, 24 lits): UNSAT in 1.28s
    cube 3499.63.44 (depth 2, 24 lits): UNSAT in 0.53s
    cube 3499.63.45 (depth 2, 24 lits): UNSAT in 1.47s
    cube 3499.63.46 (depth 2, 24 lits): UNSAT in 0.62s
    cube 3499.63.47 (depth 2, 24 lits): UNSAT in 2.97s
    cube 3499.63.48 (depth 2, 24 lits): UNSAT in 0.03s
    cube 3499.63.49 (depth 2, 24 lits): UNSAT in 0.09s
    cube 3499.63.50 (depth 2, 24 lits): UNSAT in 0.10s
    cube 3499.63.51 (depth 2, 24 lits): UNSAT in 0.52s
    cube 3499.63.52 (depth 2, 24 lits): UNSAT in 0.10s
    cube 3499.63.53 (depth 2, 24 lits): UNSAT in 0.59s
    cube 3499.63.54 (depth 2, 24 lits): UNSAT in 0.31s
    cube 3499.63.55 (depth 2, 24 lits): UNSAT in 1.89s
    cube 3499.63.56 (depth 2, 24 lits): UNSAT in 0.07s
    cube 3499.63.57 (depth 2, 24 lits): UNSAT in 0.20s
    cube 3499.63.58 (depth 2, 24 lits): UNSAT in 0.24s
    cube 3499.63.59 (depth 2, 24 lits): UNSAT in 0.68s
    cube 3499.63.60 (depth 2, 24 lits): UNSAT in 1.49s
    cube 3499.63.61 (depth 2, 24 lits): UNSAT in 4.85s
    cube 3499.63.62 (depth 2, 24 lits): UNSAT in 1.95s
    cube 3499.63.63 (depth 2, 24 lits): UNSAT in 0.70s
    cube 3515 (depth 0, 12 lits): UNSAT in 0.02s
    cube 3531 (depth 0, 12 lits): UNSAT in 0.10s
    cube 3547 (depth 0, 12 lits): UNSAT in 0.97s
    cube 3563 (depth 0, 12 lits): UNSAT in 2.05s
    cube 3579 (depth 0, 12 lits): UNSAT in 0.25s
    cube 3595 (depth 0, 12 lits): UNSAT in 0.74s
    cube 3611 (depth 0, 12 lits): UNSAT in 0.46s
    cube 3627 (depth 0, 12 lits): UNSAT in 35.26s
    cube 3643 (depth 0, 12 lits): UNSAT in 0.35s
    cube 3659 (depth 0, 12 lits): UNSAT in 3.67s
    cube 3675 (depth 0, 12 lits): UNSAT in 0.74s
    cube 3691 (depth 0, 12 lits): UNSAT in 30.45s
    cube 3707 (depth 0, 12 lits): UNSAT in 0.77s
    cube 3723 (depth 0, 12 lits): UNSAT in 13.98s
    cube 3739 (depth 0, 12 lits): UNSAT in 11.46s
    cube 3755 (depth 0, 12 lits): UNSAT in 51.52s
    cube 3771 (depth 0, 12 lits): UNSAT in 0.78s
    cube 3787 (depth 0, 12 lits): UNSAT in 0.20s
    cube 3803 (depth 0, 12 lits): UNSAT in 2.89s
    cube 3819 (depth 0, 12 lits): UNSAT in 5.09s
    cube 3835 (depth 0, 12 lits): UNSAT in 2.06s
    cube 3851 (depth 0, 12 lits): UNSAT in 3.41s
    cube 3867 (depth 0, 12 lits): UNSAT in 47.06s
    cube 3883 (depth 0, 12 lits): TIMEOUT in 60.03s
    cube 3883 TIMEOUT -> re-split into 64 sub-cubes (depth 1)
    cube 3883.0 (depth 1, 18 lits): UNSAT in 0.01s
    cube 3883.1 (depth 1, 18 lits): UNSAT in 0.03s
    cube 3883.2 (depth 1, 18 lits): UNSAT in 0.02s
    cube 3883.3 (depth 1, 18 lits): UNSAT in 0.19s
    cube 3883.4 (depth 1, 18 lits): UNSAT in 0.03s
    cube 3883.5 (depth 1, 18 lits): UNSAT in 0.11s
    cube 3883.6 (depth 1, 18 lits): UNSAT in 0.07s
    cube 3883.7 (depth 1, 18 lits): UNSAT in 0.35s
    cube 3883.8 (depth 1, 18 lits): UNSAT in 0.04s
    cube 3883.9 (depth 1, 18 lits): UNSAT in 0.11s
    cube 3883.10 (depth 1, 18 lits): UNSAT in 0.04s
    cube 3883.11 (depth 1, 18 lits): UNSAT in 0.11s
    cube 3883.12 (depth 1, 18 lits): UNSAT in 0.02s
    cube 3883.13 (depth 1, 18 lits): UNSAT in 0.08s
    cube 3883.14 (depth 1, 18 lits): UNSAT in 0.20s
    cube 3883.15 (depth 1, 18 lits): UNSAT in 0.28s
    cube 3883.16 (depth 1, 18 lits): UNSAT in 0.01s
    cube 3883.17 (depth 1, 18 lits): UNSAT in 0.03s
    cube 3883.18 (depth 1, 18 lits): UNSAT in 0.03s
    cube 3883.19 (depth 1, 18 lits): UNSAT in 0.09s
    cube 3883.20 (depth 1, 18 lits): UNSAT in 0.02s
    cube 3883.21 (depth 1, 18 lits): UNSAT in 0.03s
    cube 3883.22 (depth 1, 18 lits): UNSAT in 0.02s
    cube 3883.23 (depth 1, 18 lits): UNSAT in 0.03s
    cube 3883.24 (depth 1, 18 lits): UNSAT in 0.06s
    cube 3883.25 (depth 1, 18 lits): UNSAT in 0.05s
    cube 3883.26 (depth 1, 18 lits): UNSAT in 0.06s
    cube 3883.27 (depth 1, 18 lits): UNSAT in 0.02s
    cube 3883.28 (depth 1, 18 lits): UNSAT in 0.09s
    cube 3883.29 (depth 1, 18 lits): UNSAT in 0.04s
    cube 3883.30 (depth 1, 18 lits): UNSAT in 0.08s
    cube 3883.31 (depth 1, 18 lits): UNSAT in 0.16s
    cube 3883.32 (depth 1, 18 lits): UNSAT in 0.06s
    cube 3883.33 (depth 1, 18 lits): UNSAT in 0.08s
    cube 3883.34 (depth 1, 18 lits): UNSAT in 0.16s
    cube 3883.35 (depth 1, 18 lits): UNSAT in 0.17s
    cube 3883.36 (depth 1, 18 lits): UNSAT in 0.10s
    cube 3883.37 (depth 1, 18 lits): UNSAT in 0.04s
    cube 3883.38 (depth 1, 18 lits): UNSAT in 0.21s
    cube 3883.39 (depth 1, 18 lits): UNSAT in 0.36s
    cube 3883.40 (depth 1, 18 lits): UNSAT in 0.08s
    cube 3883.41 (depth 1, 18 lits): UNSAT in 0.21s
    cube 3883.42 (depth 1, 18 lits): UNSAT in 0.16s
    cube 3883.43 (depth 1, 18 lits): UNSAT in 0.48s
    cube 3883.44 (depth 1, 18 lits): UNSAT in 0.09s
    cube 3883.45 (depth 1, 18 lits): UNSAT in 0.23s
    cube 3883.46 (depth 1, 18 lits): UNSAT in 0.14s
    cube 3883.47 (depth 1, 18 lits): UNSAT in 0.16s
    cube 3883.48 (depth 1, 18 lits): UNSAT in 0.40s
    cube 3883.49 (depth 1, 18 lits): UNSAT in 0.79s
    cube 3883.50 (depth 1, 18 lits): UNSAT in 1.74s
    cube 3883.51 (depth 1, 18 lits): UNSAT in 3.00s
    cube 3883.52 (depth 1, 18 lits): UNSAT in 0.44s
    cube 3883.53 (depth 1, 18 lits): UNSAT in 0.88s
    cube 3883.54 (depth 1, 18 lits): UNSAT in 1.36s
    cube 3883.55 (depth 1, 18 lits): UNSAT in 1.86s
    cube 3883.56 (depth 1, 18 lits): UNSAT in 0.14s
    cube 3883.57 (depth 1, 18 lits): UNSAT in 0.50s
    cube 3883.58 (depth 1, 18 lits): UNSAT in 1.14s
    cube 3883.59 (depth 1, 18 lits): UNSAT in 1.36s
    cube 3883.60 (depth 1, 18 lits): UNSAT in 0.91s
    cube 3883.61 (depth 1, 18 lits): UNSAT in 2.41s
    cube 3883.62 (depth 1, 18 lits): UNSAT in 0.70s
    cube 3883.63 (depth 1, 18 lits): UNSAT in 1.41s
    cube 3899 (depth 0, 12 lits): UNSAT in 3.37s
    cube 3915 (depth 0, 12 lits): UNSAT in 11.29s
    cube 3931 (depth 0, 12 lits): UNSAT in 17.89s
    cube 3947 (depth 0, 12 lits): TIMEOUT in 60.06s
    cube 3947 TIMEOUT -> re-split into 64 sub-cubes (depth 1)
    cube 3947.0 (depth 1, 18 lits): UNSAT in 0.01s
    cube 3947.1 (depth 1, 18 lits): UNSAT in 0.03s
    cube 3947.2 (depth 1, 18 lits): UNSAT in 0.02s
    cube 3947.3 (depth 1, 18 lits): UNSAT in 0.03s
    cube 3947.4 (depth 1, 18 lits): UNSAT in 0.05s
    cube 3947.5 (depth 1, 18 lits): UNSAT in 0.18s
    cube 3947.6 (depth 1, 18 lits): UNSAT in 0.07s
    cube 3947.7 (depth 1, 18 lits): UNSAT in 0.10s
    cube 3947.8 (depth 1, 18 lits): UNSAT in 0.06s
    cube 3947.9 (depth 1, 18 lits): UNSAT in 0.24s
    cube 3947.10 (depth 1, 18 lits): UNSAT in 0.10s
    cube 3947.11 (depth 1, 18 lits): UNSAT in 0.34s
    cube 3947.12 (depth 1, 18 lits): UNSAT in 0.08s
    cube 3947.13 (depth 1, 18 lits): UNSAT in 0.10s
    cube 3947.14 (depth 1, 18 lits): UNSAT in 0.22s
    cube 3947.15 (depth 1, 18 lits): UNSAT in 0.29s
    cube 3947.16 (depth 1, 18 lits): UNSAT in 0.02s
    cube 3947.17 (depth 1, 18 lits): UNSAT in 0.05s
    cube 3947.18 (depth 1, 18 lits): UNSAT in 0.09s
    cube 3947.19 (depth 1, 18 lits): UNSAT in 0.15s
    cube 3947.20 (depth 1, 18 lits): UNSAT in 0.04s
    cube 3947.21 (depth 1, 18 lits): UNSAT in 0.13s
    cube 3947.22 (depth 1, 18 lits): UNSAT in 0.05s
    cube 3947.23 (depth 1, 18 lits): UNSAT in 0.57s
    cube 3947.24 (depth 1, 18 lits): UNSAT in 0.04s
    cube 3947.25 (depth 1, 18 lits): UNSAT in 0.28s
    cube 3947.26 (depth 1, 18 lits): UNSAT in 0.09s
    cube 3947.27 (depth 1, 18 lits): UNSAT in 0.30s
    cube 3947.28 (depth 1, 18 lits): UNSAT in 0.23s
    cube 3947.29 (depth 1, 18 lits): UNSAT in 0.86s
    cube 3947.30 (depth 1, 18 lits): UNSAT in 1.02s
    cube 3947.31 (depth 1, 18 lits): UNSAT in 2.78s
    cube 3947.32 (depth 1, 18 lits): UNSAT in 0.04s
    cube 3947.33 (depth 1, 18 lits): UNSAT in 0.10s
    cube 3947.34 (depth 1, 18 lits): UNSAT in 0.09s
    cube 3947.35 (depth 1, 18 lits): UNSAT in 0.27s
    cube 3947.36 (depth 1, 18 lits): UNSAT in 0.04s
    cube 3947.37 (depth 1, 18 lits): UNSAT in 0.14s
    cube 3947.38 (depth 1, 18 lits): UNSAT in 0.35s
    cube 3947.39 (depth 1, 18 lits): UNSAT in 0.64s
    cube 3947.40 (depth 1, 18 lits): UNSAT in 0.15s
    cube 3947.41 (depth 1, 18 lits): UNSAT in 0.25s
    cube 3947.42 (depth 1, 18 lits): UNSAT in 0.42s
    cube 3947.43 (depth 1, 18 lits): UNSAT in 0.90s
    cube 3947.44 (depth 1, 18 lits): UNSAT in 0.34s
    cube 3947.45 (depth 1, 18 lits): UNSAT in 1.46s
    cube 3947.46 (depth 1, 18 lits): UNSAT in 0.57s
    cube 3947.47 (depth 1, 18 lits): UNSAT in 6.87s
    cube 3947.48 (depth 1, 18 lits): UNSAT in 0.01s
    cube 3947.49 (depth 1, 18 lits): UNSAT in 0.01s
    cube 3947.50 (depth 1, 18 lits): UNSAT in 0.07s
    cube 3947.51 (depth 1, 18 lits): UNSAT in 0.16s
    cube 3947.52 (depth 1, 18 lits): UNSAT in 0.06s
    cube 3947.53 (depth 1, 18 lits): UNSAT in 0.55s
    cube 3947.54 (depth 1, 18 lits): UNSAT in 1.05s
    cube 3947.55 (depth 1, 18 lits): UNSAT in 0.94s
    cube 3947.56 (depth 1, 18 lits): UNSAT in 0.46s
    cube 3947.57 (depth 1, 18 lits): UNSAT in 0.54s
    cube 3947.58 (depth 1, 18 lits): UNSAT in 0.53s
    cube 3947.59 (depth 1, 18 lits): UNSAT in 4.38s
    cube 3947.60 (depth 1, 18 lits): UNSAT in 2.64s
    cube 3947.61 (depth 1, 18 lits): UNSAT in 6.18s
    cube 3947.62 (depth 1, 18 lits): UNSAT in 1.62s
    cube 3947.63 (depth 1, 18 lits): UNSAT in 2.25s
    cube 3963 (depth 0, 12 lits): UNSAT in 35.57s
    cube 3979 (depth 0, 12 lits): TIMEOUT in 60.03s
    cube 3979 TIMEOUT -> re-split into 64 sub-cubes (depth 1)
    cube 3979.0 (depth 1, 18 lits): UNSAT in 0.01s
    cube 3979.1 (depth 1, 18 lits): UNSAT in 0.02s
    cube 3979.2 (depth 1, 18 lits): UNSAT in 0.02s
    cube 3979.3 (depth 1, 18 lits): UNSAT in 0.07s
    cube 3979.4 (depth 1, 18 lits): UNSAT in 0.03s
    cube 3979.5 (depth 1, 18 lits): UNSAT in 0.07s
    cube 3979.6 (depth 1, 18 lits): UNSAT in 0.03s
    cube 3979.7 (depth 1, 18 lits): UNSAT in 0.08s
    cube 3979.8 (depth 1, 18 lits): UNSAT in 0.01s
    cube 3979.9 (depth 1, 18 lits): UNSAT in 0.03s
    cube 3979.10 (depth 1, 18 lits): UNSAT in 0.13s
    cube 3979.11 (depth 1, 18 lits): UNSAT in 0.14s
    cube 3979.12 (depth 1, 18 lits): UNSAT in 0.23s
    cube 3979.13 (depth 1, 18 lits): UNSAT in 0.37s
    cube 3979.14 (depth 1, 18 lits): UNSAT in 0.50s
    cube 3979.15 (depth 1, 18 lits): UNSAT in 0.56s
    cube 3979.16 (depth 1, 18 lits): UNSAT in 0.02s
    cube 3979.17 (depth 1, 18 lits): UNSAT in 0.04s
    cube 3979.18 (depth 1, 18 lits): UNSAT in 0.04s
    cube 3979.19 (depth 1, 18 lits): UNSAT in 0.09s
    cube 3979.20 (depth 1, 18 lits): UNSAT in 0.03s
    cube 3979.21 (depth 1, 18 lits): UNSAT in 0.04s
    cube 3979.22 (depth 1, 18 lits): UNSAT in 0.03s
    cube 3979.23 (depth 1, 18 lits): UNSAT in 0.11s
    cube 3979.24 (depth 1, 18 lits): UNSAT in 0.04s
    cube 3979.25 (depth 1, 18 lits): UNSAT in 0.08s
    cube 3979.26 (depth 1, 18 lits): UNSAT in 0.14s
    cube 3979.27 (depth 1, 18 lits): UNSAT in 0.37s
    cube 3979.28 (depth 1, 18 lits): UNSAT in 0.19s
    cube 3979.29 (depth 1, 18 lits): UNSAT in 0.34s
    cube 3979.30 (depth 1, 18 lits): UNSAT in 0.15s
    cube 3979.31 (depth 1, 18 lits): UNSAT in 0.46s
    cube 3979.32 (depth 1, 18 lits): UNSAT in 0.03s
    cube 3979.33 (depth 1, 18 lits): UNSAT in 0.10s
    cube 3979.34 (depth 1, 18 lits): UNSAT in 0.08s
    cube 3979.35 (depth 1, 18 lits): UNSAT in 0.10s
    cube 3979.36 (depth 1, 18 lits): UNSAT in 0.02s
    cube 3979.37 (depth 1, 18 lits): UNSAT in 0.04s
    cube 3979.38 (depth 1, 18 lits): UNSAT in 0.05s
    cube 3979.39 (depth 1, 18 lits): UNSAT in 0.07s
    cube 3979.40 (depth 1, 18 lits): UNSAT in 0.02s
    cube 3979.41 (depth 1, 18 lits): UNSAT in 0.06s
    cube 3979.42 (depth 1, 18 lits): UNSAT in 0.02s
    cube 3979.43 (depth 1, 18 lits): UNSAT in 0.11s
    cube 3979.44 (depth 1, 18 lits): UNSAT in 0.08s
    cube 3979.45 (depth 1, 18 lits): UNSAT in 0.12s
    cube 3979.46 (depth 1, 18 lits): UNSAT in 0.25s
    cube 3979.47 (depth 1, 18 lits): UNSAT in 1.02s
    cube 3979.48 (depth 1, 18 lits): UNSAT in 0.08s
    cube 3979.49 (depth 1, 18 lits): UNSAT in 0.14s
    cube 3979.50 (depth 1, 18 lits): UNSAT in 0.04s
    cube 3979.51 (depth 1, 18 lits): UNSAT in 0.20s
    cube 3979.52 (depth 1, 18 lits): UNSAT in 0.05s
    cube 3979.53 (depth 1, 18 lits): UNSAT in 0.29s
    cube 3979.54 (depth 1, 18 lits): UNSAT in 0.79s
    cube 3979.55 (depth 1, 18 lits): UNSAT in 3.62s
    cube 3979.56 (depth 1, 18 lits): UNSAT in 0.27s
    cube 3979.57 (depth 1, 18 lits): UNSAT in 2.38s
    cube 3979.58 (depth 1, 18 lits): UNSAT in 0.24s
    cube 3979.59 (depth 1, 18 lits): UNSAT in 1.39s
    cube 3979.60 (depth 1, 18 lits): UNSAT in 0.19s
    cube 3979.61 (depth 1, 18 lits): UNSAT in 2.78s
    cube 3979.62 (depth 1, 18 lits): UNSAT in 5.41s
    cube 3979.63 (depth 1, 18 lits): UNSAT in 4.40s
    cube 3995 (depth 0, 12 lits): TIMEOUT in 60.06s
    cube 3995 TIMEOUT -> re-split into 64 sub-cubes (depth 1)
    cube 3995.0 (depth 1, 18 lits): UNSAT in 0.01s
    cube 3995.1 (depth 1, 18 lits): UNSAT in 0.03s
    cube 3995.2 (depth 1, 18 lits): UNSAT in 0.02s
    cube 3995.3 (depth 1, 18 lits): UNSAT in 0.05s
    cube 3995.4 (depth 1, 18 lits): UNSAT in 0.05s
    cube 3995.5 (depth 1, 18 lits): UNSAT in 0.05s
    cube 3995.6 (depth 1, 18 lits): UNSAT in 0.06s
    cube 3995.7 (depth 1, 18 lits): UNSAT in 0.25s
    cube 3995.8 (depth 1, 18 lits): UNSAT in 0.01s
    cube 3995.9 (depth 1, 18 lits): UNSAT in 0.02s
    cube 3995.10 (depth 1, 18 lits): UNSAT in 0.03s
    cube 3995.11 (depth 1, 18 lits): UNSAT in 0.07s
    cube 3995.12 (depth 1, 18 lits): UNSAT in 0.05s
    cube 3995.13 (depth 1, 18 lits): UNSAT in 0.08s
    cube 3995.14 (depth 1, 18 lits): UNSAT in 0.36s
    cube 3995.15 (depth 1, 18 lits): UNSAT in 0.07s
    cube 3995.16 (depth 1, 18 lits): UNSAT in 0.02s
    cube 3995.17 (depth 1, 18 lits): UNSAT in 0.11s
    cube 3995.18 (depth 1, 18 lits): UNSAT in 0.15s
    cube 3995.19 (depth 1, 18 lits): UNSAT in 0.45s
    cube 3995.20 (depth 1, 18 lits): UNSAT in 0.09s
    cube 3995.21 (depth 1, 18 lits): UNSAT in 0.18s
    cube 3995.22 (depth 1, 18 lits): UNSAT in 0.26s
    cube 3995.23 (depth 1, 18 lits): UNSAT in 1.65s
    cube 3995.24 (depth 1, 18 lits): UNSAT in 0.19s
    cube 3995.25 (depth 1, 18 lits): UNSAT in 0.29s
    cube 3995.26 (depth 1, 18 lits): UNSAT in 0.21s
    cube 3995.27 (depth 1, 18 lits): UNSAT in 1.23s
    cube 3995.28 (depth 1, 18 lits): UNSAT in 0.52s
    cube 3995.29 (depth 1, 18 lits): UNSAT in 1.13s
    cube 3995.30 (depth 1, 18 lits): UNSAT in 1.37s
    cube 3995.31 (depth 1, 18 lits): UNSAT in 6.59s
    cube 3995.32 (depth 1, 18 lits): UNSAT in 0.03s
    cube 3995.33 (depth 1, 18 lits): UNSAT in 0.04s
    cube 3995.34 (depth 1, 18 lits): UNSAT in 0.05s
    cube 3995.35 (depth 1, 18 lits): UNSAT in 0.42s
    cube 3995.36 (depth 1, 18 lits): UNSAT in 0.03s
    cube 3995.37 (depth 1, 18 lits): UNSAT in 0.22s
    cube 3995.38 (depth 1, 18 lits): UNSAT in 0.17s
    cube 3995.39 (depth 1, 18 lits): UNSAT in 0.26s
    cube 3995.40 (depth 1, 18 lits): UNSAT in 0.08s
    cube 3995.41 (depth 1, 18 lits): UNSAT in 0.19s
    cube 3995.42 (depth 1, 18 lits): UNSAT in 0.16s
    cube 3995.43 (depth 1, 18 lits): UNSAT in 0.73s
    cube 3995.44 (depth 1, 18 lits): UNSAT in 0.07s
    cube 3995.45 (depth 1, 18 lits): UNSAT in 0.08s
    cube 3995.46 (depth 1, 18 lits): UNSAT in 1.10s
    cube 3995.47 (depth 1, 18 lits): UNSAT in 1.03s
    cube 3995.48 (depth 1, 18 lits): UNSAT in 0.09s
    cube 3995.49 (depth 1, 18 lits): UNSAT in 0.29s
    cube 3995.50 (depth 1, 18 lits): UNSAT in 0.29s
    cube 3995.51 (depth 1, 18 lits): UNSAT in 0.35s
    cube 3995.52 (depth 1, 18 lits): UNSAT in 0.91s
    cube 3995.53 (depth 1, 18 lits): UNSAT in 1.88s
    cube 3995.54 (depth 1, 18 lits): UNSAT in 0.52s
    cube 3995.55 (depth 1, 18 lits): UNSAT in 4.92s
    cube 3995.56 (depth 1, 18 lits): UNSAT in 0.14s
    cube 3995.57 (depth 1, 18 lits): UNSAT in 0.47s
    cube 3995.58 (depth 1, 18 lits): UNSAT in 0.62s
    cube 3995.59 (depth 1, 18 lits): UNSAT in 3.48s
    cube 3995.60 (depth 1, 18 lits): UNSAT in 0.91s
    cube 3995.61 (depth 1, 18 lits): UNSAT in 5.77s
    cube 3995.62 (depth 1, 18 lits): UNSAT in 21.41s
    cube 3995.63 (depth 1, 18 lits): UNSAT in 27.34s
    cube 4011 (depth 0, 12 lits): TIMEOUT in 60.04s
    cube 4011 TIMEOUT -> re-split into 64 sub-cubes (depth 1)
    cube 4011.0 (depth 1, 18 lits): UNSAT in 0.02s
    cube 4011.1 (depth 1, 18 lits): UNSAT in 0.09s
    cube 4011.2 (depth 1, 18 lits): UNSAT in 0.03s
    cube 4011.3 (depth 1, 18 lits): UNSAT in 0.06s
    cube 4011.4 (depth 1, 18 lits): UNSAT in 0.24s
    cube 4011.5 (depth 1, 18 lits): UNSAT in 0.87s
    cube 4011.6 (depth 1, 18 lits): UNSAT in 0.26s
    cube 4011.7 (depth 1, 18 lits): UNSAT in 1.09s
    cube 4011.8 (depth 1, 18 lits): UNSAT in 0.09s
    cube 4011.9 (depth 1, 18 lits): UNSAT in 0.14s
    cube 4011.10 (depth 1, 18 lits): UNSAT in 0.29s
    cube 4011.11 (depth 1, 18 lits): UNSAT in 1.40s
    cube 4011.12 (depth 1, 18 lits): UNSAT in 0.30s
    cube 4011.13 (depth 1, 18 lits): UNSAT in 1.53s
    cube 4011.14 (depth 1, 18 lits): UNSAT in 0.53s
    cube 4011.15 (depth 1, 18 lits): UNSAT in 3.40s
    cube 4011.16 (depth 1, 18 lits): UNSAT in 0.12s
    cube 4011.17 (depth 1, 18 lits): UNSAT in 0.85s
    cube 4011.18 (depth 1, 18 lits): UNSAT in 0.21s
    cube 4011.19 (depth 1, 18 lits): UNSAT in 1.41s
    cube 4011.20 (depth 1, 18 lits): UNSAT in 0.34s
    cube 4011.21 (depth 1, 18 lits): UNSAT in 1.41s
    cube 4011.22 (depth 1, 18 lits): UNSAT in 1.21s
    cube 4011.23 (depth 1, 18 lits): UNSAT in 3.35s
    cube 4011.24 (depth 1, 18 lits): UNSAT in 0.42s
    cube 4011.25 (depth 1, 18 lits): UNSAT in 0.88s
    cube 4011.26 (depth 1, 18 lits): UNSAT in 1.00s
    cube 4011.27 (depth 1, 18 lits): UNSAT in 2.28s
    cube 4011.28 (depth 1, 18 lits): UNSAT in 0.77s
    cube 4011.29 (depth 1, 18 lits): UNSAT in 2.66s
    cube 4011.30 (depth 1, 18 lits): UNSAT in 5.00s
    cube 4011.31 (depth 1, 18 lits): UNSAT in 12.36s
    cube 4011.32 (depth 1, 18 lits): UNSAT in 0.05s
    cube 4011.33 (depth 1, 18 lits): UNSAT in 0.16s
    cube 4011.34 (depth 1, 18 lits): UNSAT in 0.40s
    cube 4011.35 (depth 1, 18 lits): UNSAT in 2.20s
    cube 4011.36 (depth 1, 18 lits): UNSAT in 0.11s
    cube 4011.37 (depth 1, 18 lits): UNSAT in 0.97s
    cube 4011.38 (depth 1, 18 lits): UNSAT in 1.22s
    cube 4011.39 (depth 1, 18 lits): UNSAT in 7.68s
    cube 4011.40 (depth 1, 18 lits): UNSAT in 0.31s
    cube 4011.41 (depth 1, 18 lits): UNSAT in 1.14s
    cube 4011.42 (depth 1, 18 lits): UNSAT in 0.81s
    cube 4011.43 (depth 1, 18 lits): UNSAT in 3.83s
    cube 4011.44 (depth 1, 18 lits): UNSAT in 1.78s
    cube 4011.45 (depth 1, 18 lits): UNSAT in 5.34s
    cube 4011.46 (depth 1, 18 lits): UNSAT in 7.96s
    cube 4011.47 (depth 1, 18 lits): UNSAT in 13.65s
    cube 4011.48 (depth 1, 18 lits): UNSAT in 1.02s
    cube 4011.49 (depth 1, 18 lits): UNSAT in 1.96s
    cube 4011.50 (depth 1, 18 lits): UNSAT in 1.22s
    cube 4011.51 (depth 1, 18 lits): UNSAT in 3.72s
    cube 4011.52 (depth 1, 18 lits): UNSAT in 1.85s
    cube 4011.53 (depth 1, 18 lits): UNSAT in 9.81s
    cube 4011.54 (depth 1, 18 lits): UNSAT in 20.39s
    cube 4011.55 (depth 1, 18 lits): TIMEOUT in 60.06s
    cube 4011.55 TIMEOUT -> re-split into 64 sub-cubes (depth 2)
    cube 4011.55.0 (depth 2, 24 lits): UNSAT in 0.02s
    cube 4011.55.1 (depth 2, 24 lits): UNSAT in 0.02s
    cube 4011.55.2 (depth 2, 24 lits): UNSAT in 0.02s
    cube 4011.55.3 (depth 2, 24 lits): UNSAT in 0.06s
    cube 4011.55.4 (depth 2, 24 lits): UNSAT in 0.03s
    cube 4011.55.5 (depth 2, 24 lits): UNSAT in 0.08s
    cube 4011.55.6 (depth 2, 24 lits): UNSAT in 0.27s
    cube 4011.55.7 (depth 2, 24 lits): UNSAT in 0.24s
    cube 4011.55.8 (depth 2, 24 lits): UNSAT in 0.02s
    cube 4011.55.9 (depth 2, 24 lits): UNSAT in 0.13s
    cube 4011.55.10 (depth 2, 24 lits): UNSAT in 0.25s
    cube 4011.55.11 (depth 2, 24 lits): UNSAT in 0.43s
    cube 4011.55.12 (depth 2, 24 lits): UNSAT in 0.11s
    cube 4011.55.13 (depth 2, 24 lits): UNSAT in 0.28s
    cube 4011.55.14 (depth 2, 24 lits): UNSAT in 0.24s
    cube 4011.55.15 (depth 2, 24 lits): UNSAT in 0.52s
    cube 4011.55.16 (depth 2, 24 lits): UNSAT in 0.06s
    cube 4011.55.17 (depth 2, 24 lits): UNSAT in 0.10s
    cube 4011.55.18 (depth 2, 24 lits): UNSAT in 0.20s
    cube 4011.55.19 (depth 2, 24 lits): UNSAT in 0.35s
    cube 4011.55.20 (depth 2, 24 lits): UNSAT in 0.12s
    cube 4011.55.21 (depth 2, 24 lits): UNSAT in 0.37s
    cube 4011.55.22 (depth 2, 24 lits): UNSAT in 0.25s
    cube 4011.55.23 (depth 2, 24 lits): UNSAT in 0.30s
    cube 4011.55.24 (depth 2, 24 lits): UNSAT in 0.16s
    cube 4011.55.25 (depth 2, 24 lits): UNSAT in 0.40s
    cube 4011.55.26 (depth 2, 24 lits): UNSAT in 0.36s
    cube 4011.55.27 (depth 2, 24 lits): UNSAT in 0.61s
    cube 4011.55.28 (depth 2, 24 lits): UNSAT in 1.04s
    cube 4011.55.29 (depth 2, 24 lits): UNSAT in 1.22s
    cube 4011.55.30 (depth 2, 24 lits): UNSAT in 1.31s
    cube 4011.55.31 (depth 2, 24 lits): UNSAT in 1.03s
    cube 4011.55.32 (depth 2, 24 lits): UNSAT in 0.08s
    cube 4011.55.33 (depth 2, 24 lits): UNSAT in 0.17s
    cube 4011.55.34 (depth 2, 24 lits): UNSAT in 0.11s
    cube 4011.55.35 (depth 2, 24 lits): UNSAT in 0.36s
    cube 4011.55.36 (depth 2, 24 lits): UNSAT in 0.16s
    cube 4011.55.37 (depth 2, 24 lits): UNSAT in 0.14s
    cube 4011.55.38 (depth 2, 24 lits): UNSAT in 0.36s
    cube 4011.55.39 (depth 2, 24 lits): UNSAT in 1.80s
    cube 4011.55.40 (depth 2, 24 lits): UNSAT in 0.10s
    cube 4011.55.41 (depth 2, 24 lits): UNSAT in 0.14s
    cube 4011.55.42 (depth 2, 24 lits): UNSAT in 0.47s
    cube 4011.55.43 (depth 2, 24 lits): UNSAT in 1.91s
    cube 4011.55.44 (depth 2, 24 lits): UNSAT in 0.21s
    cube 4011.55.45 (depth 2, 24 lits): UNSAT in 0.59s
    cube 4011.55.46 (depth 2, 24 lits): UNSAT in 0.88s
    cube 4011.55.47 (depth 2, 24 lits): UNSAT in 2.15s
    cube 4011.55.48 (depth 2, 24 lits): UNSAT in 0.08s
    cube 4011.55.49 (depth 2, 24 lits): UNSAT in 0.15s
    cube 4011.55.50 (depth 2, 24 lits): UNSAT in 0.10s
    cube 4011.55.51 (depth 2, 24 lits): UNSAT in 0.22s
    cube 4011.55.52 (depth 2, 24 lits): UNSAT in 0.06s
    cube 4011.55.53 (depth 2, 24 lits): UNSAT in 0.13s
    cube 4011.55.54 (depth 2, 24 lits): UNSAT in 0.19s
    cube 4011.55.55 (depth 2, 24 lits): UNSAT in 1.10s
    cube 4011.55.56 (depth 2, 24 lits): UNSAT in 0.14s
    cube 4011.55.57 (depth 2, 24 lits): UNSAT in 0.27s
    cube 4011.55.58 (depth 2, 24 lits): UNSAT in 0.16s
    cube 4011.55.59 (depth 2, 24 lits): UNSAT in 0.81s
    cube 4011.55.60 (depth 2, 24 lits): UNSAT in 0.54s
    cube 4011.55.61 (depth 2, 24 lits): UNSAT in 2.00s
    cube 4011.55.62 (depth 2, 24 lits): UNSAT in 1.33s
    cube 4011.55.63 (depth 2, 24 lits): UNSAT in 1.27s
    cube 4011.56 (depth 1, 18 lits): UNSAT in 2.54s
    cube 4011.57 (depth 1, 18 lits): UNSAT in 4.84s
    cube 4011.58 (depth 1, 18 lits): UNSAT in 5.26s
    cube 4011.59 (depth 1, 18 lits): TIMEOUT in 60.06s
    cube 4011.59 TIMEOUT -> re-split into 64 sub-cubes (depth 2)
    cube 4011.59.0 (depth 2, 24 lits): UNSAT in 0.02s
    cube 4011.59.1 (depth 2, 24 lits): UNSAT in 0.01s
    cube 4011.59.2 (depth 2, 24 lits): UNSAT in 0.02s
    cube 4011.59.3 (depth 2, 24 lits): UNSAT in 0.04s
    cube 4011.59.4 (depth 2, 24 lits): UNSAT in 0.01s
    cube 4011.59.5 (depth 2, 24 lits): UNSAT in 0.08s
    cube 4011.59.6 (depth 2, 24 lits): UNSAT in 0.06s
    cube 4011.59.7 (depth 2, 24 lits): UNSAT in 0.23s
    cube 4011.59.8 (depth 2, 24 lits): UNSAT in 0.02s
    cube 4011.59.9 (depth 2, 24 lits): UNSAT in 0.03s
    cube 4011.59.10 (depth 2, 24 lits): UNSAT in 0.04s
    cube 4011.59.11 (depth 2, 24 lits): UNSAT in 0.25s
    cube 4011.59.12 (depth 2, 24 lits): UNSAT in 0.09s
    cube 4011.59.13 (depth 2, 24 lits): UNSAT in 0.18s
    cube 4011.59.14 (depth 2, 24 lits): UNSAT in 0.46s
    cube 4011.59.15 (depth 2, 24 lits): UNSAT in 0.93s
    cube 4011.59.16 (depth 2, 24 lits): UNSAT in 0.02s
    cube 4011.59.17 (depth 2, 24 lits): UNSAT in 0.05s
    cube 4011.59.18 (depth 2, 24 lits): UNSAT in 0.09s
    cube 4011.59.19 (depth 2, 24 lits): UNSAT in 0.29s
    cube 4011.59.20 (depth 2, 24 lits): UNSAT in 0.04s
    cube 4011.59.21 (depth 2, 24 lits): UNSAT in 0.32s
    cube 4011.59.22 (depth 2, 24 lits): UNSAT in 0.32s
    cube 4011.59.23 (depth 2, 24 lits): UNSAT in 1.59s
    cube 4011.59.24 (depth 2, 24 lits): UNSAT in 0.09s
    cube 4011.59.25 (depth 2, 24 lits): UNSAT in 0.23s
    cube 4011.59.26 (depth 2, 24 lits): UNSAT in 0.30s
    cube 4011.59.27 (depth 2, 24 lits): UNSAT in 1.37s
    cube 4011.59.28 (depth 2, 24 lits): UNSAT in 0.19s
    cube 4011.59.29 (depth 2, 24 lits): UNSAT in 0.88s
    cube 4011.59.30 (depth 2, 24 lits): UNSAT in 2.07s
    cube 4011.59.31 (depth 2, 24 lits): UNSAT in 3.76s
    cube 4011.59.32 (depth 2, 24 lits): UNSAT in 0.06s
    cube 4011.59.33 (depth 2, 24 lits): UNSAT in 0.07s
    cube 4011.59.34 (depth 2, 24 lits): UNSAT in 0.14s
    cube 4011.59.35 (depth 2, 24 lits): UNSAT in 0.35s
    cube 4011.59.36 (depth 2, 24 lits): UNSAT in 0.04s
    cube 4011.59.37 (depth 2, 24 lits): UNSAT in 0.74s
    cube 4011.59.38 (depth 2, 24 lits): UNSAT in 0.58s
    cube 4011.59.39 (depth 2, 24 lits): UNSAT in 1.31s
    cube 4011.59.40 (depth 2, 24 lits): UNSAT in 0.05s
    cube 4011.59.41 (depth 2, 24 lits): UNSAT in 0.33s
    cube 4011.59.42 (depth 2, 24 lits): UNSAT in 0.49s
    cube 4011.59.43 (depth 2, 24 lits): UNSAT in 0.80s
    cube 4011.59.44 (depth 2, 24 lits): UNSAT in 0.12s
    cube 4011.59.45 (depth 2, 24 lits): UNSAT in 0.68s
    cube 4011.59.46 (depth 2, 24 lits): UNSAT in 1.02s
    cube 4011.59.47 (depth 2, 24 lits): UNSAT in 2.45s
    cube 4011.59.48 (depth 2, 24 lits): UNSAT in 0.24s
    cube 4011.59.49 (depth 2, 24 lits): UNSAT in 0.19s
    cube 4011.59.50 (depth 2, 24 lits): UNSAT in 0.64s
    cube 4011.59.51 (depth 2, 24 lits): UNSAT in 1.81s
    cube 4011.59.52 (depth 2, 24 lits): UNSAT in 0.42s
    cube 4011.59.53 (depth 2, 24 lits): UNSAT in 0.80s
    cube 4011.59.54 (depth 2, 24 lits): UNSAT in 0.69s
    cube 4011.59.55 (depth 2, 24 lits): UNSAT in 0.93s
    cube 4011.59.56 (depth 2, 24 lits): UNSAT in 0.06s
    cube 4011.59.57 (depth 2, 24 lits): UNSAT in 0.16s
    cube 4011.59.58 (depth 2, 24 lits): UNSAT in 0.23s
    cube 4011.59.59 (depth 2, 24 lits): UNSAT in 0.57s
    cube 4011.59.60 (depth 2, 24 lits): UNSAT in 0.24s
    cube 4011.59.61 (depth 2, 24 lits): UNSAT in 0.72s
    cube 4011.59.62 (depth 2, 24 lits): UNSAT in 1.21s
    cube 4011.59.63 (depth 2, 24 lits): UNSAT in 0.59s
    cube 4011.60 (depth 1, 18 lits): UNSAT in 9.98s
    cube 4011.61 (depth 1, 18 lits): TIMEOUT in 60.01s
    cube 4011.61 TIMEOUT -> re-split into 64 sub-cubes (depth 2)
    cube 4011.61.0 (depth 2, 24 lits): UNSAT in 0.02s
    cube 4011.61.1 (depth 2, 24 lits): UNSAT in 0.05s
    cube 4011.61.2 (depth 2, 24 lits): UNSAT in 0.08s
    cube 4011.61.3 (depth 2, 24 lits): UNSAT in 0.15s
    cube 4011.61.4 (depth 2, 24 lits): UNSAT in 0.08s
    cube 4011.61.5 (depth 2, 24 lits): UNSAT in 0.14s
    cube 4011.61.6 (depth 2, 24 lits): UNSAT in 0.11s
    cube 4011.61.7 (depth 2, 24 lits): UNSAT in 0.08s
    cube 4011.61.8 (depth 2, 24 lits): UNSAT in 0.06s
    cube 4011.61.9 (depth 2, 24 lits): UNSAT in 0.11s
    cube 4011.61.10 (depth 2, 24 lits): UNSAT in 0.09s
    cube 4011.61.11 (depth 2, 24 lits): UNSAT in 0.23s
    cube 4011.61.12 (depth 2, 24 lits): UNSAT in 0.08s
    cube 4011.61.13 (depth 2, 24 lits): UNSAT in 0.23s
    cube 4011.61.14 (depth 2, 24 lits): UNSAT in 0.40s
    cube 4011.61.15 (depth 2, 24 lits): UNSAT in 0.71s
    cube 4011.61.16 (depth 2, 24 lits): UNSAT in 0.03s
    cube 4011.61.17 (depth 2, 24 lits): UNSAT in 0.07s
    cube 4011.61.18 (depth 2, 24 lits): UNSAT in 0.07s
    cube 4011.61.19 (depth 2, 24 lits): UNSAT in 0.31s
    cube 4011.61.20 (depth 2, 24 lits): UNSAT in 0.08s
    cube 4011.61.21 (depth 2, 24 lits): UNSAT in 0.13s
    cube 4011.61.22 (depth 2, 24 lits): UNSAT in 0.35s
    cube 4011.61.23 (depth 2, 24 lits): UNSAT in 0.71s
    cube 4011.61.24 (depth 2, 24 lits): UNSAT in 0.18s
    cube 4011.61.25 (depth 2, 24 lits): UNSAT in 0.23s
    cube 4011.61.26 (depth 2, 24 lits): UNSAT in 0.31s
    cube 4011.61.27 (depth 2, 24 lits): UNSAT in 0.69s
    cube 4011.61.28 (depth 2, 24 lits): UNSAT in 0.26s
    cube 4011.61.29 (depth 2, 24 lits): UNSAT in 1.18s
    cube 4011.61.30 (depth 2, 24 lits): UNSAT in 2.52s
    cube 4011.61.31 (depth 2, 24 lits): UNSAT in 3.77s
    cube 4011.61.32 (depth 2, 24 lits): UNSAT in 0.02s
    cube 4011.61.33 (depth 2, 24 lits): UNSAT in 0.04s
    cube 4011.61.34 (depth 2, 24 lits): UNSAT in 0.11s
    cube 4011.61.35 (depth 2, 24 lits): UNSAT in 0.38s
    cube 4011.61.36 (depth 2, 24 lits): UNSAT in 0.13s
    cube 4011.61.37 (depth 2, 24 lits): UNSAT in 0.25s
    cube 4011.61.38 (depth 2, 24 lits): UNSAT in 0.57s
    cube 4011.61.39 (depth 2, 24 lits): UNSAT in 1.59s
    cube 4011.61.40 (depth 2, 24 lits): UNSAT in 0.20s
    cube 4011.61.41 (depth 2, 24 lits): UNSAT in 0.47s
    cube 4011.61.42 (depth 2, 24 lits): UNSAT in 0.38s
    cube 4011.61.43 (depth 2, 24 lits): UNSAT in 1.36s
    cube 4011.61.44 (depth 2, 24 lits): UNSAT in 0.30s
    cube 4011.61.45 (depth 2, 24 lits): UNSAT in 0.85s
    cube 4011.61.46 (depth 2, 24 lits): UNSAT in 1.00s
    cube 4011.61.47 (depth 2, 24 lits): UNSAT in 5.91s
    cube 4011.61.48 (depth 2, 24 lits): UNSAT in 0.31s
    cube 4011.61.49 (depth 2, 24 lits): UNSAT in 0.50s
    cube 4011.61.50 (depth 2, 24 lits): UNSAT in 0.50s
    cube 4011.61.51 (depth 2, 24 lits): UNSAT in 2.56s
    cube 4011.61.52 (depth 2, 24 lits): UNSAT in 0.70s
    cube 4011.61.53 (depth 2, 24 lits): UNSAT in 1.27s
    cube 4011.61.54 (depth 2, 24 lits): UNSAT in 2.47s
    cube 4011.61.55 (depth 2, 24 lits): UNSAT in 9.10s
    cube 4011.61.56 (depth 2, 24 lits): UNSAT in 0.62s
    cube 4011.61.57 (depth 2, 24 lits): UNSAT in 1.74s
    cube 4011.61.58 (depth 2, 24 lits): UNSAT in 1.79s
    cube 4011.61.59 (depth 2, 24 lits): UNSAT in 3.15s
    cube 4011.61.60 (depth 2, 24 lits): UNSAT in 0.52s
    cube 4011.61.61 (depth 2, 24 lits): UNSAT in 2.67s
    cube 4011.61.62 (depth 2, 24 lits): UNSAT in 1.28s
    cube 4011.61.63 (depth 2, 24 lits): UNSAT in 6.12s
    cube 4011.62 (depth 1, 18 lits): UNSAT in 16.33s
    cube 4011.63 (depth 1, 18 lits): TIMEOUT in 60.06s
    cube 4011.63 TIMEOUT -> re-split into 64 sub-cubes (depth 2)
    cube 4011.63.0 (depth 2, 24 lits): UNSAT in 0.04s
    cube 4011.63.1 (depth 2, 24 lits): UNSAT in 0.07s
    cube 4011.63.2 (depth 2, 24 lits): UNSAT in 0.06s
    cube 4011.63.3 (depth 2, 24 lits): UNSAT in 0.10s
    cube 4011.63.4 (depth 2, 24 lits): UNSAT in 0.02s
    cube 4011.63.5 (depth 2, 24 lits): UNSAT in 0.08s
    cube 4011.63.6 (depth 2, 24 lits): UNSAT in 0.14s
    cube 4011.63.7 (depth 2, 24 lits): UNSAT in 0.15s
    cube 4011.63.8 (depth 2, 24 lits): UNSAT in 0.05s
    cube 4011.63.9 (depth 2, 24 lits): UNSAT in 0.09s
    cube 4011.63.10 (depth 2, 24 lits): UNSAT in 0.10s
    cube 4011.63.11 (depth 2, 24 lits): UNSAT in 0.14s
    cube 4011.63.12 (depth 2, 24 lits): UNSAT in 0.08s
    cube 4011.63.13 (depth 2, 24 lits): UNSAT in 0.19s
    cube 4011.63.14 (depth 2, 24 lits): UNSAT in 0.23s
    cube 4011.63.15 (depth 2, 24 lits): UNSAT in 0.19s
    cube 4011.63.16 (depth 2, 24 lits): UNSAT in 0.01s
    cube 4011.63.17 (depth 2, 24 lits): UNSAT in 0.02s
    cube 4011.63.18 (depth 2, 24 lits): UNSAT in 0.18s
    cube 4011.63.19 (depth 2, 24 lits): UNSAT in 0.21s
    cube 4011.63.20 (depth 2, 24 lits): UNSAT in 0.09s
    cube 4011.63.21 (depth 2, 24 lits): UNSAT in 0.26s
    cube 4011.63.22 (depth 2, 24 lits): UNSAT in 0.29s
    cube 4011.63.23 (depth 2, 24 lits): UNSAT in 1.50s
    cube 4011.63.24 (depth 2, 24 lits): UNSAT in 0.07s
    cube 4011.63.25 (depth 2, 24 lits): UNSAT in 0.44s
    cube 4011.63.26 (depth 2, 24 lits): UNSAT in 0.48s
    cube 4011.63.27 (depth 2, 24 lits): UNSAT in 2.15s
    cube 4011.63.28 (depth 2, 24 lits): UNSAT in 0.26s
    cube 4011.63.29 (depth 2, 24 lits): UNSAT in 1.19s
    cube 4011.63.30 (depth 2, 24 lits): UNSAT in 2.00s
    cube 4011.63.31 (depth 2, 24 lits): UNSAT in 1.80s
    cube 4011.63.32 (depth 2, 24 lits): UNSAT in 0.02s
    cube 4011.63.33 (depth 2, 24 lits): UNSAT in 0.05s
    cube 4011.63.34 (depth 2, 24 lits): UNSAT in 0.05s
    cube 4011.63.35 (depth 2, 24 lits): UNSAT in 0.75s
    cube 4011.63.36 (depth 2, 24 lits): UNSAT in 0.05s
    cube 4011.63.37 (depth 2, 24 lits): UNSAT in 0.31s
    cube 4011.63.38 (depth 2, 24 lits): UNSAT in 0.35s
    cube 4011.63.39 (depth 2, 24 lits): UNSAT in 2.27s
    cube 4011.63.40 (depth 2, 24 lits): UNSAT in 0.11s
    cube 4011.63.41 (depth 2, 24 lits): UNSAT in 0.26s
    cube 4011.63.42 (depth 2, 24 lits): UNSAT in 0.24s
    cube 4011.63.43 (depth 2, 24 lits): UNSAT in 0.79s
    cube 4011.63.44 (depth 2, 24 lits): UNSAT in 0.33s
    cube 4011.63.45 (depth 2, 24 lits): UNSAT in 0.90s
    cube 4011.63.46 (depth 2, 24 lits): UNSAT in 1.90s
    cube 4011.63.47 (depth 2, 24 lits): UNSAT in 6.90s
    cube 4011.63.48 (depth 2, 24 lits): UNSAT in 0.27s
    cube 4011.63.49 (depth 2, 24 lits): UNSAT in 0.72s
    cube 4011.63.50 (depth 2, 24 lits): UNSAT in 0.45s
    cube 4011.63.51 (depth 2, 24 lits): UNSAT in 1.95s
    cube 4011.63.52 (depth 2, 24 lits): UNSAT in 0.42s
    cube 4011.63.53 (depth 2, 24 lits): UNSAT in 0.85s
    cube 4011.63.54 (depth 2, 24 lits): UNSAT in 3.76s
    cube 4011.63.55 (depth 2, 24 lits): UNSAT in 10.24s
    cube 4011.63.56 (depth 2, 24 lits): UNSAT in 0.98s
    cube 4011.63.57 (depth 2, 24 lits): UNSAT in 2.77s
    cube 4011.63.58 (depth 2, 24 lits): UNSAT in 3.39s
    cube 4011.63.59 (depth 2, 24 lits): UNSAT in 6.14s
    cube 4011.63.60 (depth 2, 24 lits): UNSAT in 0.51s
    cube 4011.63.61 (depth 2, 24 lits): UNSAT in 1.88s
    cube 4011.63.62 (depth 2, 24 lits): UNSAT in 2.91s
    cube 4011.63.63 (depth 2, 24 lits): UNSAT in 5.71s

  shard 11 verdict: UNSAT (251 UNSAT, 0 unresolved) in 4390.2s
