  shard 14/16 (round-robin): 251 of 4022 cubes, per-cube cap 60.0s, re-split depth 3
    batch [14..3198] TIMEOUT in 900.1s -> per-cube fallback
    cube 14 (depth 0, 12 lits): UNSAT in 0.01s
    cube 30 (depth 0, 11 lits): UNSAT in 0.01s
    cube 46 (depth 0, 10 lits): UNSAT in 0.01s
    cube 62 (depth 0, 12 lits): UNSAT in 0.03s
    cube 78 (depth 0, 12 lits): UNSAT in 0.05s
    cube 94 (depth 0, 12 lits): UNSAT in 0.41s
    cube 110 (depth 0, 12 lits): UNSAT in 0.02s
    cube 126 (depth 0, 12 lits): UNSAT in 0.02s
    cube 142 (depth 0, 12 lits): UNSAT in 0.02s
    cube 158 (depth 0, 12 lits): UNSAT in 0.25s
    cube 174 (depth 0, 12 lits): UNSAT in 0.24s
    cube 190 (depth 0, 12 lits): UNSAT in 0.15s
    cube 206 (depth 0, 12 lits): UNSAT in 2.13s
    cube 222 (depth 0, 12 lits): UNSAT in 0.01s
    cube 238 (depth 0, 12 lits): UNSAT in 0.13s
    cube 254 (depth 0, 12 lits): UNSAT in 0.05s
    cube 270 (depth 0, 12 lits): UNSAT in 0.45s
    cube 286 (depth 0, 12 lits): UNSAT in 0.02s
    cube 302 (depth 0, 12 lits): UNSAT in 0.47s
    cube 318 (depth 0, 12 lits): UNSAT in 0.05s
    cube 334 (depth 0, 12 lits): UNSAT in 1.97s
    cube 350 (depth 0, 12 lits): UNSAT in 0.06s
    cube 366 (depth 0, 12 lits): UNSAT in 0.30s
    cube 382 (depth 0, 12 lits): UNSAT in 0.05s
    cube 398 (depth 0, 12 lits): UNSAT in 0.41s
    cube 414 (depth 0, 12 lits): UNSAT in 0.06s
    cube 430 (depth 0, 12 lits): UNSAT in 0.21s
    cube 446 (depth 0, 12 lits): UNSAT in 0.51s
    cube 462 (depth 0, 12 lits): UNSAT in 3.08s
    cube 478 (depth 0, 11 lits): UNSAT in 0.01s
    cube 494 (depth 0, 12 lits): UNSAT in 0.01s
    cube 510 (depth 0, 12 lits): UNSAT in 0.02s
    cube 526 (depth 0, 12 lits): UNSAT in 0.01s
    cube 542 (depth 0, 12 lits): UNSAT in 0.04s
    cube 558 (depth 0, 12 lits): UNSAT in 0.02s
    cube 574 (depth 0, 12 lits): UNSAT in 0.11s
    cube 590 (depth 0, 12 lits): UNSAT in 0.02s
    cube 606 (depth 0, 12 lits): UNSAT in 0.02s
    cube 622 (depth 0, 12 lits): UNSAT in 0.03s
    cube 638 (depth 0, 12 lits): UNSAT in 0.04s
    cube 654 (depth 0, 12 lits): UNSAT in 0.03s
    cube 670 (depth 0, 12 lits): UNSAT in 0.05s
    cube 686 (depth 0, 12 lits): UNSAT in 0.16s
    cube 702 (depth 0, 12 lits): UNSAT in 0.31s
    cube 718 (depth 0, 12 lits): UNSAT in 0.01s
    cube 734 (depth 0, 12 lits): UNSAT in 0.04s
    cube 750 (depth 0, 12 lits): UNSAT in 0.01s
    cube 766 (depth 0, 12 lits): UNSAT in 0.03s
    cube 782 (depth 0, 12 lits): UNSAT in 0.08s
    cube 798 (depth 0, 12 lits): UNSAT in 0.11s
    cube 814 (depth 0, 12 lits): UNSAT in 0.04s
    cube 830 (depth 0, 12 lits): UNSAT in 1.07s
    cube 846 (depth 0, 12 lits): UNSAT in 0.07s
    cube 862 (depth 0, 12 lits): UNSAT in 0.10s
    cube 878 (depth 0, 12 lits): UNSAT in 0.18s
    cube 894 (depth 0, 12 lits): UNSAT in 0.20s
    cube 910 (depth 0, 12 lits): UNSAT in 0.06s
    cube 926 (depth 0, 12 lits): UNSAT in 0.07s
    cube 942 (depth 0, 12 lits): UNSAT in 0.46s
    cube 958 (depth 0, 12 lits): UNSAT in 4.77s
    cube 974 (depth 0, 12 lits): UNSAT in 0.01s
    cube 990 (depth 0, 12 lits): UNSAT in 0.01s
    cube 1006 (depth 0, 12 lits): UNSAT in 0.02s
    cube 1022 (depth 0, 12 lits): UNSAT in 0.09s
    cube 1038 (depth 0, 12 lits): UNSAT in 0.03s
    cube 1054 (depth 0, 12 lits): UNSAT in 0.08s
    cube 1070 (depth 0, 12 lits): UNSAT in 0.41s
    cube 1086 (depth 0, 12 lits): UNSAT in 1.94s
    cube 1102 (depth 0, 12 lits): UNSAT in 0.04s
    cube 1118 (depth 0, 12 lits): UNSAT in 0.09s
    cube 1134 (depth 0, 12 lits): UNSAT in 1.63s
    cube 1150 (depth 0, 12 lits): UNSAT in 6.98s
    cube 1166 (depth 0, 12 lits): UNSAT in 1.02s
    cube 1182 (depth 0, 12 lits): UNSAT in 8.22s
    cube 1198 (depth 0, 12 lits): UNSAT in 9.73s
    cube 1214 (depth 0, 12 lits): UNSAT in 8.37s
    cube 1230 (depth 0, 12 lits): UNSAT in 0.18s
    cube 1246 (depth 0, 12 lits): UNSAT in 0.24s
    cube 1262 (depth 0, 12 lits): UNSAT in 0.13s
    cube 1278 (depth 0, 12 lits): UNSAT in 2.38s
    cube 1294 (depth 0, 12 lits): UNSAT in 1.12s
    cube 1310 (depth 0, 12 lits): UNSAT in 11.51s
    cube 1326 (depth 0, 12 lits): UNSAT in 3.82s
    cube 1342 (depth 0, 12 lits): UNSAT in 6.08s
    cube 1358 (depth 0, 12 lits): UNSAT in 0.95s
    cube 1374 (depth 0, 12 lits): UNSAT in 1.65s
    cube 1390 (depth 0, 12 lits): UNSAT in 1.84s
    cube 1406 (depth 0, 12 lits): UNSAT in 14.49s
    cube 1422 (depth 0, 12 lits): UNSAT in 0.42s
    cube 1438 (depth 0, 12 lits): UNSAT in 2.32s
    cube 1454 (depth 0, 12 lits): UNSAT in 5.23s
    cube 1470 (depth 0, 12 lits): UNSAT in 43.24s
    cube 1486 (depth 0, 12 lits): UNSAT in 0.01s
    cube 1502 (depth 0, 12 lits): UNSAT in 0.06s
    cube 1518 (depth 0, 12 lits): UNSAT in 0.02s
    cube 1534 (depth 0, 12 lits): UNSAT in 0.60s
    cube 1550 (depth 0, 12 lits): UNSAT in 0.10s
    cube 1566 (depth 0, 12 lits): UNSAT in 0.63s
    cube 1582 (depth 0, 12 lits): UNSAT in 0.89s
    cube 1598 (depth 0, 12 lits): UNSAT in 3.08s
    cube 1614 (depth 0, 12 lits): UNSAT in 0.16s
    cube 1630 (depth 0, 12 lits): UNSAT in 0.76s
    cube 1646 (depth 0, 12 lits): UNSAT in 0.44s
    cube 1662 (depth 0, 12 lits): UNSAT in 5.11s
    cube 1678 (depth 0, 12 lits): UNSAT in 0.29s
    cube 1694 (depth 0, 12 lits): UNSAT in 3.58s
    cube 1710 (depth 0, 12 lits): UNSAT in 6.37s
    cube 1726 (depth 0, 12 lits): UNSAT in 8.06s
    cube 1742 (depth 0, 12 lits): UNSAT in 0.04s
    cube 1758 (depth 0, 12 lits): UNSAT in 0.16s
    cube 1774 (depth 0, 12 lits): UNSAT in 0.25s
    cube 1790 (depth 0, 12 lits): UNSAT in 0.49s
    cube 1806 (depth 0, 12 lits): UNSAT in 0.39s
    cube 1822 (depth 0, 12 lits): UNSAT in 0.56s
    cube 1838 (depth 0, 12 lits): UNSAT in 1.62s
    cube 1854 (depth 0, 12 lits): UNSAT in 9.36s
    cube 1870 (depth 0, 12 lits): UNSAT in 0.38s
    cube 1886 (depth 0, 12 lits): UNSAT in 1.45s
    cube 1902 (depth 0, 12 lits): UNSAT in 4.04s
    cube 1918 (depth 0, 12 lits): UNSAT in 2.24s
    cube 1934 (depth 0, 12 lits): UNSAT in 7.31s
    cube 1950 (depth 0, 12 lits): TIMEOUT in 60.02s
    cube 1950 TIMEOUT -> re-split into 64 sub-cubes (depth 1)
    cube 1950.0 (depth 1, 18 lits): UNSAT in 0.02s
    cube 1950.1 (depth 1, 18 lits): UNSAT in 0.01s
    cube 1950.2 (depth 1, 18 lits): UNSAT in 0.02s
    cube 1950.3 (depth 1, 18 lits): UNSAT in 0.07s
    cube 1950.4 (depth 1, 18 lits): UNSAT in 0.01s
    cube 1950.5 (depth 1, 18 lits): UNSAT in 0.01s
    cube 1950.6 (depth 1, 18 lits): UNSAT in 0.02s
    cube 1950.7 (depth 1, 18 lits): UNSAT in 0.04s
    cube 1950.8 (depth 1, 18 lits): UNSAT in 0.03s
    cube 1950.9 (depth 1, 18 lits): UNSAT in 0.05s
    cube 1950.10 (depth 1, 18 lits): UNSAT in 0.03s
    cube 1950.11 (depth 1, 18 lits): UNSAT in 0.08s
    cube 1950.12 (depth 1, 18 lits): UNSAT in 0.02s
    cube 1950.13 (depth 1, 18 lits): UNSAT in 0.08s
    cube 1950.14 (depth 1, 18 lits): UNSAT in 0.06s
    cube 1950.15 (depth 1, 18 lits): UNSAT in 0.37s
    cube 1950.16 (depth 1, 18 lits): UNSAT in 0.02s
    cube 1950.17 (depth 1, 18 lits): UNSAT in 0.04s
    cube 1950.18 (depth 1, 18 lits): UNSAT in 0.02s
    cube 1950.19 (depth 1, 18 lits): UNSAT in 0.10s
    cube 1950.20 (depth 1, 18 lits): UNSAT in 0.05s
    cube 1950.21 (depth 1, 18 lits): UNSAT in 0.13s
    cube 1950.22 (depth 1, 18 lits): UNSAT in 0.23s
    cube 1950.23 (depth 1, 18 lits): UNSAT in 1.62s
    cube 1950.24 (depth 1, 18 lits): UNSAT in 0.02s
    cube 1950.25 (depth 1, 18 lits): UNSAT in 0.19s
    cube 1950.26 (depth 1, 18 lits): UNSAT in 0.04s
    cube 1950.27 (depth 1, 18 lits): UNSAT in 0.66s
    cube 1950.28 (depth 1, 18 lits): UNSAT in 0.15s
    cube 1950.29 (depth 1, 18 lits): UNSAT in 0.84s
    cube 1950.30 (depth 1, 18 lits): UNSAT in 0.61s
    cube 1950.31 (depth 1, 18 lits): UNSAT in 0.90s
    cube 1950.32 (depth 1, 18 lits): UNSAT in 0.02s
    cube 1950.33 (depth 1, 18 lits): UNSAT in 0.04s
    cube 1950.34 (depth 1, 18 lits): UNSAT in 0.05s
    cube 1950.35 (depth 1, 18 lits): UNSAT in 0.10s
    cube 1950.36 (depth 1, 18 lits): UNSAT in 0.04s
    cube 1950.37 (depth 1, 18 lits): UNSAT in 0.06s
    cube 1950.38 (depth 1, 18 lits): UNSAT in 0.11s
    cube 1950.39 (depth 1, 18 lits): UNSAT in 0.15s
    cube 1950.40 (depth 1, 18 lits): UNSAT in 0.04s
    cube 1950.41 (depth 1, 18 lits): UNSAT in 0.16s
    cube 1950.42 (depth 1, 18 lits): UNSAT in 0.13s
    cube 1950.43 (depth 1, 18 lits): UNSAT in 2.21s
    cube 1950.44 (depth 1, 18 lits): UNSAT in 0.25s
    cube 1950.45 (depth 1, 18 lits): UNSAT in 0.44s
    cube 1950.46 (depth 1, 18 lits): UNSAT in 0.68s
    cube 1950.47 (depth 1, 18 lits): UNSAT in 2.00s
    cube 1950.48 (depth 1, 18 lits): UNSAT in 0.05s
    cube 1950.49 (depth 1, 18 lits): UNSAT in 0.20s
    cube 1950.50 (depth 1, 18 lits): UNSAT in 0.07s
    cube 1950.51 (depth 1, 18 lits): UNSAT in 0.31s
    cube 1950.52 (depth 1, 18 lits): UNSAT in 0.66s
    cube 1950.53 (depth 1, 18 lits): UNSAT in 3.83s
    cube 1950.54 (depth 1, 18 lits): UNSAT in 1.03s
    cube 1950.55 (depth 1, 18 lits): UNSAT in 7.08s
    cube 1950.56 (depth 1, 18 lits): UNSAT in 0.08s
    cube 1950.57 (depth 1, 18 lits): UNSAT in 0.31s
    cube 1950.58 (depth 1, 18 lits): UNSAT in 0.99s
    cube 1950.59 (depth 1, 18 lits): UNSAT in 3.58s
    cube 1950.60 (depth 1, 18 lits): UNSAT in 3.34s
    cube 1950.61 (depth 1, 18 lits): UNSAT in 4.10s
    cube 1950.62 (depth 1, 18 lits): UNSAT in 0.97s
    cube 1950.63 (depth 1, 18 lits): UNSAT in 11.09s
    cube 1966 (depth 0, 12 lits): TIMEOUT in 60.01s
    cube 1966 TIMEOUT -> re-split into 64 sub-cubes (depth 1)
    cube 1966.0 (depth 1, 18 lits): UNSAT in 0.01s
    cube 1966.1 (depth 1, 18 lits): UNSAT in 0.03s
    cube 1966.2 (depth 1, 18 lits): UNSAT in 0.09s
    cube 1966.3 (depth 1, 18 lits): UNSAT in 0.25s
    cube 1966.4 (depth 1, 18 lits): UNSAT in 0.03s
    cube 1966.5 (depth 1, 18 lits): UNSAT in 0.15s
    cube 1966.6 (depth 1, 18 lits): UNSAT in 0.12s
    cube 1966.7 (depth 1, 18 lits): UNSAT in 0.55s
    cube 1966.8 (depth 1, 18 lits): UNSAT in 0.03s
    cube 1966.9 (depth 1, 18 lits): UNSAT in 0.25s
    cube 1966.10 (depth 1, 18 lits): UNSAT in 0.04s
    cube 1966.11 (depth 1, 18 lits): UNSAT in 0.32s
    cube 1966.12 (depth 1, 18 lits): UNSAT in 0.16s
    cube 1966.13 (depth 1, 18 lits): UNSAT in 0.27s
    cube 1966.14 (depth 1, 18 lits): UNSAT in 0.13s
    cube 1966.15 (depth 1, 18 lits): UNSAT in 0.68s
    cube 1966.16 (depth 1, 18 lits): UNSAT in 0.01s
    cube 1966.17 (depth 1, 18 lits): UNSAT in 0.02s
    cube 1966.18 (depth 1, 18 lits): UNSAT in 0.02s
    cube 1966.19 (depth 1, 18 lits): UNSAT in 0.06s
    cube 1966.20 (depth 1, 18 lits): UNSAT in 0.02s
    cube 1966.21 (depth 1, 18 lits): UNSAT in 0.04s
    cube 1966.22 (depth 1, 18 lits): UNSAT in 0.02s
    cube 1966.23 (depth 1, 18 lits): UNSAT in 0.20s
    cube 1966.24 (depth 1, 18 lits): UNSAT in 0.04s
    cube 1966.25 (depth 1, 18 lits): UNSAT in 0.02s
    cube 1966.26 (depth 1, 18 lits): UNSAT in 0.04s
    cube 1966.27 (depth 1, 18 lits): UNSAT in 0.04s
    cube 1966.28 (depth 1, 18 lits): UNSAT in 0.11s
    cube 1966.29 (depth 1, 18 lits): UNSAT in 0.40s
    cube 1966.30 (depth 1, 18 lits): UNSAT in 0.25s
    cube 1966.31 (depth 1, 18 lits): UNSAT in 0.77s
    cube 1966.32 (depth 1, 18 lits): UNSAT in 0.02s
    cube 1966.33 (depth 1, 18 lits): UNSAT in 0.14s
    cube 1966.34 (depth 1, 18 lits): UNSAT in 0.13s
    cube 1966.35 (depth 1, 18 lits): UNSAT in 0.30s
    cube 1966.36 (depth 1, 18 lits): UNSAT in 0.02s
    cube 1966.37 (depth 1, 18 lits): UNSAT in 0.04s
    cube 1966.38 (depth 1, 18 lits): UNSAT in 0.04s
    cube 1966.39 (depth 1, 18 lits): UNSAT in 0.21s
    cube 1966.40 (depth 1, 18 lits): UNSAT in 0.18s
    cube 1966.41 (depth 1, 18 lits): UNSAT in 0.28s
    cube 1966.42 (depth 1, 18 lits): UNSAT in 0.09s
    cube 1966.43 (depth 1, 18 lits): UNSAT in 0.31s
    cube 1966.44 (depth 1, 18 lits): UNSAT in 0.29s
    cube 1966.45 (depth 1, 18 lits): UNSAT in 0.59s
    cube 1966.46 (depth 1, 18 lits): UNSAT in 0.69s
    cube 1966.47 (depth 1, 18 lits): UNSAT in 1.25s
    cube 1966.48 (depth 1, 18 lits): UNSAT in 0.11s
    cube 1966.49 (depth 1, 18 lits): UNSAT in 0.61s
    cube 1966.50 (depth 1, 18 lits): UNSAT in 0.20s
    cube 1966.51 (depth 1, 18 lits): UNSAT in 1.07s
    cube 1966.52 (depth 1, 18 lits): UNSAT in 0.52s
    cube 1966.53 (depth 1, 18 lits): UNSAT in 0.34s
    cube 1966.54 (depth 1, 18 lits): UNSAT in 0.62s
    cube 1966.55 (depth 1, 18 lits): UNSAT in 2.98s
    cube 1966.56 (depth 1, 18 lits): UNSAT in 0.40s
    cube 1966.57 (depth 1, 18 lits): UNSAT in 0.62s
    cube 1966.58 (depth 1, 18 lits): UNSAT in 0.45s
    cube 1966.59 (depth 1, 18 lits): UNSAT in 4.59s
    cube 1966.60 (depth 1, 18 lits): UNSAT in 0.94s
    cube 1966.61 (depth 1, 18 lits): UNSAT in 4.60s
    cube 1966.62 (depth 1, 18 lits): UNSAT in 10.07s
    cube 1966.63 (depth 1, 18 lits): UNSAT in 9.29s
    cube 1982 (depth 0, 12 lits): TIMEOUT in 60.04s
    cube 1982 TIMEOUT -> re-split into 64 sub-cubes (depth 1)
    cube 1982.0 (depth 1, 18 lits): UNSAT in 0.01s
    cube 1982.1 (depth 1, 18 lits): UNSAT in 0.09s
    cube 1982.2 (depth 1, 18 lits): UNSAT in 0.03s
    cube 1982.3 (depth 1, 18 lits): UNSAT in 0.20s
    cube 1982.4 (depth 1, 18 lits): UNSAT in 0.11s
    cube 1982.5 (depth 1, 18 lits): UNSAT in 0.27s
    cube 1982.6 (depth 1, 18 lits): UNSAT in 0.20s
    cube 1982.7 (depth 1, 18 lits): UNSAT in 0.66s
    cube 1982.8 (depth 1, 18 lits): UNSAT in 0.06s
    cube 1982.9 (depth 1, 18 lits): UNSAT in 0.40s
    cube 1982.10 (depth 1, 18 lits): UNSAT in 0.13s
    cube 1982.11 (depth 1, 18 lits): UNSAT in 0.35s
    cube 1982.12 (depth 1, 18 lits): UNSAT in 0.09s
    cube 1982.13 (depth 1, 18 lits): UNSAT in 0.37s
    cube 1982.14 (depth 1, 18 lits): UNSAT in 0.14s
    cube 1982.15 (depth 1, 18 lits): UNSAT in 1.77s
    cube 1982.16 (depth 1, 18 lits): UNSAT in 0.05s
    cube 1982.17 (depth 1, 18 lits): UNSAT in 0.13s
    cube 1982.18 (depth 1, 18 lits): UNSAT in 0.04s
    cube 1982.19 (depth 1, 18 lits): UNSAT in 0.62s
    cube 1982.20 (depth 1, 18 lits): UNSAT in 0.05s
    cube 1982.21 (depth 1, 18 lits): UNSAT in 0.10s
    cube 1982.22 (depth 1, 18 lits): UNSAT in 0.29s
    cube 1982.23 (depth 1, 18 lits): UNSAT in 2.00s
    cube 1982.24 (depth 1, 18 lits): UNSAT in 0.18s
    cube 1982.25 (depth 1, 18 lits): UNSAT in 0.98s
    cube 1982.26 (depth 1, 18 lits): UNSAT in 0.59s
    cube 1982.27 (depth 1, 18 lits): UNSAT in 2.34s
    cube 1982.28 (depth 1, 18 lits): UNSAT in 0.25s
    cube 1982.29 (depth 1, 18 lits): UNSAT in 0.61s
    cube 1982.30 (depth 1, 18 lits): UNSAT in 1.83s
    cube 1982.31 (depth 1, 18 lits): UNSAT in 3.62s
    cube 1982.32 (depth 1, 18 lits): UNSAT in 0.29s
    cube 1982.33 (depth 1, 18 lits): UNSAT in 0.57s
    cube 1982.34 (depth 1, 18 lits): UNSAT in 1.10s
    cube 1982.35 (depth 1, 18 lits): UNSAT in 6.75s
    cube 1982.36 (depth 1, 18 lits): UNSAT in 0.29s
    cube 1982.37 (depth 1, 18 lits): UNSAT in 1.23s
    cube 1982.38 (depth 1, 18 lits): UNSAT in 5.48s
    cube 1982.39 (depth 1, 18 lits): UNSAT in 18.00s
    cube 1982.40 (depth 1, 18 lits): UNSAT in 0.18s
    cube 1982.41 (depth 1, 18 lits): UNSAT in 0.49s
    cube 1982.42 (depth 1, 18 lits): UNSAT in 1.35s
    cube 1982.43 (depth 1, 18 lits): UNSAT in 2.44s
    cube 1982.44 (depth 1, 18 lits): UNSAT in 1.21s
    cube 1982.45 (depth 1, 18 lits): UNSAT in 1.58s
    cube 1982.46 (depth 1, 18 lits): UNSAT in 0.93s
    cube 1982.47 (depth 1, 18 lits): UNSAT in 7.67s
    cube 1982.48 (depth 1, 18 lits): UNSAT in 0.20s
    cube 1982.49 (depth 1, 18 lits): UNSAT in 1.35s
    cube 1982.50 (depth 1, 18 lits): UNSAT in 0.92s
    cube 1982.51 (depth 1, 18 lits): UNSAT in 2.51s
    cube 1982.52 (depth 1, 18 lits): UNSAT in 0.83s
    cube 1982.53 (depth 1, 18 lits): UNSAT in 2.96s
    cube 1982.54 (depth 1, 18 lits): UNSAT in 3.18s
    cube 1982.55 (depth 1, 18 lits): UNSAT in 13.80s
    cube 1982.56 (depth 1, 18 lits): UNSAT in 0.18s
    cube 1982.57 (depth 1, 18 lits): UNSAT in 0.27s
    cube 1982.58 (depth 1, 18 lits): UNSAT in 0.35s
    cube 1982.59 (depth 1, 18 lits): UNSAT in 2.05s
    cube 1982.60 (depth 1, 18 lits): UNSAT in 0.54s
    cube 1982.61 (depth 1, 18 lits): UNSAT in 2.44s
    cube 1982.62 (depth 1, 18 lits): UNSAT in 3.19s
    cube 1982.63 (depth 1, 18 lits): UNSAT in 1.66s
    cube 1998 (depth 0, 12 lits): UNSAT in 0.01s
    cube 2014 (depth 0, 12 lits): UNSAT in 0.03s
    cube 2030 (depth 0, 12 lits): UNSAT in 0.08s
    cube 2046 (depth 0, 11 lits): UNSAT in 0.02s
    cube 2062 (depth 0, 12 lits): UNSAT in 0.03s
    cube 2078 (depth 0, 12 lits): UNSAT in 0.04s
    cube 2094 (depth 0, 12 lits): UNSAT in 0.06s
    cube 2110 (depth 0, 12 lits): UNSAT in 0.02s
    cube 2126 (depth 0, 12 lits): UNSAT in 0.06s
    cube 2142 (depth 0, 12 lits): UNSAT in 0.04s
    cube 2158 (depth 0, 12 lits): UNSAT in 0.14s
    cube 2174 (depth 0, 12 lits): UNSAT in 0.26s
    cube 2190 (depth 0, 12 lits): UNSAT in 0.64s
    cube 2206 (depth 0, 12 lits): UNSAT in 0.17s
    cube 2222 (depth 0, 12 lits): UNSAT in 1.70s
    cube 2238 (depth 0, 12 lits): UNSAT in 0.03s
    cube 2254 (depth 0, 12 lits): UNSAT in 0.09s
    cube 2270 (depth 0, 12 lits): UNSAT in 0.68s
    cube 2286 (depth 0, 12 lits): UNSAT in 1.31s
    cube 2302 (depth 0, 12 lits): UNSAT in 0.11s
    cube 2318 (depth 0, 12 lits): UNSAT in 3.66s
    cube 2334 (depth 0, 12 lits): UNSAT in 1.50s
    cube 2350 (depth 0, 12 lits): UNSAT in 50.15s
    cube 2366 (depth 0, 12 lits): UNSAT in 1.80s
    cube 2382 (depth 0, 12 lits): UNSAT in 3.87s
    cube 2398 (depth 0, 12 lits): UNSAT in 0.44s
    cube 2414 (depth 0, 12 lits): UNSAT in 8.27s
    cube 2430 (depth 0, 12 lits): UNSAT in 2.85s
    cube 2446 (depth 0, 12 lits): UNSAT in 6.93s
    cube 2462 (depth 0, 12 lits): UNSAT in 32.31s
    cube 2478 (depth 0, 12 lits): TIMEOUT in 60.06s
    cube 2478 TIMEOUT -> re-split into 63 sub-cubes (depth 1)
    cube 2478.0 (depth 1, 17 lits): UNSAT in 0.01s
    cube 2478.1 (depth 1, 18 lits): UNSAT in 0.02s
    cube 2478.2 (depth 1, 18 lits): UNSAT in 0.01s
    cube 2478.3 (depth 1, 18 lits): UNSAT in 0.02s
    cube 2478.4 (depth 1, 18 lits): UNSAT in 0.05s
    cube 2478.5 (depth 1, 18 lits): UNSAT in 0.05s
    cube 2478.6 (depth 1, 18 lits): UNSAT in 0.10s
    cube 2478.7 (depth 1, 18 lits): UNSAT in 0.02s
    cube 2478.8 (depth 1, 18 lits): UNSAT in 0.03s
    cube 2478.9 (depth 1, 18 lits): UNSAT in 0.02s
    cube 2478.10 (depth 1, 18 lits): UNSAT in 0.05s
    cube 2478.11 (depth 1, 18 lits): UNSAT in 0.04s
    cube 2478.12 (depth 1, 18 lits): UNSAT in 0.13s
    cube 2478.13 (depth 1, 18 lits): UNSAT in 0.41s
    cube 2478.14 (depth 1, 18 lits): UNSAT in 0.38s
    cube 2478.15 (depth 1, 18 lits): UNSAT in 0.04s
    cube 2478.16 (depth 1, 18 lits): UNSAT in 0.06s
    cube 2478.17 (depth 1, 18 lits): UNSAT in 0.09s
    cube 2478.18 (depth 1, 18 lits): UNSAT in 0.21s
    cube 2478.19 (depth 1, 18 lits): UNSAT in 0.02s
    cube 2478.20 (depth 1, 18 lits): UNSAT in 0.02s
    cube 2478.21 (depth 1, 18 lits): UNSAT in 0.36s
    cube 2478.22 (depth 1, 18 lits): UNSAT in 0.74s
    cube 2478.23 (depth 1, 18 lits): UNSAT in 0.08s
    cube 2478.24 (depth 1, 18 lits): UNSAT in 0.32s
    cube 2478.25 (depth 1, 18 lits): UNSAT in 0.07s
    cube 2478.26 (depth 1, 18 lits): UNSAT in 1.96s
    cube 2478.27 (depth 1, 18 lits): UNSAT in 0.10s
    cube 2478.28 (depth 1, 18 lits): UNSAT in 0.65s
    cube 2478.29 (depth 1, 18 lits): UNSAT in 0.67s
    cube 2478.30 (depth 1, 18 lits): UNSAT in 1.01s
    cube 2478.31 (depth 1, 18 lits): UNSAT in 0.01s
    cube 2478.32 (depth 1, 18 lits): UNSAT in 0.02s
    cube 2478.33 (depth 1, 18 lits): UNSAT in 0.04s
    cube 2478.34 (depth 1, 18 lits): UNSAT in 0.16s
    cube 2478.35 (depth 1, 18 lits): UNSAT in 0.03s
    cube 2478.36 (depth 1, 18 lits): UNSAT in 0.26s
    cube 2478.37 (depth 1, 18 lits): UNSAT in 0.25s
    cube 2478.38 (depth 1, 18 lits): UNSAT in 0.25s
    cube 2478.39 (depth 1, 18 lits): UNSAT in 0.03s
    cube 2478.40 (depth 1, 18 lits): UNSAT in 0.18s
    cube 2478.41 (depth 1, 18 lits): UNSAT in 0.13s
    cube 2478.42 (depth 1, 18 lits): UNSAT in 0.23s
    cube 2478.43 (depth 1, 18 lits): UNSAT in 0.16s
    cube 2478.44 (depth 1, 18 lits): UNSAT in 0.68s
    cube 2478.45 (depth 1, 18 lits): UNSAT in 0.64s
    cube 2478.46 (depth 1, 18 lits): UNSAT in 0.82s
    cube 2478.47 (depth 1, 18 lits): UNSAT in 0.04s
    cube 2478.48 (depth 1, 18 lits): UNSAT in 0.10s
    cube 2478.49 (depth 1, 18 lits): UNSAT in 0.12s
    cube 2478.50 (depth 1, 18 lits): UNSAT in 0.22s
    cube 2478.51 (depth 1, 18 lits): UNSAT in 0.08s
    cube 2478.52 (depth 1, 18 lits): UNSAT in 0.34s
    cube 2478.53 (depth 1, 18 lits): UNSAT in 0.47s
    cube 2478.54 (depth 1, 18 lits): UNSAT in 0.73s
    cube 2478.55 (depth 1, 18 lits): UNSAT in 0.09s
    cube 2478.56 (depth 1, 18 lits): UNSAT in 0.47s
    cube 2478.57 (depth 1, 18 lits): UNSAT in 1.51s
    cube 2478.58 (depth 1, 18 lits): UNSAT in 3.03s
    cube 2478.59 (depth 1, 18 lits): UNSAT in 0.43s
    cube 2478.60 (depth 1, 18 lits): UNSAT in 2.89s
    cube 2478.61 (depth 1, 18 lits): UNSAT in 0.75s
    cube 2478.62 (depth 1, 18 lits): UNSAT in 3.62s
    cube 2494 (depth 0, 12 lits): UNSAT in 0.12s
    cube 2510 (depth 0, 12 lits): UNSAT in 0.02s
    cube 2526 (depth 0, 12 lits): UNSAT in 0.02s
    cube 2542 (depth 0, 12 lits): UNSAT in 0.06s
    cube 2558 (depth 0, 12 lits): UNSAT in 0.05s
    cube 2574 (depth 0, 12 lits): UNSAT in 0.10s
    cube 2590 (depth 0, 12 lits): UNSAT in 0.07s
    cube 2606 (depth 0, 12 lits): UNSAT in 0.35s
    cube 2622 (depth 0, 12 lits): UNSAT in 0.11s
    cube 2638 (depth 0, 12 lits): UNSAT in 0.12s
    cube 2654 (depth 0, 12 lits): UNSAT in 0.17s
    cube 2670 (depth 0, 12 lits): UNSAT in 0.21s
    cube 2686 (depth 0, 12 lits): UNSAT in 0.11s
    cube 2702 (depth 0, 12 lits): UNSAT in 0.59s
    cube 2718 (depth 0, 12 lits): UNSAT in 0.92s
    cube 2734 (depth 0, 12 lits): UNSAT in 1.15s
    cube 2750 (depth 0, 12 lits): UNSAT in 0.04s
    cube 2766 (depth 0, 12 lits): UNSAT in 0.23s
    cube 2782 (depth 0, 12 lits): UNSAT in 0.10s
    cube 2798 (depth 0, 12 lits): UNSAT in 1.45s
    cube 2814 (depth 0, 12 lits): UNSAT in 0.08s
    cube 2830 (depth 0, 12 lits): UNSAT in 1.43s
    cube 2846 (depth 0, 12 lits): UNSAT in 0.71s
    cube 2862 (depth 0, 12 lits): UNSAT in 4.01s
    cube 2878 (depth 0, 12 lits): UNSAT in 0.12s
    cube 2894 (depth 0, 12 lits): UNSAT in 0.38s
    cube 2910 (depth 0, 12 lits): UNSAT in 0.14s
    cube 2926 (depth 0, 12 lits): UNSAT in 5.01s
    cube 2942 (depth 0, 12 lits): UNSAT in 0.54s
    cube 2958 (depth 0, 12 lits): UNSAT in 3.11s
    cube 2974 (depth 0, 12 lits): UNSAT in 3.33s
    cube 2990 (depth 0, 12 lits): UNSAT in 16.90s
    cube 3006 (depth 0, 12 lits): UNSAT in 0.04s
    cube 3022 (depth 0, 12 lits): UNSAT in 0.04s
    cube 3038 (depth 0, 12 lits): UNSAT in 0.02s
    cube 3054 (depth 0, 12 lits): UNSAT in 0.10s
    cube 3070 (depth 0, 12 lits): UNSAT in 0.05s
    cube 3086 (depth 0, 12 lits): UNSAT in 0.17s
    cube 3102 (depth 0, 12 lits): UNSAT in 0.05s
    cube 3118 (depth 0, 12 lits): UNSAT in 0.39s
    cube 3134 (depth 0, 12 lits): UNSAT in 0.02s
    cube 3150 (depth 0, 12 lits): UNSAT in 0.03s
    cube 3166 (depth 0, 12 lits): UNSAT in 0.08s
    cube 3182 (depth 0, 12 lits): UNSAT in 0.78s
    cube 3198 (depth 0, 12 lits): UNSAT in 0.09s

  shard 14 verdict: UNSAT (251 UNSAT, 0 unresolved) in 2471.1s
