  shard 8/16 (round-robin): 251 of 4022 cubes, per-cube cap 60.0s, re-split depth 3
    batch [3208..4008] TIMEOUT in 900.1s -> per-cube fallback
    cube 3208 (depth 0, 12 lits): UNSAT in 1.78s
    cube 3224 (depth 0, 12 lits): UNSAT in 1.11s
    cube 3240 (depth 0, 12 lits): UNSAT in 4.91s
    cube 3256 (depth 0, 12 lits): UNSAT in 0.02s
    cube 3272 (depth 0, 12 lits): UNSAT in 0.15s
    cube 3288 (depth 0, 12 lits): UNSAT in 0.05s
    cube 3304 (depth 0, 12 lits): UNSAT in 0.38s
    cube 3320 (depth 0, 12 lits): UNSAT in 0.03s
    cube 3336 (depth 0, 12 lits): UNSAT in 0.28s
    cube 3352 (depth 0, 12 lits): UNSAT in 0.09s
    cube 3368 (depth 0, 12 lits): UNSAT in 0.45s
    cube 3384 (depth 0, 12 lits): UNSAT in 0.10s
    cube 3400 (depth 0, 12 lits): UNSAT in 0.84s
    cube 3416 (depth 0, 12 lits): UNSAT in 1.01s
    cube 3432 (depth 0, 12 lits): UNSAT in 5.69s
    cube 3448 (depth 0, 12 lits): UNSAT in 0.69s
    cube 3464 (depth 0, 12 lits): UNSAT in 1.75s
    cube 3480 (depth 0, 12 lits): UNSAT in 1.67s
    cube 3496 (depth 0, 12 lits): UNSAT in 7.75s
    cube 3512 (depth 0, 12 lits): UNSAT in 0.01s
    cube 3528 (depth 0, 12 lits): UNSAT in 0.10s
    cube 3544 (depth 0, 12 lits): UNSAT in 0.07s
    cube 3560 (depth 0, 12 lits): UNSAT in 0.53s
    cube 3576 (depth 0, 12 lits): UNSAT in 0.19s
    cube 3592 (depth 0, 12 lits): UNSAT in 0.25s
    cube 3608 (depth 0, 12 lits): UNSAT in 0.75s
    cube 3624 (depth 0, 12 lits): UNSAT in 2.82s
    cube 3640 (depth 0, 12 lits): UNSAT in 0.03s
    cube 3656 (depth 0, 12 lits): UNSAT in 0.49s
    cube 3672 (depth 0, 12 lits): UNSAT in 0.27s
    cube 3688 (depth 0, 12 lits): UNSAT in 6.10s
    cube 3704 (depth 0, 12 lits): UNSAT in 0.15s
    cube 3720 (depth 0, 12 lits): UNSAT in 3.98s
    cube 3736 (depth 0, 12 lits): UNSAT in 7.46s
    cube 3752 (depth 0, 12 lits): TIMEOUT in 60.00s
    cube 3752 TIMEOUT -> re-split into 64 sub-cubes (depth 1)
    cube 3752.0 (depth 1, 18 lits): UNSAT in 0.01s
    cube 3752.1 (depth 1, 18 lits): UNSAT in 0.02s
    cube 3752.2 (depth 1, 18 lits): UNSAT in 0.01s
    cube 3752.3 (depth 1, 18 lits): UNSAT in 0.01s
    cube 3752.4 (depth 1, 18 lits): UNSAT in 0.02s
    cube 3752.5 (depth 1, 18 lits): UNSAT in 0.03s
    cube 3752.6 (depth 1, 18 lits): UNSAT in 0.01s
    cube 3752.7 (depth 1, 18 lits): UNSAT in 0.05s
    cube 3752.8 (depth 1, 18 lits): UNSAT in 0.01s
    cube 3752.9 (depth 1, 18 lits): UNSAT in 0.02s
    cube 3752.10 (depth 1, 18 lits): UNSAT in 0.02s
    cube 3752.11 (depth 1, 18 lits): UNSAT in 0.09s
    cube 3752.12 (depth 1, 18 lits): UNSAT in 0.05s
    cube 3752.13 (depth 1, 18 lits): UNSAT in 0.31s
    cube 3752.14 (depth 1, 18 lits): UNSAT in 0.15s
    cube 3752.15 (depth 1, 18 lits): UNSAT in 0.31s
    cube 3752.16 (depth 1, 18 lits): UNSAT in 0.01s
    cube 3752.17 (depth 1, 18 lits): UNSAT in 0.04s
    cube 3752.18 (depth 1, 18 lits): UNSAT in 0.05s
    cube 3752.19 (depth 1, 18 lits): UNSAT in 0.09s
    cube 3752.20 (depth 1, 18 lits): UNSAT in 0.12s
    cube 3752.21 (depth 1, 18 lits): UNSAT in 0.30s
    cube 3752.22 (depth 1, 18 lits): UNSAT in 0.20s
    cube 3752.23 (depth 1, 18 lits): UNSAT in 0.97s
    cube 3752.24 (depth 1, 18 lits): UNSAT in 0.07s
    cube 3752.25 (depth 1, 18 lits): UNSAT in 0.15s
    cube 3752.26 (depth 1, 18 lits): UNSAT in 0.16s
    cube 3752.27 (depth 1, 18 lits): UNSAT in 1.08s
    cube 3752.28 (depth 1, 18 lits): UNSAT in 0.16s
    cube 3752.29 (depth 1, 18 lits): UNSAT in 1.05s
    cube 3752.30 (depth 1, 18 lits): UNSAT in 0.17s
    cube 3752.31 (depth 1, 18 lits): UNSAT in 0.74s
    cube 3752.32 (depth 1, 18 lits): UNSAT in 0.01s
    cube 3752.33 (depth 1, 18 lits): UNSAT in 0.01s
    cube 3752.34 (depth 1, 18 lits): UNSAT in 0.02s
    cube 3752.35 (depth 1, 18 lits): UNSAT in 0.05s
    cube 3752.36 (depth 1, 18 lits): UNSAT in 0.02s
    cube 3752.37 (depth 1, 18 lits): UNSAT in 0.03s
    cube 3752.38 (depth 1, 18 lits): UNSAT in 0.05s
    cube 3752.39 (depth 1, 18 lits): UNSAT in 0.05s
    cube 3752.40 (depth 1, 18 lits): UNSAT in 0.02s
    cube 3752.41 (depth 1, 18 lits): UNSAT in 0.05s
    cube 3752.42 (depth 1, 18 lits): UNSAT in 0.07s
    cube 3752.43 (depth 1, 18 lits): UNSAT in 0.15s
    cube 3752.44 (depth 1, 18 lits): UNSAT in 0.10s
    cube 3752.45 (depth 1, 18 lits): UNSAT in 0.35s
    cube 3752.46 (depth 1, 18 lits): UNSAT in 0.89s
    cube 3752.47 (depth 1, 18 lits): UNSAT in 2.46s
    cube 3752.48 (depth 1, 18 lits): UNSAT in 0.02s
    cube 3752.49 (depth 1, 18 lits): UNSAT in 0.03s
    cube 3752.50 (depth 1, 18 lits): UNSAT in 0.07s
    cube 3752.51 (depth 1, 18 lits): UNSAT in 0.11s
    cube 3752.52 (depth 1, 18 lits): UNSAT in 0.03s
    cube 3752.53 (depth 1, 18 lits): UNSAT in 0.16s
    cube 3752.54 (depth 1, 18 lits): UNSAT in 0.40s
    cube 3752.55 (depth 1, 18 lits): UNSAT in 0.50s
    cube 3752.56 (depth 1, 18 lits): UNSAT in 0.18s
    cube 3752.57 (depth 1, 18 lits): UNSAT in 0.36s
    cube 3752.58 (depth 1, 18 lits): UNSAT in 0.39s
    cube 3752.59 (depth 1, 18 lits): UNSAT in 1.37s
    cube 3752.60 (depth 1, 18 lits): UNSAT in 0.92s
    cube 3752.61 (depth 1, 18 lits): UNSAT in 2.35s
    cube 3752.62 (depth 1, 18 lits): UNSAT in 2.40s
    cube 3752.63 (depth 1, 18 lits): UNSAT in 7.94s
    cube 3768 (depth 0, 12 lits): UNSAT in 0.21s
    cube 3784 (depth 0, 12 lits): UNSAT in 0.22s
    cube 3800 (depth 0, 12 lits): UNSAT in 0.36s
    cube 3816 (depth 0, 12 lits): UNSAT in 1.14s
    cube 3832 (depth 0, 12 lits): UNSAT in 0.33s
    cube 3848 (depth 0, 12 lits): UNSAT in 2.30s
    cube 3864 (depth 0, 12 lits): UNSAT in 4.34s
    cube 3880 (depth 0, 12 lits): UNSAT in 58.07s
    cube 3896 (depth 0, 12 lits): UNSAT in 0.34s
    cube 3912 (depth 0, 12 lits): UNSAT in 2.32s
    cube 3928 (depth 0, 12 lits): UNSAT in 2.96s
    cube 3944 (depth 0, 12 lits): UNSAT in 7.37s
    cube 3960 (depth 0, 12 lits): UNSAT in 2.93s
    cube 3976 (depth 0, 12 lits): UNSAT in 8.61s
    cube 3992 (depth 0, 12 lits): UNSAT in 16.41s
    cube 4008 (depth 0, 12 lits): TIMEOUT in 60.00s
    cube 4008 TIMEOUT -> re-split into 64 sub-cubes (depth 1)
    cube 4008.0 (depth 1, 18 lits): UNSAT in 0.02s
    cube 4008.1 (depth 1, 18 lits): UNSAT in 0.02s
    cube 4008.2 (depth 1, 18 lits): UNSAT in 0.03s
    cube 4008.3 (depth 1, 18 lits): UNSAT in 0.09s
    cube 4008.4 (depth 1, 18 lits): UNSAT in 0.03s
    cube 4008.5 (depth 1, 18 lits): UNSAT in 0.26s
    cube 4008.6 (depth 1, 18 lits): UNSAT in 0.11s
    cube 4008.7 (depth 1, 18 lits): UNSAT in 0.61s
    cube 4008.8 (depth 1, 18 lits): UNSAT in 0.13s
    cube 4008.9 (depth 1, 18 lits): UNSAT in 0.13s
    cube 4008.10 (depth 1, 18 lits): UNSAT in 0.22s
    cube 4008.11 (depth 1, 18 lits): UNSAT in 0.98s
    cube 4008.12 (depth 1, 18 lits): UNSAT in 0.31s
    cube 4008.13 (depth 1, 18 lits): UNSAT in 0.58s
    cube 4008.14 (depth 1, 18 lits): UNSAT in 0.24s
    cube 4008.15 (depth 1, 18 lits): UNSAT in 2.19s
    cube 4008.16 (depth 1, 18 lits): UNSAT in 0.06s
    cube 4008.17 (depth 1, 18 lits): UNSAT in 0.04s
    cube 4008.18 (depth 1, 18 lits): UNSAT in 0.04s
    cube 4008.19 (depth 1, 18 lits): UNSAT in 0.07s
    cube 4008.20 (depth 1, 18 lits): UNSAT in 0.10s
    cube 4008.21 (depth 1, 18 lits): UNSAT in 0.38s
    cube 4008.22 (depth 1, 18 lits): UNSAT in 0.27s
    cube 4008.23 (depth 1, 18 lits): UNSAT in 1.00s
    cube 4008.24 (depth 1, 18 lits): UNSAT in 0.15s
    cube 4008.25 (depth 1, 18 lits): UNSAT in 0.26s
    cube 4008.26 (depth 1, 18 lits): UNSAT in 0.34s
    cube 4008.27 (depth 1, 18 lits): UNSAT in 1.18s
    cube 4008.28 (depth 1, 18 lits): UNSAT in 0.76s
    cube 4008.29 (depth 1, 18 lits): UNSAT in 1.56s
    cube 4008.30 (depth 1, 18 lits): UNSAT in 0.68s
    cube 4008.31 (depth 1, 18 lits): UNSAT in 3.13s
    cube 4008.32 (depth 1, 18 lits): UNSAT in 0.03s
    cube 4008.33 (depth 1, 18 lits): UNSAT in 0.09s
    cube 4008.34 (depth 1, 18 lits): UNSAT in 0.17s
    cube 4008.35 (depth 1, 18 lits): UNSAT in 0.32s
    cube 4008.36 (depth 1, 18 lits): UNSAT in 0.06s
    cube 4008.37 (depth 1, 18 lits): UNSAT in 0.35s
    cube 4008.38 (depth 1, 18 lits): UNSAT in 0.15s
    cube 4008.39 (depth 1, 18 lits): UNSAT in 1.50s
    cube 4008.40 (depth 1, 18 lits): UNSAT in 0.29s
    cube 4008.41 (depth 1, 18 lits): UNSAT in 0.57s
    cube 4008.42 (depth 1, 18 lits): UNSAT in 0.71s
    cube 4008.43 (depth 1, 18 lits): UNSAT in 1.48s
    cube 4008.44 (depth 1, 18 lits): UNSAT in 0.37s
    cube 4008.45 (depth 1, 18 lits): UNSAT in 3.43s
    cube 4008.46 (depth 1, 18 lits): UNSAT in 2.10s
    cube 4008.47 (depth 1, 18 lits): UNSAT in 15.37s
    cube 4008.48 (depth 1, 18 lits): UNSAT in 0.33s
    cube 4008.49 (depth 1, 18 lits): UNSAT in 1.88s
    cube 4008.50 (depth 1, 18 lits): UNSAT in 1.15s
    cube 4008.51 (depth 1, 18 lits): UNSAT in 5.15s
    cube 4008.52 (depth 1, 18 lits): UNSAT in 0.56s
    cube 4008.53 (depth 1, 18 lits): UNSAT in 4.84s
    cube 4008.54 (depth 1, 18 lits): UNSAT in 3.91s
    cube 4008.55 (depth 1, 18 lits): UNSAT in 19.39s
    cube 4008.56 (depth 1, 18 lits): UNSAT in 0.54s
    cube 4008.57 (depth 1, 18 lits): UNSAT in 2.57s
    cube 4008.58 (depth 1, 18 lits): UNSAT in 2.24s
    cube 4008.59 (depth 1, 18 lits): UNSAT in 7.27s
    cube 4008.60 (depth 1, 18 lits): UNSAT in 3.86s
    cube 4008.61 (depth 1, 18 lits): UNSAT in 16.63s
    cube 4008.62 (depth 1, 18 lits): UNSAT in 31.24s
    cube 4008.63 (depth 1, 18 lits): UNSAT in 32.32s

  shard 8 verdict: UNSAT (251 UNSAT, 0 unresolved) in 1905.0s
