  shard 2/6 (round-robin): 639 of 3831 cubes, per-cube cap 600.0s, re-split depth 3
    batch [1202..2396] TIMEOUT in 900.0s -> per-cube fallback
    cube 1202 (depth 0, 24 lits): UNSAT in 0.01s
    cube 1208 (depth 0, 24 lits): UNSAT in 0.08s
    cube 1214 (depth 0, 24 lits): UNSAT in 0.25s
    cube 1220 (depth 0, 24 lits): UNSAT in 0.01s
    cube 1226 (depth 0, 24 lits): UNSAT in 0.01s
    cube 1232 (depth 0, 24 lits): UNSAT in 0.04s
    cube 1238 (depth 0, 24 lits): UNSAT in 0.09s
    cube 1244 (depth 0, 24 lits): UNSAT in 0.25s
    cube 1250 (depth 0, 24 lits): UNSAT in 0.05s
    cube 1256 (depth 0, 24 lits): UNSAT in 0.71s
    cube 1262 (depth 0, 24 lits): UNSAT in 0.74s
    cube 1268 (depth 0, 24 lits): UNSAT in 0.20s
    cube 1274 (depth 0, 24 lits): UNSAT in 0.16s
    cube 1280 (depth 0, 24 lits): UNSAT in 8.38s
    cube 1286 (depth 0, 24 lits): UNSAT in 0.03s
    cube 1292 (depth 0, 24 lits): UNSAT in 0.73s
    cube 1298 (depth 0, 24 lits): UNSAT in 0.03s
    cube 1304 (depth 0, 24 lits): UNSAT in 1.90s
    cube 1310 (depth 0, 24 lits): UNSAT in 1.93s
    cube 1316 (depth 0, 24 lits): UNSAT in 0.21s
    cube 1322 (depth 0, 24 lits): UNSAT in 0.96s
    cube 1328 (depth 0, 24 lits): UNSAT in 23.09s
    cube 1334 (depth 0, 24 lits): UNSAT in 5.32s
    cube 1340 (depth 0, 24 lits): UNSAT in 206.21s
    cube 1346 (depth 0, 23 lits): UNSAT in 0.01s
    cube 1352 (depth 0, 24 lits): UNSAT in 0.01s
    cube 1358 (depth 0, 24 lits): UNSAT in 0.01s
    cube 1364 (depth 0, 24 lits): UNSAT in 0.02s
    cube 1370 (depth 0, 24 lits): UNSAT in 0.01s
    cube 1376 (depth 0, 24 lits): UNSAT in 0.03s
    cube 1382 (depth 0, 24 lits): UNSAT in 0.01s
    cube 1388 (depth 0, 24 lits): UNSAT in 0.09s
    cube 1394 (depth 0, 23 lits): UNSAT in 0.01s
    cube 1400 (depth 0, 24 lits): UNSAT in 0.01s
    cube 1406 (depth 0, 24 lits): UNSAT in 0.16s
    cube 1412 (depth 0, 24 lits): UNSAT in 0.01s
    cube 1418 (depth 0, 24 lits): UNSAT in 0.01s
    cube 1424 (depth 0, 24 lits): UNSAT in 0.01s
    cube 1430 (depth 0, 24 lits): UNSAT in 0.01s
    cube 1436 (depth 0, 24 lits): UNSAT in 0.22s
    cube 1442 (depth 0, 24 lits): UNSAT in 0.06s
    cube 1448 (depth 0, 24 lits): UNSAT in 0.13s
    cube 1454 (depth 0, 22 lits): UNSAT in 0.01s
    cube 1460 (depth 0, 24 lits): UNSAT in 0.02s
    cube 1466 (depth 0, 24 lits): UNSAT in 0.02s
    cube 1472 (depth 0, 24 lits): UNSAT in 0.15s
    cube 1478 (depth 0, 24 lits): UNSAT in 0.01s
    cube 1484 (depth 0, 24 lits): UNSAT in 0.04s
    cube 1490 (depth 0, 24 lits): UNSAT in 0.22s
    cube 1496 (depth 0, 24 lits): UNSAT in 0.19s
    cube 1502 (depth 0, 24 lits): UNSAT in 0.28s
    cube 1508 (depth 0, 24 lits): UNSAT in 0.03s
    cube 1514 (depth 0, 24 lits): UNSAT in 0.68s
    cube 1520 (depth 0, 24 lits): UNSAT in 0.20s
    cube 1526 (depth 0, 24 lits): UNSAT in 0.30s
    cube 1532 (depth 0, 24 lits): UNSAT in 0.20s
    cube 1538 (depth 0, 24 lits): UNSAT in 12.95s
    cube 1544 (depth 0, 24 lits): UNSAT in 0.16s
    cube 1550 (depth 0, 24 lits): UNSAT in 2.73s
    cube 1556 (depth 0, 24 lits): UNSAT in 1.11s
    cube 1562 (depth 0, 24 lits): UNSAT in 19.05s
    cube 1568 (depth 0, 24 lits): UNSAT in 108.52s
    cube 1574 (depth 0, 24 lits): UNSAT in 0.01s
    cube 1580 (depth 0, 24 lits): UNSAT in 0.02s
    cube 1586 (depth 0, 24 lits): UNSAT in 0.03s
    cube 1592 (depth 0, 24 lits): UNSAT in 0.02s
    cube 1598 (depth 0, 24 lits): UNSAT in 0.14s
    cube 1604 (depth 0, 24 lits): UNSAT in 0.01s
    cube 1610 (depth 0, 24 lits): UNSAT in 0.42s
    cube 1616 (depth 0, 24 lits): UNSAT in 0.65s
    cube 1622 (depth 0, 24 lits): UNSAT in 0.61s
    cube 1628 (depth 0, 24 lits): UNSAT in 0.64s
    cube 1634 (depth 0, 24 lits): UNSAT in 4.03s
    cube 1640 (depth 0, 24 lits): UNSAT in 0.01s
    cube 1646 (depth 0, 24 lits): UNSAT in 0.07s
    cube 1652 (depth 0, 24 lits): UNSAT in 0.05s
    cube 1658 (depth 0, 24 lits): UNSAT in 2.09s
    cube 1664 (depth 0, 24 lits): UNSAT in 0.75s
    cube 1670 (depth 0, 24 lits): UNSAT in 0.07s
    cube 1676 (depth 0, 24 lits): UNSAT in 0.97s
    cube 1682 (depth 0, 24 lits): UNSAT in 11.52s
    cube 1688 (depth 0, 24 lits): UNSAT in 1.69s
    cube 1694 (depth 0, 24 lits): UNSAT in 28.41s
    cube 1700 (depth 0, 24 lits): UNSAT in 0.01s
    cube 1706 (depth 0, 24 lits): UNSAT in 0.34s
    cube 1712 (depth 0, 24 lits): UNSAT in 0.23s
    cube 1718 (depth 0, 24 lits): UNSAT in 0.23s
    cube 1724 (depth 0, 24 lits): UNSAT in 0.61s
    cube 1730 (depth 0, 24 lits): UNSAT in 4.74s
    cube 1736 (depth 0, 24 lits): UNSAT in 0.38s
    cube 1742 (depth 0, 24 lits): UNSAT in 2.26s
    cube 1748 (depth 0, 24 lits): UNSAT in 0.49s
    cube 1754 (depth 0, 24 lits): UNSAT in 42.12s
    cube 1760 (depth 0, 24 lits): UNSAT in 3.96s
    cube 1766 (depth 0, 24 lits): UNSAT in 0.56s
    cube 1772 (depth 0, 24 lits): UNSAT in 0.10s
    cube 1778 (depth 0, 24 lits): UNSAT in 37.87s
    cube 1784 (depth 0, 24 lits): UNSAT in 0.98s
    cube 1790 (depth 0, 24 lits): UNSAT in 28.34s
    cube 1796 (depth 0, 24 lits): UNSAT in 1.92s
    cube 1802 (depth 0, 24 lits): UNSAT in 27.50s
    cube 1808 (depth 0, 24 lits): UNSAT in 15.55s
    cube 1814 (depth 0, 24 lits): UNSAT in 11.14s
    cube 1820 (depth 0, 24 lits): UNSAT in 81.70s
    cube 1826 (depth 0, 24 lits): UNSAT in 308.55s
    cube 1832 (depth 0, 23 lits): UNSAT in 0.01s
    cube 1838 (depth 0, 24 lits): UNSAT in 0.01s
    cube 1844 (depth 0, 24 lits): UNSAT in 0.03s
    cube 1850 (depth 0, 24 lits): UNSAT in 0.01s
    cube 1856 (depth 0, 24 lits): UNSAT in 0.01s
    cube 1862 (depth 0, 24 lits): UNSAT in 0.08s
    cube 1868 (depth 0, 24 lits): UNSAT in 0.01s
    cube 1874 (depth 0, 24 lits): UNSAT in 0.02s
    cube 1880 (depth 0, 23 lits): UNSAT in 0.01s
    cube 1886 (depth 0, 24 lits): UNSAT in 0.06s
    cube 1892 (depth 0, 24 lits): UNSAT in 0.06s
    cube 1898 (depth 0, 24 lits): UNSAT in 0.05s
    cube 1904 (depth 0, 24 lits): UNSAT in 0.05s
    cube 1910 (depth 0, 24 lits): UNSAT in 2.06s
    cube 1916 (depth 0, 24 lits): UNSAT in 0.04s
    cube 1922 (depth 0, 24 lits): UNSAT in 0.10s
    cube 1928 (depth 0, 24 lits): UNSAT in 0.01s
    cube 1934 (depth 0, 24 lits): UNSAT in 0.23s
    cube 1940 (depth 0, 24 lits): UNSAT in 0.47s
    cube 1946 (depth 0, 24 lits): UNSAT in 0.02s
    cube 1952 (depth 0, 24 lits): UNSAT in 0.02s
    cube 1958 (depth 0, 24 lits): UNSAT in 0.02s
    cube 1964 (depth 0, 24 lits): UNSAT in 0.17s
    cube 1970 (depth 0, 24 lits): UNSAT in 0.06s
    cube 1976 (depth 0, 24 lits): UNSAT in 0.01s
    cube 1982 (depth 0, 24 lits): UNSAT in 0.01s
    cube 1988 (depth 0, 24 lits): UNSAT in 0.04s
    cube 1994 (depth 0, 24 lits): UNSAT in 0.07s
    cube 2000 (depth 0, 24 lits): UNSAT in 0.08s
    cube 2006 (depth 0, 24 lits): UNSAT in 0.01s
    cube 2012 (depth 0, 24 lits): UNSAT in 0.05s
    cube 2018 (depth 0, 24 lits): UNSAT in 0.14s
    cube 2024 (depth 0, 24 lits): UNSAT in 0.07s
    cube 2030 (depth 0, 24 lits): UNSAT in 0.05s
    cube 2036 (depth 0, 24 lits): UNSAT in 5.57s
    cube 2042 (depth 0, 24 lits): UNSAT in 0.13s
    cube 2048 (depth 0, 24 lits): UNSAT in 0.30s
    cube 2054 (depth 0, 24 lits): UNSAT in 0.41s
    cube 2060 (depth 0, 24 lits): UNSAT in 4.29s
    cube 2066 (depth 0, 24 lits): UNSAT in 8.07s
    cube 2072 (depth 0, 23 lits): UNSAT in 0.01s
    cube 2078 (depth 0, 24 lits): UNSAT in 0.01s
    cube 2084 (depth 0, 24 lits): UNSAT in 0.01s
    cube 2090 (depth 0, 24 lits): UNSAT in 0.01s
    cube 2096 (depth 0, 24 lits): UNSAT in 0.10s
    cube 2102 (depth 0, 24 lits): UNSAT in 0.02s
    cube 2108 (depth 0, 24 lits): UNSAT in 0.02s
    cube 2114 (depth 0, 24 lits): UNSAT in 0.02s
    cube 2120 (depth 0, 24 lits): UNSAT in 0.01s
    cube 2126 (depth 0, 24 lits): UNSAT in 0.76s
    cube 2132 (depth 0, 24 lits): UNSAT in 0.02s
    cube 2138 (depth 0, 24 lits): UNSAT in 0.04s
    cube 2144 (depth 0, 24 lits): UNSAT in 0.03s
    cube 2150 (depth 0, 24 lits): UNSAT in 1.52s
    cube 2156 (depth 0, 24 lits): UNSAT in 0.43s
    cube 2162 (depth 0, 24 lits): UNSAT in 0.09s
    cube 2168 (depth 0, 24 lits): UNSAT in 0.05s
    cube 2174 (depth 0, 24 lits): UNSAT in 7.90s
    cube 2180 (depth 0, 24 lits): UNSAT in 0.76s
    cube 2186 (depth 0, 24 lits): UNSAT in 14.76s
    cube 2192 (depth 0, 24 lits): UNSAT in 0.01s
    cube 2198 (depth 0, 24 lits): UNSAT in 0.01s
    cube 2204 (depth 0, 24 lits): UNSAT in 0.12s
    cube 2210 (depth 0, 24 lits): UNSAT in 0.04s
    cube 2216 (depth 0, 24 lits): UNSAT in 0.04s
    cube 2222 (depth 0, 24 lits): UNSAT in 0.02s
    cube 2228 (depth 0, 24 lits): UNSAT in 0.17s
    cube 2234 (depth 0, 24 lits): UNSAT in 0.14s
    cube 2240 (depth 0, 24 lits): UNSAT in 0.02s
    cube 2246 (depth 0, 24 lits): UNSAT in 0.31s
    cube 2252 (depth 0, 24 lits): UNSAT in 7.31s
    cube 2258 (depth 0, 24 lits): UNSAT in 0.14s
    cube 2264 (depth 0, 24 lits): UNSAT in 0.08s
    cube 2270 (depth 0, 24 lits): UNSAT in 0.02s
    cube 2276 (depth 0, 24 lits): UNSAT in 0.94s
    cube 2282 (depth 0, 24 lits): UNSAT in 6.69s
    cube 2288 (depth 0, 24 lits): UNSAT in 0.05s
    cube 2294 (depth 0, 24 lits): UNSAT in 0.15s
    cube 2300 (depth 0, 24 lits): UNSAT in 1.28s
    cube 2306 (depth 0, 24 lits): UNSAT in 2.27s
    cube 2312 (depth 0, 24 lits): UNSAT in 7.80s
    cube 2318 (depth 0, 24 lits): UNSAT in 0.01s
    cube 2324 (depth 0, 24 lits): UNSAT in 0.02s
    cube 2330 (depth 0, 24 lits): UNSAT in 0.02s
    cube 2336 (depth 0, 24 lits): UNSAT in 0.01s
    cube 2342 (depth 0, 24 lits): UNSAT in 0.02s
    cube 2348 (depth 0, 24 lits): UNSAT in 0.11s
    cube 2354 (depth 0, 24 lits): UNSAT in 0.02s
    cube 2360 (depth 0, 24 lits): UNSAT in 0.05s
    cube 2366 (depth 0, 24 lits): UNSAT in 0.01s
    cube 2372 (depth 0, 24 lits): UNSAT in 0.28s
    cube 2378 (depth 0, 24 lits): UNSAT in 0.17s
    cube 2384 (depth 0, 24 lits): UNSAT in 0.01s
    cube 2390 (depth 0, 24 lits): UNSAT in 0.01s
    cube 2396 (depth 0, 24 lits): UNSAT in 0.01s
    batch [2402..3596] TIMEOUT in 900.0s -> per-cube fallback
    cube 2402 (depth 0, 24 lits): UNSAT in 0.04s
    cube 2408 (depth 0, 24 lits): UNSAT in 0.13s
    cube 2414 (depth 0, 24 lits): UNSAT in 0.04s
    cube 2420 (depth 0, 24 lits): UNSAT in 0.16s
    cube 2426 (depth 0, 24 lits): UNSAT in 0.06s
    cube 2432 (depth 0, 24 lits): UNSAT in 0.53s
    cube 2438 (depth 0, 24 lits): UNSAT in 3.15s
    cube 2444 (depth 0, 24 lits): UNSAT in 0.02s
    cube 2450 (depth 0, 24 lits): UNSAT in 0.03s
    cube 2456 (depth 0, 24 lits): UNSAT in 0.04s
    cube 2462 (depth 0, 24 lits): UNSAT in 0.07s
    cube 2468 (depth 0, 24 lits): UNSAT in 0.14s
    cube 2474 (depth 0, 24 lits): UNSAT in 0.03s
    cube 2480 (depth 0, 24 lits): UNSAT in 0.03s
    cube 2486 (depth 0, 24 lits): UNSAT in 0.34s
    cube 2492 (depth 0, 24 lits): UNSAT in 0.07s
    cube 2498 (depth 0, 24 lits): UNSAT in 0.66s
    cube 2504 (depth 0, 24 lits): UNSAT in 0.01s
    cube 2510 (depth 0, 24 lits): UNSAT in 0.01s
    cube 2516 (depth 0, 24 lits): UNSAT in 0.06s
    cube 2522 (depth 0, 24 lits): UNSAT in 0.02s
    cube 2528 (depth 0, 24 lits): UNSAT in 0.03s
    cube 2534 (depth 0, 24 lits): UNSAT in 0.10s
    cube 2540 (depth 0, 24 lits): UNSAT in 1.37s
    cube 2546 (depth 0, 24 lits): UNSAT in 0.12s
    cube 2552 (depth 0, 24 lits): UNSAT in 0.26s
    cube 2558 (depth 0, 24 lits): UNSAT in 0.35s
    cube 2564 (depth 0, 24 lits): UNSAT in 0.99s
    cube 2570 (depth 0, 24 lits): UNSAT in 0.01s
    cube 2576 (depth 0, 24 lits): UNSAT in 0.01s
    cube 2582 (depth 0, 24 lits): UNSAT in 0.01s
    cube 2588 (depth 0, 24 lits): UNSAT in 0.04s
    cube 2594 (depth 0, 24 lits): UNSAT in 0.08s
    cube 2600 (depth 0, 24 lits): UNSAT in 0.01s
    cube 2606 (depth 0, 24 lits): UNSAT in 0.01s
    cube 2612 (depth 0, 24 lits): UNSAT in 0.52s
    cube 2618 (depth 0, 24 lits): UNSAT in 0.02s
    cube 2624 (depth 0, 24 lits): UNSAT in 0.20s
    cube 2630 (depth 0, 24 lits): UNSAT in 0.01s
    cube 2636 (depth 0, 24 lits): UNSAT in 0.06s
    cube 2642 (depth 0, 24 lits): UNSAT in 0.12s
    cube 2648 (depth 0, 24 lits): UNSAT in 0.04s
    cube 2654 (depth 0, 24 lits): UNSAT in 0.09s
    cube 2660 (depth 0, 24 lits): UNSAT in 2.60s
    cube 2666 (depth 0, 24 lits): UNSAT in 0.05s
    cube 2672 (depth 0, 24 lits): UNSAT in 0.23s
    cube 2678 (depth 0, 24 lits): UNSAT in 0.12s
    cube 2684 (depth 0, 24 lits): UNSAT in 2.54s
    cube 2690 (depth 0, 24 lits): UNSAT in 2.27s
    cube 2696 (depth 0, 24 lits): UNSAT in 0.01s
    cube 2702 (depth 0, 24 lits): UNSAT in 0.02s
    cube 2708 (depth 0, 24 lits): UNSAT in 0.41s
    cube 2714 (depth 0, 24 lits): UNSAT in 0.16s
    cube 2720 (depth 0, 24 lits): UNSAT in 0.17s
    cube 2726 (depth 0, 24 lits): UNSAT in 0.02s
    cube 2732 (depth 0, 24 lits): UNSAT in 0.55s
    cube 2738 (depth 0, 24 lits): UNSAT in 0.30s
    cube 2744 (depth 0, 24 lits): UNSAT in 0.16s
    cube 2750 (depth 0, 24 lits): UNSAT in 0.53s
    cube 2756 (depth 0, 24 lits): UNSAT in 3.43s
    cube 2762 (depth 0, 24 lits): UNSAT in 0.05s
    cube 2768 (depth 0, 24 lits): UNSAT in 1.34s
    cube 2774 (depth 0, 24 lits): UNSAT in 0.05s
    cube 2780 (depth 0, 24 lits): UNSAT in 0.58s
    cube 2786 (depth 0, 24 lits): UNSAT in 1.71s
    cube 2792 (depth 0, 24 lits): UNSAT in 0.48s
    cube 2798 (depth 0, 24 lits): UNSAT in 0.41s
    cube 2804 (depth 0, 24 lits): UNSAT in 11.48s
    cube 2810 (depth 0, 24 lits): UNSAT in 6.52s
    cube 2816 (depth 0, 24 lits): UNSAT in 58.16s
    cube 2822 (depth 0, 22 lits): UNSAT in 0.01s
    cube 2828 (depth 0, 24 lits): UNSAT in 0.01s
    cube 2834 (depth 0, 24 lits): UNSAT in 0.01s
    cube 2840 (depth 0, 24 lits): UNSAT in 0.02s
    cube 2846 (depth 0, 24 lits): UNSAT in 0.01s
    cube 2852 (depth 0, 24 lits): UNSAT in 0.01s
    cube 2858 (depth 0, 24 lits): UNSAT in 0.35s
    cube 2864 (depth 0, 24 lits): UNSAT in 0.05s
    cube 2870 (depth 0, 24 lits): UNSAT in 0.50s
    cube 2876 (depth 0, 24 lits): UNSAT in 0.01s
    cube 2882 (depth 0, 24 lits): UNSAT in 0.01s
    cube 2888 (depth 0, 24 lits): UNSAT in 0.04s
    cube 2894 (depth 0, 24 lits): UNSAT in 0.02s
    cube 2900 (depth 0, 24 lits): UNSAT in 0.14s
    cube 2906 (depth 0, 24 lits): UNSAT in 0.01s
    cube 2912 (depth 0, 24 lits): UNSAT in 0.10s
    cube 2918 (depth 0, 24 lits): UNSAT in 0.05s
    cube 2924 (depth 0, 24 lits): UNSAT in 0.10s
    cube 2930 (depth 0, 24 lits): UNSAT in 0.04s
    cube 2936 (depth 0, 24 lits): UNSAT in 3.97s
    cube 2942 (depth 0, 24 lits): UNSAT in 0.02s
    cube 2948 (depth 0, 24 lits): UNSAT in 0.05s
    cube 2954 (depth 0, 23 lits): UNSAT in 0.01s
    cube 2960 (depth 0, 24 lits): UNSAT in 0.06s
    cube 2966 (depth 0, 24 lits): UNSAT in 1.34s
    cube 2972 (depth 0, 24 lits): UNSAT in 0.02s
    cube 2978 (depth 0, 24 lits): UNSAT in 0.05s
    cube 2984 (depth 0, 24 lits): UNSAT in 0.01s
    cube 2990 (depth 0, 24 lits): UNSAT in 1.47s
    cube 2996 (depth 0, 24 lits): UNSAT in 2.16s
    cube 3002 (depth 0, 24 lits): UNSAT in 0.06s
    cube 3008 (depth 0, 24 lits): UNSAT in 0.21s
    cube 3014 (depth 0, 24 lits): UNSAT in 4.18s
    cube 3020 (depth 0, 24 lits): UNSAT in 0.27s
    cube 3026 (depth 0, 24 lits): UNSAT in 4.29s
    cube 3032 (depth 0, 24 lits): UNSAT in 0.19s
    cube 3038 (depth 0, 24 lits): UNSAT in 2.40s
    cube 3044 (depth 0, 24 lits): UNSAT in 2.40s
    cube 3050 (depth 0, 24 lits): UNSAT in 17.81s
    cube 3056 (depth 0, 24 lits): UNSAT in 14.59s
    cube 3062 (depth 0, 24 lits): TIMEOUT in 600.10s
    cube 3062 TIMEOUT -> re-split into 64 sub-cubes (depth 1)
    cube 3062.0 (depth 1, 30 lits): UNSAT in 0.01s
    cube 3062.1 (depth 1, 30 lits): UNSAT in 0.01s
    cube 3062.2 (depth 1, 30 lits): UNSAT in 0.01s
    cube 3062.3 (depth 1, 30 lits): UNSAT in 0.02s
    cube 3062.4 (depth 1, 30 lits): UNSAT in 0.02s
    cube 3062.5 (depth 1, 30 lits): UNSAT in 0.02s
    cube 3062.6 (depth 1, 30 lits): UNSAT in 0.02s
    cube 3062.7 (depth 1, 30 lits): UNSAT in 0.06s
    cube 3062.8 (depth 1, 30 lits): UNSAT in 0.01s
    cube 3062.9 (depth 1, 30 lits): UNSAT in 0.01s
    cube 3062.10 (depth 1, 30 lits): UNSAT in 0.01s
    cube 3062.11 (depth 1, 30 lits): UNSAT in 0.02s
    cube 3062.12 (depth 1, 30 lits): UNSAT in 0.02s
    cube 3062.13 (depth 1, 30 lits): UNSAT in 0.03s
    cube 3062.14 (depth 1, 30 lits): UNSAT in 0.08s
    cube 3062.15 (depth 1, 30 lits): UNSAT in 0.30s
    cube 3062.16 (depth 1, 30 lits): UNSAT in 0.01s
    cube 3062.17 (depth 1, 30 lits): UNSAT in 0.02s
    cube 3062.18 (depth 1, 30 lits): UNSAT in 0.02s
    cube 3062.19 (depth 1, 30 lits): UNSAT in 0.07s
    cube 3062.20 (depth 1, 30 lits): UNSAT in 0.01s
    cube 3062.21 (depth 1, 30 lits): UNSAT in 0.07s
    cube 3062.22 (depth 1, 30 lits): UNSAT in 0.06s
    cube 3062.23 (depth 1, 30 lits): UNSAT in 0.16s
    cube 3062.24 (depth 1, 30 lits): UNSAT in 0.04s
    cube 3062.25 (depth 1, 30 lits): UNSAT in 0.11s
    cube 3062.26 (depth 1, 30 lits): UNSAT in 0.09s
    cube 3062.27 (depth 1, 30 lits): UNSAT in 0.29s
    cube 3062.28 (depth 1, 30 lits): UNSAT in 0.11s
    cube 3062.29 (depth 1, 30 lits): UNSAT in 0.80s
    cube 3062.30 (depth 1, 30 lits): UNSAT in 0.09s
    cube 3062.31 (depth 1, 30 lits): UNSAT in 1.09s
    cube 3062.32 (depth 1, 30 lits): UNSAT in 0.01s
    cube 3062.33 (depth 1, 30 lits): UNSAT in 0.03s
    cube 3062.34 (depth 1, 30 lits): UNSAT in 0.03s
    cube 3062.35 (depth 1, 30 lits): UNSAT in 0.14s
    cube 3062.36 (depth 1, 30 lits): UNSAT in 0.09s
    cube 3062.37 (depth 1, 30 lits): UNSAT in 0.17s
    cube 3062.38 (depth 1, 30 lits): UNSAT in 0.07s
    cube 3062.39 (depth 1, 30 lits): UNSAT in 0.40s
    cube 3062.40 (depth 1, 30 lits): UNSAT in 0.04s
    cube 3062.41 (depth 1, 30 lits): UNSAT in 0.11s
    cube 3062.42 (depth 1, 30 lits): UNSAT in 0.13s
    cube 3062.43 (depth 1, 30 lits): UNSAT in 1.64s
    cube 3062.44 (depth 1, 30 lits): UNSAT in 0.02s
    cube 3062.45 (depth 1, 30 lits): UNSAT in 0.17s
    cube 3062.46 (depth 1, 30 lits): UNSAT in 0.24s
    cube 3062.47 (depth 1, 30 lits): UNSAT in 6.79s
    cube 3062.48 (depth 1, 30 lits): UNSAT in 0.02s
    cube 3062.49 (depth 1, 30 lits): UNSAT in 0.06s
    cube 3062.50 (depth 1, 30 lits): UNSAT in 0.07s
    cube 3062.51 (depth 1, 30 lits): UNSAT in 0.12s
    cube 3062.52 (depth 1, 30 lits): UNSAT in 0.03s
    cube 3062.53 (depth 1, 30 lits): UNSAT in 0.51s
    cube 3062.54 (depth 1, 30 lits): UNSAT in 0.16s
    cube 3062.55 (depth 1, 30 lits): UNSAT in 5.30s
    cube 3062.56 (depth 1, 30 lits): UNSAT in 0.26s
    cube 3062.57 (depth 1, 30 lits): UNSAT in 2.46s
    cube 3062.58 (depth 1, 30 lits): UNSAT in 2.28s
    cube 3062.59 (depth 1, 30 lits): UNSAT in 14.60s
    cube 3062.60 (depth 1, 30 lits): UNSAT in 2.64s
    cube 3062.61 (depth 1, 30 lits): UNSAT in 16.26s
    cube 3062.62 (depth 1, 30 lits): UNSAT in 33.39s
    cube 3062.63 (depth 1, 30 lits): UNSAT in 65.60s
    cube 3068 (depth 0, 24 lits): UNSAT in 0.02s
    cube 3074 (depth 0, 24 lits): UNSAT in 0.02s
    cube 3080 (depth 0, 24 lits): UNSAT in 0.02s
    cube 3086 (depth 0, 24 lits): UNSAT in 0.24s
    cube 3092 (depth 0, 24 lits): UNSAT in 0.18s
    cube 3098 (depth 0, 24 lits): UNSAT in 0.04s
    cube 3104 (depth 0, 24 lits): UNSAT in 0.02s
    cube 3110 (depth 0, 24 lits): UNSAT in 0.47s
    cube 3116 (depth 0, 24 lits): UNSAT in 0.07s
    cube 3122 (depth 0, 24 lits): UNSAT in 2.22s
    cube 3128 (depth 0, 24 lits): UNSAT in 0.01s
    cube 3134 (depth 0, 24 lits): UNSAT in 0.55s
    cube 3140 (depth 0, 24 lits): UNSAT in 0.09s
    cube 3146 (depth 0, 24 lits): UNSAT in 0.05s
    cube 3152 (depth 0, 24 lits): UNSAT in 0.23s
    cube 3158 (depth 0, 24 lits): UNSAT in 19.50s
    cube 3164 (depth 0, 24 lits): UNSAT in 0.08s
    cube 3170 (depth 0, 24 lits): UNSAT in 1.52s
    cube 3176 (depth 0, 24 lits): UNSAT in 1.50s
    cube 3182 (depth 0, 24 lits): UNSAT in 12.84s
    cube 3188 (depth 0, 24 lits): UNSAT in 5.89s
    cube 3194 (depth 0, 24 lits): UNSAT in 0.04s
    cube 3200 (depth 0, 24 lits): UNSAT in 0.07s
    cube 3206 (depth 0, 24 lits): UNSAT in 0.74s
    cube 3212 (depth 0, 24 lits): UNSAT in 0.10s
    cube 3218 (depth 0, 24 lits): UNSAT in 0.52s
    cube 3224 (depth 0, 24 lits): UNSAT in 0.06s
    cube 3230 (depth 0, 24 lits): UNSAT in 5.42s
    cube 3236 (depth 0, 24 lits): UNSAT in 4.13s
    cube 3242 (depth 0, 24 lits): UNSAT in 1.35s
    cube 3248 (depth 0, 24 lits): UNSAT in 1.58s
    cube 3254 (depth 0, 24 lits): UNSAT in 124.22s
    cube 3260 (depth 0, 24 lits): UNSAT in 0.64s
    cube 3266 (depth 0, 24 lits): UNSAT in 4.31s
    cube 3272 (depth 0, 24 lits): UNSAT in 0.53s
    cube 3278 (depth 0, 24 lits): UNSAT in 104.77s
    cube 3284 (depth 0, 24 lits): UNSAT in 13.63s
    cube 3290 (depth 0, 24 lits): UNSAT in 4.18s
    cube 3296 (depth 0, 24 lits): UNSAT in 4.40s
    cube 3302 (depth 0, 24 lits): UNSAT in 375.84s
    cube 3308 (depth 0, 24 lits): UNSAT in 6.44s
    cube 3314 (depth 0, 24 lits): UNSAT in 11.04s
    cube 3320 (depth 0, 24 lits): UNSAT in 0.01s
    cube 3326 (depth 0, 24 lits): UNSAT in 0.05s
    cube 3332 (depth 0, 24 lits): UNSAT in 0.05s
    cube 3338 (depth 0, 24 lits): UNSAT in 0.04s
    cube 3344 (depth 0, 24 lits): UNSAT in 0.03s
    cube 3350 (depth 0, 24 lits): UNSAT in 3.57s
    cube 3356 (depth 0, 24 lits): UNSAT in 0.09s
    cube 3362 (depth 0, 24 lits): UNSAT in 0.08s
    cube 3368 (depth 0, 24 lits): UNSAT in 0.07s
    cube 3374 (depth 0, 24 lits): UNSAT in 1.83s
    cube 3380 (depth 0, 24 lits): UNSAT in 4.04s
    cube 3386 (depth 0, 24 lits): UNSAT in 0.02s
    cube 3392 (depth 0, 24 lits): UNSAT in 0.10s
    cube 3398 (depth 0, 24 lits): UNSAT in 2.55s
    cube 3404 (depth 0, 24 lits): UNSAT in 0.14s
    cube 3410 (depth 0, 24 lits): UNSAT in 2.32s
    cube 3416 (depth 0, 24 lits): UNSAT in 0.05s
    cube 3422 (depth 0, 24 lits): UNSAT in 1.20s
    cube 3428 (depth 0, 24 lits): UNSAT in 3.64s
    cube 3434 (depth 0, 24 lits): UNSAT in 0.39s
    cube 3440 (depth 0, 24 lits): UNSAT in 3.35s
    cube 3446 (depth 0, 24 lits): UNSAT in 282.39s
    cube 3452 (depth 0, 24 lits): UNSAT in 0.04s
    cube 3458 (depth 0, 24 lits): UNSAT in 0.44s
    cube 3464 (depth 0, 24 lits): UNSAT in 0.10s
    cube 3470 (depth 0, 24 lits): UNSAT in 1.36s
    cube 3476 (depth 0, 24 lits): UNSAT in 10.08s
    cube 3482 (depth 0, 24 lits): UNSAT in 0.49s
    cube 3488 (depth 0, 24 lits): UNSAT in 0.26s
    cube 3494 (depth 0, 24 lits): UNSAT in 26.85s
    cube 3500 (depth 0, 24 lits): UNSAT in 1.79s
    cube 3506 (depth 0, 24 lits): UNSAT in 16.99s
    cube 3512 (depth 0, 24 lits): UNSAT in 0.17s
    cube 3518 (depth 0, 24 lits): UNSAT in 29.95s
    cube 3524 (depth 0, 24 lits): UNSAT in 1.35s
    cube 3530 (depth 0, 24 lits): UNSAT in 2.26s
    cube 3536 (depth 0, 24 lits): UNSAT in 3.52s
    cube 3542 (depth 0, 24 lits): UNSAT in 62.39s
    cube 3548 (depth 0, 24 lits): UNSAT in 5.55s
    cube 3554 (depth 0, 24 lits): UNSAT in 10.82s
    cube 3560 (depth 0, 24 lits): UNSAT in 6.10s
    cube 3566 (depth 0, 24 lits): UNSAT in 574.01s
    cube 3572 (depth 0, 24 lits): UNSAT in 160.63s
    cube 3578 (depth 0, 24 lits): UNSAT in 0.09s
    cube 3584 (depth 0, 24 lits): UNSAT in 0.08s
    cube 3590 (depth 0, 24 lits): UNSAT in 2.01s
    cube 3596 (depth 0, 24 lits): UNSAT in 0.10s
    batch [3602..3830] TIMEOUT in 900.0s -> per-cube fallback
    cube 3602 (depth 0, 24 lits): UNSAT in 0.22s
    cube 3608 (depth 0, 24 lits): UNSAT in 0.11s
    cube 3614 (depth 0, 24 lits): UNSAT in 2.34s
    cube 3620 (depth 0, 24 lits): UNSAT in 1.48s
    cube 3626 (depth 0, 24 lits): UNSAT in 9.64s
    cube 3632 (depth 0, 24 lits): UNSAT in 1.52s
    cube 3638 (depth 0, 24 lits): UNSAT in 584.48s
    cube 3644 (depth 0, 24 lits): UNSAT in 0.03s
    cube 3650 (depth 0, 24 lits): UNSAT in 0.41s
    cube 3656 (depth 0, 24 lits): UNSAT in 0.18s
    cube 3662 (depth 0, 24 lits): UNSAT in 11.67s
    cube 3668 (depth 0, 24 lits): UNSAT in 7.38s
    cube 3674 (depth 0, 24 lits): UNSAT in 1.09s
    cube 3680 (depth 0, 24 lits): UNSAT in 2.50s
    cube 3686 (depth 0, 24 lits): UNSAT in 145.64s
    cube 3692 (depth 0, 24 lits): UNSAT in 9.48s
    cube 3698 (depth 0, 24 lits): UNSAT in 341.32s
    cube 3704 (depth 0, 24 lits): UNSAT in 0.09s
    cube 3710 (depth 0, 24 lits): UNSAT in 3.09s
    cube 3716 (depth 0, 24 lits): UNSAT in 3.70s
    cube 3722 (depth 0, 24 lits): UNSAT in 1.03s
    cube 3728 (depth 0, 24 lits): UNSAT in 0.25s
    cube 3734 (depth 0, 24 lits): UNSAT in 266.15s
    cube 3740 (depth 0, 24 lits): UNSAT in 7.41s
    cube 3746 (depth 0, 24 lits): UNSAT in 16.19s
    cube 3752 (depth 0, 24 lits): UNSAT in 3.32s
    cube 3758 (depth 0, 24 lits): UNSAT in 137.62s
    cube 3764 (depth 0, 24 lits): UNSAT in 238.64s
    cube 3770 (depth 0, 24 lits): UNSAT in 1.97s
    cube 3776 (depth 0, 24 lits): UNSAT in 3.59s
    cube 3782 (depth 0, 24 lits): TIMEOUT in 600.10s
    cube 3782 TIMEOUT -> re-split into 64 sub-cubes (depth 1)
    cube 3782.0 (depth 1, 30 lits): UNSAT in 0.01s
    cube 3782.1 (depth 1, 30 lits): UNSAT in 0.01s
    cube 3782.2 (depth 1, 30 lits): UNSAT in 0.01s
    cube 3782.3 (depth 1, 30 lits): UNSAT in 0.03s
    cube 3782.4 (depth 1, 30 lits): UNSAT in 0.02s
    cube 3782.5 (depth 1, 30 lits): UNSAT in 0.06s
    cube 3782.6 (depth 1, 30 lits): UNSAT in 0.04s
    cube 3782.7 (depth 1, 30 lits): UNSAT in 0.13s
    cube 3782.8 (depth 1, 30 lits): UNSAT in 0.01s
    cube 3782.9 (depth 1, 30 lits): UNSAT in 0.05s
    cube 3782.10 (depth 1, 30 lits): UNSAT in 0.05s
    cube 3782.11 (depth 1, 30 lits): UNSAT in 0.07s
    cube 3782.12 (depth 1, 30 lits): UNSAT in 0.21s
    cube 3782.13 (depth 1, 30 lits): UNSAT in 0.93s
    cube 3782.14 (depth 1, 30 lits): UNSAT in 0.09s
    cube 3782.15 (depth 1, 30 lits): UNSAT in 1.22s
    cube 3782.16 (depth 1, 30 lits): UNSAT in 0.01s
    cube 3782.17 (depth 1, 30 lits): UNSAT in 0.02s
    cube 3782.18 (depth 1, 30 lits): UNSAT in 0.03s
    cube 3782.19 (depth 1, 30 lits): UNSAT in 0.10s
    cube 3782.20 (depth 1, 30 lits): UNSAT in 0.02s
    cube 3782.21 (depth 1, 30 lits): UNSAT in 0.06s
    cube 3782.22 (depth 1, 30 lits): UNSAT in 0.09s
    cube 3782.23 (depth 1, 30 lits): UNSAT in 0.32s
    cube 3782.24 (depth 1, 30 lits): UNSAT in 0.06s
    cube 3782.25 (depth 1, 30 lits): UNSAT in 0.14s
    cube 3782.26 (depth 1, 30 lits): UNSAT in 0.14s
    cube 3782.27 (depth 1, 30 lits): UNSAT in 1.19s
    cube 3782.28 (depth 1, 30 lits): UNSAT in 0.41s
    cube 3782.29 (depth 1, 30 lits): UNSAT in 1.06s
    cube 3782.30 (depth 1, 30 lits): UNSAT in 2.67s
    cube 3782.31 (depth 1, 30 lits): UNSAT in 8.68s
    cube 3782.32 (depth 1, 30 lits): UNSAT in 0.04s
    cube 3782.33 (depth 1, 30 lits): UNSAT in 0.06s
    cube 3782.34 (depth 1, 30 lits): UNSAT in 0.09s
    cube 3782.35 (depth 1, 30 lits): UNSAT in 0.34s
    cube 3782.36 (depth 1, 30 lits): UNSAT in 0.12s
    cube 3782.37 (depth 1, 30 lits): UNSAT in 0.38s
    cube 3782.38 (depth 1, 30 lits): UNSAT in 0.51s
    cube 3782.39 (depth 1, 30 lits): UNSAT in 3.40s
    cube 3782.40 (depth 1, 30 lits): UNSAT in 0.19s
    cube 3782.41 (depth 1, 30 lits): UNSAT in 1.44s
    cube 3782.42 (depth 1, 30 lits): UNSAT in 0.44s
    cube 3782.43 (depth 1, 30 lits): UNSAT in 7.03s
    cube 3782.44 (depth 1, 30 lits): UNSAT in 0.30s
    cube 3782.45 (depth 1, 30 lits): UNSAT in 1.30s
    cube 3782.46 (depth 1, 30 lits): UNSAT in 1.16s
    cube 3782.47 (depth 1, 30 lits): UNSAT in 7.47s
    cube 3782.48 (depth 1, 30 lits): UNSAT in 0.20s
    cube 3782.49 (depth 1, 30 lits): UNSAT in 0.22s
    cube 3782.50 (depth 1, 30 lits): UNSAT in 0.10s
    cube 3782.51 (depth 1, 30 lits): UNSAT in 3.56s
    cube 3782.52 (depth 1, 30 lits): UNSAT in 0.28s
    cube 3782.53 (depth 1, 30 lits): UNSAT in 1.22s
    cube 3782.54 (depth 1, 30 lits): UNSAT in 2.17s
    cube 3782.55 (depth 1, 30 lits): UNSAT in 10.67s
    cube 3782.56 (depth 1, 30 lits): UNSAT in 0.61s
    cube 3782.57 (depth 1, 30 lits): UNSAT in 1.57s
    cube 3782.58 (depth 1, 30 lits): UNSAT in 6.53s
    cube 3782.59 (depth 1, 30 lits): UNSAT in 21.11s
    cube 3782.60 (depth 1, 30 lits): UNSAT in 2.11s
    cube 3782.61 (depth 1, 30 lits): UNSAT in 7.21s
    cube 3782.62 (depth 1, 30 lits): UNSAT in 2.55s
    cube 3782.63 (depth 1, 30 lits): UNSAT in 24.71s
    cube 3788 (depth 0, 24 lits): UNSAT in 4.73s
    cube 3794 (depth 0, 24 lits): UNSAT in 388.27s
    cube 3800 (depth 0, 24 lits): UNSAT in 0.15s
    cube 3806 (depth 0, 24 lits): UNSAT in 19.95s
    cube 3812 (depth 0, 24 lits): UNSAT in 14.81s
    cube 3818 (depth 0, 24 lits): UNSAT in 17.57s
    cube 3824 (depth 0, 24 lits): UNSAT in 24.27s
    cube 3830 (depth 0, 24 lits): TIMEOUT in 600.07s
    cube 3830 TIMEOUT -> re-split into 64 sub-cubes (depth 1)
    cube 3830.0 (depth 1, 30 lits): UNSAT in 0.02s
    cube 3830.1 (depth 1, 30 lits): UNSAT in 0.04s
    cube 3830.2 (depth 1, 30 lits): UNSAT in 0.09s
    cube 3830.3 (depth 1, 30 lits): UNSAT in 0.21s
    cube 3830.4 (depth 1, 30 lits): UNSAT in 0.12s
    cube 3830.5 (depth 1, 30 lits): UNSAT in 0.36s
    cube 3830.6 (depth 1, 30 lits): UNSAT in 0.51s
    cube 3830.7 (depth 1, 30 lits): UNSAT in 0.75s
    cube 3830.8 (depth 1, 30 lits): UNSAT in 0.06s
    cube 3830.9 (depth 1, 30 lits): UNSAT in 0.16s
    cube 3830.10 (depth 1, 30 lits): UNSAT in 0.41s
    cube 3830.11 (depth 1, 30 lits): UNSAT in 0.41s
    cube 3830.12 (depth 1, 30 lits): UNSAT in 0.41s
    cube 3830.13 (depth 1, 30 lits): UNSAT in 1.34s
    cube 3830.14 (depth 1, 30 lits): UNSAT in 4.31s
    cube 3830.15 (depth 1, 30 lits): UNSAT in 3.22s
    cube 3830.16 (depth 1, 30 lits): UNSAT in 0.17s
    cube 3830.17 (depth 1, 30 lits): UNSAT in 2.42s
    cube 3830.18 (depth 1, 30 lits): UNSAT in 0.33s
    cube 3830.19 (depth 1, 30 lits): UNSAT in 2.20s
    cube 3830.20 (depth 1, 30 lits): UNSAT in 0.76s
    cube 3830.21 (depth 1, 30 lits): UNSAT in 0.33s
    cube 3830.22 (depth 1, 30 lits): UNSAT in 1.58s
    cube 3830.23 (depth 1, 30 lits): UNSAT in 13.43s
    cube 3830.24 (depth 1, 30 lits): UNSAT in 1.01s
    cube 3830.25 (depth 1, 30 lits): UNSAT in 0.61s
    cube 3830.26 (depth 1, 30 lits): UNSAT in 0.82s
    cube 3830.27 (depth 1, 30 lits): UNSAT in 12.74s
    cube 3830.28 (depth 1, 30 lits): UNSAT in 0.66s
    cube 3830.29 (depth 1, 30 lits): UNSAT in 4.88s
    cube 3830.30 (depth 1, 30 lits): UNSAT in 0.60s
    cube 3830.31 (depth 1, 30 lits): UNSAT in 16.01s
    cube 3830.32 (depth 1, 30 lits): UNSAT in 0.07s
    cube 3830.33 (depth 1, 30 lits): UNSAT in 0.17s
    cube 3830.34 (depth 1, 30 lits): UNSAT in 0.26s
    cube 3830.35 (depth 1, 30 lits): UNSAT in 2.63s
    cube 3830.36 (depth 1, 30 lits): UNSAT in 0.47s
    cube 3830.37 (depth 1, 30 lits): UNSAT in 1.06s
    cube 3830.38 (depth 1, 30 lits): UNSAT in 1.36s
    cube 3830.39 (depth 1, 30 lits): UNSAT in 5.68s
    cube 3830.40 (depth 1, 30 lits): UNSAT in 1.29s
    cube 3830.41 (depth 1, 30 lits): UNSAT in 1.25s
    cube 3830.42 (depth 1, 30 lits): UNSAT in 1.12s
    cube 3830.43 (depth 1, 30 lits): UNSAT in 2.18s
    cube 3830.44 (depth 1, 30 lits): UNSAT in 0.48s
    cube 3830.45 (depth 1, 30 lits): UNSAT in 4.44s
    cube 3830.46 (depth 1, 30 lits): UNSAT in 8.14s
    cube 3830.47 (depth 1, 30 lits): UNSAT in 11.42s
    cube 3830.48 (depth 1, 30 lits): UNSAT in 0.47s
    cube 3830.49 (depth 1, 30 lits): UNSAT in 0.93s
    cube 3830.50 (depth 1, 30 lits): UNSAT in 0.52s
    cube 3830.51 (depth 1, 30 lits): UNSAT in 2.36s
    cube 3830.52 (depth 1, 30 lits): UNSAT in 0.67s
    cube 3830.53 (depth 1, 30 lits): UNSAT in 2.85s
    cube 3830.54 (depth 1, 30 lits): UNSAT in 9.24s
    cube 3830.55 (depth 1, 30 lits): UNSAT in 9.63s
    cube 3830.56 (depth 1, 30 lits): UNSAT in 12.49s
    cube 3830.57 (depth 1, 30 lits): UNSAT in 26.53s
    cube 3830.58 (depth 1, 30 lits): UNSAT in 6.10s
    cube 3830.59 (depth 1, 30 lits): UNSAT in 11.02s
    cube 3830.60 (depth 1, 30 lits): UNSAT in 1.26s
    cube 3830.61 (depth 1, 30 lits): UNSAT in 3.31s
    cube 3830.62 (depth 1, 30 lits): UNSAT in 4.82s
    cube 3830.63 (depth 1, 30 lits): UNSAT in 6.61s

  shard 2 verdict: UNSAT [parent cube 4057's children only] (639 UNSAT, 0 unresolved) in 10498.2s
