  shard 4/6 (round-robin): 638 of 3831 cubes, per-cube cap 600.0s, re-split depth 3
    batch [1204..2398] TIMEOUT in 900.0s -> per-cube fallback
    cube 1204 (depth 0, 24 lits): UNSAT in 0.02s
    cube 1210 (depth 0, 24 lits): UNSAT in 0.04s
    cube 1216 (depth 0, 24 lits): UNSAT in 1.98s
    cube 1222 (depth 0, 24 lits): UNSAT in 0.02s
    cube 1228 (depth 0, 24 lits): UNSAT in 0.02s
    cube 1234 (depth 0, 23 lits): UNSAT in 0.01s
    cube 1240 (depth 0, 24 lits): UNSAT in 0.09s
    cube 1246 (depth 0, 24 lits): UNSAT in 0.11s
    cube 1252 (depth 0, 24 lits): UNSAT in 0.23s
    cube 1258 (depth 0, 24 lits): UNSAT in 0.04s
    cube 1264 (depth 0, 24 lits): UNSAT in 3.42s
    cube 1270 (depth 0, 24 lits): UNSAT in 0.33s
    cube 1276 (depth 0, 24 lits): UNSAT in 1.78s
    cube 1282 (depth 0, 24 lits): UNSAT in 0.03s
    cube 1288 (depth 0, 24 lits): UNSAT in 0.27s
    cube 1294 (depth 0, 24 lits): UNSAT in 0.44s
    cube 1300 (depth 0, 24 lits): UNSAT in 0.23s
    cube 1306 (depth 0, 24 lits): UNSAT in 0.95s
    cube 1312 (depth 0, 24 lits): UNSAT in 26.55s
    cube 1318 (depth 0, 24 lits): UNSAT in 0.61s
    cube 1324 (depth 0, 24 lits): UNSAT in 4.77s
    cube 1330 (depth 0, 24 lits): UNSAT in 0.91s
    cube 1336 (depth 0, 24 lits): UNSAT in 51.64s
    cube 1342 (depth 0, 24 lits): UNSAT in 8.40s
    cube 1348 (depth 0, 24 lits): UNSAT in 0.01s
    cube 1354 (depth 0, 24 lits): UNSAT in 0.01s
    cube 1360 (depth 0, 24 lits): UNSAT in 0.01s
    cube 1366 (depth 0, 24 lits): UNSAT in 0.04s
    cube 1372 (depth 0, 23 lits): UNSAT in 0.01s
    cube 1378 (depth 0, 24 lits): UNSAT in 0.01s
    cube 1384 (depth 0, 24 lits): UNSAT in 0.05s
    cube 1390 (depth 0, 24 lits): UNSAT in 0.03s
    cube 1396 (depth 0, 23 lits): UNSAT in 0.01s
    cube 1402 (depth 0, 24 lits): UNSAT in 0.02s
    cube 1408 (depth 0, 24 lits): UNSAT in 0.01s
    cube 1414 (depth 0, 24 lits): UNSAT in 0.03s
    cube 1420 (depth 0, 24 lits): UNSAT in 0.07s
    cube 1426 (depth 0, 24 lits): UNSAT in 0.01s
    cube 1432 (depth 0, 24 lits): UNSAT in 0.04s
    cube 1438 (depth 0, 24 lits): UNSAT in 0.02s
    cube 1444 (depth 0, 24 lits): UNSAT in 0.07s
    cube 1450 (depth 0, 24 lits): UNSAT in 0.44s
    cube 1456 (depth 0, 22 lits): UNSAT in 0.01s
    cube 1462 (depth 0, 24 lits): UNSAT in 0.02s
    cube 1468 (depth 0, 24 lits): UNSAT in 0.22s
    cube 1474 (depth 0, 24 lits): UNSAT in 0.29s
    cube 1480 (depth 0, 24 lits): UNSAT in 0.04s
    cube 1486 (depth 0, 23 lits): UNSAT in 0.01s
    cube 1492 (depth 0, 24 lits): UNSAT in 0.03s
    cube 1498 (depth 0, 24 lits): UNSAT in 0.75s
    cube 1504 (depth 0, 24 lits): UNSAT in 0.49s
    cube 1510 (depth 0, 24 lits): UNSAT in 0.09s
    cube 1516 (depth 0, 24 lits): UNSAT in 0.02s
    cube 1522 (depth 0, 24 lits): UNSAT in 3.41s
    cube 1528 (depth 0, 24 lits): UNSAT in 0.06s
    cube 1534 (depth 0, 24 lits): UNSAT in 2.13s
    cube 1540 (depth 0, 24 lits): UNSAT in 0.07s
    cube 1546 (depth 0, 24 lits): UNSAT in 5.46s
    cube 1552 (depth 0, 24 lits): UNSAT in 2.56s
    cube 1558 (depth 0, 24 lits): UNSAT in 2.90s
    cube 1564 (depth 0, 24 lits): UNSAT in 9.12s
    cube 1570 (depth 0, 24 lits): UNSAT in 136.68s
    cube 1576 (depth 0, 24 lits): UNSAT in 0.02s
    cube 1582 (depth 0, 24 lits): UNSAT in 0.01s
    cube 1588 (depth 0, 24 lits): UNSAT in 0.02s
    cube 1594 (depth 0, 24 lits): UNSAT in 0.11s
    cube 1600 (depth 0, 24 lits): UNSAT in 0.12s
    cube 1606 (depth 0, 24 lits): UNSAT in 0.04s
    cube 1612 (depth 0, 24 lits): UNSAT in 0.08s
    cube 1618 (depth 0, 24 lits): UNSAT in 2.08s
    cube 1624 (depth 0, 24 lits): UNSAT in 0.17s
    cube 1630 (depth 0, 24 lits): UNSAT in 2.45s
    cube 1636 (depth 0, 24 lits): UNSAT in 0.03s
    cube 1642 (depth 0, 24 lits): UNSAT in 0.07s
    cube 1648 (depth 0, 24 lits): UNSAT in 0.09s
    cube 1654 (depth 0, 24 lits): UNSAT in 0.28s
    cube 1660 (depth 0, 24 lits): UNSAT in 0.22s
    cube 1666 (depth 0, 24 lits): UNSAT in 2.31s
    cube 1672 (depth 0, 24 lits): UNSAT in 0.61s
    cube 1678 (depth 0, 24 lits): UNSAT in 2.60s
    cube 1684 (depth 0, 24 lits): UNSAT in 0.10s
    cube 1690 (depth 0, 24 lits): UNSAT in 8.38s
    cube 1696 (depth 0, 24 lits): UNSAT in 22.60s
    cube 1702 (depth 0, 24 lits): UNSAT in 0.12s
    cube 1708 (depth 0, 24 lits): UNSAT in 0.08s
    cube 1714 (depth 0, 24 lits): UNSAT in 1.58s
    cube 1720 (depth 0, 24 lits): UNSAT in 0.20s
    cube 1726 (depth 0, 24 lits): UNSAT in 0.97s
    cube 1732 (depth 0, 24 lits): UNSAT in 0.10s
    cube 1738 (depth 0, 24 lits): UNSAT in 0.70s
    cube 1744 (depth 0, 24 lits): UNSAT in 7.96s
    cube 1750 (depth 0, 24 lits): UNSAT in 2.64s
    cube 1756 (depth 0, 24 lits): UNSAT in 0.83s
    cube 1762 (depth 0, 24 lits): UNSAT in 132.73s
    cube 1768 (depth 0, 24 lits): UNSAT in 0.58s
    cube 1774 (depth 0, 24 lits): UNSAT in 0.43s
    cube 1780 (depth 0, 24 lits): UNSAT in 0.19s
    cube 1786 (depth 0, 24 lits): UNSAT in 9.62s
    cube 1792 (depth 0, 24 lits): UNSAT in 28.70s
    cube 1798 (depth 0, 24 lits): UNSAT in 5.26s
    cube 1804 (depth 0, 24 lits): UNSAT in 6.22s
    cube 1810 (depth 0, 24 lits): UNSAT in 53.15s
    cube 1816 (depth 0, 24 lits): UNSAT in 13.14s
    cube 1822 (depth 0, 24 lits): UNSAT in 504.43s
    cube 1828 (depth 0, 23 lits): UNSAT in 0.01s
    cube 1834 (depth 0, 24 lits): UNSAT in 0.03s
    cube 1840 (depth 0, 24 lits): UNSAT in 0.05s
    cube 1846 (depth 0, 24 lits): UNSAT in 0.03s
    cube 1852 (depth 0, 24 lits): UNSAT in 0.01s
    cube 1858 (depth 0, 24 lits): UNSAT in 0.02s
    cube 1864 (depth 0, 24 lits): UNSAT in 0.01s
    cube 1870 (depth 0, 24 lits): UNSAT in 0.02s
    cube 1876 (depth 0, 24 lits): UNSAT in 0.02s
    cube 1882 (depth 0, 24 lits): UNSAT in 0.01s
    cube 1888 (depth 0, 24 lits): UNSAT in 0.01s
    cube 1894 (depth 0, 24 lits): UNSAT in 0.26s
    cube 1900 (depth 0, 24 lits): UNSAT in 0.06s
    cube 1906 (depth 0, 24 lits): UNSAT in 0.45s
    cube 1912 (depth 0, 24 lits): UNSAT in 0.01s
    cube 1918 (depth 0, 24 lits): UNSAT in 0.22s
    cube 1924 (depth 0, 24 lits): UNSAT in 0.12s
    cube 1930 (depth 0, 24 lits): UNSAT in 0.12s
    cube 1936 (depth 0, 24 lits): UNSAT in 0.18s
    cube 1942 (depth 0, 24 lits): UNSAT in 4.62s
    cube 1948 (depth 0, 24 lits): UNSAT in 0.02s
    cube 1954 (depth 0, 24 lits): UNSAT in 0.03s
    cube 1960 (depth 0, 24 lits): UNSAT in 0.02s
    cube 1966 (depth 0, 24 lits): UNSAT in 0.02s
    cube 1972 (depth 0, 24 lits): UNSAT in 0.22s
    cube 1978 (depth 0, 24 lits): UNSAT in 0.03s
    cube 1984 (depth 0, 24 lits): UNSAT in 0.05s
    cube 1990 (depth 0, 24 lits): UNSAT in 0.03s
    cube 1996 (depth 0, 24 lits): UNSAT in 0.13s
    cube 2002 (depth 0, 24 lits): UNSAT in 0.22s
    cube 2008 (depth 0, 24 lits): UNSAT in 0.02s
    cube 2014 (depth 0, 24 lits): UNSAT in 0.03s
    cube 2020 (depth 0, 24 lits): UNSAT in 0.57s
    cube 2026 (depth 0, 24 lits): UNSAT in 0.07s
    cube 2032 (depth 0, 24 lits): UNSAT in 0.31s
    cube 2038 (depth 0, 24 lits): UNSAT in 0.06s
    cube 2044 (depth 0, 24 lits): UNSAT in 1.47s
    cube 2050 (depth 0, 24 lits): UNSAT in 1.22s
    cube 2056 (depth 0, 24 lits): UNSAT in 1.71s
    cube 2062 (depth 0, 24 lits): UNSAT in 0.12s
    cube 2068 (depth 0, 24 lits): UNSAT in 63.27s
    cube 2074 (depth 0, 24 lits): UNSAT in 0.01s
    cube 2080 (depth 0, 24 lits): UNSAT in 0.02s
    cube 2086 (depth 0, 24 lits): UNSAT in 0.01s
    cube 2092 (depth 0, 24 lits): UNSAT in 0.04s
    cube 2098 (depth 0, 23 lits): UNSAT in 0.01s
    cube 2104 (depth 0, 24 lits): UNSAT in 0.02s
    cube 2110 (depth 0, 24 lits): UNSAT in 0.05s
    cube 2116 (depth 0, 24 lits): UNSAT in 0.02s
    cube 2122 (depth 0, 24 lits): UNSAT in 0.13s
    cube 2128 (depth 0, 23 lits): UNSAT in 0.01s
    cube 2134 (depth 0, 24 lits): UNSAT in 0.04s
    cube 2140 (depth 0, 24 lits): UNSAT in 0.13s
    cube 2146 (depth 0, 24 lits): UNSAT in 0.16s
    cube 2152 (depth 0, 24 lits): UNSAT in 0.04s
    cube 2158 (depth 0, 24 lits): UNSAT in 9.14s
    cube 2164 (depth 0, 24 lits): UNSAT in 0.14s
    cube 2170 (depth 0, 24 lits): UNSAT in 0.29s
    cube 2176 (depth 0, 24 lits): UNSAT in 0.59s
    cube 2182 (depth 0, 24 lits): UNSAT in 5.64s
    cube 2188 (depth 0, 24 lits): UNSAT in 41.01s
    cube 2194 (depth 0, 24 lits): UNSAT in 0.01s
    cube 2200 (depth 0, 24 lits): UNSAT in 0.02s
    cube 2206 (depth 0, 24 lits): UNSAT in 0.01s
    cube 2212 (depth 0, 24 lits): UNSAT in 0.03s
    cube 2218 (depth 0, 24 lits): UNSAT in 0.02s
    cube 2224 (depth 0, 24 lits): UNSAT in 0.04s
    cube 2230 (depth 0, 24 lits): UNSAT in 0.02s
    cube 2236 (depth 0, 24 lits): UNSAT in 0.26s
    cube 2242 (depth 0, 24 lits): UNSAT in 0.02s
    cube 2248 (depth 0, 24 lits): UNSAT in 0.75s
    cube 2254 (depth 0, 24 lits): UNSAT in 0.02s
    cube 2260 (depth 0, 24 lits): UNSAT in 1.06s
    cube 2266 (depth 0, 24 lits): UNSAT in 0.78s
    cube 2272 (depth 0, 24 lits): UNSAT in 0.09s
    cube 2278 (depth 0, 24 lits): UNSAT in 0.95s
    cube 2284 (depth 0, 24 lits): UNSAT in 50.36s
    cube 2290 (depth 0, 24 lits): UNSAT in 0.15s
    cube 2296 (depth 0, 24 lits): UNSAT in 0.30s
    cube 2302 (depth 0, 24 lits): UNSAT in 0.12s
    cube 2308 (depth 0, 24 lits): UNSAT in 2.66s
    cube 2314 (depth 0, 24 lits): UNSAT in 13.23s
    cube 2320 (depth 0, 24 lits): UNSAT in 0.01s
    cube 2326 (depth 0, 24 lits): UNSAT in 0.01s
    cube 2332 (depth 0, 24 lits): UNSAT in 0.08s
    cube 2338 (depth 0, 24 lits): UNSAT in 0.01s
    cube 2344 (depth 0, 24 lits): UNSAT in 0.02s
    cube 2350 (depth 0, 23 lits): UNSAT in 0.01s
    cube 2356 (depth 0, 24 lits): UNSAT in 0.03s
    cube 2362 (depth 0, 24 lits): UNSAT in 0.18s
    cube 2368 (depth 0, 24 lits): UNSAT in 0.12s
    cube 2374 (depth 0, 24 lits): UNSAT in 0.32s
    cube 2380 (depth 0, 24 lits): UNSAT in 4.36s
    cube 2386 (depth 0, 24 lits): UNSAT in 0.03s
    cube 2392 (depth 0, 24 lits): UNSAT in 0.04s
    cube 2398 (depth 0, 24 lits): UNSAT in 0.02s
    batch [2404..3598] TIMEOUT in 900.0s -> per-cube fallback
    cube 2404 (depth 0, 24 lits): UNSAT in 0.04s
    cube 2410 (depth 0, 23 lits): UNSAT in 0.01s
    cube 2416 (depth 0, 24 lits): UNSAT in 0.31s
    cube 2422 (depth 0, 24 lits): UNSAT in 0.54s
    cube 2428 (depth 0, 24 lits): UNSAT in 0.18s
    cube 2434 (depth 0, 24 lits): UNSAT in 0.11s
    cube 2440 (depth 0, 24 lits): UNSAT in 21.36s
    cube 2446 (depth 0, 24 lits): UNSAT in 0.02s
    cube 2452 (depth 0, 24 lits): UNSAT in 0.06s
    cube 2458 (depth 0, 24 lits): UNSAT in 0.05s
    cube 2464 (depth 0, 24 lits): UNSAT in 0.06s
    cube 2470 (depth 0, 24 lits): UNSAT in 0.48s
    cube 2476 (depth 0, 24 lits): UNSAT in 0.03s
    cube 2482 (depth 0, 24 lits): UNSAT in 0.10s
    cube 2488 (depth 0, 24 lits): UNSAT in 0.01s
    cube 2494 (depth 0, 24 lits): UNSAT in 0.51s
    cube 2500 (depth 0, 24 lits): UNSAT in 3.35s
    cube 2506 (depth 0, 24 lits): UNSAT in 0.02s
    cube 2512 (depth 0, 24 lits): UNSAT in 0.02s
    cube 2518 (depth 0, 24 lits): UNSAT in 0.01s
    cube 2524 (depth 0, 24 lits): UNSAT in 0.43s
    cube 2530 (depth 0, 24 lits): UNSAT in 0.13s
    cube 2536 (depth 0, 24 lits): UNSAT in 0.22s
    cube 2542 (depth 0, 24 lits): UNSAT in 0.09s
    cube 2548 (depth 0, 24 lits): UNSAT in 0.78s
    cube 2554 (depth 0, 24 lits): UNSAT in 0.39s
    cube 2560 (depth 0, 24 lits): UNSAT in 3.64s
    cube 2566 (depth 0, 24 lits): UNSAT in 0.01s
    cube 2572 (depth 0, 24 lits): UNSAT in 0.06s
    cube 2578 (depth 0, 24 lits): UNSAT in 0.04s
    cube 2584 (depth 0, 24 lits): UNSAT in 0.02s
    cube 2590 (depth 0, 24 lits): UNSAT in 0.03s
    cube 2596 (depth 0, 24 lits): UNSAT in 0.42s
    cube 2602 (depth 0, 24 lits): UNSAT in 0.02s
    cube 2608 (depth 0, 24 lits): UNSAT in 0.02s
    cube 2614 (depth 0, 24 lits): UNSAT in 0.01s
    cube 2620 (depth 0, 24 lits): UNSAT in 0.11s
    cube 2626 (depth 0, 24 lits): UNSAT in 0.18s
    cube 2632 (depth 0, 24 lits): UNSAT in 0.02s
    cube 2638 (depth 0, 24 lits): UNSAT in 0.03s
    cube 2644 (depth 0, 24 lits): UNSAT in 0.26s
    cube 2650 (depth 0, 24 lits): UNSAT in 0.01s
    cube 2656 (depth 0, 24 lits): UNSAT in 0.15s
    cube 2662 (depth 0, 24 lits): UNSAT in 0.05s
    cube 2668 (depth 0, 24 lits): UNSAT in 0.17s
    cube 2674 (depth 0, 24 lits): UNSAT in 0.59s
    cube 2680 (depth 0, 24 lits): UNSAT in 0.32s
    cube 2686 (depth 0, 24 lits): UNSAT in 0.80s
    cube 2692 (depth 0, 24 lits): UNSAT in 0.97s
    cube 2698 (depth 0, 24 lits): UNSAT in 0.02s
    cube 2704 (depth 0, 24 lits): UNSAT in 0.05s
    cube 2710 (depth 0, 24 lits): UNSAT in 0.06s
    cube 2716 (depth 0, 24 lits): UNSAT in 1.68s
    cube 2722 (depth 0, 24 lits): UNSAT in 2.55s
    cube 2728 (depth 0, 24 lits): UNSAT in 0.19s
    cube 2734 (depth 0, 24 lits): UNSAT in 0.08s
    cube 2740 (depth 0, 24 lits): UNSAT in 4.66s
    cube 2746 (depth 0, 24 lits): UNSAT in 0.30s
    cube 2752 (depth 0, 24 lits): UNSAT in 5.52s
    cube 2758 (depth 0, 24 lits): UNSAT in 0.05s
    cube 2764 (depth 0, 24 lits): UNSAT in 0.16s
    cube 2770 (depth 0, 24 lits): UNSAT in 1.04s
    cube 2776 (depth 0, 24 lits): UNSAT in 0.08s
    cube 2782 (depth 0, 24 lits): UNSAT in 0.34s
    cube 2788 (depth 0, 24 lits): UNSAT in 3.98s
    cube 2794 (depth 0, 24 lits): UNSAT in 1.77s
    cube 2800 (depth 0, 24 lits): UNSAT in 6.66s
    cube 2806 (depth 0, 24 lits): UNSAT in 1.34s
    cube 2812 (depth 0, 24 lits): UNSAT in 11.80s
    cube 2818 (depth 0, 24 lits): UNSAT in 57.08s
    cube 2824 (depth 0, 24 lits): UNSAT in 0.01s
    cube 2830 (depth 0, 24 lits): UNSAT in 0.03s
    cube 2836 (depth 0, 24 lits): UNSAT in 0.01s
    cube 2842 (depth 0, 24 lits): UNSAT in 0.05s
    cube 2848 (depth 0, 24 lits): UNSAT in 0.04s
    cube 2854 (depth 0, 24 lits): UNSAT in 0.05s
    cube 2860 (depth 0, 24 lits): UNSAT in 0.01s
    cube 2866 (depth 0, 24 lits): UNSAT in 0.55s
    cube 2872 (depth 0, 24 lits): UNSAT in 1.34s
    cube 2878 (depth 0, 24 lits): UNSAT in 0.02s
    cube 2884 (depth 0, 24 lits): UNSAT in 0.03s
    cube 2890 (depth 0, 24 lits): UNSAT in 0.01s
    cube 2896 (depth 0, 24 lits): UNSAT in 0.05s
    cube 2902 (depth 0, 24 lits): UNSAT in 0.21s
    cube 2908 (depth 0, 24 lits): UNSAT in 0.02s
    cube 2914 (depth 0, 24 lits): UNSAT in 0.01s
    cube 2920 (depth 0, 24 lits): UNSAT in 0.22s
    cube 2926 (depth 0, 24 lits): UNSAT in 0.03s
    cube 2932 (depth 0, 24 lits): UNSAT in 0.63s
    cube 2938 (depth 0, 23 lits): UNSAT in 0.01s
    cube 2944 (depth 0, 24 lits): UNSAT in 0.03s
    cube 2950 (depth 0, 24 lits): UNSAT in 0.04s
    cube 2956 (depth 0, 24 lits): UNSAT in 0.01s
    cube 2962 (depth 0, 24 lits): UNSAT in 0.26s
    cube 2968 (depth 0, 24 lits): UNSAT in 0.01s
    cube 2974 (depth 0, 24 lits): UNSAT in 0.07s
    cube 2980 (depth 0, 24 lits): UNSAT in 0.09s
    cube 2986 (depth 0, 24 lits): UNSAT in 0.05s
    cube 2992 (depth 0, 24 lits): UNSAT in 0.05s
    cube 2998 (depth 0, 24 lits): UNSAT in 6.77s
    cube 3004 (depth 0, 24 lits): UNSAT in 0.16s
    cube 3010 (depth 0, 24 lits): UNSAT in 0.81s
    cube 3016 (depth 0, 24 lits): UNSAT in 0.05s
    cube 3022 (depth 0, 24 lits): UNSAT in 2.60s
    cube 3028 (depth 0, 24 lits): UNSAT in 2.36s
    cube 3034 (depth 0, 24 lits): UNSAT in 0.59s
    cube 3040 (depth 0, 24 lits): UNSAT in 0.32s
    cube 3046 (depth 0, 24 lits): UNSAT in 29.87s
    cube 3052 (depth 0, 24 lits): UNSAT in 3.00s
    cube 3058 (depth 0, 24 lits): UNSAT in 238.23s
    cube 3064 (depth 0, 24 lits): UNSAT in 0.01s
    cube 3070 (depth 0, 24 lits): UNSAT in 0.04s
    cube 3076 (depth 0, 24 lits): UNSAT in 0.02s
    cube 3082 (depth 0, 24 lits): UNSAT in 0.02s
    cube 3088 (depth 0, 24 lits): UNSAT in 0.04s
    cube 3094 (depth 0, 24 lits): UNSAT in 3.93s
    cube 3100 (depth 0, 24 lits): UNSAT in 0.02s
    cube 3106 (depth 0, 24 lits): UNSAT in 0.06s
    cube 3112 (depth 0, 24 lits): UNSAT in 0.03s
    cube 3118 (depth 0, 24 lits): UNSAT in 0.83s
    cube 3124 (depth 0, 24 lits): UNSAT in 5.75s
    cube 3130 (depth 0, 24 lits): UNSAT in 0.16s
    cube 3136 (depth 0, 24 lits): UNSAT in 0.04s
    cube 3142 (depth 0, 24 lits): UNSAT in 3.40s
    cube 3148 (depth 0, 24 lits): UNSAT in 0.30s
    cube 3154 (depth 0, 24 lits): UNSAT in 0.71s
    cube 3160 (depth 0, 24 lits): UNSAT in 0.02s
    cube 3166 (depth 0, 24 lits): UNSAT in 0.76s
    cube 3172 (depth 0, 24 lits): UNSAT in 2.99s
    cube 3178 (depth 0, 24 lits): UNSAT in 1.95s
    cube 3184 (depth 0, 24 lits): UNSAT in 2.49s
    cube 3190 (depth 0, 24 lits): UNSAT in 6.49s
    cube 3196 (depth 0, 24 lits): UNSAT in 0.09s
    cube 3202 (depth 0, 24 lits): UNSAT in 0.11s
    cube 3208 (depth 0, 24 lits): UNSAT in 0.02s
    cube 3214 (depth 0, 24 lits): UNSAT in 0.78s
    cube 3220 (depth 0, 24 lits): UNSAT in 1.57s
    cube 3226 (depth 0, 24 lits): UNSAT in 0.26s
    cube 3232 (depth 0, 24 lits): UNSAT in 0.38s
    cube 3238 (depth 0, 24 lits): UNSAT in 47.19s
    cube 3244 (depth 0, 24 lits): UNSAT in 5.37s
    cube 3250 (depth 0, 24 lits): UNSAT in 17.28s
    cube 3256 (depth 0, 24 lits): UNSAT in 0.41s
    cube 3262 (depth 0, 24 lits): UNSAT in 19.51s
    cube 3268 (depth 0, 24 lits): UNSAT in 5.26s
    cube 3274 (depth 0, 24 lits): UNSAT in 3.42s
    cube 3280 (depth 0, 24 lits): UNSAT in 3.61s
    cube 3286 (depth 0, 24 lits): UNSAT in 502.09s
    cube 3292 (depth 0, 24 lits): UNSAT in 1.21s
    cube 3298 (depth 0, 24 lits): UNSAT in 111.33s
    cube 3304 (depth 0, 24 lits): UNSAT in 0.95s
    cube 3310 (depth 0, 24 lits): UNSAT in 62.44s
    cube 3316 (depth 0, 24 lits): UNSAT in 108.52s
    cube 3322 (depth 0, 24 lits): UNSAT in 0.03s
    cube 3328 (depth 0, 24 lits): UNSAT in 0.02s
    cube 3334 (depth 0, 24 lits): UNSAT in 0.17s
    cube 3340 (depth 0, 24 lits): UNSAT in 0.05s
    cube 3346 (depth 0, 24 lits): UNSAT in 0.24s
    cube 3352 (depth 0, 24 lits): UNSAT in 0.02s
    cube 3358 (depth 0, 24 lits): UNSAT in 0.13s
    cube 3364 (depth 0, 24 lits): UNSAT in 0.27s
    cube 3370 (depth 0, 24 lits): UNSAT in 0.21s
    cube 3376 (depth 0, 24 lits): UNSAT in 0.17s
    cube 3382 (depth 0, 24 lits): UNSAT in 21.08s
    cube 3388 (depth 0, 24 lits): UNSAT in 0.06s
    cube 3394 (depth 0, 24 lits): UNSAT in 0.50s
    cube 3400 (depth 0, 24 lits): UNSAT in 0.03s
    cube 3406 (depth 0, 24 lits): UNSAT in 1.14s
    cube 3412 (depth 0, 24 lits): UNSAT in 3.74s
    cube 3418 (depth 0, 24 lits): UNSAT in 0.33s
    cube 3424 (depth 0, 24 lits): UNSAT in 0.22s
    cube 3430 (depth 0, 24 lits): UNSAT in 7.95s
    cube 3436 (depth 0, 24 lits): UNSAT in 0.61s
    cube 3442 (depth 0, 24 lits): UNSAT in 65.45s
    cube 3448 (depth 0, 24 lits): UNSAT in 0.02s
    cube 3454 (depth 0, 24 lits): UNSAT in 0.18s
    cube 3460 (depth 0, 24 lits): UNSAT in 0.52s
    cube 3466 (depth 0, 24 lits): UNSAT in 0.21s
    cube 3472 (depth 0, 24 lits): UNSAT in 0.48s
    cube 3478 (depth 0, 24 lits): UNSAT in 39.94s
    cube 3484 (depth 0, 24 lits): UNSAT in 0.24s
    cube 3490 (depth 0, 24 lits): UNSAT in 1.70s
    cube 3496 (depth 0, 24 lits): UNSAT in 0.21s
    cube 3502 (depth 0, 24 lits): UNSAT in 14.79s
    cube 3508 (depth 0, 24 lits): UNSAT in 13.38s
    cube 3514 (depth 0, 24 lits): UNSAT in 0.79s
    cube 3520 (depth 0, 24 lits): UNSAT in 0.61s
    cube 3526 (depth 0, 24 lits): UNSAT in 105.32s
    cube 3532 (depth 0, 24 lits): UNSAT in 3.48s
    cube 3538 (depth 0, 24 lits): UNSAT in 26.81s
    cube 3544 (depth 0, 24 lits): UNSAT in 0.70s
    cube 3550 (depth 0, 24 lits): UNSAT in 23.51s
    cube 3556 (depth 0, 24 lits): UNSAT in 69.30s
    cube 3562 (depth 0, 24 lits): UNSAT in 163.88s
    cube 3568 (depth 0, 24 lits): UNSAT in 4.80s
    cube 3574 (depth 0, 24 lits): TIMEOUT in 600.10s
    cube 3574 TIMEOUT -> re-split into 64 sub-cubes (depth 1)
    cube 3574.0 (depth 1, 30 lits): UNSAT in 0.06s
    cube 3574.1 (depth 1, 30 lits): UNSAT in 0.20s
    cube 3574.2 (depth 1, 30 lits): UNSAT in 1.34s
    cube 3574.3 (depth 1, 30 lits): UNSAT in 2.28s
    cube 3574.4 (depth 1, 30 lits): UNSAT in 0.16s
    cube 3574.5 (depth 1, 30 lits): UNSAT in 0.47s
    cube 3574.6 (depth 1, 30 lits): UNSAT in 0.40s
    cube 3574.7 (depth 1, 30 lits): UNSAT in 0.93s
    cube 3574.8 (depth 1, 30 lits): UNSAT in 0.03s
    cube 3574.9 (depth 1, 30 lits): UNSAT in 0.16s
    cube 3574.10 (depth 1, 30 lits): UNSAT in 0.20s
    cube 3574.11 (depth 1, 30 lits): UNSAT in 0.20s
    cube 3574.12 (depth 1, 30 lits): UNSAT in 0.49s
    cube 3574.13 (depth 1, 30 lits): UNSAT in 0.58s
    cube 3574.14 (depth 1, 30 lits): UNSAT in 1.47s
    cube 3574.15 (depth 1, 30 lits): UNSAT in 1.92s
    cube 3574.16 (depth 1, 30 lits): UNSAT in 0.15s
    cube 3574.17 (depth 1, 30 lits): UNSAT in 1.65s
    cube 3574.18 (depth 1, 30 lits): UNSAT in 1.46s
    cube 3574.19 (depth 1, 30 lits): UNSAT in 2.71s
    cube 3574.20 (depth 1, 30 lits): UNSAT in 1.21s
    cube 3574.21 (depth 1, 30 lits): UNSAT in 3.97s
    cube 3574.22 (depth 1, 30 lits): UNSAT in 1.56s
    cube 3574.23 (depth 1, 30 lits): UNSAT in 7.85s
    cube 3574.24 (depth 1, 30 lits): UNSAT in 0.37s
    cube 3574.25 (depth 1, 30 lits): UNSAT in 0.25s
    cube 3574.26 (depth 1, 30 lits): UNSAT in 0.27s
    cube 3574.27 (depth 1, 30 lits): UNSAT in 1.32s
    cube 3574.28 (depth 1, 30 lits): UNSAT in 0.18s
    cube 3574.29 (depth 1, 30 lits): UNSAT in 1.05s
    cube 3574.30 (depth 1, 30 lits): UNSAT in 2.88s
    cube 3574.31 (depth 1, 30 lits): UNSAT in 2.11s
    cube 3574.32 (depth 1, 30 lits): UNSAT in 0.03s
    cube 3574.33 (depth 1, 30 lits): UNSAT in 0.04s
    cube 3574.34 (depth 1, 30 lits): UNSAT in 0.05s
    cube 3574.35 (depth 1, 30 lits): UNSAT in 0.11s
    cube 3574.36 (depth 1, 30 lits): UNSAT in 0.21s
    cube 3574.37 (depth 1, 30 lits): UNSAT in 1.36s
    cube 3574.38 (depth 1, 30 lits): UNSAT in 0.50s
    cube 3574.39 (depth 1, 30 lits): UNSAT in 1.47s
    cube 3574.40 (depth 1, 30 lits): UNSAT in 0.03s
    cube 3574.41 (depth 1, 30 lits): UNSAT in 0.19s
    cube 3574.42 (depth 1, 30 lits): UNSAT in 0.10s
    cube 3574.43 (depth 1, 30 lits): UNSAT in 0.83s
    cube 3574.44 (depth 1, 30 lits): UNSAT in 0.29s
    cube 3574.45 (depth 1, 30 lits): UNSAT in 2.42s
    cube 3574.46 (depth 1, 30 lits): UNSAT in 2.45s
    cube 3574.47 (depth 1, 30 lits): UNSAT in 5.14s
    cube 3574.48 (depth 1, 30 lits): UNSAT in 0.13s
    cube 3574.49 (depth 1, 30 lits): UNSAT in 0.21s
    cube 3574.50 (depth 1, 30 lits): UNSAT in 0.32s
    cube 3574.51 (depth 1, 30 lits): UNSAT in 0.59s
    cube 3574.52 (depth 1, 30 lits): UNSAT in 0.17s
    cube 3574.53 (depth 1, 30 lits): UNSAT in 0.29s
    cube 3574.54 (depth 1, 30 lits): UNSAT in 0.16s
    cube 3574.55 (depth 1, 30 lits): UNSAT in 2.57s
    cube 3574.56 (depth 1, 30 lits): UNSAT in 0.21s
    cube 3574.57 (depth 1, 30 lits): UNSAT in 0.53s
    cube 3574.58 (depth 1, 30 lits): UNSAT in 0.27s
    cube 3574.59 (depth 1, 30 lits): UNSAT in 1.57s
    cube 3574.60 (depth 1, 30 lits): UNSAT in 1.35s
    cube 3574.61 (depth 1, 30 lits): UNSAT in 4.94s
    cube 3574.62 (depth 1, 30 lits): UNSAT in 5.48s
    cube 3574.63 (depth 1, 30 lits): UNSAT in 4.00s
    cube 3580 (depth 0, 24 lits): UNSAT in 0.25s
    cube 3586 (depth 0, 24 lits): UNSAT in 0.30s
    cube 3592 (depth 0, 24 lits): UNSAT in 0.05s
    cube 3598 (depth 0, 24 lits): UNSAT in 2.54s
    batch [3604..3826] TIMEOUT in 900.1s -> per-cube fallback
    cube 3604 (depth 0, 24 lits): UNSAT in 1.95s
    cube 3610 (depth 0, 24 lits): UNSAT in 0.41s
    cube 3616 (depth 0, 24 lits): UNSAT in 0.40s
    cube 3622 (depth 0, 24 lits): UNSAT in 55.51s
    cube 3628 (depth 0, 24 lits): UNSAT in 1.04s
    cube 3634 (depth 0, 24 lits): UNSAT in 3.56s
    cube 3640 (depth 0, 24 lits): UNSAT in 0.01s
    cube 3646 (depth 0, 24 lits): UNSAT in 0.09s
    cube 3652 (depth 0, 24 lits): UNSAT in 0.59s
    cube 3658 (depth 0, 24 lits): UNSAT in 2.10s
    cube 3664 (depth 0, 24 lits): UNSAT in 2.25s
    cube 3670 (depth 0, 24 lits): UNSAT in 92.34s
    cube 3676 (depth 0, 24 lits): UNSAT in 6.25s
    cube 3682 (depth 0, 24 lits): UNSAT in 21.50s
    cube 3688 (depth 0, 24 lits): UNSAT in 2.83s
    cube 3694 (depth 0, 24 lits): UNSAT in 419.38s
    cube 3700 (depth 0, 24 lits): UNSAT in 65.73s
    cube 3706 (depth 0, 24 lits): UNSAT in 0.44s
    cube 3712 (depth 0, 24 lits): UNSAT in 0.51s
    cube 3718 (depth 0, 24 lits): UNSAT in 25.53s
    cube 3724 (depth 0, 24 lits): UNSAT in 4.88s
    cube 3730 (depth 0, 24 lits): UNSAT in 5.59s
    cube 3736 (depth 0, 24 lits): UNSAT in 0.68s
    cube 3742 (depth 0, 24 lits): UNSAT in 32.56s
    cube 3748 (depth 0, 24 lits): UNSAT in 20.75s
    cube 3754 (depth 0, 24 lits): UNSAT in 13.92s
    cube 3760 (depth 0, 24 lits): UNSAT in 31.15s
    cube 3766 (depth 0, 24 lits): TIMEOUT in 600.05s
    cube 3766 TIMEOUT -> re-split into 64 sub-cubes (depth 1)
    cube 3766.0 (depth 1, 30 lits): UNSAT in 0.01s
    cube 3766.1 (depth 1, 30 lits): UNSAT in 0.07s
    cube 3766.2 (depth 1, 30 lits): UNSAT in 0.12s
    cube 3766.3 (depth 1, 30 lits): UNSAT in 0.61s
    cube 3766.4 (depth 1, 30 lits): UNSAT in 0.22s
    cube 3766.5 (depth 1, 30 lits): UNSAT in 1.12s
    cube 3766.6 (depth 1, 30 lits): UNSAT in 0.72s
    cube 3766.7 (depth 1, 30 lits): UNSAT in 1.53s
    cube 3766.8 (depth 1, 30 lits): UNSAT in 0.09s
    cube 3766.9 (depth 1, 30 lits): UNSAT in 1.08s
    cube 3766.10 (depth 1, 30 lits): UNSAT in 0.31s
    cube 3766.11 (depth 1, 30 lits): UNSAT in 0.45s
    cube 3766.12 (depth 1, 30 lits): UNSAT in 0.33s
    cube 3766.13 (depth 1, 30 lits): UNSAT in 0.69s
    cube 3766.14 (depth 1, 30 lits): UNSAT in 2.97s
    cube 3766.15 (depth 1, 30 lits): UNSAT in 0.95s
    cube 3766.16 (depth 1, 30 lits): UNSAT in 0.04s
    cube 3766.17 (depth 1, 30 lits): UNSAT in 0.04s
    cube 3766.18 (depth 1, 30 lits): UNSAT in 0.13s
    cube 3766.19 (depth 1, 30 lits): UNSAT in 1.02s
    cube 3766.20 (depth 1, 30 lits): UNSAT in 0.06s
    cube 3766.21 (depth 1, 30 lits): UNSAT in 0.19s
    cube 3766.22 (depth 1, 30 lits): UNSAT in 2.58s
    cube 3766.23 (depth 1, 30 lits): UNSAT in 2.80s
    cube 3766.24 (depth 1, 30 lits): UNSAT in 0.34s
    cube 3766.25 (depth 1, 30 lits): UNSAT in 1.02s
    cube 3766.26 (depth 1, 30 lits): UNSAT in 0.24s
    cube 3766.27 (depth 1, 30 lits): UNSAT in 2.65s
    cube 3766.28 (depth 1, 30 lits): UNSAT in 0.18s
    cube 3766.29 (depth 1, 30 lits): UNSAT in 0.59s
    cube 3766.30 (depth 1, 30 lits): UNSAT in 0.96s
    cube 3766.31 (depth 1, 30 lits): UNSAT in 1.89s
    cube 3766.32 (depth 1, 30 lits): UNSAT in 0.11s
    cube 3766.33 (depth 1, 30 lits): UNSAT in 0.35s
    cube 3766.34 (depth 1, 30 lits): UNSAT in 0.28s
    cube 3766.35 (depth 1, 30 lits): UNSAT in 0.56s
    cube 3766.36 (depth 1, 30 lits): UNSAT in 0.14s
    cube 3766.37 (depth 1, 30 lits): UNSAT in 0.54s
    cube 3766.38 (depth 1, 30 lits): UNSAT in 1.61s
    cube 3766.39 (depth 1, 30 lits): UNSAT in 1.05s
    cube 3766.40 (depth 1, 30 lits): UNSAT in 0.81s
    cube 3766.41 (depth 1, 30 lits): UNSAT in 0.42s
    cube 3766.42 (depth 1, 30 lits): UNSAT in 0.35s
    cube 3766.43 (depth 1, 30 lits): UNSAT in 9.07s
    cube 3766.44 (depth 1, 30 lits): UNSAT in 1.08s
    cube 3766.45 (depth 1, 30 lits): UNSAT in 4.62s
    cube 3766.46 (depth 1, 30 lits): UNSAT in 6.84s
    cube 3766.47 (depth 1, 30 lits): UNSAT in 1.07s
    cube 3766.48 (depth 1, 30 lits): UNSAT in 0.19s
    cube 3766.49 (depth 1, 30 lits): UNSAT in 5.32s
    cube 3766.50 (depth 1, 30 lits): UNSAT in 3.28s
    cube 3766.51 (depth 1, 30 lits): UNSAT in 9.57s
    cube 3766.52 (depth 1, 30 lits): UNSAT in 2.38s
    cube 3766.53 (depth 1, 30 lits): UNSAT in 36.60s
    cube 3766.54 (depth 1, 30 lits): UNSAT in 8.80s
    cube 3766.55 (depth 1, 30 lits): UNSAT in 5.99s
    cube 3766.56 (depth 1, 30 lits): UNSAT in 0.60s
    cube 3766.57 (depth 1, 30 lits): UNSAT in 2.53s
    cube 3766.58 (depth 1, 30 lits): UNSAT in 1.77s
    cube 3766.59 (depth 1, 30 lits): UNSAT in 5.49s
    cube 3766.60 (depth 1, 30 lits): UNSAT in 0.20s
    cube 3766.61 (depth 1, 30 lits): UNSAT in 2.03s
    cube 3766.62 (depth 1, 30 lits): UNSAT in 8.77s
    cube 3766.63 (depth 1, 30 lits): UNSAT in 9.17s
    cube 3772 (depth 0, 24 lits): UNSAT in 1.02s
    cube 3778 (depth 0, 24 lits): UNSAT in 37.73s
    cube 3784 (depth 0, 24 lits): UNSAT in 2.31s
    cube 3790 (depth 0, 24 lits): UNSAT in 348.93s
    cube 3796 (depth 0, 24 lits): TIMEOUT in 600.00s
    cube 3796 TIMEOUT -> re-split into 64 sub-cubes (depth 1)
    cube 3796.0 (depth 1, 30 lits): UNSAT in 0.01s
    cube 3796.1 (depth 1, 30 lits): UNSAT in 0.05s
    cube 3796.2 (depth 1, 30 lits): UNSAT in 0.05s
    cube 3796.3 (depth 1, 30 lits): UNSAT in 0.21s
    cube 3796.4 (depth 1, 30 lits): UNSAT in 0.09s
    cube 3796.5 (depth 1, 30 lits): UNSAT in 0.36s
    cube 3796.6 (depth 1, 30 lits): UNSAT in 0.36s
    cube 3796.7 (depth 1, 30 lits): UNSAT in 1.13s
    cube 3796.8 (depth 1, 30 lits): UNSAT in 0.03s
    cube 3796.9 (depth 1, 30 lits): UNSAT in 0.04s
    cube 3796.10 (depth 1, 30 lits): UNSAT in 0.05s
    cube 3796.11 (depth 1, 30 lits): UNSAT in 0.14s
    cube 3796.12 (depth 1, 30 lits): UNSAT in 0.04s
    cube 3796.13 (depth 1, 30 lits): UNSAT in 0.07s
    cube 3796.14 (depth 1, 30 lits): UNSAT in 0.26s
    cube 3796.15 (depth 1, 30 lits): UNSAT in 0.28s
    cube 3796.16 (depth 1, 30 lits): UNSAT in 0.03s
    cube 3796.17 (depth 1, 30 lits): UNSAT in 0.04s
    cube 3796.18 (depth 1, 30 lits): UNSAT in 0.19s
    cube 3796.19 (depth 1, 30 lits): UNSAT in 0.05s
    cube 3796.20 (depth 1, 30 lits): UNSAT in 0.14s
    cube 3796.21 (depth 1, 30 lits): UNSAT in 1.14s
    cube 3796.22 (depth 1, 30 lits): UNSAT in 0.09s
    cube 3796.23 (depth 1, 30 lits): UNSAT in 0.37s
    cube 3796.24 (depth 1, 30 lits): UNSAT in 0.07s
    cube 3796.25 (depth 1, 30 lits): UNSAT in 0.13s
    cube 3796.26 (depth 1, 30 lits): UNSAT in 0.52s
    cube 3796.27 (depth 1, 30 lits): UNSAT in 1.09s
    cube 3796.28 (depth 1, 30 lits): UNSAT in 0.10s
    cube 3796.29 (depth 1, 30 lits): UNSAT in 0.59s
    cube 3796.30 (depth 1, 30 lits): UNSAT in 0.47s
    cube 3796.31 (depth 1, 30 lits): UNSAT in 5.76s
    cube 3796.32 (depth 1, 30 lits): UNSAT in 0.02s
    cube 3796.33 (depth 1, 30 lits): UNSAT in 0.02s
    cube 3796.34 (depth 1, 30 lits): UNSAT in 0.07s
    cube 3796.35 (depth 1, 30 lits): UNSAT in 0.25s
    cube 3796.36 (depth 1, 30 lits): UNSAT in 0.03s
    cube 3796.37 (depth 1, 30 lits): UNSAT in 0.16s
    cube 3796.38 (depth 1, 30 lits): UNSAT in 0.15s
    cube 3796.39 (depth 1, 30 lits): UNSAT in 1.00s
    cube 3796.40 (depth 1, 30 lits): UNSAT in 0.02s
    cube 3796.41 (depth 1, 30 lits): UNSAT in 0.12s
    cube 3796.42 (depth 1, 30 lits): UNSAT in 0.28s
    cube 3796.43 (depth 1, 30 lits): UNSAT in 0.63s
    cube 3796.44 (depth 1, 30 lits): UNSAT in 0.17s
    cube 3796.45 (depth 1, 30 lits): UNSAT in 0.65s
    cube 3796.46 (depth 1, 30 lits): UNSAT in 2.09s
    cube 3796.47 (depth 1, 30 lits): UNSAT in 5.13s
    cube 3796.48 (depth 1, 30 lits): UNSAT in 0.15s
    cube 3796.49 (depth 1, 30 lits): UNSAT in 1.57s
    cube 3796.50 (depth 1, 30 lits): UNSAT in 0.43s
    cube 3796.51 (depth 1, 30 lits): UNSAT in 4.35s
    cube 3796.52 (depth 1, 30 lits): UNSAT in 0.47s
    cube 3796.53 (depth 1, 30 lits): UNSAT in 4.18s
    cube 3796.54 (depth 1, 30 lits): UNSAT in 1.00s
    cube 3796.55 (depth 1, 30 lits): UNSAT in 12.58s
    cube 3796.56 (depth 1, 30 lits): UNSAT in 0.11s
    cube 3796.57 (depth 1, 30 lits): UNSAT in 1.53s
    cube 3796.58 (depth 1, 30 lits): UNSAT in 0.80s
    cube 3796.59 (depth 1, 30 lits): UNSAT in 3.82s
    cube 3796.60 (depth 1, 30 lits): UNSAT in 2.16s
    cube 3796.61 (depth 1, 30 lits): UNSAT in 21.79s
    cube 3796.62 (depth 1, 30 lits): UNSAT in 2.42s
    cube 3796.63 (depth 1, 30 lits): UNSAT in 12.27s
    cube 3802 (depth 0, 24 lits): UNSAT in 5.38s
    cube 3808 (depth 0, 24 lits): UNSAT in 1.49s
    cube 3814 (depth 0, 24 lits): TIMEOUT in 600.10s
    cube 3814 TIMEOUT -> re-split into 64 sub-cubes (depth 1)
    cube 3814.0 (depth 1, 30 lits): UNSAT in 0.04s
    cube 3814.1 (depth 1, 30 lits): UNSAT in 0.03s
    cube 3814.2 (depth 1, 30 lits): UNSAT in 0.07s
    cube 3814.3 (depth 1, 30 lits): UNSAT in 0.07s
    cube 3814.4 (depth 1, 30 lits): UNSAT in 0.04s
    cube 3814.5 (depth 1, 30 lits): UNSAT in 0.06s
    cube 3814.6 (depth 1, 30 lits): UNSAT in 0.02s
    cube 3814.7 (depth 1, 30 lits): UNSAT in 0.14s
    cube 3814.8 (depth 1, 30 lits): UNSAT in 0.02s
    cube 3814.9 (depth 1, 30 lits): UNSAT in 0.05s
    cube 3814.10 (depth 1, 30 lits): UNSAT in 0.06s
    cube 3814.11 (depth 1, 30 lits): UNSAT in 0.12s
    cube 3814.12 (depth 1, 30 lits): UNSAT in 0.05s
    cube 3814.13 (depth 1, 30 lits): UNSAT in 0.47s
    cube 3814.14 (depth 1, 30 lits): UNSAT in 0.07s
    cube 3814.15 (depth 1, 30 lits): UNSAT in 0.58s
    cube 3814.16 (depth 1, 30 lits): UNSAT in 0.02s
    cube 3814.17 (depth 1, 30 lits): UNSAT in 0.02s
    cube 3814.18 (depth 1, 30 lits): UNSAT in 0.02s
    cube 3814.19 (depth 1, 30 lits): UNSAT in 0.04s
    cube 3814.20 (depth 1, 30 lits): UNSAT in 0.01s
    cube 3814.21 (depth 1, 30 lits): UNSAT in 0.26s
    cube 3814.22 (depth 1, 30 lits): UNSAT in 0.49s
    cube 3814.23 (depth 1, 30 lits): UNSAT in 1.08s
    cube 3814.24 (depth 1, 30 lits): UNSAT in 0.04s
    cube 3814.25 (depth 1, 30 lits): UNSAT in 0.04s
    cube 3814.26 (depth 1, 30 lits): UNSAT in 0.35s
    cube 3814.27 (depth 1, 30 lits): UNSAT in 0.57s
    cube 3814.28 (depth 1, 30 lits): UNSAT in 0.21s
    cube 3814.29 (depth 1, 30 lits): UNSAT in 1.55s
    cube 3814.30 (depth 1, 30 lits): UNSAT in 2.93s
    cube 3814.31 (depth 1, 30 lits): UNSAT in 9.30s
    cube 3814.32 (depth 1, 30 lits): UNSAT in 0.03s
    cube 3814.33 (depth 1, 30 lits): UNSAT in 0.03s
    cube 3814.34 (depth 1, 30 lits): UNSAT in 0.03s
    cube 3814.35 (depth 1, 30 lits): UNSAT in 0.05s
    cube 3814.36 (depth 1, 30 lits): UNSAT in 0.06s
    cube 3814.37 (depth 1, 30 lits): UNSAT in 0.35s
    cube 3814.38 (depth 1, 30 lits): UNSAT in 0.17s
    cube 3814.39 (depth 1, 30 lits): UNSAT in 1.91s
    cube 3814.40 (depth 1, 30 lits): UNSAT in 0.02s
    cube 3814.41 (depth 1, 30 lits): UNSAT in 0.04s
    cube 3814.42 (depth 1, 30 lits): UNSAT in 0.06s
    cube 3814.43 (depth 1, 30 lits): UNSAT in 0.54s
    cube 3814.44 (depth 1, 30 lits): UNSAT in 0.08s
    cube 3814.45 (depth 1, 30 lits): UNSAT in 0.51s
    cube 3814.46 (depth 1, 30 lits): UNSAT in 0.80s
    cube 3814.47 (depth 1, 30 lits): UNSAT in 6.02s
    cube 3814.48 (depth 1, 30 lits): UNSAT in 0.03s
    cube 3814.49 (depth 1, 30 lits): UNSAT in 0.12s
    cube 3814.50 (depth 1, 30 lits): UNSAT in 0.10s
    cube 3814.51 (depth 1, 30 lits): UNSAT in 1.00s
    cube 3814.52 (depth 1, 30 lits): UNSAT in 0.12s
    cube 3814.53 (depth 1, 30 lits): UNSAT in 0.86s
    cube 3814.54 (depth 1, 30 lits): UNSAT in 0.43s
    cube 3814.55 (depth 1, 30 lits): UNSAT in 14.53s
    cube 3814.56 (depth 1, 30 lits): UNSAT in 0.16s
    cube 3814.57 (depth 1, 30 lits): UNSAT in 1.01s
    cube 3814.58 (depth 1, 30 lits): UNSAT in 0.47s
    cube 3814.59 (depth 1, 30 lits): UNSAT in 14.61s
    cube 3814.60 (depth 1, 30 lits): UNSAT in 2.38s
    cube 3814.61 (depth 1, 30 lits): UNSAT in 44.30s
    cube 3814.62 (depth 1, 30 lits): UNSAT in 2.68s
    cube 3814.63 (depth 1, 30 lits): UNSAT in 42.24s
    cube 3820 (depth 0, 24 lits): UNSAT in 12.53s
    cube 3826 (depth 0, 24 lits): UNSAT in 508.94s

  shard 4 verdict: UNSAT [parent cube 4057's children only] (638 UNSAT, 0 unresolved) in 10599.4s
