  shard 0/6 (round-robin): 639 of 3831 cubes, per-cube cap 600.0s, re-split depth 3
    batch [2400..3594] TIMEOUT in 900.0s -> per-cube fallback
    cube 2400 (depth 0, 24 lits): UNSAT in 0.01s
    cube 2406 (depth 0, 24 lits): UNSAT in 0.06s
    cube 2412 (depth 0, 24 lits): UNSAT in 0.02s
    cube 2418 (depth 0, 24 lits): UNSAT in 0.03s
    cube 2424 (depth 0, 24 lits): UNSAT in 1.08s
    cube 2430 (depth 0, 24 lits): UNSAT in 0.07s
    cube 2436 (depth 0, 24 lits): UNSAT in 2.20s
    cube 2442 (depth 0, 24 lits): UNSAT in 0.01s
    cube 2448 (depth 0, 23 lits): UNSAT in 0.01s
    cube 2454 (depth 0, 24 lits): UNSAT in 0.10s
    cube 2460 (depth 0, 24 lits): UNSAT in 0.04s
    cube 2466 (depth 0, 24 lits): UNSAT in 0.13s
    cube 2472 (depth 0, 24 lits): UNSAT in 0.01s
    cube 2478 (depth 0, 24 lits): UNSAT in 0.01s
    cube 2484 (depth 0, 24 lits): UNSAT in 0.08s
    cube 2490 (depth 0, 24 lits): UNSAT in 0.03s
    cube 2496 (depth 0, 24 lits): UNSAT in 0.07s
    cube 2502 (depth 0, 24 lits): UNSAT in 14.28s
    cube 2508 (depth 0, 24 lits): UNSAT in 0.02s
    cube 2514 (depth 0, 24 lits): UNSAT in 0.01s
    cube 2520 (depth 0, 24 lits): UNSAT in 0.03s
    cube 2526 (depth 0, 24 lits): UNSAT in 0.02s
    cube 2532 (depth 0, 24 lits): UNSAT in 0.60s
    cube 2538 (depth 0, 24 lits): UNSAT in 0.12s
    cube 2544 (depth 0, 24 lits): UNSAT in 0.19s
    cube 2550 (depth 0, 24 lits): UNSAT in 0.08s
    cube 2556 (depth 0, 24 lits): UNSAT in 0.90s
    cube 2562 (depth 0, 24 lits): UNSAT in 1.58s
    cube 2568 (depth 0, 24 lits): UNSAT in 0.02s
    cube 2574 (depth 0, 24 lits): UNSAT in 0.01s
    cube 2580 (depth 0, 24 lits): UNSAT in 0.03s
    cube 2586 (depth 0, 24 lits): UNSAT in 0.01s
    cube 2592 (depth 0, 24 lits): UNSAT in 0.12s
    cube 2598 (depth 0, 24 lits): UNSAT in 0.01s
    cube 2604 (depth 0, 24 lits): UNSAT in 0.05s
    cube 2610 (depth 0, 24 lits): UNSAT in 0.03s
    cube 2616 (depth 0, 24 lits): UNSAT in 0.01s
    cube 2622 (depth 0, 24 lits): UNSAT in 0.03s
    cube 2628 (depth 0, 24 lits): UNSAT in 3.40s
    cube 2634 (depth 0, 24 lits): UNSAT in 0.01s
    cube 2640 (depth 0, 24 lits): UNSAT in 0.11s
    cube 2646 (depth 0, 24 lits): UNSAT in 0.01s
    cube 2652 (depth 0, 24 lits): UNSAT in 0.04s
    cube 2658 (depth 0, 24 lits): UNSAT in 0.33s
    cube 2664 (depth 0, 24 lits): UNSAT in 0.12s
    cube 2670 (depth 0, 24 lits): UNSAT in 0.01s
    cube 2676 (depth 0, 24 lits): UNSAT in 1.28s
    cube 2682 (depth 0, 24 lits): UNSAT in 0.33s
    cube 2688 (depth 0, 24 lits): UNSAT in 1.83s
    cube 2694 (depth 0, 24 lits): UNSAT in 0.01s
    cube 2700 (depth 0, 24 lits): UNSAT in 0.05s
    cube 2706 (depth 0, 24 lits): UNSAT in 0.15s
    cube 2712 (depth 0, 24 lits): UNSAT in 0.42s
    cube 2718 (depth 0, 24 lits): UNSAT in 0.15s
    cube 2724 (depth 0, 24 lits): UNSAT in 2.87s
    cube 2730 (depth 0, 24 lits): UNSAT in 0.05s
    cube 2736 (depth 0, 24 lits): UNSAT in 0.15s
    cube 2742 (depth 0, 24 lits): UNSAT in 0.09s
    cube 2748 (depth 0, 24 lits): UNSAT in 0.44s
    cube 2754 (depth 0, 24 lits): UNSAT in 3.27s
    cube 2760 (depth 0, 24 lits): UNSAT in 0.18s
    cube 2766 (depth 0, 24 lits): UNSAT in 0.29s
    cube 2772 (depth 0, 24 lits): UNSAT in 7.30s
    cube 2778 (depth 0, 24 lits): UNSAT in 0.32s
    cube 2784 (depth 0, 24 lits): UNSAT in 3.89s
    cube 2790 (depth 0, 24 lits): UNSAT in 0.08s
    cube 2796 (depth 0, 24 lits): UNSAT in 0.97s
    cube 2802 (depth 0, 24 lits): UNSAT in 6.65s
    cube 2808 (depth 0, 24 lits): UNSAT in 18.48s
    cube 2814 (depth 0, 24 lits): UNSAT in 3.43s
    cube 2820 (depth 0, 24 lits): UNSAT in 19.76s
    cube 2826 (depth 0, 22 lits): UNSAT in 0.01s
    cube 2832 (depth 0, 24 lits): UNSAT in 0.01s
    cube 2838 (depth 0, 23 lits): UNSAT in 0.01s
    cube 2844 (depth 0, 23 lits): UNSAT in 0.01s
    cube 2850 (depth 0, 24 lits): UNSAT in 0.03s
    cube 2856 (depth 0, 24 lits): UNSAT in 0.04s
    cube 2862 (depth 0, 24 lits): UNSAT in 0.12s
    cube 2868 (depth 0, 24 lits): UNSAT in 0.04s
    cube 2874 (depth 0, 24 lits): UNSAT in 1.37s
    cube 2880 (depth 0, 24 lits): UNSAT in 0.02s
    cube 2886 (depth 0, 24 lits): UNSAT in 0.02s
    cube 2892 (depth 0, 24 lits): UNSAT in 0.03s
    cube 2898 (depth 0, 24 lits): UNSAT in 0.01s
    cube 2904 (depth 0, 24 lits): UNSAT in 0.11s
    cube 2910 (depth 0, 24 lits): UNSAT in 0.01s
    cube 2916 (depth 0, 24 lits): UNSAT in 0.03s
    cube 2922 (depth 0, 24 lits): UNSAT in 0.03s
    cube 2928 (depth 0, 24 lits): UNSAT in 0.24s
    cube 2934 (depth 0, 24 lits): UNSAT in 0.11s
    cube 2940 (depth 0, 24 lits): UNSAT in 0.02s
    cube 2946 (depth 0, 24 lits): UNSAT in 0.01s
    cube 2952 (depth 0, 24 lits): UNSAT in 0.27s
    cube 2958 (depth 0, 24 lits): UNSAT in 0.03s
    cube 2964 (depth 0, 24 lits): UNSAT in 0.16s
    cube 2970 (depth 0, 24 lits): UNSAT in 0.01s
    cube 2976 (depth 0, 24 lits): UNSAT in 0.01s
    cube 2982 (depth 0, 24 lits): UNSAT in 0.26s
    cube 2988 (depth 0, 24 lits): UNSAT in 0.10s
    cube 2994 (depth 0, 24 lits): UNSAT in 0.62s
    cube 3000 (depth 0, 24 lits): UNSAT in 0.02s
    cube 3006 (depth 0, 24 lits): UNSAT in 0.22s
    cube 3012 (depth 0, 24 lits): UNSAT in 0.41s
    cube 3018 (depth 0, 24 lits): UNSAT in 0.23s
    cube 3024 (depth 0, 24 lits): UNSAT in 1.40s
    cube 3030 (depth 0, 24 lits): UNSAT in 80.25s
    cube 3036 (depth 0, 24 lits): UNSAT in 0.10s
    cube 3042 (depth 0, 24 lits): UNSAT in 1.76s
    cube 3048 (depth 0, 24 lits): UNSAT in 0.84s
    cube 3054 (depth 0, 24 lits): UNSAT in 121.34s
    cube 3060 (depth 0, 24 lits): TIMEOUT in 600.10s
    cube 3060 TIMEOUT -> re-split into 64 sub-cubes (depth 1)
    cube 3060.0 (depth 1, 30 lits): UNSAT in 0.01s
    cube 3060.1 (depth 1, 30 lits): UNSAT in 0.01s
    cube 3060.2 (depth 1, 30 lits): UNSAT in 0.01s
    cube 3060.3 (depth 1, 30 lits): UNSAT in 0.02s
    cube 3060.4 (depth 1, 30 lits): UNSAT in 0.01s
    cube 3060.5 (depth 1, 30 lits): UNSAT in 0.03s
    cube 3060.6 (depth 1, 30 lits): UNSAT in 0.03s
    cube 3060.7 (depth 1, 30 lits): UNSAT in 0.07s
    cube 3060.8 (depth 1, 30 lits): UNSAT in 0.01s
    cube 3060.9 (depth 1, 30 lits): UNSAT in 0.02s
    cube 3060.10 (depth 1, 30 lits): UNSAT in 0.01s
    cube 3060.11 (depth 1, 30 lits): UNSAT in 0.03s
    cube 3060.12 (depth 1, 30 lits): UNSAT in 0.02s
    cube 3060.13 (depth 1, 30 lits): UNSAT in 0.21s
    cube 3060.14 (depth 1, 30 lits): UNSAT in 0.02s
    cube 3060.15 (depth 1, 30 lits): UNSAT in 0.42s
    cube 3060.16 (depth 1, 30 lits): UNSAT in 0.01s
    cube 3060.17 (depth 1, 30 lits): UNSAT in 0.04s
    cube 3060.18 (depth 1, 30 lits): UNSAT in 0.02s
    cube 3060.19 (depth 1, 30 lits): UNSAT in 0.12s
    cube 3060.20 (depth 1, 30 lits): UNSAT in 0.01s
    cube 3060.21 (depth 1, 30 lits): UNSAT in 0.11s
    cube 3060.22 (depth 1, 30 lits): UNSAT in 0.09s
    cube 3060.23 (depth 1, 30 lits): UNSAT in 0.09s
    cube 3060.24 (depth 1, 30 lits): UNSAT in 0.04s
    cube 3060.25 (depth 1, 30 lits): UNSAT in 0.13s
    cube 3060.26 (depth 1, 30 lits): UNSAT in 0.12s
    cube 3060.27 (depth 1, 30 lits): UNSAT in 0.28s
    cube 3060.28 (depth 1, 30 lits): UNSAT in 0.12s
    cube 3060.29 (depth 1, 30 lits): UNSAT in 0.99s
    cube 3060.30 (depth 1, 30 lits): UNSAT in 0.60s
    cube 3060.31 (depth 1, 30 lits): UNSAT in 1.27s
    cube 3060.32 (depth 1, 30 lits): UNSAT in 0.02s
    cube 3060.33 (depth 1, 30 lits): UNSAT in 0.06s
    cube 3060.34 (depth 1, 30 lits): UNSAT in 0.13s
    cube 3060.35 (depth 1, 30 lits): UNSAT in 0.15s
    cube 3060.36 (depth 1, 30 lits): UNSAT in 0.03s
    cube 3060.37 (depth 1, 30 lits): UNSAT in 0.08s
    cube 3060.38 (depth 1, 30 lits): UNSAT in 0.28s
    cube 3060.39 (depth 1, 30 lits): UNSAT in 1.19s
    cube 3060.40 (depth 1, 30 lits): UNSAT in 0.02s
    cube 3060.41 (depth 1, 30 lits): UNSAT in 0.06s
    cube 3060.42 (depth 1, 30 lits): UNSAT in 0.09s
    cube 3060.43 (depth 1, 30 lits): UNSAT in 1.38s
    cube 3060.44 (depth 1, 30 lits): UNSAT in 0.01s
    cube 3060.45 (depth 1, 30 lits): UNSAT in 0.14s
    cube 3060.46 (depth 1, 30 lits): UNSAT in 0.28s
    cube 3060.47 (depth 1, 30 lits): UNSAT in 7.77s
    cube 3060.48 (depth 1, 30 lits): UNSAT in 0.01s
    cube 3060.49 (depth 1, 30 lits): UNSAT in 0.02s
    cube 3060.50 (depth 1, 30 lits): UNSAT in 0.08s
    cube 3060.51 (depth 1, 30 lits): UNSAT in 0.16s
    cube 3060.52 (depth 1, 30 lits): UNSAT in 0.03s
    cube 3060.53 (depth 1, 30 lits): UNSAT in 0.50s
    cube 3060.54 (depth 1, 30 lits): UNSAT in 0.12s
    cube 3060.55 (depth 1, 30 lits): UNSAT in 3.32s
    cube 3060.56 (depth 1, 30 lits): UNSAT in 0.16s
    cube 3060.57 (depth 1, 30 lits): UNSAT in 2.58s
    cube 3060.58 (depth 1, 30 lits): UNSAT in 2.98s
    cube 3060.59 (depth 1, 30 lits): UNSAT in 13.16s
    cube 3060.60 (depth 1, 30 lits): UNSAT in 1.99s
    cube 3060.61 (depth 1, 30 lits): UNSAT in 15.44s
    cube 3060.62 (depth 1, 30 lits): UNSAT in 28.36s
    cube 3060.63 (depth 1, 30 lits): UNSAT in 42.73s
    cube 3066 (depth 0, 24 lits): UNSAT in 0.01s
    cube 3072 (depth 0, 24 lits): UNSAT in 0.01s
    cube 3078 (depth 0, 24 lits): UNSAT in 0.08s
    cube 3084 (depth 0, 24 lits): UNSAT in 0.01s
    cube 3090 (depth 0, 24 lits): UNSAT in 0.30s
    cube 3096 (depth 0, 24 lits): UNSAT in 0.01s
    cube 3102 (depth 0, 24 lits): UNSAT in 0.04s
    cube 3108 (depth 0, 24 lits): UNSAT in 0.08s
    cube 3114 (depth 0, 24 lits): UNSAT in 0.13s
    cube 3120 (depth 0, 24 lits): UNSAT in 0.27s
    cube 3126 (depth 0, 24 lits): UNSAT in 24.87s
    cube 3132 (depth 0, 24 lits): UNSAT in 0.02s
    cube 3138 (depth 0, 24 lits): UNSAT in 0.20s
    cube 3144 (depth 0, 24 lits): UNSAT in 0.03s
    cube 3150 (depth 0, 24 lits): UNSAT in 0.37s
    cube 3156 (depth 0, 24 lits): UNSAT in 1.05s
    cube 3162 (depth 0, 24 lits): UNSAT in 0.05s
    cube 3168 (depth 0, 24 lits): UNSAT in 0.26s
    cube 3174 (depth 0, 24 lits): UNSAT in 6.30s
    cube 3180 (depth 0, 24 lits): UNSAT in 0.93s
    cube 3186 (depth 0, 24 lits): UNSAT in 7.32s
    cube 3192 (depth 0, 24 lits): UNSAT in 0.02s
    cube 3198 (depth 0, 24 lits): UNSAT in 0.08s
    cube 3204 (depth 0, 24 lits): UNSAT in 0.13s
    cube 3210 (depth 0, 24 lits): UNSAT in 0.42s
    cube 3216 (depth 0, 24 lits): UNSAT in 0.10s
    cube 3222 (depth 0, 24 lits): UNSAT in 16.90s
    cube 3228 (depth 0, 24 lits): UNSAT in 0.13s
    cube 3234 (depth 0, 24 lits): UNSAT in 2.58s
    cube 3240 (depth 0, 24 lits): UNSAT in 0.18s
    cube 3246 (depth 0, 24 lits): UNSAT in 25.36s
    cube 3252 (depth 0, 24 lits): UNSAT in 20.12s
    cube 3258 (depth 0, 24 lits): UNSAT in 1.69s
    cube 3264 (depth 0, 24 lits): UNSAT in 0.17s
    cube 3270 (depth 0, 24 lits): UNSAT in 195.17s
    cube 3276 (depth 0, 24 lits): UNSAT in 4.35s
    cube 3282 (depth 0, 24 lits): UNSAT in 36.98s
    cube 3288 (depth 0, 24 lits): UNSAT in 0.13s
    cube 3294 (depth 0, 24 lits): UNSAT in 89.63s
    cube 3300 (depth 0, 24 lits): UNSAT in 18.94s
    cube 3306 (depth 0, 24 lits): UNSAT in 3.24s
    cube 3312 (depth 0, 24 lits): UNSAT in 16.35s
    cube 3318 (depth 0, 24 lits): UNSAT in 136.16s
    cube 3324 (depth 0, 24 lits): UNSAT in 0.03s
    cube 3330 (depth 0, 24 lits): UNSAT in 0.02s
    cube 3336 (depth 0, 24 lits): UNSAT in 0.03s
    cube 3342 (depth 0, 24 lits): UNSAT in 0.06s
    cube 3348 (depth 0, 24 lits): UNSAT in 0.51s
    cube 3354 (depth 0, 24 lits): UNSAT in 0.01s
    cube 3360 (depth 0, 24 lits): UNSAT in 0.07s
    cube 3366 (depth 0, 24 lits): UNSAT in 1.03s
    cube 3372 (depth 0, 24 lits): UNSAT in 0.04s
    cube 3378 (depth 0, 24 lits): UNSAT in 0.92s
    cube 3384 (depth 0, 24 lits): UNSAT in 0.01s
    cube 3390 (depth 0, 24 lits): UNSAT in 0.32s
    cube 3396 (depth 0, 24 lits): UNSAT in 0.71s
    cube 3402 (depth 0, 24 lits): UNSAT in 0.07s
    cube 3408 (depth 0, 24 lits): UNSAT in 0.23s
    cube 3414 (depth 0, 24 lits): UNSAT in 21.94s
    cube 3420 (depth 0, 24 lits): UNSAT in 0.09s
    cube 3426 (depth 0, 24 lits): UNSAT in 0.57s
    cube 3432 (depth 0, 24 lits): UNSAT in 0.09s
    cube 3438 (depth 0, 24 lits): UNSAT in 3.51s
    cube 3444 (depth 0, 24 lits): UNSAT in 38.79s
    cube 3450 (depth 0, 24 lits): UNSAT in 0.02s
    cube 3456 (depth 0, 24 lits): UNSAT in 0.14s
    cube 3462 (depth 0, 24 lits): UNSAT in 2.63s
    cube 3468 (depth 0, 24 lits): UNSAT in 0.07s
    cube 3474 (depth 0, 24 lits): UNSAT in 1.21s
    cube 3480 (depth 0, 24 lits): UNSAT in 0.02s
    cube 3486 (depth 0, 24 lits): UNSAT in 1.93s
    cube 3492 (depth 0, 24 lits): UNSAT in 1.48s
    cube 3498 (depth 0, 24 lits): UNSAT in 2.46s
    cube 3504 (depth 0, 24 lits): UNSAT in 7.49s
    cube 3510 (depth 0, 24 lits): UNSAT in 19.14s
    cube 3516 (depth 0, 24 lits): UNSAT in 0.33s
    cube 3522 (depth 0, 24 lits): UNSAT in 1.44s
    cube 3528 (depth 0, 24 lits): UNSAT in 0.81s
    cube 3534 (depth 0, 24 lits): UNSAT in 19.67s
    cube 3540 (depth 0, 24 lits): UNSAT in 13.63s
    cube 3546 (depth 0, 24 lits): UNSAT in 6.59s
    cube 3552 (depth 0, 24 lits): UNSAT in 0.71s
    cube 3558 (depth 0, 24 lits): UNSAT in 576.76s
    cube 3564 (depth 0, 24 lits): UNSAT in 12.41s
    cube 3570 (depth 0, 24 lits): UNSAT in 15.73s
    cube 3576 (depth 0, 24 lits): UNSAT in 0.04s
    cube 3582 (depth 0, 24 lits): UNSAT in 0.43s
    cube 3588 (depth 0, 24 lits): UNSAT in 0.35s
    cube 3594 (depth 0, 24 lits): UNSAT in 0.13s
    batch [3600..3828] TIMEOUT in 900.1s -> per-cube fallback
    cube 3600 (depth 0, 24 lits): UNSAT in 0.17s
    cube 3606 (depth 0, 24 lits): UNSAT in 20.59s
    cube 3612 (depth 0, 24 lits): UNSAT in 0.53s
    cube 3618 (depth 0, 24 lits): UNSAT in 0.57s
    cube 3624 (depth 0, 24 lits): UNSAT in 2.27s
    cube 3630 (depth 0, 24 lits): UNSAT in 11.62s
    cube 3636 (depth 0, 24 lits): UNSAT in 7.60s
    cube 3642 (depth 0, 24 lits): UNSAT in 0.03s
    cube 3648 (depth 0, 24 lits): UNSAT in 0.01s
    cube 3654 (depth 0, 24 lits): UNSAT in 2.08s
    cube 3660 (depth 0, 24 lits): UNSAT in 0.76s
    cube 3666 (depth 0, 24 lits): UNSAT in 22.52s
    cube 3672 (depth 0, 24 lits): UNSAT in 0.16s
    cube 3678 (depth 0, 24 lits): UNSAT in 45.72s
    cube 3684 (depth 0, 24 lits): UNSAT in 81.53s
    cube 3690 (depth 0, 24 lits): UNSAT in 26.07s
    cube 3696 (depth 0, 24 lits): UNSAT in 43.43s
    cube 3702 (depth 0, 24 lits): TIMEOUT in 600.10s
    cube 3702 TIMEOUT -> re-split into 64 sub-cubes (depth 1)
    cube 3702.0 (depth 1, 30 lits): UNSAT in 0.06s
    cube 3702.1 (depth 1, 30 lits): UNSAT in 0.22s
    cube 3702.2 (depth 1, 30 lits): UNSAT in 0.30s
    cube 3702.3 (depth 1, 30 lits): UNSAT in 4.52s
    cube 3702.4 (depth 1, 30 lits): UNSAT in 0.05s
    cube 3702.5 (depth 1, 30 lits): UNSAT in 0.27s
    cube 3702.6 (depth 1, 30 lits): UNSAT in 0.18s
    cube 3702.7 (depth 1, 30 lits): UNSAT in 2.82s
    cube 3702.8 (depth 1, 30 lits): UNSAT in 0.17s
    cube 3702.9 (depth 1, 30 lits): UNSAT in 0.69s
    cube 3702.10 (depth 1, 30 lits): UNSAT in 3.77s
    cube 3702.11 (depth 1, 30 lits): UNSAT in 2.71s
    cube 3702.12 (depth 1, 30 lits): UNSAT in 0.21s
    cube 3702.13 (depth 1, 30 lits): UNSAT in 2.15s
    cube 3702.14 (depth 1, 30 lits): UNSAT in 9.77s
    cube 3702.15 (depth 1, 30 lits): UNSAT in 7.48s
    cube 3702.16 (depth 1, 30 lits): UNSAT in 0.05s
    cube 3702.17 (depth 1, 30 lits): UNSAT in 0.05s
    cube 3702.18 (depth 1, 30 lits): UNSAT in 0.15s
    cube 3702.19 (depth 1, 30 lits): UNSAT in 1.13s
    cube 3702.20 (depth 1, 30 lits): UNSAT in 0.14s
    cube 3702.21 (depth 1, 30 lits): UNSAT in 1.86s
    cube 3702.22 (depth 1, 30 lits): UNSAT in 1.06s
    cube 3702.23 (depth 1, 30 lits): UNSAT in 3.19s
    cube 3702.24 (depth 1, 30 lits): UNSAT in 0.17s
    cube 3702.25 (depth 1, 30 lits): UNSAT in 1.05s
    cube 3702.26 (depth 1, 30 lits): UNSAT in 0.73s
    cube 3702.27 (depth 1, 30 lits): UNSAT in 2.09s
    cube 3702.28 (depth 1, 30 lits): UNSAT in 4.04s
    cube 3702.29 (depth 1, 30 lits): UNSAT in 4.00s
    cube 3702.30 (depth 1, 30 lits): UNSAT in 1.26s
    cube 3702.31 (depth 1, 30 lits): UNSAT in 5.40s
    cube 3702.32 (depth 1, 30 lits): UNSAT in 0.09s
    cube 3702.33 (depth 1, 30 lits): UNSAT in 0.16s
    cube 3702.34 (depth 1, 30 lits): UNSAT in 0.05s
    cube 3702.35 (depth 1, 30 lits): UNSAT in 0.37s
    cube 3702.36 (depth 1, 30 lits): UNSAT in 0.25s
    cube 3702.37 (depth 1, 30 lits): UNSAT in 1.20s
    cube 3702.38 (depth 1, 30 lits): UNSAT in 1.96s
    cube 3702.39 (depth 1, 30 lits): UNSAT in 2.44s
    cube 3702.40 (depth 1, 30 lits): UNSAT in 0.12s
    cube 3702.41 (depth 1, 30 lits): UNSAT in 0.61s
    cube 3702.42 (depth 1, 30 lits): UNSAT in 0.48s
    cube 3702.43 (depth 1, 30 lits): UNSAT in 1.95s
    cube 3702.44 (depth 1, 30 lits): UNSAT in 2.00s
    cube 3702.45 (depth 1, 30 lits): UNSAT in 2.62s
    cube 3702.46 (depth 1, 30 lits): UNSAT in 8.84s
    cube 3702.47 (depth 1, 30 lits): UNSAT in 5.47s
    cube 3702.48 (depth 1, 30 lits): UNSAT in 0.01s
    cube 3702.49 (depth 1, 30 lits): UNSAT in 0.09s
    cube 3702.50 (depth 1, 30 lits): UNSAT in 0.04s
    cube 3702.51 (depth 1, 30 lits): UNSAT in 0.33s
    cube 3702.52 (depth 1, 30 lits): UNSAT in 0.21s
    cube 3702.53 (depth 1, 30 lits): UNSAT in 0.92s
    cube 3702.54 (depth 1, 30 lits): UNSAT in 0.68s
    cube 3702.55 (depth 1, 30 lits): UNSAT in 1.93s
    cube 3702.56 (depth 1, 30 lits): UNSAT in 0.04s
    cube 3702.57 (depth 1, 30 lits): UNSAT in 0.06s
    cube 3702.58 (depth 1, 30 lits): UNSAT in 0.56s
    cube 3702.59 (depth 1, 30 lits): UNSAT in 0.95s
    cube 3702.60 (depth 1, 30 lits): UNSAT in 0.20s
    cube 3702.61 (depth 1, 30 lits): UNSAT in 0.82s
    cube 3702.62 (depth 1, 30 lits): UNSAT in 0.67s
    cube 3702.63 (depth 1, 30 lits): UNSAT in 4.89s
    cube 3708 (depth 0, 24 lits): UNSAT in 0.42s
    cube 3714 (depth 0, 24 lits): UNSAT in 2.43s
    cube 3720 (depth 0, 24 lits): UNSAT in 0.29s
    cube 3726 (depth 0, 24 lits): UNSAT in 19.04s
    cube 3732 (depth 0, 24 lits): UNSAT in 5.85s
    cube 3738 (depth 0, 24 lits): UNSAT in 7.07s
    cube 3744 (depth 0, 24 lits): UNSAT in 2.11s
    cube 3750 (depth 0, 24 lits): UNSAT in 177.09s
    cube 3756 (depth 0, 24 lits): UNSAT in 5.20s
    cube 3762 (depth 0, 24 lits): TIMEOUT in 600.07s
    cube 3762 TIMEOUT -> re-split into 63 sub-cubes (depth 1)
    cube 3762.0 (depth 1, 29 lits): UNSAT in 0.01s
    cube 3762.1 (depth 1, 30 lits): UNSAT in 0.02s
    cube 3762.2 (depth 1, 30 lits): UNSAT in 0.04s
    cube 3762.3 (depth 1, 30 lits): UNSAT in 0.01s
    cube 3762.4 (depth 1, 30 lits): UNSAT in 0.01s
    cube 3762.5 (depth 1, 30 lits): UNSAT in 0.01s
    cube 3762.6 (depth 1, 30 lits): UNSAT in 0.07s
    cube 3762.7 (depth 1, 30 lits): UNSAT in 0.01s
    cube 3762.8 (depth 1, 30 lits): UNSAT in 0.02s
    cube 3762.9 (depth 1, 30 lits): UNSAT in 0.02s
    cube 3762.10 (depth 1, 30 lits): UNSAT in 0.02s
    cube 3762.11 (depth 1, 30 lits): UNSAT in 0.03s
    cube 3762.12 (depth 1, 30 lits): UNSAT in 0.04s
    cube 3762.13 (depth 1, 30 lits): UNSAT in 0.10s
    cube 3762.14 (depth 1, 30 lits): UNSAT in 0.54s
    cube 3762.15 (depth 1, 30 lits): UNSAT in 0.01s
    cube 3762.16 (depth 1, 30 lits): UNSAT in 0.02s
    cube 3762.17 (depth 1, 30 lits): UNSAT in 0.02s
    cube 3762.18 (depth 1, 30 lits): UNSAT in 0.04s
    cube 3762.19 (depth 1, 30 lits): UNSAT in 0.02s
    cube 3762.20 (depth 1, 30 lits): UNSAT in 0.12s
    cube 3762.21 (depth 1, 30 lits): UNSAT in 0.15s
    cube 3762.22 (depth 1, 30 lits): UNSAT in 0.22s
    cube 3762.23 (depth 1, 30 lits): UNSAT in 0.03s
    cube 3762.24 (depth 1, 30 lits): UNSAT in 0.03s
    cube 3762.25 (depth 1, 30 lits): UNSAT in 0.09s
    cube 3762.26 (depth 1, 30 lits): UNSAT in 0.77s
    cube 3762.27 (depth 1, 30 lits): UNSAT in 0.05s
    cube 3762.28 (depth 1, 30 lits): UNSAT in 0.33s
    cube 3762.29 (depth 1, 30 lits): UNSAT in 1.36s
    cube 3762.30 (depth 1, 30 lits): UNSAT in 2.08s
    cube 3762.31 (depth 1, 30 lits): UNSAT in 0.06s
    cube 3762.32 (depth 1, 30 lits): UNSAT in 0.10s
    cube 3762.33 (depth 1, 30 lits): UNSAT in 0.19s
    cube 3762.34 (depth 1, 30 lits): UNSAT in 1.37s
    cube 3762.35 (depth 1, 30 lits): UNSAT in 0.09s
    cube 3762.36 (depth 1, 30 lits): UNSAT in 0.29s
    cube 3762.37 (depth 1, 30 lits): UNSAT in 0.09s
    cube 3762.38 (depth 1, 30 lits): UNSAT in 1.09s
    cube 3762.39 (depth 1, 30 lits): UNSAT in 0.26s
    cube 3762.40 (depth 1, 30 lits): UNSAT in 0.46s
    cube 3762.41 (depth 1, 30 lits): UNSAT in 0.46s
    cube 3762.42 (depth 1, 30 lits): UNSAT in 4.21s
    cube 3762.43 (depth 1, 30 lits): UNSAT in 1.44s
    cube 3762.44 (depth 1, 30 lits): UNSAT in 4.80s
    cube 3762.45 (depth 1, 30 lits): UNSAT in 5.42s
    cube 3762.46 (depth 1, 30 lits): UNSAT in 24.36s
    cube 3762.47 (depth 1, 30 lits): UNSAT in 0.05s
    cube 3762.48 (depth 1, 30 lits): UNSAT in 0.13s
    cube 3762.49 (depth 1, 30 lits): UNSAT in 0.10s
    cube 3762.50 (depth 1, 30 lits): UNSAT in 0.86s
    cube 3762.51 (depth 1, 30 lits): UNSAT in 0.10s
    cube 3762.52 (depth 1, 30 lits): UNSAT in 0.56s
    cube 3762.53 (depth 1, 30 lits): UNSAT in 1.08s
    cube 3762.54 (depth 1, 30 lits): UNSAT in 6.78s
    cube 3762.55 (depth 1, 30 lits): UNSAT in 0.90s
    cube 3762.56 (depth 1, 30 lits): UNSAT in 1.87s
    cube 3762.57 (depth 1, 30 lits): UNSAT in 1.54s
    cube 3762.58 (depth 1, 30 lits): UNSAT in 15.45s
    cube 3762.59 (depth 1, 30 lits): UNSAT in 0.39s
    cube 3762.60 (depth 1, 30 lits): UNSAT in 1.36s
    cube 3762.61 (depth 1, 30 lits): UNSAT in 1.29s
    cube 3762.62 (depth 1, 30 lits): UNSAT in 6.57s
    cube 3768 (depth 0, 24 lits): UNSAT in 0.26s
    cube 3774 (depth 0, 24 lits): UNSAT in 8.02s
    cube 3780 (depth 0, 24 lits): UNSAT in 5.31s
    cube 3786 (depth 0, 24 lits): UNSAT in 13.90s
    cube 3792 (depth 0, 24 lits): UNSAT in 134.95s
    cube 3798 (depth 0, 24 lits): TIMEOUT in 600.10s
    cube 3798 TIMEOUT -> re-split into 64 sub-cubes (depth 1)
    cube 3798.0 (depth 1, 30 lits): UNSAT in 0.04s
    cube 3798.1 (depth 1, 30 lits): UNSAT in 0.08s
    cube 3798.2 (depth 1, 30 lits): UNSAT in 0.03s
    cube 3798.3 (depth 1, 30 lits): UNSAT in 0.07s
    cube 3798.4 (depth 1, 30 lits): UNSAT in 0.06s
    cube 3798.5 (depth 1, 30 lits): UNSAT in 0.12s
    cube 3798.6 (depth 1, 30 lits): UNSAT in 0.16s
    cube 3798.7 (depth 1, 30 lits): UNSAT in 0.37s
    cube 3798.8 (depth 1, 30 lits): UNSAT in 0.03s
    cube 3798.9 (depth 1, 30 lits): UNSAT in 0.14s
    cube 3798.10 (depth 1, 30 lits): UNSAT in 0.07s
    cube 3798.11 (depth 1, 30 lits): UNSAT in 0.53s
    cube 3798.12 (depth 1, 30 lits): UNSAT in 0.19s
    cube 3798.13 (depth 1, 30 lits): UNSAT in 0.46s
    cube 3798.14 (depth 1, 30 lits): UNSAT in 0.81s
    cube 3798.15 (depth 1, 30 lits): UNSAT in 0.56s
    cube 3798.16 (depth 1, 30 lits): UNSAT in 0.10s
    cube 3798.17 (depth 1, 30 lits): UNSAT in 0.09s
    cube 3798.18 (depth 1, 30 lits): UNSAT in 0.21s
    cube 3798.19 (depth 1, 30 lits): UNSAT in 0.25s
    cube 3798.20 (depth 1, 30 lits): UNSAT in 0.06s
    cube 3798.21 (depth 1, 30 lits): UNSAT in 0.17s
    cube 3798.22 (depth 1, 30 lits): UNSAT in 0.65s
    cube 3798.23 (depth 1, 30 lits): UNSAT in 2.45s
    cube 3798.24 (depth 1, 30 lits): UNSAT in 0.43s
    cube 3798.25 (depth 1, 30 lits): UNSAT in 0.51s
    cube 3798.26 (depth 1, 30 lits): UNSAT in 5.49s
    cube 3798.27 (depth 1, 30 lits): UNSAT in 2.91s
    cube 3798.28 (depth 1, 30 lits): UNSAT in 1.06s
    cube 3798.29 (depth 1, 30 lits): UNSAT in 2.93s
    cube 3798.30 (depth 1, 30 lits): UNSAT in 1.48s
    cube 3798.31 (depth 1, 30 lits): UNSAT in 2.71s
    cube 3798.32 (depth 1, 30 lits): UNSAT in 0.06s
    cube 3798.33 (depth 1, 30 lits): UNSAT in 0.21s
    cube 3798.34 (depth 1, 30 lits): UNSAT in 0.04s
    cube 3798.35 (depth 1, 30 lits): UNSAT in 0.28s
    cube 3798.36 (depth 1, 30 lits): UNSAT in 0.07s
    cube 3798.37 (depth 1, 30 lits): UNSAT in 0.43s
    cube 3798.38 (depth 1, 30 lits): UNSAT in 0.81s
    cube 3798.39 (depth 1, 30 lits): UNSAT in 3.07s
    cube 3798.40 (depth 1, 30 lits): UNSAT in 0.16s
    cube 3798.41 (depth 1, 30 lits): UNSAT in 0.22s
    cube 3798.42 (depth 1, 30 lits): UNSAT in 0.57s
    cube 3798.43 (depth 1, 30 lits): UNSAT in 1.07s
    cube 3798.44 (depth 1, 30 lits): UNSAT in 0.55s
    cube 3798.45 (depth 1, 30 lits): UNSAT in 2.32s
    cube 3798.46 (depth 1, 30 lits): UNSAT in 1.82s
    cube 3798.47 (depth 1, 30 lits): UNSAT in 7.39s
    cube 3798.48 (depth 1, 30 lits): UNSAT in 0.17s
    cube 3798.49 (depth 1, 30 lits): UNSAT in 1.71s
    cube 3798.50 (depth 1, 30 lits): UNSAT in 2.38s
    cube 3798.51 (depth 1, 30 lits): UNSAT in 8.84s
    cube 3798.52 (depth 1, 30 lits): UNSAT in 1.19s
    cube 3798.53 (depth 1, 30 lits): UNSAT in 2.82s
    cube 3798.54 (depth 1, 30 lits): UNSAT in 4.09s
    cube 3798.55 (depth 1, 30 lits): UNSAT in 7.92s
    cube 3798.56 (depth 1, 30 lits): UNSAT in 1.73s
    cube 3798.57 (depth 1, 30 lits): UNSAT in 6.35s
    cube 3798.58 (depth 1, 30 lits): UNSAT in 20.55s
    cube 3798.59 (depth 1, 30 lits): UNSAT in 11.77s
    cube 3798.60 (depth 1, 30 lits): UNSAT in 1.93s
    cube 3798.61 (depth 1, 30 lits): UNSAT in 7.41s
    cube 3798.62 (depth 1, 30 lits): UNSAT in 3.38s
    cube 3798.63 (depth 1, 30 lits): UNSAT in 15.55s
    cube 3804 (depth 0, 24 lits): UNSAT in 0.95s
    cube 3810 (depth 0, 24 lits): UNSAT in 44.11s
    cube 3816 (depth 0, 24 lits): UNSAT in 0.53s
    cube 3822 (depth 0, 24 lits): UNSAT in 198.54s
    cube 3828 (depth 0, 24 lits): TIMEOUT in 600.10s
    cube 3828 TIMEOUT -> re-split into 63 sub-cubes (depth 1)
    cube 3828.0 (depth 1, 30 lits): UNSAT in 0.01s
    cube 3828.1 (depth 1, 30 lits): UNSAT in 0.03s
    cube 3828.2 (depth 1, 30 lits): UNSAT in 0.05s
    cube 3828.3 (depth 1, 30 lits): UNSAT in 0.10s
    cube 3828.4 (depth 1, 30 lits): UNSAT in 0.02s
    cube 3828.5 (depth 1, 30 lits): UNSAT in 0.03s
    cube 3828.6 (depth 1, 30 lits): UNSAT in 0.03s
    cube 3828.7 (depth 1, 30 lits): UNSAT in 0.08s
    cube 3828.8 (depth 1, 30 lits): UNSAT in 0.01s
    cube 3828.9 (depth 1, 30 lits): UNSAT in 0.05s
    cube 3828.10 (depth 1, 30 lits): UNSAT in 0.03s
    cube 3828.11 (depth 1, 30 lits): UNSAT in 0.07s
    cube 3828.12 (depth 1, 30 lits): UNSAT in 0.02s
    cube 3828.13 (depth 1, 30 lits): UNSAT in 0.05s
    cube 3828.14 (depth 1, 30 lits): UNSAT in 0.24s
    cube 3828.15 (depth 1, 30 lits): UNSAT in 1.08s
    cube 3828.16 (depth 1, 29 lits): UNSAT in 0.01s
    cube 3828.17 (depth 1, 30 lits): UNSAT in 0.01s
    cube 3828.18 (depth 1, 30 lits): UNSAT in 0.02s
    cube 3828.19 (depth 1, 30 lits): UNSAT in 0.03s
    cube 3828.20 (depth 1, 30 lits): UNSAT in 0.11s
    cube 3828.21 (depth 1, 30 lits): UNSAT in 0.13s
    cube 3828.22 (depth 1, 30 lits): UNSAT in 0.72s
    cube 3828.23 (depth 1, 30 lits): UNSAT in 0.02s
    cube 3828.24 (depth 1, 30 lits): UNSAT in 0.09s
    cube 3828.25 (depth 1, 30 lits): UNSAT in 0.19s
    cube 3828.26 (depth 1, 30 lits): UNSAT in 1.00s
    cube 3828.27 (depth 1, 30 lits): UNSAT in 0.07s
    cube 3828.28 (depth 1, 30 lits): UNSAT in 1.23s
    cube 3828.29 (depth 1, 30 lits): UNSAT in 0.24s
    cube 3828.30 (depth 1, 30 lits): UNSAT in 4.68s
    cube 3828.31 (depth 1, 30 lits): UNSAT in 0.02s
    cube 3828.32 (depth 1, 30 lits): UNSAT in 0.03s
    cube 3828.33 (depth 1, 30 lits): UNSAT in 0.03s
    cube 3828.34 (depth 1, 30 lits): UNSAT in 0.08s
    cube 3828.35 (depth 1, 30 lits): UNSAT in 0.04s
    cube 3828.36 (depth 1, 30 lits): UNSAT in 0.13s
    cube 3828.37 (depth 1, 30 lits): UNSAT in 0.04s
    cube 3828.38 (depth 1, 30 lits): UNSAT in 0.23s
    cube 3828.39 (depth 1, 30 lits): UNSAT in 0.09s
    cube 3828.40 (depth 1, 30 lits): UNSAT in 0.08s
    cube 3828.41 (depth 1, 30 lits): UNSAT in 0.23s
    cube 3828.42 (depth 1, 30 lits): UNSAT in 1.10s
    cube 3828.43 (depth 1, 30 lits): UNSAT in 0.23s
    cube 3828.44 (depth 1, 30 lits): UNSAT in 1.09s
    cube 3828.45 (depth 1, 30 lits): UNSAT in 1.00s
    cube 3828.46 (depth 1, 30 lits): UNSAT in 3.45s
    cube 3828.47 (depth 1, 30 lits): UNSAT in 0.15s
    cube 3828.48 (depth 1, 30 lits): UNSAT in 0.35s
    cube 3828.49 (depth 1, 30 lits): UNSAT in 0.29s
    cube 3828.50 (depth 1, 30 lits): UNSAT in 0.92s
    cube 3828.51 (depth 1, 30 lits): UNSAT in 0.54s
    cube 3828.52 (depth 1, 30 lits): UNSAT in 3.05s
    cube 3828.53 (depth 1, 30 lits): UNSAT in 1.49s
    cube 3828.54 (depth 1, 30 lits): UNSAT in 15.16s
    cube 3828.55 (depth 1, 30 lits): UNSAT in 0.66s
    cube 3828.56 (depth 1, 30 lits): UNSAT in 0.70s
    cube 3828.57 (depth 1, 30 lits): UNSAT in 0.67s
    cube 3828.58 (depth 1, 30 lits): UNSAT in 10.60s
    cube 3828.59 (depth 1, 30 lits): UNSAT in 3.74s
    cube 3828.60 (depth 1, 30 lits): UNSAT in 11.58s
    cube 3828.61 (depth 1, 30 lits): UNSAT in 0.96s
    cube 3828.62 (depth 1, 30 lits): UNSAT in 9.52s

  shard 0 verdict: UNSAT [parent cube 4057's children only] (639 UNSAT, 0 unresolved) in 8718.4s
